2024-08-14 04:48:58.445 | INFO     | __main__:omprint:30 - pending_processes: [{'uuid': 'dacac409-f990-4a27-a581-1cf97075ba66', 'language': 'English', 'voice': 'Matthew', 'main_question': 'quiz sobre conocimiento de nombres de deportes usando emojis', 'num_questions': 2, 'num_options': 3, 'background_music': 'Animada', 'background_video': 'playas2', 'fecha_creacion': '2024-08-14T04:48:58.438428+00:00', 'fecha_modificacion': '2024-08-14T04:48:58.438428+00:00', 'estado': 'pendiente'}]
2024-08-14 04:48:58.447 | INFO     | __main__:omprint:30 - Ejecutando el proceso ID: dacac409-f990-4a27-a581-1cf97075ba66
2024-08-14 04:48:58.448 | INFO     | __main__:omprint:30 - ---------------------------------------------------
2024-08-14 04:48:58.449 | INFO     | __main__:omprint:30 - uuid4, language, voice, main_question, num_questions, num_options, background_music, background_video: dacac409-f990-4a27-a581-1cf97075ba66 English Matthew quiz sobre conocimiento de nombres de deportes usando emojis 2 3 Animada playas2
2024-08-14 04:48:58.452 | INFO     | __main__:omprint:30 - ---------------------------------------------------
2024-08-14 04:48:58.453 | INFO     | __main__:omprint:30 - Genera una lista de 2 preguntas cortas en idioma English en formato JSON para un quiz / trivia sobre ['quiz sobre conocimiento de nombres de deportes usando emojis']. El JSON debe incluir una pregunta principal corta en idioma English sin emojis en ella, con el estilo MrBeast en la propiedad 'main_question' que aplique para todas las preguntas de la propiedad 'questions', seguido de un arreglo 'questions' que contenga objetos con las siguientes propiedades: el texto de la pregunta corta en idioma English sin emojis en ella con variantes  para hacer la pronunciación más humana y consistente SIN INCLUIR EL EMOJI, una imagen representada como un emoji, opciones de respuesta en idioma English con 3 opciones donde alternes la opción correcta en las diferentes posiciones del arreglo de opciones entre 0 y 2, (IMPORTANTE: deben tener un tamano de 18 caracteres máximo por opción), y el índice de la opción correcta (IMPORTANTE: Las opciones correctas deben estár en posiciones aleatorias entre 0 y 2 dentro del arreglo de la propiedad 'options').

Aquí hay un ejemplo del formato:

{
  "main_question": "Pregunta principal de ejemplo?",
  "questions": [
    {
        "question_text": "Variantes de la pregunta de ejemplo?",
        "question_image": "🇩🇴",
        "options": ['"Opción 1"', '"Opción 2"', '"Opción 3"'],
        "correct_option_index": 2
    }
  ]
} 

Notas Importantes: - Todo el contenido que generes debe estar en idioma English.
- En las opciones distribuye de forma equitativa y no secuencial la asignación de las opciones correctas en posiciones entre 0 y {num_options - 1}.
- Todos los campos son obligatorios que estén presentes aunque estén en blanco.
- REALIZA UNA DOBE VERIFICACION DE LAS OPCIONES CORRECTAS. NO PUEDES COMETER ERRORES.

2024-08-14 04:49:00.242 | INFO     | __main__:omprint:30 - {'main_question': 'Can you guess the sport from these emojis?', 'questions': [{'question_text': 'Which sport is this?', 'question_image': '🏀', 'options': ['Basketball', 'Soccer', 'Baseball'], 'correct_option_index': 0}, {'question_text': 'Identify the sport here!', 'question_image': '⚽', 'options': ['Hockey', 'Soccer', 'Tennis'], 'correct_option_index': 1}]}
2024-08-14 04:49:00.855 | INFO     | __main__:omprint:30 - [DEBUG] video_total_duration: 6.63
2024-08-14 04:49:01.074 | INFO     | __main__:omprint:30 - create_background_video - background_clip.w, background_clip.h: 1080 1920
2024-08-14 04:49:01.118 | INFO     | __main__:omprint:30 - [DEBUG] add_question_text - max_width: 920
2024-08-14 04:49:01.119 | INFO     | __main__:omprint:30 - [DEBUG] add_question_text - text_length: 42
2024-08-14 04:49:01.119 | INFO     | __main__:omprint:30 - [DEBUG] add_question_text - fontsize: 80
2024-08-14 04:49:01.189 | INFO     | __main__:omprint:30 - [DEBUG] question_image_clip: <function VideoClip.set_position.<locals>.<lambda> at 0x7f9eb8ab3c40>
2024-08-14 04:49:01.189 | INFO     | __main__:omprint:30 - [DEBUG] options_top_margin: 941
2024-08-14 04:49:01.361 | INFO     | __main__:omprint:30 - [DEBUG] video_total_duration 1: 6.63
2024-08-14 04:49:01.362 | INFO     | __main__:omprint:30 - [DEBUG] narration_audio.duration: 1.63
2024-08-14 04:49:01.363 | INFO     | __main__:omprint:30 - [DEBUG] clock_sound_effects.duration: 3
2024-08-14 04:49:01.363 | INFO     | __main__:omprint:30 - [DEBUG] ding_sound_effects.duration: 2
2024-08-14 04:49:01.363 | INFO     | __main__:omprint:30 - [DEBUG] narration_audio_winner.duration: 0.75
2024-08-14 04:49:01.364 | INFO     | __main__:omprint:30 - [DEBUG] final_audio.duration 2: 6.63
2024-08-14 04:49:01.364 | INFO     | __main__:omprint:30 - [DEBUG] final_clip.duration 2: 6.63
2024-08-14 04:49:01.928 | INFO     | __main__:omprint:30 - [DEBUG] video_total_duration: 6.4399999999999995
2024-08-14 04:49:02.134 | INFO     | __main__:omprint:30 - create_background_video - background_clip.w, background_clip.h: 1080 1920
2024-08-14 04:49:02.169 | INFO     | __main__:omprint:30 - [DEBUG] add_question_text - max_width: 920
2024-08-14 04:49:02.170 | INFO     | __main__:omprint:30 - [DEBUG] add_question_text - text_length: 42
2024-08-14 04:49:02.171 | INFO     | __main__:omprint:30 - [DEBUG] add_question_text - fontsize: 80
2024-08-14 04:49:02.237 | INFO     | __main__:omprint:30 - [DEBUG] question_image_clip: <function VideoClip.set_position.<locals>.<lambda> at 0x7f9eabea16c0>
2024-08-14 04:49:02.237 | INFO     | __main__:omprint:30 - [DEBUG] options_top_margin: 941
2024-08-14 04:49:02.403 | INFO     | __main__:omprint:30 - [DEBUG] video_total_duration 1: 6.4399999999999995
2024-08-14 04:49:02.403 | INFO     | __main__:omprint:30 - [DEBUG] narration_audio.duration: 1.44
2024-08-14 04:49:02.403 | INFO     | __main__:omprint:30 - [DEBUG] clock_sound_effects.duration: 3
2024-08-14 04:49:02.404 | INFO     | __main__:omprint:30 - [DEBUG] ding_sound_effects.duration: 2
2024-08-14 04:49:02.404 | INFO     | __main__:omprint:30 - [DEBUG] narration_audio_winner.duration: 0.63
2024-08-14 04:49:02.404 | INFO     | __main__:omprint:30 - [DEBUG] final_audio.duration 2: 6.4399999999999995
2024-08-14 04:49:02.405 | INFO     | __main__:omprint:30 - [DEBUG] final_clip.duration 2: 6.4399999999999995
2024-08-14 04:49:02.405 | INFO     | __main__:omprint:30 - [DEBUG] all_clips[0] - start: 0, duration: 6.63, end: 6.63
2024-08-14 04:49:02.405 | INFO     | __main__:omprint:30 - [DEBUG] all_clips[1] - start: 0, duration: 6.4399999999999995, end: 6.4399999999999995
2024-08-14 04:49:02.420 | INFO     | __main__:omprint:30 - [DEBUG] generate_combined_trivia_video - final_video.duration: 13.07
2024-08-14 04:49:19.638 | INFO     | __main__:omprint:30 - Ya hay un proceso en ejecución.
2024-08-14 04:50:19.650 | INFO     | __main__:omprint:30 - Ya hay un proceso en ejecución.
2024-08-14 04:50:35.673 | INFO     | __main__:omprint:30 - Tiempo de procesamiento: 95.42962670326233 segundos
2024-08-14 04:50:35.673 | INFO     | __main__:omprint:30 - video_to_upload: https://trivias.luxuryroamers.com/dacac409-f990-4a27-a581-1cf97075ba66.mp4
2024-08-14 04:50:35.674 | INFO     | __main__:omprint:30 - El script tomó 97.23 segundos en ejecutarse.
2024-08-14 04:50:40.680 | INFO     | __main__:omprint:30 - pending_processes: []
2024-08-14 04:50:40.680 | INFO     | __main__:omprint:30 - No hay más procesos pendientes.
2024-08-14 04:51:19.650 | INFO     | __main__:omprint:30 - pending_processes: []
2024-08-14 04:51:19.651 | INFO     | __main__:omprint:30 - No hay más procesos pendientes.
2024-08-14 04:52:19.651 | INFO     | __main__:omprint:30 - pending_processes: []
2024-08-14 04:52:19.652 | INFO     | __main__:omprint:30 - No hay más procesos pendientes.
2024-08-14 04:53:19.652 | INFO     | __main__:omprint:30 - pending_processes: []
2024-08-14 04:53:19.653 | INFO     | __main__:omprint:30 - No hay más procesos pendientes.
2024-08-14 04:54:19.653 | INFO     | __main__:omprint:30 - pending_processes: []
2024-08-14 04:54:19.654 | INFO     | __main__:omprint:30 - No hay más procesos pendientes.
2024-08-14 04:55:19.654 | INFO     | __main__:omprint:30 - pending_processes: []
2024-08-14 04:55:19.655 | INFO     | __main__:omprint:30 - No hay más procesos pendientes.
2024-08-14 04:56:19.655 | INFO     | __main__:omprint:30 - pending_processes: []
2024-08-14 04:56:19.656 | INFO     | __main__:omprint:30 - No hay más procesos pendientes.
2024-08-14 04:57:19.656 | INFO     | __main__:omprint:30 - pending_processes: []
2024-08-14 04:57:19.656 | INFO     | __main__:omprint:30 - No hay más procesos pendientes.
2024-08-14 04:58:19.657 | INFO     | __main__:omprint:30 - pending_processes: []
2024-08-14 04:58:19.657 | INFO     | __main__:omprint:30 - No hay más procesos pendientes.
2024-08-14 04:59:19.658 | INFO     | __main__:omprint:30 - pending_processes: []
2024-08-14 04:59:19.658 | INFO     | __main__:omprint:30 - No hay más procesos pendientes.
2024-08-14 05:00:19.659 | INFO     | __main__:omprint:30 - pending_processes: []
2024-08-14 05:00:19.659 | INFO     | __main__:omprint:30 - No hay más procesos pendientes.
2024-08-14 05:01:19.660 | INFO     | __main__:omprint:30 - pending_processes: []
2024-08-14 05:01:19.660 | INFO     | __main__:omprint:30 - No hay más procesos pendientes.
