2024-08-19 15:53:22.043 | INFO     | __main__:omprint:30 - Ya hay un proceso en ejecución.
2024-08-19 15:53:25.679 | INFO     | __main__:omprint:30 - {'main_question': '¿Qué sabes sobre la creación del mundo según Génesis?', 'questions': [{'question_text': '¿Cuántos días tomó Dios para crear el mundo?', 'question_image': '', 'options': ['7 días', '6 días', '5 días'], 'correct_option_index': 1}, {'question_text': '¿Qué creó Dios el primer día?', 'question_image': '', 'options': ['La luz', 'Los animales', 'Las plantas'], 'correct_option_index': 0}, {'question_text': '¿El hombre fue creado antes que?', 'question_image': '', 'options': ['Las plantas', 'Los animales', 'La luz'], 'correct_option_index': 1}, {'question_text': '¿Qué día descansó Dios?', 'question_image': '', 'options': ['El séptimo', 'El sexto', 'El quinto'], 'correct_option_index': 0}]}
2024-08-19 15:53:25.679 | INFO     | __main__:omprint:30 - final_logo_path: ./public/assets/images/logo.png
2024-08-19 15:53:25.680 | INFO     | __main__:omprint:30 - final_account_text: @elclubdelosgenios
2024-08-19 15:53:26.245 | INFO     | __main__:omprint:30 - [DEBUG] generate_trivia_video - ctxVideo: {'video_width': 1080, 'video_height': 1920, 'video_duration': 7.23}
2024-08-19 15:53:26.246 | INFO     | __main__:omprint:30 - [DEBUG] generate_trivia_video - video_total_duration: 7.23
2024-08-19 15:53:26.246 | INFO     | __main__:omprint:30 - [DEBUG] ============= add_logo - ctxVideo: {'video_width': 1080, 'video_height': 1920, 'video_duration': 7.23} =============
2024-08-19 15:53:26.284 | INFO     | __main__:omprint:30 - [DEBUG] generate_trivia_video - logo_clip.w, logo_clip.h: 540 175
2024-08-19 15:53:26.284 | INFO     | __main__:omprint:30 - [DEBUG] ============= add_question_text - ctxVideo: {'video_width': 1080, 'video_height': 1920, 'video_duration': 7.23} =============
2024-08-19 15:53:26.285 | INFO     | __main__:omprint:30 - [DEBUG] add_question_text - max_width: 920
2024-08-19 15:53:26.285 | INFO     | __main__:omprint:30 - [DEBUG] add_question_text - text_length: 44
2024-08-19 15:53:26.286 | INFO     | __main__:omprint:30 - [DEBUG] add_question_text - fontsize: 80
2024-08-19 15:53:26.341 | INFO     | __main__:omprint:30 - [DEBUG] generate_trivia_video - question_clip.w, question_clip.h: 920 291
2024-08-19 15:53:26.360 | INFO     | __main__:omprint:30 - [DEBUG] generate_trivia_video - question_image_clip.w, question_image_clip.h: 91 120
2024-08-19 15:53:26.361 | INFO     | __main__:omprint:30 - [DEBUG] question_image_clip: <function VideoClip.set_position.<locals>.<lambda> at 0x7cde3631fce0>
2024-08-19 15:53:26.361 | INFO     | __main__:omprint:30 - [DEBUG] options_top_margin: 991
2024-08-19 15:53:26.373 | INFO     | __main__:omprint:30 - [DEBUG] add_options - fontsize for option '7 días': 70
2024-08-19 15:53:26.409 | INFO     | __main__:omprint:30 - [DEBUG] add_options - fontsize for option '6 días': 70
2024-08-19 15:53:26.445 | INFO     | __main__:omprint:30 - [DEBUG] add_options - fontsize for option '5 días': 70
2024-08-19 15:53:26.504 | INFO     | __main__:omprint:30 - [DEBUG] generate_trivia_video - account_clip.w, account_clip.h: 430 64
2024-08-19 15:53:26.529 | INFO     | __main__:omprint:30 - [DEBUG] video_total_duration 1: 7.23
2024-08-19 15:53:26.530 | INFO     | __main__:omprint:30 - [DEBUG] narration_audio.duration: 2.23
2024-08-19 15:53:26.531 | INFO     | __main__:omprint:30 - [DEBUG] clock_sound_effects.duration: 3
2024-08-19 15:53:26.532 | INFO     | __main__:omprint:30 - [DEBUG] ding_sound_effects.duration: 2
2024-08-19 15:53:26.532 | INFO     | __main__:omprint:30 - [DEBUG] narration_audio_winner.duration: 0.91
2024-08-19 15:53:26.533 | INFO     | __main__:omprint:30 - [DEBUG] final_audio.duration 2: 7.23
2024-08-19 15:53:26.534 | INFO     | __main__:omprint:30 - [DEBUG] final_clip.duration 2: 7.23
2024-08-19 15:53:26.998 | INFO     | __main__:omprint:30 - [DEBUG] generate_trivia_video - ctxVideo: {'video_width': 1080, 'video_height': 1920, 'video_duration': 6.55}
2024-08-19 15:53:26.999 | INFO     | __main__:omprint:30 - [DEBUG] generate_trivia_video - video_total_duration: 6.55
2024-08-19 15:53:26.999 | INFO     | __main__:omprint:30 - [DEBUG] ============= add_logo - ctxVideo: {'video_width': 1080, 'video_height': 1920, 'video_duration': 6.55} =============
2024-08-19 15:53:27.033 | INFO     | __main__:omprint:30 - [DEBUG] generate_trivia_video - logo_clip.w, logo_clip.h: 540 175
2024-08-19 15:53:27.034 | INFO     | __main__:omprint:30 - [DEBUG] ============= add_question_text - ctxVideo: {'video_width': 1080, 'video_height': 1920, 'video_duration': 6.55} =============
2024-08-19 15:53:27.035 | INFO     | __main__:omprint:30 - [DEBUG] add_question_text - max_width: 920
2024-08-19 15:53:27.035 | INFO     | __main__:omprint:30 - [DEBUG] add_question_text - text_length: 29
2024-08-19 15:53:27.036 | INFO     | __main__:omprint:30 - [DEBUG] add_question_text - fontsize: 80
2024-08-19 15:53:27.078 | INFO     | __main__:omprint:30 - [DEBUG] generate_trivia_video - question_clip.w, question_clip.h: 920 194
2024-08-19 15:53:27.096 | INFO     | __main__:omprint:30 - [DEBUG] generate_trivia_video - question_image_clip.w, question_image_clip.h: 91 120
2024-08-19 15:53:27.097 | INFO     | __main__:omprint:30 - [DEBUG] question_image_clip: <function VideoClip.set_position.<locals>.<lambda> at 0x7cde3485ce00>
2024-08-19 15:53:27.098 | INFO     | __main__:omprint:30 - [DEBUG] options_top_margin: 894
2024-08-19 15:53:27.109 | INFO     | __main__:omprint:30 - [DEBUG] add_options - fontsize for option 'La luz': 70
2024-08-19 15:53:27.145 | INFO     | __main__:omprint:30 - [DEBUG] add_options - fontsize for option 'Los animales': 70
2024-08-19 15:53:27.184 | INFO     | __main__:omprint:30 - [DEBUG] add_options - fontsize for option 'Las plantas': 70
2024-08-19 15:53:27.242 | INFO     | __main__:omprint:30 - [DEBUG] generate_trivia_video - account_clip.w, account_clip.h: 430 64
2024-08-19 15:53:27.266 | INFO     | __main__:omprint:30 - [DEBUG] video_total_duration 1: 6.55
2024-08-19 15:53:27.267 | INFO     | __main__:omprint:30 - [DEBUG] narration_audio.duration: 1.55
2024-08-19 15:53:27.267 | INFO     | __main__:omprint:30 - [DEBUG] clock_sound_effects.duration: 3
2024-08-19 15:53:27.268 | INFO     | __main__:omprint:30 - [DEBUG] ding_sound_effects.duration: 2
2024-08-19 15:53:27.268 | INFO     | __main__:omprint:30 - [DEBUG] narration_audio_winner.duration: 0.7
2024-08-19 15:53:27.269 | INFO     | __main__:omprint:30 - [DEBUG] final_audio.duration 2: 6.55
2024-08-19 15:53:27.270 | INFO     | __main__:omprint:30 - [DEBUG] final_clip.duration 2: 6.55
2024-08-19 15:53:27.911 | INFO     | __main__:omprint:30 - [DEBUG] generate_trivia_video - ctxVideo: {'video_width': 1080, 'video_height': 1920, 'video_duration': 6.64}
2024-08-19 15:53:27.912 | INFO     | __main__:omprint:30 - [DEBUG] generate_trivia_video - video_total_duration: 6.64
2024-08-19 15:53:27.912 | INFO     | __main__:omprint:30 - [DEBUG] ============= add_logo - ctxVideo: {'video_width': 1080, 'video_height': 1920, 'video_duration': 6.64} =============
2024-08-19 15:53:27.946 | INFO     | __main__:omprint:30 - [DEBUG] generate_trivia_video - logo_clip.w, logo_clip.h: 540 175
2024-08-19 15:53:27.946 | INFO     | __main__:omprint:30 - [DEBUG] ============= add_question_text - ctxVideo: {'video_width': 1080, 'video_height': 1920, 'video_duration': 6.64} =============
2024-08-19 15:53:27.947 | INFO     | __main__:omprint:30 - [DEBUG] add_question_text - max_width: 920
2024-08-19 15:53:27.948 | INFO     | __main__:omprint:30 - [DEBUG] add_question_text - text_length: 32
2024-08-19 15:53:27.948 | INFO     | __main__:omprint:30 - [DEBUG] add_question_text - fontsize: 80
2024-08-19 15:53:27.992 | INFO     | __main__:omprint:30 - [DEBUG] generate_trivia_video - question_clip.w, question_clip.h: 920 194
2024-08-19 15:53:28.011 | INFO     | __main__:omprint:30 - [DEBUG] generate_trivia_video - question_image_clip.w, question_image_clip.h: 91 120
2024-08-19 15:53:28.012 | INFO     | __main__:omprint:30 - [DEBUG] question_image_clip: <function VideoClip.set_position.<locals>.<lambda> at 0x7cde36346c00>
2024-08-19 15:53:28.013 | INFO     | __main__:omprint:30 - [DEBUG] options_top_margin: 894
2024-08-19 15:53:28.024 | INFO     | __main__:omprint:30 - [DEBUG] add_options - fontsize for option 'Las plantas': 70
2024-08-19 15:53:28.062 | INFO     | __main__:omprint:30 - [DEBUG] add_options - fontsize for option 'Los animales': 70
2024-08-19 15:53:28.101 | INFO     | __main__:omprint:30 - [DEBUG] add_options - fontsize for option 'La luz': 70
2024-08-19 15:53:28.157 | INFO     | __main__:omprint:30 - [DEBUG] generate_trivia_video - account_clip.w, account_clip.h: 430 64
2024-08-19 15:53:28.180 | INFO     | __main__:omprint:30 - [DEBUG] video_total_duration 1: 6.64
2024-08-19 15:53:28.181 | INFO     | __main__:omprint:30 - [DEBUG] narration_audio.duration: 1.64
2024-08-19 15:53:28.181 | INFO     | __main__:omprint:30 - [DEBUG] clock_sound_effects.duration: 3
2024-08-19 15:53:28.182 | INFO     | __main__:omprint:30 - [DEBUG] ding_sound_effects.duration: 2
2024-08-19 15:53:28.182 | INFO     | __main__:omprint:30 - [DEBUG] narration_audio_winner.duration: 0.98
2024-08-19 15:53:28.183 | INFO     | __main__:omprint:30 - [DEBUG] final_audio.duration 2: 6.64
2024-08-19 15:53:28.184 | INFO     | __main__:omprint:30 - [DEBUG] final_clip.duration 2: 6.64
2024-08-19 15:53:28.644 | INFO     | __main__:omprint:30 - [DEBUG] generate_trivia_video - ctxVideo: {'video_width': 1080, 'video_height': 1920, 'video_duration': 6.45}
2024-08-19 15:53:28.644 | INFO     | __main__:omprint:30 - [DEBUG] generate_trivia_video - video_total_duration: 6.45
2024-08-19 15:53:28.645 | INFO     | __main__:omprint:30 - [DEBUG] ============= add_logo - ctxVideo: {'video_width': 1080, 'video_height': 1920, 'video_duration': 6.45} =============
2024-08-19 15:53:28.677 | INFO     | __main__:omprint:30 - [DEBUG] generate_trivia_video - logo_clip.w, logo_clip.h: 540 175
2024-08-19 15:53:28.679 | INFO     | __main__:omprint:30 - [DEBUG] ============= add_question_text - ctxVideo: {'video_width': 1080, 'video_height': 1920, 'video_duration': 6.45} =============
2024-08-19 15:53:28.680 | INFO     | __main__:omprint:30 - [DEBUG] add_question_text - max_width: 920
2024-08-19 15:53:28.681 | INFO     | __main__:omprint:30 - [DEBUG] add_question_text - text_length: 23
2024-08-19 15:53:28.682 | INFO     | __main__:omprint:30 - [DEBUG] add_question_text - fontsize: 80
2024-08-19 15:53:28.721 | INFO     | __main__:omprint:30 - [DEBUG] generate_trivia_video - question_clip.w, question_clip.h: 920 194
2024-08-19 15:53:28.739 | INFO     | __main__:omprint:30 - [DEBUG] generate_trivia_video - question_image_clip.w, question_image_clip.h: 91 120
2024-08-19 15:53:28.740 | INFO     | __main__:omprint:30 - [DEBUG] question_image_clip: <function VideoClip.set_position.<locals>.<lambda> at 0x7cde34926b60>
2024-08-19 15:53:28.740 | INFO     | __main__:omprint:30 - [DEBUG] options_top_margin: 894
2024-08-19 15:53:28.752 | INFO     | __main__:omprint:30 - [DEBUG] add_options - fontsize for option 'El séptimo': 70
2024-08-19 15:53:28.789 | INFO     | __main__:omprint:30 - [DEBUG] add_options - fontsize for option 'El sexto': 70
2024-08-19 15:53:28.827 | INFO     | __main__:omprint:30 - [DEBUG] add_options - fontsize for option 'El quinto': 70
2024-08-19 15:53:28.885 | INFO     | __main__:omprint:30 - [DEBUG] generate_trivia_video - account_clip.w, account_clip.h: 430 64
2024-08-19 15:53:28.908 | INFO     | __main__:omprint:30 - [DEBUG] video_total_duration 1: 6.45
2024-08-19 15:53:28.908 | INFO     | __main__:omprint:30 - [DEBUG] narration_audio.duration: 1.45
2024-08-19 15:53:28.909 | INFO     | __main__:omprint:30 - [DEBUG] clock_sound_effects.duration: 3
2024-08-19 15:53:28.910 | INFO     | __main__:omprint:30 - [DEBUG] ding_sound_effects.duration: 2
2024-08-19 15:53:28.910 | INFO     | __main__:omprint:30 - [DEBUG] narration_audio_winner.duration: 0.85
2024-08-19 15:53:28.911 | INFO     | __main__:omprint:30 - [DEBUG] final_audio.duration 2: 6.45
2024-08-19 15:53:28.911 | INFO     | __main__:omprint:30 - [DEBUG] final_clip.duration 2: 6.45
2024-08-19 15:53:29.043 | INFO     | __main__:omprint:30 - create_background_video - background_clip.w, background_clip.h: 1080 1920
2024-08-19 15:53:29.051 | INFO     | __main__:omprint:30 - trivia_sequence: <moviepy.video.compositing.CompositeVideoClip.CompositeVideoClip object at 0x7cde34841bd0>
2024-08-19 15:53:35.779 | INFO     | __main__:omprint:30 - Ya hay un proceso en ejecución.
2024-08-19 15:54:35.780 | INFO     | __main__:omprint:30 - Ya hay un proceso en ejecución.
2024-08-19 15:55:35.781 | INFO     | __main__:omprint:30 - Ya hay un proceso en ejecución.
2024-08-19 15:56:35.782 | INFO     | __main__:omprint:30 - Ya hay un proceso en ejecución.
2024-08-19 15:57:17.937 | INFO     | __main__:omprint:30 - Tiempo de procesamiento: 232.2569863796234 segundos
2024-08-19 15:57:17.938 | INFO     | __main__:omprint:30 - video_to_upload: https://trivias.luxuryroamers.com/generados/videos/4f4e32df-3646-4945-ae19-f1f9299a2cbd.mp4
2024-08-19 15:57:17.939 | INFO     | __main__:omprint:30 - El script tomó 235.92 segundos en ejecutarse.
2024-08-19 15:57:22.945 | INFO     | __main__:omprint:30 - pending_processes: [{'uuid': 'e766fd45-0c5e-488d-9336-573c82b9d41a', 'language': 'Spanish', 'voice': 'Pedro', 'main_question': 'El Arca de Noé.', 'num_questions': 4, 'num_options': 3, 'background_music': 'felicidad4', 'background_video': 'nubes2', 'logo_path': '', 'account_text': '', 'fecha_creacion': '2024-08-19T15:53:22.020199+00:00', 'fecha_modificacion': '2024-08-19T15:53:22.020199+00:00', 'estado': 'pendiente'}, {'uuid': '90400d58-905e-43b2-a33d-eee2cbb5a769', 'language': 'Spanish', 'voice': 'Pedro', 'main_question': 'Moisés y el Éxodo.', 'num_questions': 4, 'num_options': 3, 'background_music': 'felicidad4', 'background_video': 'nubes2', 'logo_path': '', 'account_text': '', 'fecha_creacion': '2024-08-19T15:53:22.038522+00:00', 'fecha_modificacion': '2024-08-19T15:53:22.038522+00:00', 'estado': 'pendiente'}]
2024-08-19 15:57:22.946 | INFO     | __main__:omprint:30 - Ejecutando el proceso ID: e766fd45-0c5e-488d-9336-573c82b9d41a
2024-08-19 15:57:22.948 | INFO     | __main__:omprint:30 - ---------------------------------------------------
2024-08-19 15:57:22.949 | INFO     | __main__:omprint:30 - uuid4, language, voice, main_question, num_questions, num_options, background_music, background_video: e766fd45-0c5e-488d-9336-573c82b9d41a Spanish Pedro El Arca de Noé. 4 3 felicidad4 nubes2
2024-08-19 15:57:22.949 | INFO     | __main__:omprint:30 - ---------------------------------------------------
2024-08-19 15:57:22.950 | INFO     | __main__:omprint:30 - Genera una lista de 4 preguntas cortas en idioma Spanish en formato JSON para un quiz / trivia sobre ['El Arca de Noé.']. El JSON debe incluir una pregunta principal corta en idioma Spanish sin emojis en ella, con el estilo MrBeast en la propiedad 'main_question' que aplique para todas las preguntas de la propiedad 'questions', seguido de un arreglo 'questions' que contenga objetos con las siguientes propiedades: el texto de la pregunta corta en idioma Spanish  con variantes mencionando siempre el tema central en cada pregunta  para hacer la pronunciación más humana y consistente ,  opciones de respuesta en idioma Spanish con 3 opciones donde alternes la opción correcta en las diferentes posiciones del arreglo de opciones entre 0 y 2, (IMPORTANTE: deben tener un tamaño de 17 caracteres máximo por opción), y el índice de la opción correcta (IMPORTANTE: Las opciones correctas deben estár en posiciones aleatorias entre 0 y 2 dentro del arreglo de la propiedad 'options').

Aquí hay un ejemplo del formato:

{
  "main_question": "Pregunta principal de ejemplo?",
  "questions": [
    {
        "question_text": "Variantes de la pregunta de ejemplo?",
        "question_image": "",
        "options": ['"Opción 1"', '"Opción 2"', '"Opción 3"'],
        "correct_option_index": 2
    }
  ]
} 

Notas Importantes: - Genera todo el contenido en idioma Spanish.
- Asigna las opciones correctas de las preguntas en posiciones aleatorias entre 0 y {num_options - 1}.
- Crea todos los campos mencionados en el ejemplo aunque estén en blanco.
- REALIZA UNA DOBE VERIFICACION DE LAS OPCIONES CORRECTAS. NO PUEDES COMETER ERRORES.

2024-08-19 15:57:27.417 | INFO     | __main__:omprint:30 - {'main_question': '¿Cuántos animales entraron en el arca?', 'questions': [{'question_text': '¿Cuántas parejas de animales había?', 'question_image': '', 'options': ['Un par', 'Dos pares', 'Tres pares'], 'correct_option_index': 0}, {'question_text': '¿Qué animales entraron al arca?', 'question_image': '', 'options': ['Solo mamíferos', 'Dos de cada uno', 'Solo aves'], 'correct_option_index': 1}, {'question_text': '¿Cuántas especies en total?', 'question_image': '', 'options': ['100 especies', '70 especies', 'Más de 10-20'], 'correct_option_index': 2}, {'question_text': '¿Qué animal fue el primero?', 'question_image': '', 'options': ['León', 'Paloma', 'Elefante'], 'correct_option_index': 1}]}
2024-08-19 15:57:27.418 | INFO     | __main__:omprint:30 - final_logo_path: ./public/assets/images/logo.png
2024-08-19 15:57:27.419 | INFO     | __main__:omprint:30 - final_account_text: @elclubdelosgenios
2024-08-19 15:57:28.041 | INFO     | __main__:omprint:30 - [DEBUG] generate_trivia_video - ctxVideo: {'video_width': 1080, 'video_height': 1920, 'video_duration': 6.85}
2024-08-19 15:57:28.041 | INFO     | __main__:omprint:30 - [DEBUG] generate_trivia_video - video_total_duration: 6.85
2024-08-19 15:57:28.042 | INFO     | __main__:omprint:30 - [DEBUG] ============= add_logo - ctxVideo: {'video_width': 1080, 'video_height': 1920, 'video_duration': 6.85} =============
2024-08-19 15:57:28.073 | INFO     | __main__:omprint:30 - [DEBUG] generate_trivia_video - logo_clip.w, logo_clip.h: 540 175
2024-08-19 15:57:28.074 | INFO     | __main__:omprint:30 - [DEBUG] ============= add_question_text - ctxVideo: {'video_width': 1080, 'video_height': 1920, 'video_duration': 6.85} =============
2024-08-19 15:57:28.075 | INFO     | __main__:omprint:30 - [DEBUG] add_question_text - max_width: 920
2024-08-19 15:57:28.075 | INFO     | __main__:omprint:30 - [DEBUG] add_question_text - text_length: 35
2024-08-19 15:57:28.076 | INFO     | __main__:omprint:30 - [DEBUG] add_question_text - fontsize: 80
2024-08-19 15:57:28.120 | INFO     | __main__:omprint:30 - [DEBUG] generate_trivia_video - question_clip.w, question_clip.h: 920 194
2024-08-19 15:57:28.139 | INFO     | __main__:omprint:30 - [DEBUG] generate_trivia_video - question_image_clip.w, question_image_clip.h: 91 120
2024-08-19 15:57:28.139 | INFO     | __main__:omprint:30 - [DEBUG] question_image_clip: <function VideoClip.set_position.<locals>.<lambda> at 0x7cde3d0ad1c0>
2024-08-19 15:57:28.140 | INFO     | __main__:omprint:30 - [DEBUG] options_top_margin: 894
2024-08-19 15:57:28.152 | INFO     | __main__:omprint:30 - [DEBUG] add_options - fontsize for option 'Un par': 70
2024-08-19 15:57:28.183 | INFO     | __main__:omprint:30 - [DEBUG] add_options - fontsize for option 'Dos pares': 70
2024-08-19 15:57:28.213 | INFO     | __main__:omprint:30 - [DEBUG] add_options - fontsize for option 'Tres pares': 70
2024-08-19 15:57:28.263 | INFO     | __main__:omprint:30 - [DEBUG] generate_trivia_video - account_clip.w, account_clip.h: 430 64
2024-08-19 15:57:28.284 | INFO     | __main__:omprint:30 - [DEBUG] video_total_duration 1: 6.85
2024-08-19 15:57:28.285 | INFO     | __main__:omprint:30 - [DEBUG] narration_audio.duration: 1.85
2024-08-19 15:57:28.285 | INFO     | __main__:omprint:30 - [DEBUG] clock_sound_effects.duration: 3
2024-08-19 15:57:28.286 | INFO     | __main__:omprint:30 - [DEBUG] ding_sound_effects.duration: 2
2024-08-19 15:57:28.286 | INFO     | __main__:omprint:30 - [DEBUG] narration_audio_winner.duration: 0.64
2024-08-19 15:57:28.287 | INFO     | __main__:omprint:30 - [DEBUG] final_audio.duration 2: 6.85
2024-08-19 15:57:28.287 | INFO     | __main__:omprint:30 - [DEBUG] final_clip.duration 2: 6.85
2024-08-19 15:57:28.788 | INFO     | __main__:omprint:30 - [DEBUG] generate_trivia_video - ctxVideo: {'video_width': 1080, 'video_height': 1920, 'video_duration': 6.6899999999999995}
2024-08-19 15:57:28.789 | INFO     | __main__:omprint:30 - [DEBUG] generate_trivia_video - video_total_duration: 6.6899999999999995
2024-08-19 15:57:28.789 | INFO     | __main__:omprint:30 - [DEBUG] ============= add_logo - ctxVideo: {'video_width': 1080, 'video_height': 1920, 'video_duration': 6.6899999999999995} =============
2024-08-19 15:57:28.821 | INFO     | __main__:omprint:30 - [DEBUG] generate_trivia_video - logo_clip.w, logo_clip.h: 540 175
2024-08-19 15:57:28.821 | INFO     | __main__:omprint:30 - [DEBUG] ============= add_question_text - ctxVideo: {'video_width': 1080, 'video_height': 1920, 'video_duration': 6.6899999999999995} =============
2024-08-19 15:57:28.822 | INFO     | __main__:omprint:30 - [DEBUG] add_question_text - max_width: 920
2024-08-19 15:57:28.822 | INFO     | __main__:omprint:30 - [DEBUG] add_question_text - text_length: 31
2024-08-19 15:57:28.823 | INFO     | __main__:omprint:30 - [DEBUG] add_question_text - fontsize: 80
2024-08-19 15:57:28.867 | INFO     | __main__:omprint:30 - [DEBUG] generate_trivia_video - question_clip.w, question_clip.h: 920 194
2024-08-19 15:57:28.885 | INFO     | __main__:omprint:30 - [DEBUG] generate_trivia_video - question_image_clip.w, question_image_clip.h: 91 120
2024-08-19 15:57:28.886 | INFO     | __main__:omprint:30 - [DEBUG] question_image_clip: <function VideoClip.set_position.<locals>.<lambda> at 0x7cde34ae84a0>
2024-08-19 15:57:28.886 | INFO     | __main__:omprint:30 - [DEBUG] options_top_margin: 894
2024-08-19 15:57:28.899 | INFO     | __main__:omprint:30 - [DEBUG] add_options - fontsize for option 'Solo mamíferos': 70
2024-08-19 15:57:28.932 | INFO     | __main__:omprint:30 - [DEBUG] add_options - fontsize for option 'Dos de cada uno': 70
2024-08-19 15:57:28.970 | INFO     | __main__:omprint:30 - [DEBUG] add_options - fontsize for option 'Solo aves': 70
2024-08-19 15:57:29.026 | INFO     | __main__:omprint:30 - [DEBUG] generate_trivia_video - account_clip.w, account_clip.h: 430 64
2024-08-19 15:57:29.049 | INFO     | __main__:omprint:30 - [DEBUG] video_total_duration 1: 6.6899999999999995
2024-08-19 15:57:29.050 | INFO     | __main__:omprint:30 - [DEBUG] narration_audio.duration: 1.69
2024-08-19 15:57:29.051 | INFO     | __main__:omprint:30 - [DEBUG] clock_sound_effects.duration: 3
2024-08-19 15:57:29.052 | INFO     | __main__:omprint:30 - [DEBUG] ding_sound_effects.duration: 2
2024-08-19 15:57:29.053 | INFO     | __main__:omprint:30 - [DEBUG] narration_audio_winner.duration: 1.2
2024-08-19 15:57:29.053 | INFO     | __main__:omprint:30 - [DEBUG] final_audio.duration 2: 6.89
2024-08-19 15:57:29.054 | INFO     | __main__:omprint:30 - [DEBUG] final_clip.duration 2: 6.6899999999999995
2024-08-19 15:57:29.657 | INFO     | __main__:omprint:30 - [DEBUG] generate_trivia_video - ctxVideo: {'video_width': 1080, 'video_height': 1920, 'video_duration': 6.49}
2024-08-19 15:57:29.658 | INFO     | __main__:omprint:30 - [DEBUG] generate_trivia_video - video_total_duration: 6.49
2024-08-19 15:57:29.658 | INFO     | __main__:omprint:30 - [DEBUG] ============= add_logo - ctxVideo: {'video_width': 1080, 'video_height': 1920, 'video_duration': 6.49} =============
2024-08-19 15:57:29.689 | INFO     | __main__:omprint:30 - [DEBUG] generate_trivia_video - logo_clip.w, logo_clip.h: 540 175
2024-08-19 15:57:29.690 | INFO     | __main__:omprint:30 - [DEBUG] ============= add_question_text - ctxVideo: {'video_width': 1080, 'video_height': 1920, 'video_duration': 6.49} =============
2024-08-19 15:57:29.690 | INFO     | __main__:omprint:30 - [DEBUG] add_question_text - max_width: 920
2024-08-19 15:57:29.691 | INFO     | __main__:omprint:30 - [DEBUG] add_question_text - text_length: 27
2024-08-19 15:57:29.691 | INFO     | __main__:omprint:30 - [DEBUG] add_question_text - fontsize: 80
2024-08-19 15:57:29.732 | INFO     | __main__:omprint:30 - [DEBUG] generate_trivia_video - question_clip.w, question_clip.h: 920 194
2024-08-19 15:57:29.750 | INFO     | __main__:omprint:30 - [DEBUG] generate_trivia_video - question_image_clip.w, question_image_clip.h: 91 120
2024-08-19 15:57:29.751 | INFO     | __main__:omprint:30 - [DEBUG] question_image_clip: <function VideoClip.set_position.<locals>.<lambda> at 0x7cde352f32e0>
2024-08-19 15:57:29.752 | INFO     | __main__:omprint:30 - [DEBUG] options_top_margin: 894
2024-08-19 15:57:29.764 | INFO     | __main__:omprint:30 - [DEBUG] add_options - fontsize for option '100 especies': 70
2024-08-19 15:57:29.800 | INFO     | __main__:omprint:30 - [DEBUG] add_options - fontsize for option '70 especies': 70
2024-08-19 15:57:29.837 | INFO     | __main__:omprint:30 - [DEBUG] add_options - fontsize for option 'Más de 10-20': 70
2024-08-19 15:57:29.895 | INFO     | __main__:omprint:30 - [DEBUG] generate_trivia_video - account_clip.w, account_clip.h: 430 64
2024-08-19 15:57:29.917 | INFO     | __main__:omprint:30 - [DEBUG] video_total_duration 1: 6.49
2024-08-19 15:57:29.918 | INFO     | __main__:omprint:30 - [DEBUG] narration_audio.duration: 1.49
2024-08-19 15:57:29.919 | INFO     | __main__:omprint:30 - [DEBUG] clock_sound_effects.duration: 3
2024-08-19 15:57:29.919 | INFO     | __main__:omprint:30 - [DEBUG] ding_sound_effects.duration: 2
2024-08-19 15:57:29.920 | INFO     | __main__:omprint:30 - [DEBUG] narration_audio_winner.duration: 1.25
2024-08-19 15:57:29.920 | INFO     | __main__:omprint:30 - [DEBUG] final_audio.duration 2: 6.74
2024-08-19 15:57:29.921 | INFO     | __main__:omprint:30 - [DEBUG] final_clip.duration 2: 6.49
2024-08-19 15:57:30.479 | INFO     | __main__:omprint:30 - [DEBUG] generate_trivia_video - ctxVideo: {'video_width': 1080, 'video_height': 1920, 'video_duration': 6.35}
2024-08-19 15:57:30.479 | INFO     | __main__:omprint:30 - [DEBUG] generate_trivia_video - video_total_duration: 6.35
2024-08-19 15:57:30.480 | INFO     | __main__:omprint:30 - [DEBUG] ============= add_logo - ctxVideo: {'video_width': 1080, 'video_height': 1920, 'video_duration': 6.35} =============
2024-08-19 15:57:30.511 | INFO     | __main__:omprint:30 - [DEBUG] generate_trivia_video - logo_clip.w, logo_clip.h: 540 175
2024-08-19 15:57:30.511 | INFO     | __main__:omprint:30 - [DEBUG] ============= add_question_text - ctxVideo: {'video_width': 1080, 'video_height': 1920, 'video_duration': 6.35} =============
2024-08-19 15:57:30.512 | INFO     | __main__:omprint:30 - [DEBUG] add_question_text - max_width: 920
2024-08-19 15:57:30.512 | INFO     | __main__:omprint:30 - [DEBUG] add_question_text - text_length: 27
2024-08-19 15:57:30.513 | INFO     | __main__:omprint:30 - [DEBUG] add_question_text - fontsize: 80
2024-08-19 15:57:30.553 | INFO     | __main__:omprint:30 - [DEBUG] generate_trivia_video - question_clip.w, question_clip.h: 920 194
2024-08-19 15:57:30.571 | INFO     | __main__:omprint:30 - [DEBUG] generate_trivia_video - question_image_clip.w, question_image_clip.h: 91 120
2024-08-19 15:57:30.572 | INFO     | __main__:omprint:30 - [DEBUG] question_image_clip: <function VideoClip.set_position.<locals>.<lambda> at 0x7cde34acbc40>
2024-08-19 15:57:30.573 | INFO     | __main__:omprint:30 - [DEBUG] options_top_margin: 894
2024-08-19 15:57:30.584 | INFO     | __main__:omprint:30 - [DEBUG] add_options - fontsize for option 'León': 70
2024-08-19 15:57:30.619 | INFO     | __main__:omprint:30 - [DEBUG] add_options - fontsize for option 'Paloma': 70
2024-08-19 15:57:30.656 | INFO     | __main__:omprint:30 - [DEBUG] add_options - fontsize for option 'Elefante': 70
2024-08-19 15:57:30.711 | INFO     | __main__:omprint:30 - [DEBUG] generate_trivia_video - account_clip.w, account_clip.h: 430 64
2024-08-19 15:57:30.735 | INFO     | __main__:omprint:30 - [DEBUG] video_total_duration 1: 6.35
2024-08-19 15:57:30.736 | INFO     | __main__:omprint:30 - [DEBUG] narration_audio.duration: 1.35
2024-08-19 15:57:30.737 | INFO     | __main__:omprint:30 - [DEBUG] clock_sound_effects.duration: 3
2024-08-19 15:57:30.737 | INFO     | __main__:omprint:30 - [DEBUG] ding_sound_effects.duration: 2
2024-08-19 15:57:30.738 | INFO     | __main__:omprint:30 - [DEBUG] narration_audio_winner.duration: 0.66
2024-08-19 15:57:30.739 | INFO     | __main__:omprint:30 - [DEBUG] final_audio.duration 2: 6.35
2024-08-19 15:57:30.739 | INFO     | __main__:omprint:30 - [DEBUG] final_clip.duration 2: 6.35
2024-08-19 15:57:30.864 | INFO     | __main__:omprint:30 - create_background_video - background_clip.w, background_clip.h: 1080 1920
2024-08-19 15:57:30.870 | INFO     | __main__:omprint:30 - trivia_sequence: <moviepy.video.compositing.CompositeVideoClip.CompositeVideoClip object at 0x7cde34ada390>
2024-08-19 15:57:35.783 | INFO     | __main__:omprint:30 - Ya hay un proceso en ejecución.
2024-08-19 15:58:35.784 | INFO     | __main__:omprint:30 - Ya hay un proceso en ejecución.
2024-08-19 15:59:35.785 | INFO     | __main__:omprint:30 - Ya hay un proceso en ejecución.
2024-08-19 16:00:35.786 | INFO     | __main__:omprint:30 - Ya hay un proceso en ejecución.
2024-08-19 16:01:29.385 | INFO     | __main__:omprint:30 - Tiempo de procesamiento: 241.96626782417297 segundos
2024-08-19 16:01:29.386 | INFO     | __main__:omprint:30 - video_to_upload: https://trivias.luxuryroamers.com/generados/videos/e766fd45-0c5e-488d-9336-573c82b9d41a.mp4
2024-08-19 16:01:29.387 | INFO     | __main__:omprint:30 - El script tomó 246.44 segundos en ejecutarse.
2024-08-19 16:01:29.625 | INFO     | __main__:omprint:30 - Ejecutando el proceso ID: 90400d58-905e-43b2-a33d-eee2cbb5a769
2024-08-19 16:01:29.626 | INFO     | __main__:omprint:30 - ---------------------------------------------------
2024-08-19 16:01:29.627 | INFO     | __main__:omprint:30 - uuid4, language, voice, main_question, num_questions, num_options, background_music, background_video: 90400d58-905e-43b2-a33d-eee2cbb5a769 Spanish Pedro Moisés y el Éxodo. 4 3 felicidad4 nubes2
2024-08-19 16:01:29.630 | INFO     | __main__:omprint:30 - ---------------------------------------------------
2024-08-19 16:01:29.631 | INFO     | __main__:omprint:30 - Genera una lista de 4 preguntas cortas en idioma Spanish en formato JSON para un quiz / trivia sobre ['Moisés y el Éxodo.']. El JSON debe incluir una pregunta principal corta en idioma Spanish sin emojis en ella, con el estilo MrBeast en la propiedad 'main_question' que aplique para todas las preguntas de la propiedad 'questions', seguido de un arreglo 'questions' que contenga objetos con las siguientes propiedades: el texto de la pregunta corta en idioma Spanish  con variantes mencionando siempre el tema central en cada pregunta  para hacer la pronunciación más humana y consistente ,  opciones de respuesta en idioma Spanish con 3 opciones donde alternes la opción correcta en las diferentes posiciones del arreglo de opciones entre 0 y 2, (IMPORTANTE: deben tener un tamaño de 17 caracteres máximo por opción), y el índice de la opción correcta (IMPORTANTE: Las opciones correctas deben estár en posiciones aleatorias entre 0 y 2 dentro del arreglo de la propiedad 'options').

Aquí hay un ejemplo del formato:

{
  "main_question": "Pregunta principal de ejemplo?",
  "questions": [
    {
        "question_text": "Variantes de la pregunta de ejemplo?",
        "question_image": "",
        "options": ['"Opción 1"', '"Opción 2"', '"Opción 3"'],
        "correct_option_index": 2
    }
  ]
} 

Notas Importantes: - Genera todo el contenido en idioma Spanish.
- Asigna las opciones correctas de las preguntas en posiciones aleatorias entre 0 y {num_options - 1}.
- Crea todos los campos mencionados en el ejemplo aunque estén en blanco.
- REALIZA UNA DOBE VERIFICACION DE LAS OPCIONES CORRECTAS. NO PUEDES COMETER ERRORES.

2024-08-19 16:01:34.746 | INFO     | __main__:omprint:30 - {'main_question': '¿Qué sabes sobre Moisés y el Éxodo?', 'questions': [{'question_text': '¿Quién fue Moisés?', 'question_image': '', 'options': ['Un líder hebreo', 'Un faraón egipcio', 'Un sacerdote babilonio'], 'correct_option_index': 0}, {'question_text': '¿Qué mar cruzó Moisés?', 'question_image': '', 'options': ['Mar Rojo', 'Mar Egeo', 'Mar Mediterráneo'], 'correct_option_index': 0}, {'question_text': '¿Cuántos años en el desierto?', 'question_image': '', 'options': ['30 años', '40 años', '50 años'], 'correct_option_index': 1}, {'question_text': '¿Qué entregó Moisés?', 'question_image': '', 'options': ['Las leyes religiosas', 'Cartas al faraón', 'Un mapa del desierto'], 'correct_option_index': 0}]}
2024-08-19 16:01:34.747 | INFO     | __main__:omprint:30 - final_logo_path: ./public/assets/images/logo.png
2024-08-19 16:01:34.748 | INFO     | __main__:omprint:30 - final_account_text: @elclubdelosgenios
2024-08-19 16:01:35.253 | INFO     | __main__:omprint:30 - [DEBUG] generate_trivia_video - ctxVideo: {'video_width': 1080, 'video_height': 1920, 'video_duration': 6.11}
2024-08-19 16:01:35.254 | INFO     | __main__:omprint:30 - [DEBUG] generate_trivia_video - video_total_duration: 6.11
2024-08-19 16:01:35.254 | INFO     | __main__:omprint:30 - [DEBUG] ============= add_logo - ctxVideo: {'video_width': 1080, 'video_height': 1920, 'video_duration': 6.11} =============
2024-08-19 16:01:35.285 | INFO     | __main__:omprint:30 - [DEBUG] generate_trivia_video - logo_clip.w, logo_clip.h: 540 175
2024-08-19 16:01:35.286 | INFO     | __main__:omprint:30 - [DEBUG] ============= add_question_text - ctxVideo: {'video_width': 1080, 'video_height': 1920, 'video_duration': 6.11} =============
2024-08-19 16:01:35.287 | INFO     | __main__:omprint:30 - [DEBUG] add_question_text - max_width: 920
2024-08-19 16:01:35.287 | INFO     | __main__:omprint:30 - [DEBUG] add_question_text - text_length: 18
2024-08-19 16:01:35.288 | INFO     | __main__:omprint:30 - [DEBUG] add_question_text - fontsize: 80
2024-08-19 16:01:35.314 | INFO     | __main__:omprint:30 - [DEBUG] generate_trivia_video - question_clip.w, question_clip.h: 920 97
2024-08-19 16:01:35.332 | INFO     | __main__:omprint:30 - [DEBUG] generate_trivia_video - question_image_clip.w, question_image_clip.h: 91 120
2024-08-19 16:01:35.333 | INFO     | __main__:omprint:30 - [DEBUG] question_image_clip: <function VideoClip.set_position.<locals>.<lambda> at 0x7cde34addbc0>
2024-08-19 16:01:35.334 | INFO     | __main__:omprint:30 - [DEBUG] options_top_margin: 797
2024-08-19 16:01:35.345 | INFO     | __main__:omprint:30 - [DEBUG] add_options - fontsize for option 'Un líder hebreo': 70
2024-08-19 16:01:35.382 | INFO     | __main__:omprint:30 - [DEBUG] add_options - fontsize for option 'Un faraón egipcio': 70
2024-08-19 16:01:35.420 | INFO     | __main__:omprint:30 - [DEBUG] add_options - fontsize for option 'Un sacerdote babilonio': 64
2024-08-19 16:01:35.477 | INFO     | __main__:omprint:30 - [DEBUG] generate_trivia_video - account_clip.w, account_clip.h: 430 64
2024-08-19 16:01:35.498 | INFO     | __main__:omprint:30 - [DEBUG] video_total_duration 1: 6.11
2024-08-19 16:01:35.498 | INFO     | __main__:omprint:30 - [DEBUG] narration_audio.duration: 1.11
2024-08-19 16:01:35.499 | INFO     | __main__:omprint:30 - [DEBUG] clock_sound_effects.duration: 3
2024-08-19 16:01:35.499 | INFO     | __main__:omprint:30 - [DEBUG] ding_sound_effects.duration: 2
2024-08-19 16:01:35.500 | INFO     | __main__:omprint:30 - [DEBUG] narration_audio_winner.duration: 1.05
2024-08-19 16:01:35.500 | INFO     | __main__:omprint:30 - [DEBUG] final_audio.duration 2: 6.16
2024-08-19 16:01:35.501 | INFO     | __main__:omprint:30 - [DEBUG] final_clip.duration 2: 6.11
2024-08-19 16:01:35.789 | INFO     | __main__:omprint:30 - Ya hay un proceso en ejecución.
2024-08-19 16:01:36.018 | INFO     | __main__:omprint:30 - [DEBUG] generate_trivia_video - ctxVideo: {'video_width': 1080, 'video_height': 1920, 'video_duration': 6.38}
2024-08-19 16:01:36.019 | INFO     | __main__:omprint:30 - [DEBUG] generate_trivia_video - video_total_duration: 6.38
2024-08-19 16:01:36.019 | INFO     | __main__:omprint:30 - [DEBUG] ============= add_logo - ctxVideo: {'video_width': 1080, 'video_height': 1920, 'video_duration': 6.38} =============
2024-08-19 16:01:36.050 | INFO     | __main__:omprint:30 - [DEBUG] generate_trivia_video - logo_clip.w, logo_clip.h: 540 175
2024-08-19 16:01:36.051 | INFO     | __main__:omprint:30 - [DEBUG] ============= add_question_text - ctxVideo: {'video_width': 1080, 'video_height': 1920, 'video_duration': 6.38} =============
2024-08-19 16:01:36.052 | INFO     | __main__:omprint:30 - [DEBUG] add_question_text - max_width: 920
2024-08-19 16:01:36.052 | INFO     | __main__:omprint:30 - [DEBUG] add_question_text - text_length: 22
2024-08-19 16:01:36.053 | INFO     | __main__:omprint:30 - [DEBUG] add_question_text - fontsize: 80
2024-08-19 16:01:36.091 | INFO     | __main__:omprint:30 - [DEBUG] generate_trivia_video - question_clip.w, question_clip.h: 920 194
2024-08-19 16:01:36.110 | INFO     | __main__:omprint:30 - [DEBUG] generate_trivia_video - question_image_clip.w, question_image_clip.h: 91 120
2024-08-19 16:01:36.110 | INFO     | __main__:omprint:30 - [DEBUG] question_image_clip: <function VideoClip.set_position.<locals>.<lambda> at 0x7cde352f3560>
2024-08-19 16:01:36.111 | INFO     | __main__:omprint:30 - [DEBUG] options_top_margin: 894
2024-08-19 16:01:36.122 | INFO     | __main__:omprint:30 - [DEBUG] add_options - fontsize for option 'Mar Rojo': 70
2024-08-19 16:01:36.153 | INFO     | __main__:omprint:30 - [DEBUG] add_options - fontsize for option 'Mar Egeo': 70
2024-08-19 16:01:36.184 | INFO     | __main__:omprint:30 - [DEBUG] add_options - fontsize for option 'Mar Mediterráneo': 70
2024-08-19 16:01:36.231 | INFO     | __main__:omprint:30 - [DEBUG] generate_trivia_video - account_clip.w, account_clip.h: 430 64
2024-08-19 16:01:36.251 | INFO     | __main__:omprint:30 - [DEBUG] video_total_duration 1: 6.38
2024-08-19 16:01:36.252 | INFO     | __main__:omprint:30 - [DEBUG] narration_audio.duration: 1.38
2024-08-19 16:01:36.252 | INFO     | __main__:omprint:30 - [DEBUG] clock_sound_effects.duration: 3
2024-08-19 16:01:36.253 | INFO     | __main__:omprint:30 - [DEBUG] ding_sound_effects.duration: 2
2024-08-19 16:01:36.254 | INFO     | __main__:omprint:30 - [DEBUG] narration_audio_winner.duration: 0.76
2024-08-19 16:01:36.254 | INFO     | __main__:omprint:30 - [DEBUG] final_audio.duration 2: 6.38
2024-08-19 16:01:36.255 | INFO     | __main__:omprint:30 - [DEBUG] final_clip.duration 2: 6.38
2024-08-19 16:01:36.717 | INFO     | __main__:omprint:30 - [DEBUG] generate_trivia_video - ctxVideo: {'video_width': 1080, 'video_height': 1920, 'video_duration': 6.5600000000000005}
2024-08-19 16:01:36.718 | INFO     | __main__:omprint:30 - [DEBUG] generate_trivia_video - video_total_duration: 6.5600000000000005
2024-08-19 16:01:36.718 | INFO     | __main__:omprint:30 - [DEBUG] ============= add_logo - ctxVideo: {'video_width': 1080, 'video_height': 1920, 'video_duration': 6.5600000000000005} =============
2024-08-19 16:01:36.750 | INFO     | __main__:omprint:30 - [DEBUG] generate_trivia_video - logo_clip.w, logo_clip.h: 540 175
2024-08-19 16:01:36.750 | INFO     | __main__:omprint:30 - [DEBUG] ============= add_question_text - ctxVideo: {'video_width': 1080, 'video_height': 1920, 'video_duration': 6.5600000000000005} =============
2024-08-19 16:01:36.751 | INFO     | __main__:omprint:30 - [DEBUG] add_question_text - max_width: 920
2024-08-19 16:01:36.751 | INFO     | __main__:omprint:30 - [DEBUG] add_question_text - text_length: 29
2024-08-19 16:01:36.752 | INFO     | __main__:omprint:30 - [DEBUG] add_question_text - fontsize: 80
2024-08-19 16:01:36.793 | INFO     | __main__:omprint:30 - [DEBUG] generate_trivia_video - question_clip.w, question_clip.h: 920 194
2024-08-19 16:01:36.811 | INFO     | __main__:omprint:30 - [DEBUG] generate_trivia_video - question_image_clip.w, question_image_clip.h: 91 120
2024-08-19 16:01:36.811 | INFO     | __main__:omprint:30 - [DEBUG] question_image_clip: <function VideoClip.set_position.<locals>.<lambda> at 0x7cde3d0af7e0>
2024-08-19 16:01:36.812 | INFO     | __main__:omprint:30 - [DEBUG] options_top_margin: 894
2024-08-19 16:01:36.823 | INFO     | __main__:omprint:30 - [DEBUG] add_options - fontsize for option '30 años': 70
2024-08-19 16:01:36.858 | INFO     | __main__:omprint:30 - [DEBUG] add_options - fontsize for option '40 años': 70
2024-08-19 16:01:36.893 | INFO     | __main__:omprint:30 - [DEBUG] add_options - fontsize for option '50 años': 70
2024-08-19 16:01:36.946 | INFO     | __main__:omprint:30 - [DEBUG] generate_trivia_video - account_clip.w, account_clip.h: 430 64
2024-08-19 16:01:36.970 | INFO     | __main__:omprint:30 - [DEBUG] video_total_duration 1: 6.5600000000000005
2024-08-19 16:01:36.971 | INFO     | __main__:omprint:30 - [DEBUG] narration_audio.duration: 1.56
2024-08-19 16:01:36.971 | INFO     | __main__:omprint:30 - [DEBUG] clock_sound_effects.duration: 3
2024-08-19 16:01:36.972 | INFO     | __main__:omprint:30 - [DEBUG] ding_sound_effects.duration: 2
2024-08-19 16:01:36.972 | INFO     | __main__:omprint:30 - [DEBUG] narration_audio_winner.duration: 1.01
2024-08-19 16:01:36.973 | INFO     | __main__:omprint:30 - [DEBUG] final_audio.duration 2: 6.57
2024-08-19 16:01:36.974 | INFO     | __main__:omprint:30 - [DEBUG] final_clip.duration 2: 6.5600000000000005
2024-08-19 16:01:37.564 | INFO     | __main__:omprint:30 - [DEBUG] generate_trivia_video - ctxVideo: {'video_width': 1080, 'video_height': 1920, 'video_duration': 6.26}
2024-08-19 16:01:37.565 | INFO     | __main__:omprint:30 - [DEBUG] generate_trivia_video - video_total_duration: 6.26
2024-08-19 16:01:37.565 | INFO     | __main__:omprint:30 - [DEBUG] ============= add_logo - ctxVideo: {'video_width': 1080, 'video_height': 1920, 'video_duration': 6.26} =============
2024-08-19 16:01:37.596 | INFO     | __main__:omprint:30 - [DEBUG] generate_trivia_video - logo_clip.w, logo_clip.h: 540 175
2024-08-19 16:01:37.597 | INFO     | __main__:omprint:30 - [DEBUG] ============= add_question_text - ctxVideo: {'video_width': 1080, 'video_height': 1920, 'video_duration': 6.26} =============
2024-08-19 16:01:37.597 | INFO     | __main__:omprint:30 - [DEBUG] add_question_text - max_width: 920
2024-08-19 16:01:37.598 | INFO     | __main__:omprint:30 - [DEBUG] add_question_text - text_length: 20
2024-08-19 16:01:37.598 | INFO     | __main__:omprint:30 - [DEBUG] add_question_text - fontsize: 80
2024-08-19 16:01:37.637 | INFO     | __main__:omprint:30 - [DEBUG] generate_trivia_video - question_clip.w, question_clip.h: 920 194
2024-08-19 16:01:37.656 | INFO     | __main__:omprint:30 - [DEBUG] generate_trivia_video - question_image_clip.w, question_image_clip.h: 91 120
2024-08-19 16:01:37.656 | INFO     | __main__:omprint:30 - [DEBUG] question_image_clip: <function VideoClip.set_position.<locals>.<lambda> at 0x7cde352f2a20>
2024-08-19 16:01:37.657 | INFO     | __main__:omprint:30 - [DEBUG] options_top_margin: 894
2024-08-19 16:01:37.668 | INFO     | __main__:omprint:30 - [DEBUG] add_options - fontsize for option 'Las leyes religiosas': 66
2024-08-19 16:01:37.701 | INFO     | __main__:omprint:30 - [DEBUG] add_options - fontsize for option 'Cartas al faraón': 70
2024-08-19 16:01:37.739 | INFO     | __main__:omprint:30 - [DEBUG] add_options - fontsize for option 'Un mapa del desierto': 66
2024-08-19 16:01:37.798 | INFO     | __main__:omprint:30 - [DEBUG] generate_trivia_video - account_clip.w, account_clip.h: 430 64
2024-08-19 16:01:37.821 | INFO     | __main__:omprint:30 - [DEBUG] video_total_duration 1: 6.26
2024-08-19 16:01:37.822 | INFO     | __main__:omprint:30 - [DEBUG] narration_audio.duration: 1.26
2024-08-19 16:01:37.823 | INFO     | __main__:omprint:30 - [DEBUG] clock_sound_effects.duration: 3
2024-08-19 16:01:37.824 | INFO     | __main__:omprint:30 - [DEBUG] ding_sound_effects.duration: 2
2024-08-19 16:01:37.824 | INFO     | __main__:omprint:30 - [DEBUG] narration_audio_winner.duration: 1.43
2024-08-19 16:01:37.825 | INFO     | __main__:omprint:30 - [DEBUG] final_audio.duration 2: 6.6899999999999995
2024-08-19 16:01:37.825 | INFO     | __main__:omprint:30 - [DEBUG] final_clip.duration 2: 6.26
2024-08-19 16:01:37.945 | INFO     | __main__:omprint:30 - create_background_video - background_clip.w, background_clip.h: 1080 1920
2024-08-19 16:01:37.949 | INFO     | __main__:omprint:30 - trivia_sequence: <moviepy.video.compositing.CompositeVideoClip.CompositeVideoClip object at 0x7cde35101bd0>
2024-08-19 16:02:35.790 | INFO     | __main__:omprint:30 - Ya hay un proceso en ejecución.
2024-08-19 16:03:35.791 | INFO     | __main__:omprint:30 - Ya hay un proceso en ejecución.
2024-08-19 16:04:35.792 | INFO     | __main__:omprint:30 - Ya hay un proceso en ejecución.
2024-08-19 16:05:16.564 | INFO     | __main__:omprint:30 - Tiempo de procesamiento: 221.81575465202332 segundos
2024-08-19 16:05:16.565 | INFO     | __main__:omprint:30 - video_to_upload: https://trivias.luxuryroamers.com/generados/videos/90400d58-905e-43b2-a33d-eee2cbb5a769.mp4
2024-08-19 16:05:16.565 | INFO     | __main__:omprint:30 - El script tomó 226.94 segundos en ejecutarse.
2024-08-19 16:05:21.572 | INFO     | __main__:omprint:30 - pending_processes: []
2024-08-19 16:05:21.572 | INFO     | __main__:omprint:30 - No hay más procesos pendientes.
2024-08-19 16:05:35.793 | INFO     | __main__:omprint:30 - pending_processes: []
2024-08-19 16:05:35.793 | INFO     | __main__:omprint:30 - No hay más procesos pendientes.
2024-08-19 16:06:35.794 | INFO     | __main__:omprint:30 - pending_processes: []
2024-08-19 16:06:35.795 | INFO     | __main__:omprint:30 - No hay más procesos pendientes.
2024-08-19 16:07:35.795 | INFO     | __main__:omprint:30 - pending_processes: []
2024-08-19 16:07:35.796 | INFO     | __main__:omprint:30 - No hay más procesos pendientes.
2024-08-19 16:08:35.797 | INFO     | __main__:omprint:30 - pending_processes: []
2024-08-19 16:08:35.798 | INFO     | __main__:omprint:30 - No hay más procesos pendientes.
2024-08-19 16:09:35.798 | INFO     | __main__:omprint:30 - pending_processes: []
2024-08-19 16:09:35.799 | INFO     | __main__:omprint:30 - No hay más procesos pendientes.
2024-08-19 16:10:35.800 | INFO     | __main__:omprint:30 - pending_processes: []
2024-08-19 16:10:35.800 | INFO     | __main__:omprint:30 - No hay más procesos pendientes.
2024-08-19 16:11:35.801 | INFO     | __main__:omprint:30 - pending_processes: []
2024-08-19 16:11:35.802 | INFO     | __main__:omprint:30 - No hay más procesos pendientes.
2024-08-19 16:12:35.802 | INFO     | __main__:omprint:30 - pending_processes: []
2024-08-19 16:12:35.803 | INFO     | __main__:omprint:30 - No hay más procesos pendientes.
2024-08-19 16:13:35.804 | INFO     | __main__:omprint:30 - pending_processes: []
2024-08-19 16:13:35.805 | INFO     | __main__:omprint:30 - No hay más procesos pendientes.
2024-08-19 16:14:35.805 | INFO     | __main__:omprint:30 - pending_processes: []
2024-08-19 16:14:35.806 | INFO     | __main__:omprint:30 - No hay más procesos pendientes.
2024-08-19 16:15:35.807 | INFO     | __main__:omprint:30 - pending_processes: []
2024-08-19 16:15:35.807 | INFO     | __main__:omprint:30 - No hay más procesos pendientes.
2024-08-19 16:16:35.808 | INFO     | __main__:omprint:30 - pending_processes: []
2024-08-19 16:16:35.809 | INFO     | __main__:omprint:30 - No hay más procesos pendientes.
2024-08-19 16:17:35.809 | INFO     | __main__:omprint:30 - pending_processes: []
2024-08-19 16:17:35.810 | INFO     | __main__:omprint:30 - No hay más procesos pendientes.
2024-08-19 16:18:35.811 | INFO     | __main__:omprint:30 - pending_processes: []
2024-08-19 16:18:35.812 | INFO     | __main__:omprint:30 - No hay más procesos pendientes.
2024-08-19 16:19:35.813 | INFO     | __main__:omprint:30 - pending_processes: []
2024-08-19 16:19:35.813 | INFO     | __main__:omprint:30 - No hay más procesos pendientes.
2024-08-19 16:20:35.814 | INFO     | __main__:omprint:30 - pending_processes: []
2024-08-19 16:20:35.815 | INFO     | __main__:omprint:30 - No hay más procesos pendientes.
2024-08-19 16:21:35.815 | INFO     | __main__:omprint:30 - pending_processes: []
2024-08-19 16:21:35.816 | INFO     | __main__:omprint:30 - No hay más procesos pendientes.
2024-08-19 16:22:35.817 | INFO     | __main__:omprint:30 - pending_processes: []
2024-08-19 16:22:35.817 | INFO     | __main__:omprint:30 - No hay más procesos pendientes.
2024-08-19 16:23:35.818 | INFO     | __main__:omprint:30 - pending_processes: []
2024-08-19 16:23:35.819 | INFO     | __main__:omprint:30 - No hay más procesos pendientes.
2024-08-19 16:24:35.819 | INFO     | __main__:omprint:30 - pending_processes: []
2024-08-19 16:24:35.820 | INFO     | __main__:omprint:30 - No hay más procesos pendientes.
2024-08-19 16:25:35.821 | INFO     | __main__:omprint:30 - pending_processes: []
2024-08-19 16:25:35.822 | INFO     | __main__:omprint:30 - No hay más procesos pendientes.
2024-08-19 16:26:35.822 | INFO     | __main__:omprint:30 - pending_processes: []
2024-08-19 16:26:35.823 | INFO     | __main__:omprint:30 - No hay más procesos pendientes.
2024-08-19 16:27:35.824 | INFO     | __main__:omprint:30 - pending_processes: []
2024-08-19 16:27:35.824 | INFO     | __main__:omprint:30 - No hay más procesos pendientes.
2024-08-19 16:28:35.825 | INFO     | __main__:omprint:30 - pending_processes: []
2024-08-19 16:28:35.826 | INFO     | __main__:omprint:30 - No hay más procesos pendientes.
2024-08-19 16:29:35.827 | INFO     | __main__:omprint:30 - pending_processes: []
2024-08-19 16:29:35.827 | INFO     | __main__:omprint:30 - No hay más procesos pendientes.
2024-08-19 16:30:35.828 | INFO     | __main__:omprint:30 - pending_processes: []
2024-08-19 16:30:35.829 | INFO     | __main__:omprint:30 - No hay más procesos pendientes.
2024-08-19 16:31:35.829 | INFO     | __main__:omprint:30 - pending_processes: []
2024-08-19 16:31:35.830 | INFO     | __main__:omprint:30 - No hay más procesos pendientes.
2024-08-19 16:32:35.831 | INFO     | __main__:omprint:30 - pending_processes: []
2024-08-19 16:32:35.832 | INFO     | __main__:omprint:30 - No hay más procesos pendientes.
2024-08-19 16:33:35.832 | INFO     | __main__:omprint:30 - pending_processes: []
2024-08-19 16:33:35.833 | INFO     | __main__:omprint:30 - No hay más procesos pendientes.
2024-08-19 16:34:35.834 | INFO     | __main__:omprint:30 - pending_processes: []
2024-08-19 16:34:35.835 | INFO     | __main__:omprint:30 - No hay más procesos pendientes.
2024-08-19 16:35:35.835 | INFO     | __main__:omprint:30 - pending_processes: []
2024-08-19 16:35:35.836 | INFO     | __main__:omprint:30 - No hay más procesos pendientes.
2024-08-19 16:36:35.837 | INFO     | __main__:omprint:30 - pending_processes: []
2024-08-19 16:36:35.838 | INFO     | __main__:omprint:30 - No hay más procesos pendientes.
2024-08-19 16:37:35.838 | INFO     | __main__:omprint:30 - pending_processes: []
2024-08-19 16:37:35.839 | INFO     | __main__:omprint:30 - No hay más procesos pendientes.
2024-08-19 16:38:35.840 | INFO     | __main__:omprint:30 - pending_processes: []
2024-08-19 16:38:35.840 | INFO     | __main__:omprint:30 - No hay más procesos pendientes.
2024-08-19 16:39:35.841 | INFO     | __main__:omprint:30 - pending_processes: []
2024-08-19 16:39:35.842 | INFO     | __main__:omprint:30 - No hay más procesos pendientes.
2024-08-19 16:40:35.842 | INFO     | __main__:omprint:30 - pending_processes: []
2024-08-19 16:40:35.843 | INFO     | __main__:omprint:30 - No hay más procesos pendientes.
2024-08-19 16:41:35.843 | INFO     | __main__:omprint:30 - pending_processes: []
2024-08-19 16:41:35.844 | INFO     | __main__:omprint:30 - No hay más procesos pendientes.
2024-08-19 16:42:35.845 | INFO     | __main__:omprint:30 - pending_processes: []
2024-08-19 16:42:35.846 | INFO     | __main__:omprint:30 - No hay más procesos pendientes.
2024-08-19 16:43:35.846 | INFO     | __main__:omprint:30 - pending_processes: []
2024-08-19 16:43:35.847 | INFO     | __main__:omprint:30 - No hay más procesos pendientes.
2024-08-19 16:44:35.848 | INFO     | __main__:omprint:30 - pending_processes: []
2024-08-19 16:44:35.848 | INFO     | __main__:omprint:30 - No hay más procesos pendientes.
2024-08-19 16:45:35.849 | INFO     | __main__:omprint:30 - pending_processes: []
2024-08-19 16:45:35.849 | INFO     | __main__:omprint:30 - No hay más procesos pendientes.
2024-08-19 16:46:35.850 | INFO     | __main__:omprint:30 - pending_processes: []
2024-08-19 16:46:35.851 | INFO     | __main__:omprint:30 - No hay más procesos pendientes.
2024-08-19 16:47:35.851 | INFO     | __main__:omprint:30 - pending_processes: []
2024-08-19 16:47:35.852 | INFO     | __main__:omprint:30 - No hay más procesos pendientes.
