2024-08-14 11:07:49.096 | INFO     | __main__:omprint:30 - pending_processes: [{'uuid': '3d9c1df5-6b32-4cb0-94c7-06bfa2515198', 'language': 'Espanol', 'voice': 'Pedro', 'main_question': 'Trivia sobre identificar deportes con emojis', 'num_questions': 2, 'num_options': 3, 'background_music': 'Deporte', 'background_video': 'playas2', 'fecha_creacion': '2024-08-14T11:07:49.091832+00:00', 'fecha_modificacion': '2024-08-14T11:07:49.091832+00:00', 'estado': 'pendiente'}]
2024-08-14 11:07:49.098 | INFO     | __main__:omprint:30 - Ejecutando el proceso ID: 3d9c1df5-6b32-4cb0-94c7-06bfa2515198
2024-08-14 11:07:49.099 | INFO     | __main__:omprint:30 - ---------------------------------------------------
2024-08-14 11:07:49.099 | INFO     | __main__:omprint:30 - uuid4, language, voice, main_question, num_questions, num_options, background_music, background_video: 3d9c1df5-6b32-4cb0-94c7-06bfa2515198 Espanol Pedro Trivia sobre identificar deportes con emojis 2 3 Deporte playas2
2024-08-14 11:07:49.100 | INFO     | __main__:omprint:30 - ---------------------------------------------------
2024-08-14 11:07:49.100 | INFO     | __main__:omprint:30 - Genera una lista de 2 preguntas cortas en idioma Espanol en formato JSON para un quiz / trivia sobre ['Trivia sobre identificar deportes con emojis']. El JSON debe incluir una pregunta principal corta en idioma Espanol sin emojis en ella, con el estilo MrBeast en la propiedad 'main_question' que aplique para todas las preguntas de la propiedad 'questions', seguido de un arreglo 'questions' que contenga objetos con las siguientes propiedades: el texto de la pregunta corta en idioma Espanol sin emojis en ella con variantes  para hacer la pronunciación más humana y consistente SIN INCLUIR EL EMOJI, una imagen representada como un emoji, opciones de respuesta en idioma Espanol con 3 opciones donde alternes la opción correcta en las diferentes posiciones del arreglo de opciones entre 0 y 2, (IMPORTANTE: deben tener un tamano de 18 caracteres máximo por opción), y el índice de la opción correcta (IMPORTANTE: Las opciones correctas deben estár en posiciones aleatorias entre 0 y 2 dentro del arreglo de la propiedad 'options').

Aquí hay un ejemplo del formato:

{
  "main_question": "Pregunta principal de ejemplo?",
  "questions": [
    {
        "question_text": "Variantes de la pregunta de ejemplo?",
        "question_image": "🇩🇴",
        "options": ['"Opción 1"', '"Opción 2"', '"Opción 3"'],
        "correct_option_index": 2
    }
  ]
} 

Notas Importantes: - Todo el contenido que generes debe estar en idioma Espanol.
- En las opciones distribuye de forma equitativa y no secuencial la asignación de las opciones correctas en posiciones entre 0 y {num_options - 1}.
- Todos los campos son obligatorios que estén presentes aunque estén en blanco.
- REALIZA UNA DOBE VERIFICACION DE LAS OPCIONES CORRECTAS. NO PUEDES COMETER ERRORES.

2024-08-14 11:07:51.432 | INFO     | __main__:omprint:30 - {'main_question': '¿Puedes adivinar el deporte solo con emojis?', 'questions': [{'question_text': '¿Qué deporte es este?', 'question_image': '⚽', 'options': ['Fútbol', 'Tennis', 'Natación'], 'correct_option_index': 0}, {'question_text': '¿Identifica este deporte?', 'question_image': '🏀', 'options': ['Béisbol', 'Baloncesto', 'Golf'], 'correct_option_index': 1}]}
2024-08-14 11:07:52.027 | INFO     | __main__:omprint:30 - [DEBUG] video_total_duration: 6.23
2024-08-14 11:07:52.244 | INFO     | __main__:omprint:30 - create_background_video - background_clip.w, background_clip.h: 1080 1920
2024-08-14 11:07:52.278 | INFO     | __main__:omprint:30 - [DEBUG] add_question_text - max_width: 920
2024-08-14 11:07:52.279 | INFO     | __main__:omprint:30 - [DEBUG] add_question_text - text_length: 44
2024-08-14 11:07:52.279 | INFO     | __main__:omprint:30 - [DEBUG] add_question_text - fontsize: 80
2024-08-14 11:07:52.344 | INFO     | __main__:omprint:30 - [DEBUG] question_image_clip: <function VideoClip.set_position.<locals>.<lambda> at 0x7a76466c3920>
2024-08-14 11:07:52.345 | INFO     | __main__:omprint:30 - [DEBUG] options_top_margin: 941
2024-08-14 11:07:52.508 | INFO     | __main__:omprint:30 - [DEBUG] video_total_duration 1: 6.23
2024-08-14 11:07:52.509 | INFO     | __main__:omprint:30 - [DEBUG] narration_audio.duration: 1.23
2024-08-14 11:07:52.510 | INFO     | __main__:omprint:30 - [DEBUG] clock_sound_effects.duration: 3
2024-08-14 11:07:52.510 | INFO     | __main__:omprint:30 - [DEBUG] ding_sound_effects.duration: 2
2024-08-14 11:07:52.511 | INFO     | __main__:omprint:30 - [DEBUG] narration_audio_winner.duration: 0.7
2024-08-14 11:07:52.512 | INFO     | __main__:omprint:30 - [DEBUG] final_audio.duration 2: 6.23
2024-08-14 11:07:52.512 | INFO     | __main__:omprint:30 - [DEBUG] final_clip.duration 2: 6.23
2024-08-14 11:07:52.995 | INFO     | __main__:omprint:30 - [DEBUG] video_total_duration: 6.49
2024-08-14 11:07:53.219 | INFO     | __main__:omprint:30 - create_background_video - background_clip.w, background_clip.h: 1080 1920
2024-08-14 11:07:53.258 | INFO     | __main__:omprint:30 - [DEBUG] add_question_text - max_width: 920
2024-08-14 11:07:53.259 | INFO     | __main__:omprint:30 - [DEBUG] add_question_text - text_length: 44
2024-08-14 11:07:53.259 | INFO     | __main__:omprint:30 - [DEBUG] add_question_text - fontsize: 80
2024-08-14 11:07:53.326 | INFO     | __main__:omprint:30 - [DEBUG] question_image_clip: <function VideoClip.set_position.<locals>.<lambda> at 0x7a76444fc180>
2024-08-14 11:07:53.327 | INFO     | __main__:omprint:30 - [DEBUG] options_top_margin: 941
2024-08-14 11:07:53.491 | INFO     | __main__:omprint:30 - [DEBUG] video_total_duration 1: 6.49
2024-08-14 11:07:53.492 | INFO     | __main__:omprint:30 - [DEBUG] narration_audio.duration: 1.49
2024-08-14 11:07:53.492 | INFO     | __main__:omprint:30 - [DEBUG] clock_sound_effects.duration: 3
2024-08-14 11:07:53.493 | INFO     | __main__:omprint:30 - [DEBUG] ding_sound_effects.duration: 2
2024-08-14 11:07:53.493 | INFO     | __main__:omprint:30 - [DEBUG] narration_audio_winner.duration: 0.89
2024-08-14 11:07:53.494 | INFO     | __main__:omprint:30 - [DEBUG] final_audio.duration 2: 6.49
2024-08-14 11:07:53.495 | INFO     | __main__:omprint:30 - [DEBUG] final_clip.duration 2: 6.49
2024-08-14 11:07:53.495 | INFO     | __main__:omprint:30 - [DEBUG] all_clips[0] - start: 0, duration: 6.23, end: 6.23
2024-08-14 11:07:53.496 | INFO     | __main__:omprint:30 - [DEBUG] all_clips[1] - start: 0, duration: 6.49, end: 6.49
2024-08-14 11:07:53.510 | INFO     | __main__:omprint:30 - [DEBUG] generate_combined_trivia_video - final_video.duration: 12.72
2024-08-14 11:07:59.115 | INFO     | __main__:omprint:30 - Ya hay un proceso en ejecución.
2024-08-14 11:08:59.116 | INFO     | __main__:omprint:30 - Ya hay un proceso en ejecución.
2024-08-14 11:09:22.518 | INFO     | __main__:omprint:30 - Tiempo de procesamiento: 91.08542966842651 segundos
2024-08-14 11:09:22.519 | INFO     | __main__:omprint:30 - video_to_upload: https://trivias.luxuryroamers.com/3d9c1df5-6b32-4cb0-94c7-06bfa2515198.mp4
2024-08-14 11:09:22.519 | INFO     | __main__:omprint:30 - El script tomó 93.42 segundos en ejecutarse.
2024-08-14 11:09:27.525 | INFO     | __main__:omprint:30 - pending_processes: []
2024-08-14 11:09:27.526 | INFO     | __main__:omprint:30 - No hay más procesos pendientes.
2024-08-14 11:09:59.117 | INFO     | __main__:omprint:30 - pending_processes: []
2024-08-14 11:09:59.118 | INFO     | __main__:omprint:30 - No hay más procesos pendientes.
2024-08-14 11:10:59.119 | INFO     | __main__:omprint:30 - pending_processes: []
2024-08-14 11:10:59.120 | INFO     | __main__:omprint:30 - No hay más procesos pendientes.
2024-08-14 11:11:59.120 | INFO     | __main__:omprint:30 - pending_processes: []
2024-08-14 11:11:59.121 | INFO     | __main__:omprint:30 - No hay más procesos pendientes.
2024-08-14 11:12:59.122 | INFO     | __main__:omprint:30 - pending_processes: []
2024-08-14 11:12:59.123 | INFO     | __main__:omprint:30 - No hay más procesos pendientes.
2024-08-14 11:13:59.124 | INFO     | __main__:omprint:30 - pending_processes: []
2024-08-14 11:13:59.125 | INFO     | __main__:omprint:30 - No hay más procesos pendientes.
2024-08-14 11:14:59.125 | INFO     | __main__:omprint:30 - pending_processes: []
2024-08-14 11:14:59.126 | INFO     | __main__:omprint:30 - No hay más procesos pendientes.
2024-08-14 11:15:59.127 | INFO     | __main__:omprint:30 - pending_processes: []
2024-08-14 11:15:59.128 | INFO     | __main__:omprint:30 - No hay más procesos pendientes.
2024-08-14 11:16:59.128 | INFO     | __main__:omprint:30 - pending_processes: []
2024-08-14 11:16:59.129 | INFO     | __main__:omprint:30 - No hay más procesos pendientes.
2024-08-14 11:17:59.130 | INFO     | __main__:omprint:30 - pending_processes: []
2024-08-14 11:17:59.131 | INFO     | __main__:omprint:30 - No hay más procesos pendientes.
2024-08-14 11:18:59.132 | INFO     | __main__:omprint:30 - pending_processes: []
2024-08-14 11:18:59.133 | INFO     | __main__:omprint:30 - No hay más procesos pendientes.
2024-08-14 11:19:59.134 | INFO     | __main__:omprint:30 - pending_processes: []
2024-08-14 11:19:59.134 | INFO     | __main__:omprint:30 - No hay más procesos pendientes.
2024-08-14 11:20:59.135 | INFO     | __main__:omprint:30 - pending_processes: []
2024-08-14 11:20:59.136 | INFO     | __main__:omprint:30 - No hay más procesos pendientes.
2024-08-14 11:21:59.137 | INFO     | __main__:omprint:30 - pending_processes: []
2024-08-14 11:21:59.138 | INFO     | __main__:omprint:30 - No hay más procesos pendientes.
2024-08-14 11:22:59.138 | INFO     | __main__:omprint:30 - pending_processes: []
2024-08-14 11:22:59.139 | INFO     | __main__:omprint:30 - No hay más procesos pendientes.
2024-08-14 11:23:59.140 | INFO     | __main__:omprint:30 - pending_processes: []
2024-08-14 11:23:59.141 | INFO     | __main__:omprint:30 - No hay más procesos pendientes.
2024-08-14 11:24:59.142 | INFO     | __main__:omprint:30 - pending_processes: []
2024-08-14 11:24:59.142 | INFO     | __main__:omprint:30 - No hay más procesos pendientes.
2024-08-14 11:25:59.143 | INFO     | __main__:omprint:30 - pending_processes: []
2024-08-14 11:25:59.144 | INFO     | __main__:omprint:30 - No hay más procesos pendientes.
2024-08-14 11:26:59.145 | INFO     | __main__:omprint:30 - pending_processes: []
2024-08-14 11:26:59.146 | INFO     | __main__:omprint:30 - No hay más procesos pendientes.
2024-08-14 11:27:59.147 | INFO     | __main__:omprint:30 - pending_processes: []
2024-08-14 11:27:59.147 | INFO     | __main__:omprint:30 - No hay más procesos pendientes.
2024-08-14 11:28:59.148 | INFO     | __main__:omprint:30 - pending_processes: []
2024-08-14 11:28:59.149 | INFO     | __main__:omprint:30 - No hay más procesos pendientes.
2024-08-14 11:29:59.150 | INFO     | __main__:omprint:30 - pending_processes: []
2024-08-14 11:29:59.151 | INFO     | __main__:omprint:30 - No hay más procesos pendientes.
2024-08-14 11:30:59.152 | INFO     | __main__:omprint:30 - pending_processes: []
2024-08-14 11:30:59.153 | INFO     | __main__:omprint:30 - No hay más procesos pendientes.
2024-08-14 11:31:59.153 | INFO     | __main__:omprint:30 - pending_processes: []
2024-08-14 11:31:59.154 | INFO     | __main__:omprint:30 - No hay más procesos pendientes.
2024-08-14 11:32:59.155 | INFO     | __main__:omprint:30 - pending_processes: []
2024-08-14 11:32:59.156 | INFO     | __main__:omprint:30 - No hay más procesos pendientes.
2024-08-14 11:33:59.157 | INFO     | __main__:omprint:30 - pending_processes: []
2024-08-14 11:33:59.158 | INFO     | __main__:omprint:30 - No hay más procesos pendientes.
2024-08-14 11:34:59.158 | INFO     | __main__:omprint:30 - pending_processes: []
2024-08-14 11:34:59.159 | INFO     | __main__:omprint:30 - No hay más procesos pendientes.
2024-08-14 11:35:59.160 | INFO     | __main__:omprint:30 - pending_processes: []
2024-08-14 11:35:59.161 | INFO     | __main__:omprint:30 - No hay más procesos pendientes.
2024-08-14 11:36:59.161 | INFO     | __main__:omprint:30 - pending_processes: []
2024-08-14 11:36:59.162 | INFO     | __main__:omprint:30 - No hay más procesos pendientes.
2024-08-14 11:37:59.163 | INFO     | __main__:omprint:30 - pending_processes: []
2024-08-14 11:37:59.164 | INFO     | __main__:omprint:30 - No hay más procesos pendientes.
2024-08-14 11:38:59.165 | INFO     | __main__:omprint:30 - pending_processes: []
2024-08-14 11:38:59.166 | INFO     | __main__:omprint:30 - No hay más procesos pendientes.
2024-08-14 11:39:59.167 | INFO     | __main__:omprint:30 - pending_processes: []
2024-08-14 11:39:59.167 | INFO     | __main__:omprint:30 - No hay más procesos pendientes.
2024-08-14 11:40:59.168 | INFO     | __main__:omprint:30 - pending_processes: []
2024-08-14 11:40:59.169 | INFO     | __main__:omprint:30 - No hay más procesos pendientes.
2024-08-14 11:41:59.170 | INFO     | __main__:omprint:30 - pending_processes: []
2024-08-14 11:41:59.171 | INFO     | __main__:omprint:30 - No hay más procesos pendientes.
2024-08-14 11:42:59.171 | INFO     | __main__:omprint:30 - pending_processes: []
2024-08-14 11:42:59.172 | INFO     | __main__:omprint:30 - No hay más procesos pendientes.
2024-08-14 11:43:59.173 | INFO     | __main__:omprint:30 - pending_processes: []
2024-08-14 11:43:59.174 | INFO     | __main__:omprint:30 - No hay más procesos pendientes.
2024-08-14 11:44:59.175 | INFO     | __main__:omprint:30 - pending_processes: []
2024-08-14 11:44:59.175 | INFO     | __main__:omprint:30 - No hay más procesos pendientes.
2024-08-14 11:45:59.176 | INFO     | __main__:omprint:30 - pending_processes: []
2024-08-14 11:45:59.177 | INFO     | __main__:omprint:30 - No hay más procesos pendientes.
2024-08-14 11:46:59.178 | INFO     | __main__:omprint:30 - pending_processes: []
2024-08-14 11:46:59.179 | INFO     | __main__:omprint:30 - No hay más procesos pendientes.
2024-08-14 11:47:59.180 | INFO     | __main__:omprint:30 - pending_processes: []
2024-08-14 11:47:59.180 | INFO     | __main__:omprint:30 - No hay más procesos pendientes.
2024-08-14 11:48:59.181 | INFO     | __main__:omprint:30 - pending_processes: []
2024-08-14 11:48:59.182 | INFO     | __main__:omprint:30 - No hay más procesos pendientes.
2024-08-14 11:49:59.183 | INFO     | __main__:omprint:30 - pending_processes: []
2024-08-14 11:49:59.183 | INFO     | __main__:omprint:30 - No hay más procesos pendientes.
2024-08-14 11:50:59.184 | INFO     | __main__:omprint:30 - pending_processes: []
2024-08-14 11:50:59.185 | INFO     | __main__:omprint:30 - No hay más procesos pendientes.
2024-08-14 11:51:59.186 | INFO     | __main__:omprint:30 - pending_processes: []
2024-08-14 11:51:59.187 | INFO     | __main__:omprint:30 - No hay más procesos pendientes.
2024-08-14 11:52:59.188 | INFO     | __main__:omprint:30 - pending_processes: []
2024-08-14 11:52:59.188 | INFO     | __main__:omprint:30 - No hay más procesos pendientes.
2024-08-14 11:53:59.189 | INFO     | __main__:omprint:30 - pending_processes: []
2024-08-14 11:53:59.190 | INFO     | __main__:omprint:30 - No hay más procesos pendientes.
2024-08-14 11:54:59.191 | INFO     | __main__:omprint:30 - pending_processes: []
2024-08-14 11:54:59.192 | INFO     | __main__:omprint:30 - No hay más procesos pendientes.
