2024-08-14 23:57:50.641 | INFO     | __main__:omprint:30 - pending_processes: [{'uuid': '85d129f9-3526-4517-a4ac-c666c3218404', 'language': 'Espanol', 'voice': 'Lupe', 'main_question': 'trivia sobre identificar deportes a partir de emojis', 'num_questions': 2, 'num_options': 2, 'background_music': 'deporte3', 'background_video': 'paris1', 'fecha_creacion': '2024-08-14T23:57:50.636708+00:00', 'fecha_modificacion': '2024-08-14T23:57:50.636708+00:00', 'estado': 'pendiente'}]
2024-08-14 23:57:50.642 | INFO     | __main__:omprint:30 - Ejecutando el proceso ID: 85d129f9-3526-4517-a4ac-c666c3218404
2024-08-14 23:57:50.643 | INFO     | __main__:omprint:30 - ---------------------------------------------------
2024-08-14 23:57:50.643 | INFO     | __main__:omprint:30 - uuid4, language, voice, main_question, num_questions, num_options, background_music, background_video: 85d129f9-3526-4517-a4ac-c666c3218404 Espanol Lupe trivia sobre identificar deportes a partir de emojis 2 2 deporte3 paris1
2024-08-14 23:57:50.643 | INFO     | __main__:omprint:30 - ---------------------------------------------------
2024-08-14 23:57:50.644 | INFO     | __main__:omprint:30 - Genera una lista de 2 preguntas cortas en idioma Espanol en formato JSON para un quiz / trivia sobre ['trivia sobre identificar deportes a partir de emojis']. El JSON debe incluir una pregunta principal corta en idioma Espanol sin emojis en ella, con el estilo MrBeast en la propiedad 'main_question' que aplique para todas las preguntas de la propiedad 'questions', seguido de un arreglo 'questions' que contenga objetos con las siguientes propiedades: el texto de la pregunta corta en idioma Espanol sin emojis en ella con variantes  para hacer la pronunciación más humana y consistente SIN INCLUIR EL EMOJI, una imagen representada como un emoji, opciones de respuesta en idioma Espanol con 2 opciones donde alternes la opción correcta en las diferentes posiciones del arreglo de opciones entre 0 y 1, (IMPORTANTE: deben tener un tamano de 18 caracteres máximo por opción), y el índice de la opción correcta (IMPORTANTE: Las opciones correctas deben estár en posiciones aleatorias entre 0 y 1 dentro del arreglo de la propiedad 'options').

Aquí hay un ejemplo del formato:

{
  "main_question": "Pregunta principal de ejemplo?",
  "questions": [
    {
        "question_text": "Variantes de la pregunta de ejemplo?",
        "question_image": "🇩🇴",
        "options": ['"Opción 1"', '"Opción 2"'],
        "correct_option_index": 2
    }
  ]
} 

Notas Importantes: - Todo el contenido que generes debe estar en idioma Espanol.
- En las opciones distribuye de forma equitativa y no secuencial la asignación de las opciones correctas en posiciones entre 0 y {num_options - 1}.
- Todos los campos son obligatorios que estén presentes aunque estén en blanco.
- REALIZA UNA DOBE VERIFICACION DE LAS OPCIONES CORRECTAS. NO PUEDES COMETER ERRORES.

2024-08-14 23:57:52.141 | INFO     | __main__:omprint:30 - {'main_question': '¡Adivina el deporte con emojis!', 'questions': [{'question_text': '¿Qué deporte es este?', 'question_image': '⚽', 'options': ['Fútbol', 'Básquet'], 'correct_option_index': 0}, {'question_text': '¿Cuál es este deporte?', 'question_image': '🏀', 'options': ['Básquet', 'Fútbol'], 'correct_option_index': 1}]}
2024-08-14 23:57:52.738 | INFO     | __main__:omprint:30 - [DEBUG] video_total_duration: 6.74
2024-08-14 23:57:53.360 | INFO     | __main__:omprint:30 - create_background_video - background_clip.w, background_clip.h: 1080 1920
2024-08-14 23:57:53.398 | INFO     | __main__:omprint:30 - [DEBUG] add_question_text - max_width: 920
2024-08-14 23:57:53.398 | INFO     | __main__:omprint:30 - [DEBUG] add_question_text - text_length: 31
2024-08-14 23:57:53.398 | INFO     | __main__:omprint:30 - [DEBUG] add_question_text - fontsize: 80
2024-08-14 23:57:53.450 | INFO     | __main__:omprint:30 - [DEBUG] question_image_clip: <function VideoClip.set_position.<locals>.<lambda> at 0x797604460400>
2024-08-14 23:57:53.450 | INFO     | __main__:omprint:30 - [DEBUG] options_top_margin: 844
2024-08-14 23:57:53.575 | INFO     | __main__:omprint:30 - [DEBUG] video_total_duration 1: 6.74
2024-08-14 23:57:53.576 | INFO     | __main__:omprint:30 - [DEBUG] narration_audio.duration: 1.74
2024-08-14 23:57:53.577 | INFO     | __main__:omprint:30 - [DEBUG] clock_sound_effects.duration: 3
2024-08-14 23:57:53.577 | INFO     | __main__:omprint:30 - [DEBUG] ding_sound_effects.duration: 2
2024-08-14 23:57:53.578 | INFO     | __main__:omprint:30 - [DEBUG] narration_audio_winner.duration: 1.11
2024-08-14 23:57:53.578 | INFO     | __main__:omprint:30 - [DEBUG] final_audio.duration 2: 6.8500000000000005
2024-08-14 23:57:53.578 | INFO     | __main__:omprint:30 - [DEBUG] final_clip.duration 2: 6.74
2024-08-14 23:57:54.146 | INFO     | __main__:omprint:30 - [DEBUG] video_total_duration: 6.68
2024-08-14 23:57:54.762 | INFO     | __main__:omprint:30 - create_background_video - background_clip.w, background_clip.h: 1080 1920
2024-08-14 23:57:54.799 | INFO     | __main__:omprint:30 - [DEBUG] add_question_text - max_width: 920
2024-08-14 23:57:54.799 | INFO     | __main__:omprint:30 - [DEBUG] add_question_text - text_length: 31
2024-08-14 23:57:54.800 | INFO     | __main__:omprint:30 - [DEBUG] add_question_text - fontsize: 80
2024-08-14 23:57:54.853 | INFO     | __main__:omprint:30 - [DEBUG] question_image_clip: <function VideoClip.set_position.<locals>.<lambda> at 0x7975e7ce4860>
2024-08-14 23:57:54.853 | INFO     | __main__:omprint:30 - [DEBUG] options_top_margin: 844
2024-08-14 23:57:54.974 | INFO     | __main__:omprint:30 - [DEBUG] video_total_duration 1: 6.68
2024-08-14 23:57:54.975 | INFO     | __main__:omprint:30 - [DEBUG] narration_audio.duration: 1.68
2024-08-14 23:57:54.975 | INFO     | __main__:omprint:30 - [DEBUG] clock_sound_effects.duration: 3
2024-08-14 23:57:54.975 | INFO     | __main__:omprint:30 - [DEBUG] ding_sound_effects.duration: 2
2024-08-14 23:57:54.976 | INFO     | __main__:omprint:30 - [DEBUG] narration_audio_winner.duration: 1.11
2024-08-14 23:57:54.976 | INFO     | __main__:omprint:30 - [DEBUG] final_audio.duration 2: 6.79
2024-08-14 23:57:54.976 | INFO     | __main__:omprint:30 - [DEBUG] final_clip.duration 2: 6.68
2024-08-14 23:57:54.977 | INFO     | __main__:omprint:30 - [DEBUG] all_clips[0] - start: 0, duration: 6.74, end: 6.74
2024-08-14 23:57:54.977 | INFO     | __main__:omprint:30 - [DEBUG] all_clips[1] - start: 0, duration: 6.68, end: 6.68
2024-08-14 23:57:54.991 | INFO     | __main__:omprint:30 - [DEBUG] generate_combined_trivia_video - final_video.duration: 13.42
2024-08-14 23:57:56.597 | INFO     | __main__:omprint:30 - Ya hay un proceso en ejecución.
2024-08-14 23:58:56.598 | INFO     | __main__:omprint:30 - Ya hay un proceso en ejecución.
2024-08-14 23:59:33.191 | INFO     | __main__:omprint:30 - Tiempo de procesamiento: 101.04963207244873 segundos
2024-08-14 23:59:33.191 | INFO     | __main__:omprint:30 - video_to_upload: https://trivias.luxuryroamers.com/generados/videos/85d129f9-3526-4517-a4ac-c666c3218404.mp4
2024-08-14 23:59:33.192 | INFO     | __main__:omprint:30 - El script tomó 102.55 segundos en ejecutarse.
2024-08-14 23:59:38.198 | INFO     | __main__:omprint:30 - pending_processes: []
2024-08-14 23:59:38.199 | INFO     | __main__:omprint:30 - No hay más procesos pendientes.
2024-08-14 23:59:56.598 | INFO     | __main__:omprint:30 - pending_processes: []
2024-08-14 23:59:56.599 | INFO     | __main__:omprint:30 - No hay más procesos pendientes.
2024-08-15 00:00:56.599 | INFO     | __main__:omprint:30 - pending_processes: []
2024-08-15 00:00:56.599 | INFO     | __main__:omprint:30 - No hay más procesos pendientes.
2024-08-15 00:01:56.600 | INFO     | __main__:omprint:30 - pending_processes: []
2024-08-15 00:01:56.600 | INFO     | __main__:omprint:30 - No hay más procesos pendientes.
2024-08-15 00:02:56.601 | INFO     | __main__:omprint:30 - pending_processes: []
2024-08-15 00:02:56.601 | INFO     | __main__:omprint:30 - No hay más procesos pendientes.
2024-08-15 00:03:30.208 | INFO     | __main__:omprint:30 - {'language': 'Espanol', 'voice': 'Andrés', 'main_question': 'trivia sobre identificar deportes a partir de emojis, a propósito de los Juegos Olímpicos en París 2024. ', 'num_questions': '8', 'num_options': '3', 'background_music': 'deporte3', 'background_video': 'paris1'}
2024-08-15 00:03:30.221 | INFO     | __main__:omprint:30 - pending_processes: [{'uuid': '1181839a-f5bc-47f2-9a08-a9564600f129', 'language': 'Espanol', 'voice': 'Andrés', 'main_question': 'trivia sobre identificar deportes a partir de emojis, a propósito de los Juegos Olímpicos en París 2024. ', 'num_questions': 8, 'num_options': 3, 'background_music': 'deporte3', 'background_video': 'paris1', 'fecha_creacion': '2024-08-15T00:03:30.214028+00:00', 'fecha_modificacion': '2024-08-15T00:03:30.214028+00:00', 'estado': 'pendiente'}]
2024-08-15 00:03:30.222 | INFO     | __main__:omprint:30 - Ejecutando el proceso ID: 1181839a-f5bc-47f2-9a08-a9564600f129
2024-08-15 00:03:30.223 | INFO     | __main__:omprint:30 - ---------------------------------------------------
2024-08-15 00:03:30.223 | INFO     | __main__:omprint:30 - uuid4, language, voice, main_question, num_questions, num_options, background_music, background_video: 1181839a-f5bc-47f2-9a08-a9564600f129 Espanol Andrés trivia sobre identificar deportes a partir de emojis, a propósito de los Juegos Olímpicos en París 2024.  8 3 deporte3 paris1
2024-08-15 00:03:30.224 | INFO     | __main__:omprint:30 - ---------------------------------------------------
2024-08-15 00:03:30.224 | INFO     | __main__:omprint:30 - Genera una lista de 8 preguntas cortas en idioma Espanol en formato JSON para un quiz / trivia sobre ['trivia sobre identificar deportes a partir de emojis, a propósito de los Juegos Olímpicos en París 2024. ']. El JSON debe incluir una pregunta principal corta en idioma Espanol sin emojis en ella, con el estilo MrBeast en la propiedad 'main_question' que aplique para todas las preguntas de la propiedad 'questions', seguido de un arreglo 'questions' que contenga objetos con las siguientes propiedades: el texto de la pregunta corta en idioma Espanol sin emojis en ella con variantes  para hacer la pronunciación más humana y consistente SIN INCLUIR EL EMOJI, una imagen representada como un emoji, opciones de respuesta en idioma Espanol con 3 opciones donde alternes la opción correcta en las diferentes posiciones del arreglo de opciones entre 0 y 2, (IMPORTANTE: deben tener un tamano de 18 caracteres máximo por opción), y el índice de la opción correcta (IMPORTANTE: Las opciones correctas deben estár en posiciones aleatorias entre 0 y 2 dentro del arreglo de la propiedad 'options').

Aquí hay un ejemplo del formato:

{
  "main_question": "Pregunta principal de ejemplo?",
  "questions": [
    {
        "question_text": "Variantes de la pregunta de ejemplo?",
        "question_image": "🇩🇴",
        "options": ['"Opción 1"', '"Opción 2"', '"Opción 3"'],
        "correct_option_index": 2
    }
  ]
} 

Notas Importantes: - Todo el contenido que generes debe estar en idioma Espanol.
- En las opciones distribuye de forma equitativa y no secuencial la asignación de las opciones correctas en posiciones entre 0 y {num_options - 1}.
- Todos los campos son obligatorios que estén presentes aunque estén en blanco.
- REALIZA UNA DOBE VERIFICACION DE LAS OPCIONES CORRECTAS. NO PUEDES COMETER ERRORES.

2024-08-15 00:03:36.772 | INFO     | __main__:omprint:30 - {'main_question': '¿Puedes identificar este deporte usando solo emojis?', 'questions': [{'question_text': '¿Qué deporte representa este emoji?', 'question_image': '🏅', 'options': ['Ciclismo', 'Natación', 'Esquí'], 'correct_option_index': 1}, {'question_text': '¿Qué deporte es este emoji?', 'question_image': '🤾\u200d♂️', 'options': ['Baloncesto', 'Balonmano', 'Futbol'], 'correct_option_index': 1}, {'question_text': 'Adivina el deporte de este emoji:', 'question_image': '🏄\u200d♀️', 'options': ['Surf', 'Tenis', 'Gimnasia'], 'correct_option_index': 0}, {'question_text': '¿Cuál es el deporte aquí representado?', 'question_image': '🛷', 'options': ['Bobsleigh', 'Patinaje', 'Esquí'], 'correct_option_index': 0}, {'question_text': '¿Qué deporte es este emoji?', 'question_image': '🤸\u200d♂️', 'options': ['Gimnasia', 'Lucha', 'Esgrima'], 'correct_option_index': 0}, {'question_text': '¿Qué deporte representa este emoji?', 'question_image': '🚣\u200d♂️', 'options': ['Remo', 'Atletismo', 'Natación'], 'correct_option_index': 0}, {'question_text': '¿Cuál es el deporte aquí representado?', 'question_image': '🏸', 'options': ['Bádminton', 'Boxeo', 'Futbol'], 'correct_option_index': 2}, {'question_text': 'Adivina el deporte de este emoji:', 'question_image': '⛸️', 'options': ['Patinaje', 'Hockey', 'Surf'], 'correct_option_index': 1}]}
2024-08-15 00:03:37.019 | INFO     | __main__:omprint:30 - Error on attempt 1: An error occurred (ValidationException) when calling the SynthesizeSpeech operation: 1 validation error detected: Value 'Andrés' at 'voiceId' failed to satisfy constraint: Member must satisfy enum value set: [Lotte, Maxim, Ayanda, Salli, Ola, Arthur, Ida, Tomoko, Remi, Geraint, Miguel, Elin, Lisa, Giorgio, Marlene, Ines, Kajal, Zhiyu, Zeina, Suvi, Karl, Gwyneth, Joanna, Lucia, Cristiano, Astrid, Andres, Vicki, Mia, Vitoria, Bianca, Chantal, Raveena, Daniel, Amy, Liam, Ruth, Kevin, Brian, Russell, Aria, Matthew, Aditi, Zayd, Dora, Enrique, Hans, Danielle, Hiujin, Carmen, Sofie, Gregory, Ivy, Ewa, Maja, Gabrielle, Nicole, Filiz, Camila, Jacek, Thiago, Justin, Celine, Kazuha, Kendra, Arlet, Ricardo, Mads, Hannah, Mathieu, Lea, Sergio, Hala, Tatyana, Penelope, Naja, Olivia, Ruben, Laura, Takumi, Mizuki, Carla, Conchita, Jan, Kimberly, Liv, Adriano, Lupe, Joey, Pedro, Seoyeon, Emma, Niamh, Stephen]
2024-08-15 00:03:40.173 | INFO     | __main__:omprint:30 - Error on attempt 2: An error occurred (ValidationException) when calling the SynthesizeSpeech operation: 1 validation error detected: Value 'Andrés' at 'voiceId' failed to satisfy constraint: Member must satisfy enum value set: [Lotte, Maxim, Ayanda, Salli, Ola, Arthur, Ida, Tomoko, Remi, Geraint, Miguel, Elin, Lisa, Giorgio, Marlene, Ines, Kajal, Zhiyu, Zeina, Suvi, Karl, Gwyneth, Joanna, Lucia, Cristiano, Astrid, Andres, Vicki, Mia, Vitoria, Bianca, Chantal, Raveena, Daniel, Amy, Liam, Ruth, Kevin, Brian, Russell, Aria, Matthew, Aditi, Zayd, Dora, Enrique, Hans, Danielle, Hiujin, Carmen, Sofie, Gregory, Ivy, Ewa, Maja, Gabrielle, Nicole, Filiz, Camila, Jacek, Thiago, Justin, Celine, Kazuha, Kendra, Arlet, Ricardo, Mads, Hannah, Mathieu, Lea, Sergio, Hala, Tatyana, Penelope, Naja, Olivia, Ruben, Laura, Takumi, Mizuki, Carla, Conchita, Jan, Kimberly, Liv, Adriano, Lupe, Joey, Pedro, Seoyeon, Emma, Niamh, Stephen]
2024-08-15 00:03:43.312 | INFO     | __main__:omprint:30 - Error on attempt 3: An error occurred (ValidationException) when calling the SynthesizeSpeech operation: 1 validation error detected: Value 'Andrés' at 'voiceId' failed to satisfy constraint: Member must satisfy enum value set: [Lotte, Maxim, Ayanda, Salli, Ola, Arthur, Ida, Tomoko, Remi, Geraint, Miguel, Elin, Lisa, Giorgio, Marlene, Ines, Kajal, Zhiyu, Zeina, Suvi, Karl, Gwyneth, Joanna, Lucia, Cristiano, Astrid, Andres, Vicki, Mia, Vitoria, Bianca, Chantal, Raveena, Daniel, Amy, Liam, Ruth, Kevin, Brian, Russell, Aria, Matthew, Aditi, Zayd, Dora, Enrique, Hans, Danielle, Hiujin, Carmen, Sofie, Gregory, Ivy, Ewa, Maja, Gabrielle, Nicole, Filiz, Camila, Jacek, Thiago, Justin, Celine, Kazuha, Kendra, Arlet, Ricardo, Mads, Hannah, Mathieu, Lea, Sergio, Hala, Tatyana, Penelope, Naja, Olivia, Ruben, Laura, Takumi, Mizuki, Carla, Conchita, Jan, Kimberly, Liv, Adriano, Lupe, Joey, Pedro, Seoyeon, Emma, Niamh, Stephen]
2024-08-15 00:03:46.470 | INFO     | __main__:omprint:30 - Error on attempt 4: An error occurred (ValidationException) when calling the SynthesizeSpeech operation: 1 validation error detected: Value 'Andrés' at 'voiceId' failed to satisfy constraint: Member must satisfy enum value set: [Lotte, Maxim, Ayanda, Salli, Ola, Arthur, Ida, Tomoko, Remi, Geraint, Miguel, Elin, Lisa, Giorgio, Marlene, Ines, Kajal, Zhiyu, Zeina, Suvi, Karl, Gwyneth, Joanna, Lucia, Cristiano, Astrid, Andres, Vicki, Mia, Vitoria, Bianca, Chantal, Raveena, Daniel, Amy, Liam, Ruth, Kevin, Brian, Russell, Aria, Matthew, Aditi, Zayd, Dora, Enrique, Hans, Danielle, Hiujin, Carmen, Sofie, Gregory, Ivy, Ewa, Maja, Gabrielle, Nicole, Filiz, Camila, Jacek, Thiago, Justin, Celine, Kazuha, Kendra, Arlet, Ricardo, Mads, Hannah, Mathieu, Lea, Sergio, Hala, Tatyana, Penelope, Naja, Olivia, Ruben, Laura, Takumi, Mizuki, Carla, Conchita, Jan, Kimberly, Liv, Adriano, Lupe, Joey, Pedro, Seoyeon, Emma, Niamh, Stephen]
2024-08-15 00:03:49.619 | INFO     | __main__:omprint:30 - Error on attempt 5: An error occurred (ValidationException) when calling the SynthesizeSpeech operation: 1 validation error detected: Value 'Andrés' at 'voiceId' failed to satisfy constraint: Member must satisfy enum value set: [Lotte, Maxim, Ayanda, Salli, Ola, Arthur, Ida, Tomoko, Remi, Geraint, Miguel, Elin, Lisa, Giorgio, Marlene, Ines, Kajal, Zhiyu, Zeina, Suvi, Karl, Gwyneth, Joanna, Lucia, Cristiano, Astrid, Andres, Vicki, Mia, Vitoria, Bianca, Chantal, Raveena, Daniel, Amy, Liam, Ruth, Kevin, Brian, Russell, Aria, Matthew, Aditi, Zayd, Dora, Enrique, Hans, Danielle, Hiujin, Carmen, Sofie, Gregory, Ivy, Ewa, Maja, Gabrielle, Nicole, Filiz, Camila, Jacek, Thiago, Justin, Celine, Kazuha, Kendra, Arlet, Ricardo, Mads, Hannah, Mathieu, Lea, Sergio, Hala, Tatyana, Penelope, Naja, Olivia, Ruben, Laura, Takumi, Mizuki, Carla, Conchita, Jan, Kimberly, Liv, Adriano, Lupe, Joey, Pedro, Seoyeon, Emma, Niamh, Stephen]
2024-08-15 00:03:52.835 | INFO     | __main__:omprint:30 - Error on attempt 6: An error occurred (ValidationException) when calling the SynthesizeSpeech operation: 1 validation error detected: Value 'Andrés' at 'voiceId' failed to satisfy constraint: Member must satisfy enum value set: [Lotte, Maxim, Ayanda, Salli, Ola, Arthur, Ida, Tomoko, Remi, Geraint, Miguel, Elin, Lisa, Giorgio, Marlene, Ines, Kajal, Zhiyu, Zeina, Suvi, Karl, Gwyneth, Joanna, Lucia, Cristiano, Astrid, Andres, Vicki, Mia, Vitoria, Bianca, Chantal, Raveena, Daniel, Amy, Liam, Ruth, Kevin, Brian, Russell, Aria, Matthew, Aditi, Zayd, Dora, Enrique, Hans, Danielle, Hiujin, Carmen, Sofie, Gregory, Ivy, Ewa, Maja, Gabrielle, Nicole, Filiz, Camila, Jacek, Thiago, Justin, Celine, Kazuha, Kendra, Arlet, Ricardo, Mads, Hannah, Mathieu, Lea, Sergio, Hala, Tatyana, Penelope, Naja, Olivia, Ruben, Laura, Takumi, Mizuki, Carla, Conchita, Jan, Kimberly, Liv, Adriano, Lupe, Joey, Pedro, Seoyeon, Emma, Niamh, Stephen]
2024-08-15 00:03:56.030 | INFO     | __main__:omprint:30 - Error on attempt 7: An error occurred (ValidationException) when calling the SynthesizeSpeech operation: 1 validation error detected: Value 'Andrés' at 'voiceId' failed to satisfy constraint: Member must satisfy enum value set: [Lotte, Maxim, Ayanda, Salli, Ola, Arthur, Ida, Tomoko, Remi, Geraint, Miguel, Elin, Lisa, Giorgio, Marlene, Ines, Kajal, Zhiyu, Zeina, Suvi, Karl, Gwyneth, Joanna, Lucia, Cristiano, Astrid, Andres, Vicki, Mia, Vitoria, Bianca, Chantal, Raveena, Daniel, Amy, Liam, Ruth, Kevin, Brian, Russell, Aria, Matthew, Aditi, Zayd, Dora, Enrique, Hans, Danielle, Hiujin, Carmen, Sofie, Gregory, Ivy, Ewa, Maja, Gabrielle, Nicole, Filiz, Camila, Jacek, Thiago, Justin, Celine, Kazuha, Kendra, Arlet, Ricardo, Mads, Hannah, Mathieu, Lea, Sergio, Hala, Tatyana, Penelope, Naja, Olivia, Ruben, Laura, Takumi, Mizuki, Carla, Conchita, Jan, Kimberly, Liv, Adriano, Lupe, Joey, Pedro, Seoyeon, Emma, Niamh, Stephen]
2024-08-15 00:03:56.602 | INFO     | __main__:omprint:30 - Ya hay un proceso en ejecución.
2024-08-15 00:03:59.043 | INFO     | __main__:omprint:30 - Error al procesar el proceso ID: 1181839a-f5bc-47f2-9a08-a9564600f129, error: Failed to get Polly response after 7 attempts
2024-08-15 00:04:04.045 | INFO     | __main__:omprint:30 - pending_processes: []
2024-08-15 00:04:04.046 | INFO     | __main__:omprint:30 - No hay más procesos pendientes.
2024-08-15 00:04:56.603 | INFO     | __main__:omprint:30 - pending_processes: []
2024-08-15 00:04:56.603 | INFO     | __main__:omprint:30 - No hay más procesos pendientes.
2024-08-15 00:05:56.604 | INFO     | __main__:omprint:30 - pending_processes: []
2024-08-15 00:05:56.604 | INFO     | __main__:omprint:30 - No hay más procesos pendientes.
2024-08-15 00:06:12.086 | INFO     | __main__:omprint:30 - {'language': 'Espanol', 'voice': 'Pedro', 'main_question': 'trivia sobre identificar deportes a partir de emojis, a propósito de los Juegos Olímpicos en París 2024. ', 'num_questions': '8', 'num_options': '3', 'background_music': 'animada4', 'background_video': 'paris1'}
2024-08-15 00:06:12.096 | INFO     | __main__:omprint:30 - pending_processes: [{'uuid': '081af7aa-3dcc-4b45-85a8-45d3784836fa', 'language': 'Espanol', 'voice': 'Pedro', 'main_question': 'trivia sobre identificar deportes a partir de emojis, a propósito de los Juegos Olímpicos en París 2024. ', 'num_questions': 8, 'num_options': 3, 'background_music': 'animada4', 'background_video': 'paris1', 'fecha_creacion': '2024-08-15T00:06:12.091781+00:00', 'fecha_modificacion': '2024-08-15T00:06:12.091781+00:00', 'estado': 'pendiente'}]
2024-08-15 00:06:12.097 | INFO     | __main__:omprint:30 - Ejecutando el proceso ID: 081af7aa-3dcc-4b45-85a8-45d3784836fa
2024-08-15 00:06:12.098 | INFO     | __main__:omprint:30 - ---------------------------------------------------
2024-08-15 00:06:12.099 | INFO     | __main__:omprint:30 - uuid4, language, voice, main_question, num_questions, num_options, background_music, background_video: 081af7aa-3dcc-4b45-85a8-45d3784836fa Espanol Pedro trivia sobre identificar deportes a partir de emojis, a propósito de los Juegos Olímpicos en París 2024.  8 3 animada4 paris1
2024-08-15 00:06:12.099 | INFO     | __main__:omprint:30 - ---------------------------------------------------
2024-08-15 00:06:12.100 | INFO     | __main__:omprint:30 - Genera una lista de 8 preguntas cortas en idioma Espanol en formato JSON para un quiz / trivia sobre ['trivia sobre identificar deportes a partir de emojis, a propósito de los Juegos Olímpicos en París 2024. ']. El JSON debe incluir una pregunta principal corta en idioma Espanol sin emojis en ella, con el estilo MrBeast en la propiedad 'main_question' que aplique para todas las preguntas de la propiedad 'questions', seguido de un arreglo 'questions' que contenga objetos con las siguientes propiedades: el texto de la pregunta corta en idioma Espanol sin emojis en ella con variantes  para hacer la pronunciación más humana y consistente SIN INCLUIR EL EMOJI, una imagen representada como un emoji, opciones de respuesta en idioma Espanol con 3 opciones donde alternes la opción correcta en las diferentes posiciones del arreglo de opciones entre 0 y 2, (IMPORTANTE: deben tener un tamano de 18 caracteres máximo por opción), y el índice de la opción correcta (IMPORTANTE: Las opciones correctas deben estár en posiciones aleatorias entre 0 y 2 dentro del arreglo de la propiedad 'options').

Aquí hay un ejemplo del formato:

{
  "main_question": "Pregunta principal de ejemplo?",
  "questions": [
    {
        "question_text": "Variantes de la pregunta de ejemplo?",
        "question_image": "🇩🇴",
        "options": ['"Opción 1"', '"Opción 2"', '"Opción 3"'],
        "correct_option_index": 2
    }
  ]
} 

Notas Importantes: - Todo el contenido que generes debe estar en idioma Espanol.
- En las opciones distribuye de forma equitativa y no secuencial la asignación de las opciones correctas en posiciones entre 0 y {num_options - 1}.
- Todos los campos son obligatorios que estén presentes aunque estén en blanco.
- REALIZA UNA DOBE VERIFICACION DE LAS OPCIONES CORRECTAS. NO PUEDES COMETER ERRORES.

2024-08-15 00:06:17.548 | INFO     | __main__:omprint:30 - {'main_question': '¿Puedes identificar el deporte a partir de estos emojis?', 'questions': [{'question_text': '¿Qué deporte representa este emoji?', 'question_image': '🏋️\u200d♂️', 'options': ['Fútbol', 'Pesas', 'Natación'], 'correct_option_index': 1}, {'question_text': '¿Qué deporte es este emoji?', 'question_image': '🎾', 'options': ['Ciclismo', 'Tenis', 'Basquetbol'], 'correct_option_index': 1}, {'question_text': '¿Cuál es el deporte de este emoji?', 'question_image': '🏃\u200d♀️', 'options': ['Atletismo', 'Golf', 'Voleibol'], 'correct_option_index': 0}, {'question_text': '¿Qué deporte muestra este emoji?', 'question_image': '🤾\u200d♀️', 'options': ['Handbol', 'Rugby', 'Boxeo'], 'correct_option_index': 0}, {'question_text': '¿Qué deporte es este emoji?', 'question_image': '⚽️', 'options': ['Fútbol', 'Béisbol', 'Surf'], 'correct_option_index': 0}, {'question_text': '¿Qué deporte representa este emoji?', 'question_image': '🏉', 'options': ['Fútbol americano', 'Surf', 'Balonmano'], 'correct_option_index': 0}, {'question_text': '¿Cuál es el deporte de este emoji?', 'question_image': '🏊\u200d♂️', 'options': ['Natación', 'Ciclismo', 'Gimnasia'], 'correct_option_index': 0}, {'question_text': '¿Qué deporte muestra este emoji?', 'question_image': '🚴\u200d♂️', 'options': ['Ciclismo', 'Patinaje', 'Esquí'], 'correct_option_index': 0}]}
2024-08-15 00:06:18.069 | INFO     | __main__:omprint:30 - [DEBUG] video_total_duration: 6.9399999999999995
2024-08-15 00:06:18.696 | INFO     | __main__:omprint:30 - create_background_video - background_clip.w, background_clip.h: 1080 1920
2024-08-15 00:06:18.733 | INFO     | __main__:omprint:30 - [DEBUG] add_question_text - max_width: 920
2024-08-15 00:06:18.733 | INFO     | __main__:omprint:30 - [DEBUG] add_question_text - text_length: 56
2024-08-15 00:06:18.734 | INFO     | __main__:omprint:30 - [DEBUG] add_question_text - fontsize: 79
2024-08-15 00:06:18.806 | INFO     | __main__:omprint:30 - [DEBUG] question_image_clip: <function VideoClip.set_position.<locals>.<lambda> at 0x797604462f20>
2024-08-15 00:06:18.807 | INFO     | __main__:omprint:30 - [DEBUG] options_top_margin: 941
2024-08-15 00:06:18.966 | INFO     | __main__:omprint:30 - [DEBUG] video_total_duration 1: 6.9399999999999995
2024-08-15 00:06:18.967 | INFO     | __main__:omprint:30 - [DEBUG] narration_audio.duration: 1.94
2024-08-15 00:06:18.969 | INFO     | __main__:omprint:30 - [DEBUG] clock_sound_effects.duration: 3
2024-08-15 00:06:18.969 | INFO     | __main__:omprint:30 - [DEBUG] ding_sound_effects.duration: 2
2024-08-15 00:06:18.970 | INFO     | __main__:omprint:30 - [DEBUG] narration_audio_winner.duration: 0.66
2024-08-15 00:06:18.972 | INFO     | __main__:omprint:30 - [DEBUG] final_audio.duration 2: 6.9399999999999995
2024-08-15 00:06:18.972 | INFO     | __main__:omprint:30 - [DEBUG] final_clip.duration 2: 6.9399999999999995
2024-08-15 00:06:19.484 | INFO     | __main__:omprint:30 - [DEBUG] video_total_duration: 6.5
2024-08-15 00:06:20.113 | INFO     | __main__:omprint:30 - create_background_video - background_clip.w, background_clip.h: 1080 1920
2024-08-15 00:06:20.149 | INFO     | __main__:omprint:30 - [DEBUG] add_question_text - max_width: 920
2024-08-15 00:06:20.150 | INFO     | __main__:omprint:30 - [DEBUG] add_question_text - text_length: 56
2024-08-15 00:06:20.150 | INFO     | __main__:omprint:30 - [DEBUG] add_question_text - fontsize: 79
2024-08-15 00:06:20.222 | INFO     | __main__:omprint:30 - [DEBUG] question_image_clip: <function VideoClip.set_position.<locals>.<lambda> at 0x7976080c6ac0>
2024-08-15 00:06:20.223 | INFO     | __main__:omprint:30 - [DEBUG] options_top_margin: 941
2024-08-15 00:06:20.401 | INFO     | __main__:omprint:30 - [DEBUG] video_total_duration 1: 6.5
2024-08-15 00:06:20.402 | INFO     | __main__:omprint:30 - [DEBUG] narration_audio.duration: 1.5
2024-08-15 00:06:20.403 | INFO     | __main__:omprint:30 - [DEBUG] clock_sound_effects.duration: 3
2024-08-15 00:06:20.403 | INFO     | __main__:omprint:30 - [DEBUG] ding_sound_effects.duration: 2
2024-08-15 00:06:20.404 | INFO     | __main__:omprint:30 - [DEBUG] narration_audio_winner.duration: 0.66
2024-08-15 00:06:20.404 | INFO     | __main__:omprint:30 - [DEBUG] final_audio.duration 2: 6.5
2024-08-15 00:06:20.405 | INFO     | __main__:omprint:30 - [DEBUG] final_clip.duration 2: 6.5
2024-08-15 00:06:20.897 | INFO     | __main__:omprint:30 - [DEBUG] video_total_duration: 6.66
2024-08-15 00:06:21.511 | INFO     | __main__:omprint:30 - create_background_video - background_clip.w, background_clip.h: 1080 1920
2024-08-15 00:06:21.547 | INFO     | __main__:omprint:30 - [DEBUG] add_question_text - max_width: 920
2024-08-15 00:06:21.548 | INFO     | __main__:omprint:30 - [DEBUG] add_question_text - text_length: 56
2024-08-15 00:06:21.548 | INFO     | __main__:omprint:30 - [DEBUG] add_question_text - fontsize: 79
2024-08-15 00:06:21.617 | INFO     | __main__:omprint:30 - [DEBUG] question_image_clip: <function VideoClip.set_position.<locals>.<lambda> at 0x797605fe80e0>
2024-08-15 00:06:21.617 | INFO     | __main__:omprint:30 - [DEBUG] options_top_margin: 941
2024-08-15 00:06:21.774 | INFO     | __main__:omprint:30 - [DEBUG] video_total_duration 1: 6.66
2024-08-15 00:06:21.775 | INFO     | __main__:omprint:30 - [DEBUG] narration_audio.duration: 1.66
2024-08-15 00:06:21.775 | INFO     | __main__:omprint:30 - [DEBUG] clock_sound_effects.duration: 3
2024-08-15 00:06:21.776 | INFO     | __main__:omprint:30 - [DEBUG] ding_sound_effects.duration: 2
2024-08-15 00:06:21.776 | INFO     | __main__:omprint:30 - [DEBUG] narration_audio_winner.duration: 0.88
2024-08-15 00:06:21.777 | INFO     | __main__:omprint:30 - [DEBUG] final_audio.duration 2: 6.66
2024-08-15 00:06:21.778 | INFO     | __main__:omprint:30 - [DEBUG] final_clip.duration 2: 6.66
2024-08-15 00:06:22.254 | INFO     | __main__:omprint:30 - [DEBUG] video_total_duration: 6.79
2024-08-15 00:06:22.885 | INFO     | __main__:omprint:30 - create_background_video - background_clip.w, background_clip.h: 1080 1920
2024-08-15 00:06:22.922 | INFO     | __main__:omprint:30 - [DEBUG] add_question_text - max_width: 920
2024-08-15 00:06:22.922 | INFO     | __main__:omprint:30 - [DEBUG] add_question_text - text_length: 56
2024-08-15 00:06:22.923 | INFO     | __main__:omprint:30 - [DEBUG] add_question_text - fontsize: 79
2024-08-15 00:06:22.994 | INFO     | __main__:omprint:30 - [DEBUG] question_image_clip: <function VideoClip.set_position.<locals>.<lambda> at 0x7975f5f21da0>
2024-08-15 00:06:22.994 | INFO     | __main__:omprint:30 - [DEBUG] options_top_margin: 941
2024-08-15 00:06:23.158 | INFO     | __main__:omprint:30 - [DEBUG] video_total_duration 1: 6.79
2024-08-15 00:06:23.159 | INFO     | __main__:omprint:30 - [DEBUG] narration_audio.duration: 1.79
2024-08-15 00:06:23.159 | INFO     | __main__:omprint:30 - [DEBUG] clock_sound_effects.duration: 3
2024-08-15 00:06:23.160 | INFO     | __main__:omprint:30 - [DEBUG] ding_sound_effects.duration: 2
2024-08-15 00:06:23.161 | INFO     | __main__:omprint:30 - [DEBUG] narration_audio_winner.duration: 0.68
2024-08-15 00:06:23.161 | INFO     | __main__:omprint:30 - [DEBUG] final_audio.duration 2: 6.79
2024-08-15 00:06:23.162 | INFO     | __main__:omprint:30 - [DEBUG] final_clip.duration 2: 6.79
2024-08-15 00:06:23.687 | INFO     | __main__:omprint:30 - [DEBUG] video_total_duration: 6.5
2024-08-15 00:06:24.304 | INFO     | __main__:omprint:30 - create_background_video - background_clip.w, background_clip.h: 1080 1920
2024-08-15 00:06:24.340 | INFO     | __main__:omprint:30 - [DEBUG] add_question_text - max_width: 920
2024-08-15 00:06:24.341 | INFO     | __main__:omprint:30 - [DEBUG] add_question_text - text_length: 56
2024-08-15 00:06:24.341 | INFO     | __main__:omprint:30 - [DEBUG] add_question_text - fontsize: 79
2024-08-15 00:06:24.409 | INFO     | __main__:omprint:30 - [DEBUG] question_image_clip: <function VideoClip.set_position.<locals>.<lambda> at 0x797605f1b6a0>
2024-08-15 00:06:24.410 | INFO     | __main__:omprint:30 - [DEBUG] options_top_margin: 941
2024-08-15 00:06:24.569 | INFO     | __main__:omprint:30 - [DEBUG] video_total_duration 1: 6.5
2024-08-15 00:06:24.570 | INFO     | __main__:omprint:30 - [DEBUG] narration_audio.duration: 1.5
2024-08-15 00:06:24.570 | INFO     | __main__:omprint:30 - [DEBUG] clock_sound_effects.duration: 3
2024-08-15 00:06:24.571 | INFO     | __main__:omprint:30 - [DEBUG] ding_sound_effects.duration: 2
2024-08-15 00:06:24.571 | INFO     | __main__:omprint:30 - [DEBUG] narration_audio_winner.duration: 0.7
2024-08-15 00:06:24.572 | INFO     | __main__:omprint:30 - [DEBUG] final_audio.duration 2: 6.5
2024-08-15 00:06:24.573 | INFO     | __main__:omprint:30 - [DEBUG] final_clip.duration 2: 6.5
2024-08-15 00:06:25.087 | INFO     | __main__:omprint:30 - [DEBUG] video_total_duration: 6.9399999999999995
2024-08-15 00:06:25.711 | INFO     | __main__:omprint:30 - create_background_video - background_clip.w, background_clip.h: 1080 1920
2024-08-15 00:06:25.748 | INFO     | __main__:omprint:30 - [DEBUG] add_question_text - max_width: 920
2024-08-15 00:06:25.748 | INFO     | __main__:omprint:30 - [DEBUG] add_question_text - text_length: 56
2024-08-15 00:06:25.749 | INFO     | __main__:omprint:30 - [DEBUG] add_question_text - fontsize: 79
2024-08-15 00:06:25.826 | INFO     | __main__:omprint:30 - [DEBUG] question_image_clip: <function VideoClip.set_position.<locals>.<lambda> at 0x7976042887c0>
2024-08-15 00:06:25.827 | INFO     | __main__:omprint:30 - [DEBUG] options_top_margin: 941
2024-08-15 00:06:25.991 | INFO     | __main__:omprint:30 - [DEBUG] video_total_duration 1: 6.9399999999999995
2024-08-15 00:06:25.993 | INFO     | __main__:omprint:30 - [DEBUG] narration_audio.duration: 1.94
2024-08-15 00:06:25.993 | INFO     | __main__:omprint:30 - [DEBUG] clock_sound_effects.duration: 3
2024-08-15 00:06:25.994 | INFO     | __main__:omprint:30 - [DEBUG] ding_sound_effects.duration: 2
2024-08-15 00:06:25.995 | INFO     | __main__:omprint:30 - [DEBUG] narration_audio_winner.duration: 1.21
2024-08-15 00:06:25.995 | INFO     | __main__:omprint:30 - [DEBUG] final_audio.duration 2: 7.1499999999999995
2024-08-15 00:06:25.996 | INFO     | __main__:omprint:30 - [DEBUG] final_clip.duration 2: 6.9399999999999995
2024-08-15 00:06:26.608 | INFO     | __main__:omprint:30 - [DEBUG] video_total_duration: 6.66
2024-08-15 00:06:27.225 | INFO     | __main__:omprint:30 - create_background_video - background_clip.w, background_clip.h: 1080 1920
2024-08-15 00:06:27.262 | INFO     | __main__:omprint:30 - [DEBUG] add_question_text - max_width: 920
2024-08-15 00:06:27.263 | INFO     | __main__:omprint:30 - [DEBUG] add_question_text - text_length: 56
2024-08-15 00:06:27.263 | INFO     | __main__:omprint:30 - [DEBUG] add_question_text - fontsize: 79
2024-08-15 00:06:27.334 | INFO     | __main__:omprint:30 - [DEBUG] question_image_clip: <function VideoClip.set_position.<locals>.<lambda> at 0x7975e7b1d6c0>
2024-08-15 00:06:27.335 | INFO     | __main__:omprint:30 - [DEBUG] options_top_margin: 941
2024-08-15 00:06:27.494 | INFO     | __main__:omprint:30 - [DEBUG] video_total_duration 1: 6.66
2024-08-15 00:06:27.495 | INFO     | __main__:omprint:30 - [DEBUG] narration_audio.duration: 1.66
2024-08-15 00:06:27.496 | INFO     | __main__:omprint:30 - [DEBUG] clock_sound_effects.duration: 3
2024-08-15 00:06:27.496 | INFO     | __main__:omprint:30 - [DEBUG] ding_sound_effects.duration: 2
2024-08-15 00:06:27.497 | INFO     | __main__:omprint:30 - [DEBUG] narration_audio_winner.duration: 0.8
2024-08-15 00:06:27.497 | INFO     | __main__:omprint:30 - [DEBUG] final_audio.duration 2: 6.66
2024-08-15 00:06:27.498 | INFO     | __main__:omprint:30 - [DEBUG] final_clip.duration 2: 6.66
2024-08-15 00:06:27.945 | INFO     | __main__:omprint:30 - [DEBUG] video_total_duration: 6.79
2024-08-15 00:06:28.561 | INFO     | __main__:omprint:30 - create_background_video - background_clip.w, background_clip.h: 1080 1920
2024-08-15 00:06:28.599 | INFO     | __main__:omprint:30 - [DEBUG] add_question_text - max_width: 920
2024-08-15 00:06:28.599 | INFO     | __main__:omprint:30 - [DEBUG] add_question_text - text_length: 56
2024-08-15 00:06:28.600 | INFO     | __main__:omprint:30 - [DEBUG] add_question_text - fontsize: 79
2024-08-15 00:06:28.673 | INFO     | __main__:omprint:30 - [DEBUG] question_image_clip: <function VideoClip.set_position.<locals>.<lambda> at 0x7975e7b54720>
2024-08-15 00:06:28.674 | INFO     | __main__:omprint:30 - [DEBUG] options_top_margin: 941
2024-08-15 00:06:28.833 | INFO     | __main__:omprint:30 - [DEBUG] video_total_duration 1: 6.79
2024-08-15 00:06:28.834 | INFO     | __main__:omprint:30 - [DEBUG] narration_audio.duration: 1.79
2024-08-15 00:06:28.835 | INFO     | __main__:omprint:30 - [DEBUG] clock_sound_effects.duration: 3
2024-08-15 00:06:28.836 | INFO     | __main__:omprint:30 - [DEBUG] ding_sound_effects.duration: 2
2024-08-15 00:06:28.837 | INFO     | __main__:omprint:30 - [DEBUG] narration_audio_winner.duration: 0.79
2024-08-15 00:06:28.838 | INFO     | __main__:omprint:30 - [DEBUG] final_audio.duration 2: 6.79
2024-08-15 00:06:28.839 | INFO     | __main__:omprint:30 - [DEBUG] final_clip.duration 2: 6.79
2024-08-15 00:06:28.840 | INFO     | __main__:omprint:30 - [DEBUG] all_clips[0] - start: 0, duration: 6.9399999999999995, end: 6.9399999999999995
2024-08-15 00:06:28.841 | INFO     | __main__:omprint:30 - [DEBUG] all_clips[1] - start: 0, duration: 6.5, end: 6.5
2024-08-15 00:06:28.842 | INFO     | __main__:omprint:30 - [DEBUG] all_clips[2] - start: 0, duration: 6.66, end: 6.66
2024-08-15 00:06:28.843 | INFO     | __main__:omprint:30 - [DEBUG] all_clips[3] - start: 0, duration: 6.79, end: 6.79
2024-08-15 00:06:28.844 | INFO     | __main__:omprint:30 - [DEBUG] all_clips[4] - start: 0, duration: 6.5, end: 6.5
2024-08-15 00:06:28.845 | INFO     | __main__:omprint:30 - [DEBUG] all_clips[5] - start: 0, duration: 6.9399999999999995, end: 6.9399999999999995
2024-08-15 00:06:28.846 | INFO     | __main__:omprint:30 - [DEBUG] all_clips[6] - start: 0, duration: 6.66, end: 6.66
2024-08-15 00:06:28.847 | INFO     | __main__:omprint:30 - [DEBUG] all_clips[7] - start: 0, duration: 6.79, end: 6.79
2024-08-15 00:06:28.862 | INFO     | __main__:omprint:30 - [DEBUG] generate_combined_trivia_video - final_video.duration: 53.779999999999994
2024-08-15 00:06:56.605 | INFO     | __main__:omprint:30 - Ya hay un proceso en ejecución.
2024-08-15 00:07:56.606 | INFO     | __main__:omprint:30 - Ya hay un proceso en ejecución.
2024-08-15 00:08:56.613 | INFO     | __main__:omprint:30 - Ya hay un proceso en ejecución.
2024-08-15 00:09:56.614 | INFO     | __main__:omprint:30 - Ya hay un proceso en ejecución.
2024-08-15 00:10:56.615 | INFO     | __main__:omprint:30 - Ya hay un proceso en ejecución.
2024-08-15 00:11:30.510 | INFO     | __main__:omprint:30 - Error al procesar el proceso ID: 081af7aa-3dcc-4b45-85a8-45d3784836fa, error: x1 must be greater than or equal to x0
2024-08-15 00:11:35.511 | INFO     | __main__:omprint:30 - pending_processes: []
2024-08-15 00:11:35.512 | INFO     | __main__:omprint:30 - No hay más procesos pendientes.
2024-08-15 00:11:56.615 | INFO     | __main__:omprint:30 - pending_processes: []
2024-08-15 00:11:56.616 | INFO     | __main__:omprint:30 - No hay más procesos pendientes.
2024-08-15 00:12:56.617 | INFO     | __main__:omprint:30 - pending_processes: []
2024-08-15 00:12:56.618 | INFO     | __main__:omprint:30 - No hay más procesos pendientes.
2024-08-15 00:13:56.618 | INFO     | __main__:omprint:30 - pending_processes: []
2024-08-15 00:13:56.619 | INFO     | __main__:omprint:30 - No hay más procesos pendientes.
2024-08-15 00:14:56.620 | INFO     | __main__:omprint:30 - pending_processes: []
2024-08-15 00:14:56.620 | INFO     | __main__:omprint:30 - No hay más procesos pendientes.
2024-08-15 00:15:56.621 | INFO     | __main__:omprint:30 - pending_processes: []
2024-08-15 00:15:56.622 | INFO     | __main__:omprint:30 - No hay más procesos pendientes.
2024-08-15 00:16:56.622 | INFO     | __main__:omprint:30 - pending_processes: []
2024-08-15 00:16:56.623 | INFO     | __main__:omprint:30 - No hay más procesos pendientes.
2024-08-15 00:17:56.624 | INFO     | __main__:omprint:30 - pending_processes: []
2024-08-15 00:17:56.624 | INFO     | __main__:omprint:30 - No hay más procesos pendientes.
2024-08-15 00:18:56.625 | INFO     | __main__:omprint:30 - pending_processes: []
2024-08-15 00:18:56.626 | INFO     | __main__:omprint:30 - No hay más procesos pendientes.
2024-08-15 00:19:56.626 | INFO     | __main__:omprint:30 - pending_processes: []
2024-08-15 00:19:56.627 | INFO     | __main__:omprint:30 - No hay más procesos pendientes.
2024-08-15 00:20:56.628 | INFO     | __main__:omprint:30 - pending_processes: []
2024-08-15 00:20:56.628 | INFO     | __main__:omprint:30 - No hay más procesos pendientes.
2024-08-15 00:21:56.629 | INFO     | __main__:omprint:30 - pending_processes: []
2024-08-15 00:21:56.630 | INFO     | __main__:omprint:30 - No hay más procesos pendientes.
2024-08-15 00:22:56.630 | INFO     | __main__:omprint:30 - pending_processes: []
2024-08-15 00:22:56.631 | INFO     | __main__:omprint:30 - No hay más procesos pendientes.
2024-08-15 00:23:56.632 | INFO     | __main__:omprint:30 - pending_processes: []
2024-08-15 00:23:56.633 | INFO     | __main__:omprint:30 - No hay más procesos pendientes.
2024-08-15 00:24:56.633 | INFO     | __main__:omprint:30 - pending_processes: []
2024-08-15 00:24:56.634 | INFO     | __main__:omprint:30 - No hay más procesos pendientes.
2024-08-15 00:25:56.635 | INFO     | __main__:omprint:30 - pending_processes: []
2024-08-15 00:25:56.635 | INFO     | __main__:omprint:30 - No hay más procesos pendientes.
2024-08-15 00:26:56.636 | INFO     | __main__:omprint:30 - pending_processes: []
2024-08-15 00:26:56.637 | INFO     | __main__:omprint:30 - No hay más procesos pendientes.
2024-08-15 00:27:56.638 | INFO     | __main__:omprint:30 - pending_processes: []
2024-08-15 00:27:56.638 | INFO     | __main__:omprint:30 - No hay más procesos pendientes.
2024-08-15 00:28:56.639 | INFO     | __main__:omprint:30 - pending_processes: []
2024-08-15 00:28:56.640 | INFO     | __main__:omprint:30 - No hay más procesos pendientes.
2024-08-15 00:29:56.641 | INFO     | __main__:omprint:30 - pending_processes: []
2024-08-15 00:29:56.641 | INFO     | __main__:omprint:30 - No hay más procesos pendientes.
2024-08-15 00:30:56.642 | INFO     | __main__:omprint:30 - pending_processes: []
2024-08-15 00:30:56.643 | INFO     | __main__:omprint:30 - No hay más procesos pendientes.
2024-08-15 00:31:56.643 | INFO     | __main__:omprint:30 - pending_processes: []
2024-08-15 00:31:56.644 | INFO     | __main__:omprint:30 - No hay más procesos pendientes.
2024-08-15 00:32:56.645 | INFO     | __main__:omprint:30 - pending_processes: []
2024-08-15 00:32:56.645 | INFO     | __main__:omprint:30 - No hay más procesos pendientes.
2024-08-15 00:33:56.646 | INFO     | __main__:omprint:30 - pending_processes: []
2024-08-15 00:33:56.647 | INFO     | __main__:omprint:30 - No hay más procesos pendientes.
2024-08-15 00:34:56.647 | INFO     | __main__:omprint:30 - pending_processes: []
2024-08-15 00:34:56.648 | INFO     | __main__:omprint:30 - No hay más procesos pendientes.
2024-08-15 00:35:56.649 | INFO     | __main__:omprint:30 - pending_processes: []
2024-08-15 00:35:56.650 | INFO     | __main__:omprint:30 - No hay más procesos pendientes.
2024-08-15 00:36:56.650 | INFO     | __main__:omprint:30 - pending_processes: []
2024-08-15 00:36:56.651 | INFO     | __main__:omprint:30 - No hay más procesos pendientes.
2024-08-15 00:37:56.652 | INFO     | __main__:omprint:30 - pending_processes: []
2024-08-15 00:37:56.653 | INFO     | __main__:omprint:30 - No hay más procesos pendientes.
2024-08-15 00:38:56.653 | INFO     | __main__:omprint:30 - pending_processes: []
2024-08-15 00:38:56.654 | INFO     | __main__:omprint:30 - No hay más procesos pendientes.
2024-08-15 00:39:56.655 | INFO     | __main__:omprint:30 - pending_processes: []
2024-08-15 00:39:56.655 | INFO     | __main__:omprint:30 - No hay más procesos pendientes.
2024-08-15 00:40:56.656 | INFO     | __main__:omprint:30 - pending_processes: []
2024-08-15 00:40:56.657 | INFO     | __main__:omprint:30 - No hay más procesos pendientes.
2024-08-15 00:41:56.657 | INFO     | __main__:omprint:30 - pending_processes: []
2024-08-15 00:41:56.658 | INFO     | __main__:omprint:30 - No hay más procesos pendientes.
2024-08-15 00:42:56.659 | INFO     | __main__:omprint:30 - pending_processes: []
2024-08-15 00:42:56.660 | INFO     | __main__:omprint:30 - No hay más procesos pendientes.
2024-08-15 00:43:56.660 | INFO     | __main__:omprint:30 - pending_processes: []
2024-08-15 00:43:56.661 | INFO     | __main__:omprint:30 - No hay más procesos pendientes.
2024-08-15 00:44:56.662 | INFO     | __main__:omprint:30 - pending_processes: []
2024-08-15 00:44:56.662 | INFO     | __main__:omprint:30 - No hay más procesos pendientes.
2024-08-15 00:45:56.663 | INFO     | __main__:omprint:30 - pending_processes: []
2024-08-15 00:45:56.664 | INFO     | __main__:omprint:30 - No hay más procesos pendientes.
2024-08-15 00:46:56.665 | INFO     | __main__:omprint:30 - pending_processes: []
2024-08-15 00:46:56.665 | INFO     | __main__:omprint:30 - No hay más procesos pendientes.
2024-08-15 00:47:56.666 | INFO     | __main__:omprint:30 - pending_processes: []
2024-08-15 00:47:56.667 | INFO     | __main__:omprint:30 - No hay más procesos pendientes.
2024-08-15 00:48:56.667 | INFO     | __main__:omprint:30 - pending_processes: []
2024-08-15 00:48:56.668 | INFO     | __main__:omprint:30 - No hay más procesos pendientes.
2024-08-15 00:49:56.669 | INFO     | __main__:omprint:30 - pending_processes: []
2024-08-15 00:49:56.669 | INFO     | __main__:omprint:30 - No hay más procesos pendientes.
2024-08-15 00:50:56.670 | INFO     | __main__:omprint:30 - pending_processes: []
2024-08-15 00:50:56.671 | INFO     | __main__:omprint:30 - No hay más procesos pendientes.
2024-08-15 00:51:56.672 | INFO     | __main__:omprint:30 - pending_processes: []
2024-08-15 00:51:56.672 | INFO     | __main__:omprint:30 - No hay más procesos pendientes.
2024-08-15 00:52:56.673 | INFO     | __main__:omprint:30 - pending_processes: []
2024-08-15 00:52:56.674 | INFO     | __main__:omprint:30 - No hay más procesos pendientes.
2024-08-15 00:53:56.675 | INFO     | __main__:omprint:30 - pending_processes: []
2024-08-15 00:53:56.675 | INFO     | __main__:omprint:30 - No hay más procesos pendientes.
2024-08-15 00:54:56.676 | INFO     | __main__:omprint:30 - pending_processes: []
2024-08-15 00:54:56.677 | INFO     | __main__:omprint:30 - No hay más procesos pendientes.
2024-08-15 00:55:24.879 | INFO     | __main__:omprint:30 - {'language': 'Espanol', 'voice': 'Pedro', 'main_question': 'trivia sobre identificar deportes a partir de emojis, a propósito de los Juegos Olímpicos en París 2024', 'num_questions': '2', 'num_options': '3', 'background_music': 'deporte1', 'background_video': 'paris1'}
2024-08-15 00:55:24.891 | INFO     | __main__:omprint:30 - pending_processes: [{'uuid': 'fc9eb9e0-d297-4e04-88aa-c08b297ce636', 'language': 'Espanol', 'voice': 'Pedro', 'main_question': 'trivia sobre identificar deportes a partir de emojis, a propósito de los Juegos Olímpicos en París 2024', 'num_questions': 2, 'num_options': 3, 'background_music': 'deporte1', 'background_video': 'paris1', 'fecha_creacion': '2024-08-15T00:55:24.885395+00:00', 'fecha_modificacion': '2024-08-15T00:55:24.885395+00:00', 'estado': 'pendiente'}]
2024-08-15 00:55:24.892 | INFO     | __main__:omprint:30 - Ejecutando el proceso ID: fc9eb9e0-d297-4e04-88aa-c08b297ce636
2024-08-15 00:55:24.893 | INFO     | __main__:omprint:30 - ---------------------------------------------------
2024-08-15 00:55:24.894 | INFO     | __main__:omprint:30 - uuid4, language, voice, main_question, num_questions, num_options, background_music, background_video: fc9eb9e0-d297-4e04-88aa-c08b297ce636 Espanol Pedro trivia sobre identificar deportes a partir de emojis, a propósito de los Juegos Olímpicos en París 2024 2 3 deporte1 paris1
2024-08-15 00:55:24.894 | INFO     | __main__:omprint:30 - ---------------------------------------------------
2024-08-15 00:55:24.895 | INFO     | __main__:omprint:30 - Genera una lista de 2 preguntas cortas en idioma Espanol en formato JSON para un quiz / trivia sobre ['trivia sobre identificar deportes a partir de emojis, a propósito de los Juegos Olímpicos en París 2024']. El JSON debe incluir una pregunta principal corta en idioma Espanol sin emojis en ella, con el estilo MrBeast en la propiedad 'main_question' que aplique para todas las preguntas de la propiedad 'questions', seguido de un arreglo 'questions' que contenga objetos con las siguientes propiedades: el texto de la pregunta corta en idioma Espanol sin emojis en ella con variantes  para hacer la pronunciación más humana y consistente SIN INCLUIR EL EMOJI, una imagen representada como un emoji, opciones de respuesta en idioma Espanol con 3 opciones donde alternes la opción correcta en las diferentes posiciones del arreglo de opciones entre 0 y 2, (IMPORTANTE: deben tener un tamano de 18 caracteres máximo por opción), y el índice de la opción correcta (IMPORTANTE: Las opciones correctas deben estár en posiciones aleatorias entre 0 y 2 dentro del arreglo de la propiedad 'options').

Aquí hay un ejemplo del formato:

{
  "main_question": "Pregunta principal de ejemplo?",
  "questions": [
    {
        "question_text": "Variantes de la pregunta de ejemplo?",
        "question_image": "🇩🇴",
        "options": ['"Opción 1"', '"Opción 2"', '"Opción 3"'],
        "correct_option_index": 2
    }
  ]
} 

Notas Importantes: - Todo el contenido que generes debe estar en idioma Espanol.
- En las opciones distribuye de forma equitativa y no secuencial la asignación de las opciones correctas en posiciones entre 0 y {num_options - 1}.
- Todos los campos son obligatorios que estén presentes aunque estén en blanco.
- REALIZA UNA DOBE VERIFICACION DE LAS OPCIONES CORRECTAS. NO PUEDES COMETER ERRORES.

2024-08-15 00:55:26.632 | INFO     | __main__:omprint:30 - {'main_question': '¿Puedes identificar el deporte solo a partir de emojis?', 'questions': [{'question_text': '¿Qué deporte es este emoji?', 'question_image': '🏊', 'options': ['Natación', 'Fútbol', 'Béisbol'], 'correct_option_index': 0}, {'question_text': '¿De qué deporte se trata aquí?', 'question_image': '🏹', 'options': ['Arquería', 'Boxeo', 'Ciclismo'], 'correct_option_index': 1}]}
2024-08-15 00:55:27.438 | INFO     | __main__:omprint:30 - [DEBUG] video_total_duration: 6.5
2024-08-15 00:55:28.067 | INFO     | __main__:omprint:30 - create_background_video - background_clip.w, background_clip.h: 1080 1920
2024-08-15 00:55:28.101 | INFO     | __main__:omprint:30 - [DEBUG] add_question_text - max_width: 920
2024-08-15 00:55:28.102 | INFO     | __main__:omprint:30 - [DEBUG] add_question_text - text_length: 55
2024-08-15 00:55:28.103 | INFO     | __main__:omprint:30 - [DEBUG] add_question_text - fontsize: 80
2024-08-15 00:55:28.173 | INFO     | __main__:omprint:30 - [DEBUG] question_image_clip: <function VideoClip.set_position.<locals>.<lambda> at 0x7975f5e8fc40>
2024-08-15 00:55:28.174 | INFO     | __main__:omprint:30 - [DEBUG] options_top_margin: 941
2024-08-15 00:55:28.346 | INFO     | __main__:omprint:30 - [DEBUG] video_total_duration 1: 6.5
2024-08-15 00:55:28.347 | INFO     | __main__:omprint:30 - [DEBUG] narration_audio.duration: 1.5
2024-08-15 00:55:28.348 | INFO     | __main__:omprint:30 - [DEBUG] clock_sound_effects.duration: 3
2024-08-15 00:55:28.348 | INFO     | __main__:omprint:30 - [DEBUG] ding_sound_effects.duration: 2
2024-08-15 00:55:28.349 | INFO     | __main__:omprint:30 - [DEBUG] narration_audio_winner.duration: 0.8
2024-08-15 00:55:28.350 | INFO     | __main__:omprint:30 - [DEBUG] final_audio.duration 2: 6.5
2024-08-15 00:55:28.350 | INFO     | __main__:omprint:30 - [DEBUG] final_clip.duration 2: 6.5
2024-08-15 00:55:28.868 | INFO     | __main__:omprint:30 - [DEBUG] video_total_duration: 6.68
2024-08-15 00:55:29.497 | INFO     | __main__:omprint:30 - create_background_video - background_clip.w, background_clip.h: 1080 1920
2024-08-15 00:55:29.535 | INFO     | __main__:omprint:30 - [DEBUG] add_question_text - max_width: 920
2024-08-15 00:55:29.536 | INFO     | __main__:omprint:30 - [DEBUG] add_question_text - text_length: 55
2024-08-15 00:55:29.536 | INFO     | __main__:omprint:30 - [DEBUG] add_question_text - fontsize: 80
2024-08-15 00:55:29.603 | INFO     | __main__:omprint:30 - [DEBUG] question_image_clip: <function VideoClip.set_position.<locals>.<lambda> at 0x79760444fd80>
2024-08-15 00:55:29.604 | INFO     | __main__:omprint:30 - [DEBUG] options_top_margin: 941
2024-08-15 00:55:29.766 | INFO     | __main__:omprint:30 - [DEBUG] video_total_duration 1: 6.68
2024-08-15 00:55:29.767 | INFO     | __main__:omprint:30 - [DEBUG] narration_audio.duration: 1.68
2024-08-15 00:55:29.768 | INFO     | __main__:omprint:30 - [DEBUG] clock_sound_effects.duration: 3
2024-08-15 00:55:29.769 | INFO     | __main__:omprint:30 - [DEBUG] ding_sound_effects.duration: 2
2024-08-15 00:55:29.769 | INFO     | __main__:omprint:30 - [DEBUG] narration_audio_winner.duration: 0.74
2024-08-15 00:55:29.770 | INFO     | __main__:omprint:30 - [DEBUG] final_audio.duration 2: 6.68
2024-08-15 00:55:29.771 | INFO     | __main__:omprint:30 - [DEBUG] final_clip.duration 2: 6.68
2024-08-15 00:55:29.772 | INFO     | __main__:omprint:30 - [DEBUG] all_clips[0] - start: 0, duration: 6.5, end: 6.5
2024-08-15 00:55:29.772 | INFO     | __main__:omprint:30 - [DEBUG] all_clips[1] - start: 0, duration: 6.68, end: 6.68
2024-08-15 00:55:29.787 | INFO     | __main__:omprint:30 - [DEBUG] generate_combined_trivia_video - final_video.duration: 13.18
2024-08-15 00:55:56.677 | INFO     | __main__:omprint:30 - Ya hay un proceso en ejecución.
2024-08-15 00:56:56.678 | INFO     | __main__:omprint:30 - Ya hay un proceso en ejecución.
2024-08-15 00:57:25.717 | INFO     | __main__:omprint:30 - Tiempo de procesamiento: 119.08175253868103 segundos
2024-08-15 00:57:25.718 | INFO     | __main__:omprint:30 - video_to_upload: https://trivias.luxuryroamers.com/generados/videos/fc9eb9e0-d297-4e04-88aa-c08b297ce636.mp4
2024-08-15 00:57:25.718 | INFO     | __main__:omprint:30 - El script tomó 120.83 segundos en ejecutarse.
2024-08-15 00:57:30.725 | INFO     | __main__:omprint:30 - pending_processes: []
2024-08-15 00:57:30.725 | INFO     | __main__:omprint:30 - No hay más procesos pendientes.
2024-08-15 00:57:56.679 | INFO     | __main__:omprint:30 - pending_processes: []
2024-08-15 00:57:56.680 | INFO     | __main__:omprint:30 - No hay más procesos pendientes.
2024-08-15 00:58:56.681 | INFO     | __main__:omprint:30 - pending_processes: []
2024-08-15 00:58:56.682 | INFO     | __main__:omprint:30 - No hay más procesos pendientes.
2024-08-15 00:59:56.683 | INFO     | __main__:omprint:30 - pending_processes: []
2024-08-15 00:59:56.684 | INFO     | __main__:omprint:30 - No hay más procesos pendientes.
2024-08-15 01:00:56.685 | INFO     | __main__:omprint:30 - pending_processes: []
2024-08-15 01:00:56.685 | INFO     | __main__:omprint:30 - No hay más procesos pendientes.
2024-08-15 01:01:56.686 | INFO     | __main__:omprint:30 - pending_processes: []
2024-08-15 01:01:56.687 | INFO     | __main__:omprint:30 - No hay más procesos pendientes.
2024-08-15 01:02:56.688 | INFO     | __main__:omprint:30 - pending_processes: []
2024-08-15 01:02:56.689 | INFO     | __main__:omprint:30 - No hay más procesos pendientes.
2024-08-15 01:03:56.689 | INFO     | __main__:omprint:30 - pending_processes: []
2024-08-15 01:03:56.690 | INFO     | __main__:omprint:30 - No hay más procesos pendientes.
2024-08-15 01:04:56.691 | INFO     | __main__:omprint:30 - pending_processes: []
2024-08-15 01:04:56.692 | INFO     | __main__:omprint:30 - No hay más procesos pendientes.
2024-08-15 01:05:56.692 | INFO     | __main__:omprint:30 - pending_processes: []
2024-08-15 01:05:56.693 | INFO     | __main__:omprint:30 - No hay más procesos pendientes.
2024-08-15 01:06:56.694 | INFO     | __main__:omprint:30 - pending_processes: []
2024-08-15 01:06:56.695 | INFO     | __main__:omprint:30 - No hay más procesos pendientes.
2024-08-15 01:07:56.696 | INFO     | __main__:omprint:30 - pending_processes: []
2024-08-15 01:07:56.696 | INFO     | __main__:omprint:30 - No hay más procesos pendientes.
2024-08-15 01:08:56.697 | INFO     | __main__:omprint:30 - pending_processes: []
2024-08-15 01:08:56.698 | INFO     | __main__:omprint:30 - No hay más procesos pendientes.
2024-08-15 01:09:56.699 | INFO     | __main__:omprint:30 - pending_processes: []
2024-08-15 01:09:56.699 | INFO     | __main__:omprint:30 - No hay más procesos pendientes.
2024-08-15 01:10:56.700 | INFO     | __main__:omprint:30 - pending_processes: []
2024-08-15 01:10:56.701 | INFO     | __main__:omprint:30 - No hay más procesos pendientes.
2024-08-15 01:11:56.702 | INFO     | __main__:omprint:30 - pending_processes: []
2024-08-15 01:11:56.702 | INFO     | __main__:omprint:30 - No hay más procesos pendientes.
2024-08-15 01:12:56.703 | INFO     | __main__:omprint:30 - pending_processes: []
2024-08-15 01:12:56.704 | INFO     | __main__:omprint:30 - No hay más procesos pendientes.
2024-08-15 01:13:56.705 | INFO     | __main__:omprint:30 - pending_processes: []
2024-08-15 01:13:56.706 | INFO     | __main__:omprint:30 - No hay más procesos pendientes.
2024-08-15 01:14:56.707 | INFO     | __main__:omprint:30 - pending_processes: []
2024-08-15 01:14:56.707 | INFO     | __main__:omprint:30 - No hay más procesos pendientes.
2024-08-15 01:15:56.708 | INFO     | __main__:omprint:30 - pending_processes: []
2024-08-15 01:15:56.709 | INFO     | __main__:omprint:30 - No hay más procesos pendientes.
2024-08-15 01:16:56.710 | INFO     | __main__:omprint:30 - pending_processes: []
2024-08-15 01:16:56.711 | INFO     | __main__:omprint:30 - No hay más procesos pendientes.
2024-08-15 01:17:56.712 | INFO     | __main__:omprint:30 - pending_processes: []
2024-08-15 01:17:56.712 | INFO     | __main__:omprint:30 - No hay más procesos pendientes.
2024-08-15 01:18:56.713 | INFO     | __main__:omprint:30 - pending_processes: []
2024-08-15 01:18:56.714 | INFO     | __main__:omprint:30 - No hay más procesos pendientes.
2024-08-15 01:19:56.715 | INFO     | __main__:omprint:30 - pending_processes: []
2024-08-15 01:19:56.715 | INFO     | __main__:omprint:30 - No hay más procesos pendientes.
2024-08-15 01:20:56.717 | INFO     | __main__:omprint:30 - pending_processes: []
2024-08-15 01:20:56.717 | INFO     | __main__:omprint:30 - No hay más procesos pendientes.
2024-08-15 01:21:56.718 | INFO     | __main__:omprint:30 - pending_processes: []
2024-08-15 01:21:56.719 | INFO     | __main__:omprint:30 - No hay más procesos pendientes.
2024-08-15 01:22:56.720 | INFO     | __main__:omprint:30 - pending_processes: []
2024-08-15 01:22:56.721 | INFO     | __main__:omprint:30 - No hay más procesos pendientes.
2024-08-15 01:23:56.722 | INFO     | __main__:omprint:30 - pending_processes: []
2024-08-15 01:23:56.722 | INFO     | __main__:omprint:30 - No hay más procesos pendientes.
2024-08-15 01:24:56.723 | INFO     | __main__:omprint:30 - pending_processes: []
2024-08-15 01:24:56.724 | INFO     | __main__:omprint:30 - No hay más procesos pendientes.
2024-08-15 01:25:56.725 | INFO     | __main__:omprint:30 - pending_processes: []
2024-08-15 01:25:56.725 | INFO     | __main__:omprint:30 - No hay más procesos pendientes.
2024-08-15 01:26:56.726 | INFO     | __main__:omprint:30 - pending_processes: []
2024-08-15 01:26:56.727 | INFO     | __main__:omprint:30 - No hay más procesos pendientes.
