2024-08-15 19:00:52.065 | INFO     | __main__:omprint:30 - pending_processes: [{'uuid': '5469bf7f-c36c-45dc-bb36-733e3aff2843', 'language': 'Espanol', 'voice': 'Pedro', 'main_question': 'identificar nombres de inventores a partir de emojis de sus inventos', 'num_questions': 10, 'num_options': 3, 'background_music': 'animada2', 'background_video': 'newyork3', 'fecha_creacion': '2024-08-15T19:00:52.059574+00:00', 'fecha_modificacion': '2024-08-15T19:00:52.059574+00:00', 'estado': 'pendiente'}]
2024-08-15 19:00:52.066 | INFO     | __main__:omprint:30 - Ejecutando el proceso ID: 5469bf7f-c36c-45dc-bb36-733e3aff2843
2024-08-15 19:00:52.066 | INFO     | __main__:omprint:30 - ---------------------------------------------------
2024-08-15 19:00:52.067 | INFO     | __main__:omprint:30 - uuid4, language, voice, main_question, num_questions, num_options, background_music, background_video: 5469bf7f-c36c-45dc-bb36-733e3aff2843 Espanol Pedro identificar nombres de inventores a partir de emojis de sus inventos 10 3 animada2 newyork3
2024-08-15 19:00:52.067 | INFO     | __main__:omprint:30 - ---------------------------------------------------
2024-08-15 19:00:52.067 | INFO     | __main__:omprint:30 - Genera una lista de 10 preguntas cortas en idioma Espanol en formato JSON para un quiz / trivia sobre ['identificar nombres de inventores a partir de emojis de sus inventos']. El JSON debe incluir una pregunta principal corta en idioma Espanol sin emojis en ella, con el estilo MrBeast en la propiedad 'main_question' que aplique para todas las preguntas de la propiedad 'questions', seguido de un arreglo 'questions' que contenga objetos con las siguientes propiedades: el texto de la pregunta corta en idioma Espanol sin emojis en ella con variantes  para hacer la pronunciaci칩n m치s humana y consistente SIN INCLUIR EL EMOJI, una imagen representada como un emoji, opciones de respuesta en idioma Espanol con 3 opciones donde alternes la opci칩n correcta en las diferentes posiciones del arreglo de opciones entre 0 y 2, (IMPORTANTE: deben tener un tamano de 18 caracteres m치ximo por opci칩n), y el 칤ndice de la opci칩n correcta (IMPORTANTE: Las opciones correctas deben est치r en posiciones aleatorias entre 0 y 2 dentro del arreglo de la propiedad 'options').

Aqu칤 hay un ejemplo del formato:

{
  "main_question": "Pregunta principal de ejemplo?",
  "questions": [
    {
        "question_text": "Variantes de la pregunta de ejemplo?",
        "question_image": "游뾇릖",
        "options": ['"Opci칩n 1"', '"Opci칩n 2"', '"Opci칩n 3"'],
        "correct_option_index": 2
    }
  ]
} 

Notas Importantes: - Todo el contenido que generes debe estar en idioma Espanol.
- En las opciones distribuye de forma equitativa y no secuencial la asignaci칩n de las opciones correctas en posiciones entre 0 y {num_options - 1}.
- Todos los campos son obligatorios que est칠n presentes aunque est칠n en blanco.
- REALIZA UNA DOBE VERIFICACION DE LAS OPCIONES CORRECTAS. NO PUEDES COMETER ERRORES.

2024-08-15 19:01:03.002 | INFO     | __main__:omprint:30 - {'main_question': '쯈ui칠n es el inventor detr치s de este invento?', 'questions': [{'question_text': '쯈ui칠n invent칩 la bombilla?', 'question_image': '游눠', 'options': ['Thomas Edison', 'Nikola Tesla', 'Alexander Graham Bell'], 'correct_option_index': 0}, {'question_text': '쯈ui칠n es el creador del avi칩n?', 'question_image': '九걾잺', 'options': ['Wright Brothers', 'Henry Ford', 'Charles Lindbergh'], 'correct_option_index': 0}, {'question_text': '쯈ui칠n invent칩 el tel칠fono?', 'question_image': '游', 'options': ['Alexander Graham Bell', 'Guglielmo Marconi', 'Thomas Edison'], 'correct_option_index': 0}, {'question_text': '쯈ui칠n cre칩 el autom칩vil?', 'question_image': '游뚱', 'options': ['Henry Ford', 'Karl Benz', 'Nikola Tesla'], 'correct_option_index': 1}, {'question_text': '쯈ui칠n fue el inventor de la penicilina?', 'question_image': '游눍', 'options': ['Marie Curie', 'Alexander Fleming', 'Louis Pasteur'], 'correct_option_index': 1}, {'question_text': '쯈ui칠n invent칩 el televisor?', 'question_image': '游닠', 'options': ['Philo Farnsworth', 'John Logie Baird', 'Thomas Edison'], 'correct_option_index': 1}, {'question_text': '쯈ui칠n es el autor de la computadora personal?', 'question_image': '游눹', 'options': ['Steve Jobs', 'Bill Gates', 'Alan Turing'], 'correct_option_index': 0}, {'question_text': '쯈ui칠n invent칩 la c치mara fotogr치fica?', 'question_image': '游닝', 'options': ['Louis Daguerre', 'George Eastman', 'Thomas Edison'], 'correct_option_index': 0}, {'question_text': '쯈ui칠n hizo el primer historial m칠dico?', 'question_image': '游늼', 'options': ['Hippocrates', 'Florence Nightingale', 'Marie Curie'], 'correct_option_index': 0}, {'question_text': '쯈ui칠n fue el inventor de Internet?', 'question_image': '游깷', 'options': ['Vint Cerf', 'Tim Berners-Lee', 'Al Gore'], 'correct_option_index': 2}]}
2024-08-15 19:01:03.615 | INFO     | __main__:omprint:30 - [DEBUG] generate_trivia_video - ctxVideo: {'video_width': 1080, 'video_height': 1920, 'video_duration': 6.35}
2024-08-15 19:01:03.615 | INFO     | __main__:omprint:30 - [DEBUG] generate_trivia_video - video_total_duration: 6.35
2024-08-15 19:01:03.616 | INFO     | __main__:omprint:30 - [DEBUG] ============= add_logo - ctxVideo: {'video_width': 1080, 'video_height': 1920, 'video_duration': 6.35} =============
2024-08-15 19:01:03.654 | INFO     | __main__:omprint:30 - [DEBUG] generate_trivia_video - logo_clip.w, logo_clip.h: 540 175
2024-08-15 19:01:03.654 | INFO     | __main__:omprint:30 - [DEBUG] ============= add_question_text - ctxVideo: {'video_width': 1080, 'video_height': 1920, 'video_duration': 6.35} =============
2024-08-15 19:01:03.654 | INFO     | __main__:omprint:30 - [DEBUG] add_question_text - max_width: 920
2024-08-15 19:01:03.655 | INFO     | __main__:omprint:30 - [DEBUG] add_question_text - text_length: 45
2024-08-15 19:01:03.655 | INFO     | __main__:omprint:30 - [DEBUG] add_question_text - fontsize: 80
2024-08-15 19:01:03.716 | INFO     | __main__:omprint:30 - [DEBUG] generate_trivia_video - question_clip.w, question_clip.h: 920 291
2024-08-15 19:01:03.725 | INFO     | __main__:omprint:30 - [DEBUG] generate_trivia_video - question_image_clip.w, question_image_clip.h: 161 160
2024-08-15 19:01:03.725 | INFO     | __main__:omprint:30 - [DEBUG] question_image_clip: <function VideoClip.set_position.<locals>.<lambda> at 0x7a359081fec0>
2024-08-15 19:01:03.725 | INFO     | __main__:omprint:30 - [DEBUG] options_top_margin: 941
2024-08-15 19:01:03.881 | INFO     | __main__:omprint:30 - [DEBUG] generate_trivia_video - account_clip.w, account_clip.h: 430 64
2024-08-15 19:01:03.903 | INFO     | __main__:omprint:30 - [DEBUG] video_total_duration 1: 6.35
2024-08-15 19:01:03.904 | INFO     | __main__:omprint:30 - [DEBUG] narration_audio.duration: 1.35
2024-08-15 19:01:03.904 | INFO     | __main__:omprint:30 - [DEBUG] clock_sound_effects.duration: 3
2024-08-15 19:01:03.904 | INFO     | __main__:omprint:30 - [DEBUG] ding_sound_effects.duration: 2
2024-08-15 19:01:03.905 | INFO     | __main__:omprint:30 - [DEBUG] narration_audio_winner.duration: 1.04
2024-08-15 19:01:03.905 | INFO     | __main__:omprint:30 - [DEBUG] final_audio.duration 2: 6.39
2024-08-15 19:01:03.905 | INFO     | __main__:omprint:30 - [DEBUG] final_clip.duration 2: 6.35
2024-08-15 19:01:04.440 | INFO     | __main__:omprint:30 - [DEBUG] generate_trivia_video - ctxVideo: {'video_width': 1080, 'video_height': 1920, 'video_duration': 6.59}
2024-08-15 19:01:04.440 | INFO     | __main__:omprint:30 - [DEBUG] generate_trivia_video - video_total_duration: 6.59
2024-08-15 19:01:04.440 | INFO     | __main__:omprint:30 - [DEBUG] ============= add_logo - ctxVideo: {'video_width': 1080, 'video_height': 1920, 'video_duration': 6.59} =============
2024-08-15 19:01:04.474 | INFO     | __main__:omprint:30 - [DEBUG] generate_trivia_video - logo_clip.w, logo_clip.h: 540 175
2024-08-15 19:01:04.474 | INFO     | __main__:omprint:30 - [DEBUG] ============= add_question_text - ctxVideo: {'video_width': 1080, 'video_height': 1920, 'video_duration': 6.59} =============
2024-08-15 19:01:04.474 | INFO     | __main__:omprint:30 - [DEBUG] add_question_text - max_width: 920
2024-08-15 19:01:04.474 | INFO     | __main__:omprint:30 - [DEBUG] add_question_text - text_length: 45
2024-08-15 19:01:04.475 | INFO     | __main__:omprint:30 - [DEBUG] add_question_text - fontsize: 80
2024-08-15 19:01:04.532 | INFO     | __main__:omprint:30 - [DEBUG] generate_trivia_video - question_clip.w, question_clip.h: 920 291
2024-08-15 19:01:04.542 | INFO     | __main__:omprint:30 - [DEBUG] generate_trivia_video - question_image_clip.w, question_image_clip.h: 161 160
2024-08-15 19:01:04.542 | INFO     | __main__:omprint:30 - [DEBUG] question_image_clip: <function VideoClip.set_position.<locals>.<lambda> at 0x7a3580c98ea0>
2024-08-15 19:01:04.543 | INFO     | __main__:omprint:30 - [DEBUG] options_top_margin: 941
2024-08-15 19:01:04.706 | INFO     | __main__:omprint:30 - [DEBUG] generate_trivia_video - account_clip.w, account_clip.h: 430 64
2024-08-15 19:01:04.729 | INFO     | __main__:omprint:30 - [DEBUG] video_total_duration 1: 6.59
2024-08-15 19:01:04.729 | INFO     | __main__:omprint:30 - [DEBUG] narration_audio.duration: 1.59
2024-08-15 19:01:04.730 | INFO     | __main__:omprint:30 - [DEBUG] clock_sound_effects.duration: 3
2024-08-15 19:01:04.730 | INFO     | __main__:omprint:30 - [DEBUG] ding_sound_effects.duration: 2
2024-08-15 19:01:04.730 | INFO     | __main__:omprint:30 - [DEBUG] narration_audio_winner.duration: 1.18
2024-08-15 19:01:04.730 | INFO     | __main__:omprint:30 - [DEBUG] final_audio.duration 2: 6.77
2024-08-15 19:01:04.731 | INFO     | __main__:omprint:30 - [DEBUG] final_clip.duration 2: 6.59
2024-08-15 19:01:05.603 | INFO     | __main__:omprint:30 - [DEBUG] generate_trivia_video - ctxVideo: {'video_width': 1080, 'video_height': 1920, 'video_duration': 6.35}
2024-08-15 19:01:05.603 | INFO     | __main__:omprint:30 - [DEBUG] generate_trivia_video - video_total_duration: 6.35
2024-08-15 19:01:05.603 | INFO     | __main__:omprint:30 - [DEBUG] ============= add_logo - ctxVideo: {'video_width': 1080, 'video_height': 1920, 'video_duration': 6.35} =============
2024-08-15 19:01:05.637 | INFO     | __main__:omprint:30 - [DEBUG] generate_trivia_video - logo_clip.w, logo_clip.h: 540 175
2024-08-15 19:01:05.637 | INFO     | __main__:omprint:30 - [DEBUG] ============= add_question_text - ctxVideo: {'video_width': 1080, 'video_height': 1920, 'video_duration': 6.35} =============
2024-08-15 19:01:05.638 | INFO     | __main__:omprint:30 - [DEBUG] add_question_text - max_width: 920
2024-08-15 19:01:05.638 | INFO     | __main__:omprint:30 - [DEBUG] add_question_text - text_length: 45
2024-08-15 19:01:05.638 | INFO     | __main__:omprint:30 - [DEBUG] add_question_text - fontsize: 80
2024-08-15 19:01:05.697 | INFO     | __main__:omprint:30 - [DEBUG] generate_trivia_video - question_clip.w, question_clip.h: 920 291
2024-08-15 19:01:05.706 | INFO     | __main__:omprint:30 - [DEBUG] generate_trivia_video - question_image_clip.w, question_image_clip.h: 161 160
2024-08-15 19:01:05.706 | INFO     | __main__:omprint:30 - [DEBUG] question_image_clip: <function VideoClip.set_position.<locals>.<lambda> at 0x7a3592cbeac0>
2024-08-15 19:01:05.706 | INFO     | __main__:omprint:30 - [DEBUG] options_top_margin: 941
2024-08-15 19:01:05.873 | INFO     | __main__:omprint:30 - [DEBUG] generate_trivia_video - account_clip.w, account_clip.h: 430 64
2024-08-15 19:01:05.895 | INFO     | __main__:omprint:30 - [DEBUG] video_total_duration 1: 6.35
2024-08-15 19:01:05.895 | INFO     | __main__:omprint:30 - [DEBUG] narration_audio.duration: 1.35
2024-08-15 19:01:05.896 | INFO     | __main__:omprint:30 - [DEBUG] clock_sound_effects.duration: 3
2024-08-15 19:01:05.896 | INFO     | __main__:omprint:30 - [DEBUG] ding_sound_effects.duration: 2
2024-08-15 19:01:05.896 | INFO     | __main__:omprint:30 - [DEBUG] narration_audio_winner.duration: 1.41
2024-08-15 19:01:05.897 | INFO     | __main__:omprint:30 - [DEBUG] final_audio.duration 2: 6.76
2024-08-15 19:01:05.897 | INFO     | __main__:omprint:30 - [DEBUG] final_clip.duration 2: 6.35
2024-08-15 19:01:06.382 | INFO     | __main__:omprint:30 - [DEBUG] generate_trivia_video - ctxVideo: {'video_width': 1080, 'video_height': 1920, 'video_duration': 6.34}
2024-08-15 19:01:06.382 | INFO     | __main__:omprint:30 - [DEBUG] generate_trivia_video - video_total_duration: 6.34
2024-08-15 19:01:06.382 | INFO     | __main__:omprint:30 - [DEBUG] ============= add_logo - ctxVideo: {'video_width': 1080, 'video_height': 1920, 'video_duration': 6.34} =============
2024-08-15 19:01:06.414 | INFO     | __main__:omprint:30 - [DEBUG] generate_trivia_video - logo_clip.w, logo_clip.h: 540 175
2024-08-15 19:01:06.415 | INFO     | __main__:omprint:30 - [DEBUG] ============= add_question_text - ctxVideo: {'video_width': 1080, 'video_height': 1920, 'video_duration': 6.34} =============
2024-08-15 19:01:06.415 | INFO     | __main__:omprint:30 - [DEBUG] add_question_text - max_width: 920
2024-08-15 19:01:06.415 | INFO     | __main__:omprint:30 - [DEBUG] add_question_text - text_length: 45
2024-08-15 19:01:06.415 | INFO     | __main__:omprint:30 - [DEBUG] add_question_text - fontsize: 80
2024-08-15 19:01:06.471 | INFO     | __main__:omprint:30 - [DEBUG] generate_trivia_video - question_clip.w, question_clip.h: 920 291
2024-08-15 19:01:06.481 | INFO     | __main__:omprint:30 - [DEBUG] generate_trivia_video - question_image_clip.w, question_image_clip.h: 161 160
2024-08-15 19:01:06.481 | INFO     | __main__:omprint:30 - [DEBUG] question_image_clip: <function VideoClip.set_position.<locals>.<lambda> at 0x7a3590fba840>
2024-08-15 19:01:06.481 | INFO     | __main__:omprint:30 - [DEBUG] options_top_margin: 941
2024-08-15 19:01:06.626 | INFO     | __main__:omprint:30 - [DEBUG] generate_trivia_video - account_clip.w, account_clip.h: 430 64
2024-08-15 19:01:06.650 | INFO     | __main__:omprint:30 - [DEBUG] video_total_duration 1: 6.34
2024-08-15 19:01:06.650 | INFO     | __main__:omprint:30 - [DEBUG] narration_audio.duration: 1.34
2024-08-15 19:01:06.650 | INFO     | __main__:omprint:30 - [DEBUG] clock_sound_effects.duration: 3
2024-08-15 19:01:06.651 | INFO     | __main__:omprint:30 - [DEBUG] ding_sound_effects.duration: 2
2024-08-15 19:01:06.651 | INFO     | __main__:omprint:30 - [DEBUG] narration_audio_winner.duration: 0.84
2024-08-15 19:01:06.651 | INFO     | __main__:omprint:30 - [DEBUG] final_audio.duration 2: 6.34
2024-08-15 19:01:06.652 | INFO     | __main__:omprint:30 - [DEBUG] final_clip.duration 2: 6.34
2024-08-15 19:01:07.234 | INFO     | __main__:omprint:30 - [DEBUG] generate_trivia_video - ctxVideo: {'video_width': 1080, 'video_height': 1920, 'video_duration': 6.85}
2024-08-15 19:01:07.235 | INFO     | __main__:omprint:30 - [DEBUG] generate_trivia_video - video_total_duration: 6.85
2024-08-15 19:01:07.235 | INFO     | __main__:omprint:30 - [DEBUG] ============= add_logo - ctxVideo: {'video_width': 1080, 'video_height': 1920, 'video_duration': 6.85} =============
2024-08-15 19:01:07.268 | INFO     | __main__:omprint:30 - [DEBUG] generate_trivia_video - logo_clip.w, logo_clip.h: 540 175
2024-08-15 19:01:07.269 | INFO     | __main__:omprint:30 - [DEBUG] ============= add_question_text - ctxVideo: {'video_width': 1080, 'video_height': 1920, 'video_duration': 6.85} =============
2024-08-15 19:01:07.269 | INFO     | __main__:omprint:30 - [DEBUG] add_question_text - max_width: 920
2024-08-15 19:01:07.269 | INFO     | __main__:omprint:30 - [DEBUG] add_question_text - text_length: 45
2024-08-15 19:01:07.270 | INFO     | __main__:omprint:30 - [DEBUG] add_question_text - fontsize: 80
2024-08-15 19:01:07.329 | INFO     | __main__:omprint:30 - [DEBUG] generate_trivia_video - question_clip.w, question_clip.h: 920 291
2024-08-15 19:01:07.339 | INFO     | __main__:omprint:30 - [DEBUG] generate_trivia_video - question_image_clip.w, question_image_clip.h: 161 160
2024-08-15 19:01:07.339 | INFO     | __main__:omprint:30 - [DEBUG] question_image_clip: <function VideoClip.set_position.<locals>.<lambda> at 0x7a3590842f20>
2024-08-15 19:01:07.339 | INFO     | __main__:omprint:30 - [DEBUG] options_top_margin: 941
2024-08-15 19:01:07.497 | INFO     | __main__:omprint:30 - [DEBUG] generate_trivia_video - account_clip.w, account_clip.h: 430 64
2024-08-15 19:01:07.519 | INFO     | __main__:omprint:30 - [DEBUG] video_total_duration 1: 6.85
2024-08-15 19:01:07.520 | INFO     | __main__:omprint:30 - [DEBUG] narration_audio.duration: 1.85
2024-08-15 19:01:07.520 | INFO     | __main__:omprint:30 - [DEBUG] clock_sound_effects.duration: 3
2024-08-15 19:01:07.520 | INFO     | __main__:omprint:30 - [DEBUG] ding_sound_effects.duration: 2
2024-08-15 19:01:07.521 | INFO     | __main__:omprint:30 - [DEBUG] narration_audio_winner.duration: 1.28
2024-08-15 19:01:07.521 | INFO     | __main__:omprint:30 - [DEBUG] final_audio.duration 2: 7.13
2024-08-15 19:01:07.521 | INFO     | __main__:omprint:30 - [DEBUG] final_clip.duration 2: 6.85
2024-08-15 19:01:07.990 | INFO     | __main__:omprint:30 - [DEBUG] generate_trivia_video - ctxVideo: {'video_width': 1080, 'video_height': 1920, 'video_duration': 6.43}
2024-08-15 19:01:07.991 | INFO     | __main__:omprint:30 - [DEBUG] generate_trivia_video - video_total_duration: 6.43
2024-08-15 19:01:07.991 | INFO     | __main__:omprint:30 - [DEBUG] ============= add_logo - ctxVideo: {'video_width': 1080, 'video_height': 1920, 'video_duration': 6.43} =============
2024-08-15 19:01:08.024 | INFO     | __main__:omprint:30 - [DEBUG] generate_trivia_video - logo_clip.w, logo_clip.h: 540 175
2024-08-15 19:01:08.024 | INFO     | __main__:omprint:30 - [DEBUG] ============= add_question_text - ctxVideo: {'video_width': 1080, 'video_height': 1920, 'video_duration': 6.43} =============
2024-08-15 19:01:08.024 | INFO     | __main__:omprint:30 - [DEBUG] add_question_text - max_width: 920
2024-08-15 19:01:08.025 | INFO     | __main__:omprint:30 - [DEBUG] add_question_text - text_length: 45
2024-08-15 19:01:08.025 | INFO     | __main__:omprint:30 - [DEBUG] add_question_text - fontsize: 80
2024-08-15 19:01:08.082 | INFO     | __main__:omprint:30 - [DEBUG] generate_trivia_video - question_clip.w, question_clip.h: 920 291
2024-08-15 19:01:08.094 | INFO     | __main__:omprint:30 - [DEBUG] generate_trivia_video - question_image_clip.w, question_image_clip.h: 161 160
2024-08-15 19:01:08.094 | INFO     | __main__:omprint:30 - [DEBUG] question_image_clip: <function VideoClip.set_position.<locals>.<lambda> at 0x7a35910a8e00>
2024-08-15 19:01:08.094 | INFO     | __main__:omprint:30 - [DEBUG] options_top_margin: 941
2024-08-15 19:01:08.276 | INFO     | __main__:omprint:30 - [DEBUG] generate_trivia_video - account_clip.w, account_clip.h: 430 64
2024-08-15 19:01:08.302 | INFO     | __main__:omprint:30 - [DEBUG] video_total_duration 1: 6.43
2024-08-15 19:01:08.303 | INFO     | __main__:omprint:30 - [DEBUG] narration_audio.duration: 1.43
2024-08-15 19:01:08.304 | INFO     | __main__:omprint:30 - [DEBUG] clock_sound_effects.duration: 3
2024-08-15 19:01:08.304 | INFO     | __main__:omprint:30 - [DEBUG] ding_sound_effects.duration: 2
2024-08-15 19:01:08.305 | INFO     | __main__:omprint:30 - [DEBUG] narration_audio_winner.duration: 1.1
2024-08-15 19:01:08.305 | INFO     | __main__:omprint:30 - [DEBUG] final_audio.duration 2: 6.529999999999999
2024-08-15 19:01:08.305 | INFO     | __main__:omprint:30 - [DEBUG] final_clip.duration 2: 6.43
2024-08-15 19:01:08.897 | INFO     | __main__:omprint:30 - [DEBUG] generate_trivia_video - ctxVideo: {'video_width': 1080, 'video_height': 1920, 'video_duration': 7.25}
2024-08-15 19:01:08.897 | INFO     | __main__:omprint:30 - [DEBUG] generate_trivia_video - video_total_duration: 7.25
2024-08-15 19:01:08.898 | INFO     | __main__:omprint:30 - [DEBUG] ============= add_logo - ctxVideo: {'video_width': 1080, 'video_height': 1920, 'video_duration': 7.25} =============
2024-08-15 19:01:08.931 | INFO     | __main__:omprint:30 - [DEBUG] generate_trivia_video - logo_clip.w, logo_clip.h: 540 175
2024-08-15 19:01:08.931 | INFO     | __main__:omprint:30 - [DEBUG] ============= add_question_text - ctxVideo: {'video_width': 1080, 'video_height': 1920, 'video_duration': 7.25} =============
2024-08-15 19:01:08.932 | INFO     | __main__:omprint:30 - [DEBUG] add_question_text - max_width: 920
2024-08-15 19:01:08.932 | INFO     | __main__:omprint:30 - [DEBUG] add_question_text - text_length: 45
2024-08-15 19:01:08.932 | INFO     | __main__:omprint:30 - [DEBUG] add_question_text - fontsize: 80
2024-08-15 19:01:08.991 | INFO     | __main__:omprint:30 - [DEBUG] generate_trivia_video - question_clip.w, question_clip.h: 920 291
2024-08-15 19:01:09.000 | INFO     | __main__:omprint:30 - [DEBUG] generate_trivia_video - question_image_clip.w, question_image_clip.h: 161 160
2024-08-15 19:01:09.000 | INFO     | __main__:omprint:30 - [DEBUG] question_image_clip: <function VideoClip.set_position.<locals>.<lambda> at 0x7a3580c78180>
2024-08-15 19:01:09.001 | INFO     | __main__:omprint:30 - [DEBUG] options_top_margin: 941
2024-08-15 19:01:09.152 | INFO     | __main__:omprint:30 - [DEBUG] generate_trivia_video - account_clip.w, account_clip.h: 430 64
2024-08-15 19:01:09.176 | INFO     | __main__:omprint:30 - [DEBUG] video_total_duration 1: 7.25
2024-08-15 19:01:09.177 | INFO     | __main__:omprint:30 - [DEBUG] narration_audio.duration: 2.25
2024-08-15 19:01:09.177 | INFO     | __main__:omprint:30 - [DEBUG] clock_sound_effects.duration: 3
2024-08-15 19:01:09.177 | INFO     | __main__:omprint:30 - [DEBUG] ding_sound_effects.duration: 2
2024-08-15 19:01:09.178 | INFO     | __main__:omprint:30 - [DEBUG] narration_audio_winner.duration: 1.3
2024-08-15 19:01:09.178 | INFO     | __main__:omprint:30 - [DEBUG] final_audio.duration 2: 7.55
2024-08-15 19:01:09.178 | INFO     | __main__:omprint:30 - [DEBUG] final_clip.duration 2: 7.25
2024-08-15 19:01:09.859 | INFO     | __main__:omprint:30 - [DEBUG] generate_trivia_video - ctxVideo: {'video_width': 1080, 'video_height': 1920, 'video_duration': 7.01}
2024-08-15 19:01:09.859 | INFO     | __main__:omprint:30 - [DEBUG] generate_trivia_video - video_total_duration: 7.01
2024-08-15 19:01:09.859 | INFO     | __main__:omprint:30 - [DEBUG] ============= add_logo - ctxVideo: {'video_width': 1080, 'video_height': 1920, 'video_duration': 7.01} =============
2024-08-15 19:01:09.891 | INFO     | __main__:omprint:30 - [DEBUG] generate_trivia_video - logo_clip.w, logo_clip.h: 540 175
2024-08-15 19:01:09.891 | INFO     | __main__:omprint:30 - [DEBUG] ============= add_question_text - ctxVideo: {'video_width': 1080, 'video_height': 1920, 'video_duration': 7.01} =============
2024-08-15 19:01:09.891 | INFO     | __main__:omprint:30 - [DEBUG] add_question_text - max_width: 920
2024-08-15 19:01:09.892 | INFO     | __main__:omprint:30 - [DEBUG] add_question_text - text_length: 45
2024-08-15 19:01:09.892 | INFO     | __main__:omprint:30 - [DEBUG] add_question_text - fontsize: 80
2024-08-15 19:01:09.950 | INFO     | __main__:omprint:30 - [DEBUG] generate_trivia_video - question_clip.w, question_clip.h: 920 291
2024-08-15 19:01:09.963 | INFO     | __main__:omprint:30 - [DEBUG] generate_trivia_video - question_image_clip.w, question_image_clip.h: 161 160
2024-08-15 19:01:09.963 | INFO     | __main__:omprint:30 - [DEBUG] question_image_clip: <function VideoClip.set_position.<locals>.<lambda> at 0x7a35909177e0>
2024-08-15 19:01:09.963 | INFO     | __main__:omprint:30 - [DEBUG] options_top_margin: 941
2024-08-15 19:01:10.123 | INFO     | __main__:omprint:30 - [DEBUG] generate_trivia_video - account_clip.w, account_clip.h: 430 64
2024-08-15 19:01:10.148 | INFO     | __main__:omprint:30 - [DEBUG] video_total_duration 1: 7.01
2024-08-15 19:01:10.148 | INFO     | __main__:omprint:30 - [DEBUG] narration_audio.duration: 2.01
2024-08-15 19:01:10.149 | INFO     | __main__:omprint:30 - [DEBUG] clock_sound_effects.duration: 3
2024-08-15 19:01:10.149 | INFO     | __main__:omprint:30 - [DEBUG] ding_sound_effects.duration: 2
2024-08-15 19:01:10.149 | INFO     | __main__:omprint:30 - [DEBUG] narration_audio_winner.duration: 1.04
2024-08-15 19:01:10.150 | INFO     | __main__:omprint:30 - [DEBUG] final_audio.duration 2: 7.05
2024-08-15 19:01:10.150 | INFO     | __main__:omprint:30 - [DEBUG] final_clip.duration 2: 7.01
2024-08-15 19:01:10.682 | INFO     | __main__:omprint:30 - [DEBUG] generate_trivia_video - ctxVideo: {'video_width': 1080, 'video_height': 1920, 'video_duration': 6.8100000000000005}
2024-08-15 19:01:10.683 | INFO     | __main__:omprint:30 - [DEBUG] generate_trivia_video - video_total_duration: 6.8100000000000005
2024-08-15 19:01:10.683 | INFO     | __main__:omprint:30 - [DEBUG] ============= add_logo - ctxVideo: {'video_width': 1080, 'video_height': 1920, 'video_duration': 6.8100000000000005} =============
2024-08-15 19:01:10.716 | INFO     | __main__:omprint:30 - [DEBUG] generate_trivia_video - logo_clip.w, logo_clip.h: 540 175
2024-08-15 19:01:10.716 | INFO     | __main__:omprint:30 - [DEBUG] ============= add_question_text - ctxVideo: {'video_width': 1080, 'video_height': 1920, 'video_duration': 6.8100000000000005} =============
2024-08-15 19:01:10.716 | INFO     | __main__:omprint:30 - [DEBUG] add_question_text - max_width: 920
2024-08-15 19:01:10.717 | INFO     | __main__:omprint:30 - [DEBUG] add_question_text - text_length: 45
2024-08-15 19:01:10.717 | INFO     | __main__:omprint:30 - [DEBUG] add_question_text - fontsize: 80
2024-08-15 19:01:10.775 | INFO     | __main__:omprint:30 - [DEBUG] generate_trivia_video - question_clip.w, question_clip.h: 920 291
2024-08-15 19:01:10.786 | INFO     | __main__:omprint:30 - [DEBUG] generate_trivia_video - question_image_clip.w, question_image_clip.h: 161 160
2024-08-15 19:01:10.787 | INFO     | __main__:omprint:30 - [DEBUG] question_image_clip: <function VideoClip.set_position.<locals>.<lambda> at 0x7a3580e5b420>
2024-08-15 19:01:10.787 | INFO     | __main__:omprint:30 - [DEBUG] options_top_margin: 941
2024-08-15 19:01:10.938 | INFO     | __main__:omprint:30 - [DEBUG] generate_trivia_video - account_clip.w, account_clip.h: 430 64
2024-08-15 19:01:10.961 | INFO     | __main__:omprint:30 - [DEBUG] video_total_duration 1: 6.8100000000000005
2024-08-15 19:01:10.962 | INFO     | __main__:omprint:30 - [DEBUG] narration_audio.duration: 1.81
2024-08-15 19:01:10.962 | INFO     | __main__:omprint:30 - [DEBUG] clock_sound_effects.duration: 3
2024-08-15 19:01:10.962 | INFO     | __main__:omprint:30 - [DEBUG] ding_sound_effects.duration: 2
2024-08-15 19:01:10.962 | INFO     | __main__:omprint:30 - [DEBUG] narration_audio_winner.duration: 0.91
2024-08-15 19:01:10.963 | INFO     | __main__:omprint:30 - [DEBUG] final_audio.duration 2: 6.8100000000000005
2024-08-15 19:01:10.963 | INFO     | __main__:omprint:30 - [DEBUG] final_clip.duration 2: 6.8100000000000005
2024-08-15 19:01:11.564 | INFO     | __main__:omprint:30 - [DEBUG] generate_trivia_video - ctxVideo: {'video_width': 1080, 'video_height': 1920, 'video_duration': 6.65}
2024-08-15 19:01:11.565 | INFO     | __main__:omprint:30 - [DEBUG] generate_trivia_video - video_total_duration: 6.65
2024-08-15 19:01:11.565 | INFO     | __main__:omprint:30 - [DEBUG] ============= add_logo - ctxVideo: {'video_width': 1080, 'video_height': 1920, 'video_duration': 6.65} =============
2024-08-15 19:01:11.598 | INFO     | __main__:omprint:30 - [DEBUG] generate_trivia_video - logo_clip.w, logo_clip.h: 540 175
2024-08-15 19:01:11.599 | INFO     | __main__:omprint:30 - [DEBUG] ============= add_question_text - ctxVideo: {'video_width': 1080, 'video_height': 1920, 'video_duration': 6.65} =============
2024-08-15 19:01:11.599 | INFO     | __main__:omprint:30 - [DEBUG] add_question_text - max_width: 920
2024-08-15 19:01:11.599 | INFO     | __main__:omprint:30 - [DEBUG] add_question_text - text_length: 45
2024-08-15 19:01:11.599 | INFO     | __main__:omprint:30 - [DEBUG] add_question_text - fontsize: 80
2024-08-15 19:01:11.656 | INFO     | __main__:omprint:30 - [DEBUG] generate_trivia_video - question_clip.w, question_clip.h: 920 291
2024-08-15 19:01:11.666 | INFO     | __main__:omprint:30 - [DEBUG] generate_trivia_video - question_image_clip.w, question_image_clip.h: 161 160
2024-08-15 19:01:11.667 | INFO     | __main__:omprint:30 - [DEBUG] question_image_clip: <function VideoClip.set_position.<locals>.<lambda> at 0x7a3580c791c0>
2024-08-15 19:01:11.667 | INFO     | __main__:omprint:30 - [DEBUG] options_top_margin: 941
2024-08-15 19:01:11.813 | INFO     | __main__:omprint:30 - [DEBUG] generate_trivia_video - account_clip.w, account_clip.h: 430 64
2024-08-15 19:01:11.836 | INFO     | __main__:omprint:30 - [DEBUG] video_total_duration 1: 6.65
2024-08-15 19:01:11.837 | INFO     | __main__:omprint:30 - [DEBUG] narration_audio.duration: 1.65
2024-08-15 19:01:11.837 | INFO     | __main__:omprint:30 - [DEBUG] clock_sound_effects.duration: 3
2024-08-15 19:01:11.837 | INFO     | __main__:omprint:30 - [DEBUG] ding_sound_effects.duration: 2
2024-08-15 19:01:11.837 | INFO     | __main__:omprint:30 - [DEBUG] narration_audio_winner.duration: 0.66
2024-08-15 19:01:11.838 | INFO     | __main__:omprint:30 - [DEBUG] final_audio.duration 2: 6.65
2024-08-15 19:01:11.838 | INFO     | __main__:omprint:30 - [DEBUG] final_clip.duration 2: 6.65
2024-08-15 19:01:12.586 | INFO     | __main__:omprint:30 - create_background_video - background_clip.w, background_clip.h: 1080 1920
2024-08-15 19:01:12.588 | INFO     | __main__:omprint:30 - trivia_sequence: <moviepy.video.compositing.CompositeVideoClip.CompositeVideoClip object at 0x7a35911ead50>
2024-08-15 19:01:50.661 | INFO     | __main__:omprint:30 - Ya hay un proceso en ejecuci칩n.
2024-08-15 19:02:50.662 | INFO     | __main__:omprint:30 - Ya hay un proceso en ejecuci칩n.
2024-08-15 19:03:50.663 | INFO     | __main__:omprint:30 - Ya hay un proceso en ejecuci칩n.
2024-08-15 19:04:50.664 | INFO     | __main__:omprint:30 - Ya hay un proceso en ejecuci칩n.
2024-08-15 19:05:50.665 | INFO     | __main__:omprint:30 - Ya hay un proceso en ejecuci칩n.
2024-08-15 19:06:50.666 | INFO     | __main__:omprint:30 - Ya hay un proceso en ejecuci칩n.
2024-08-15 19:07:50.667 | INFO     | __main__:omprint:30 - Ya hay un proceso en ejecuci칩n.
2024-08-15 19:08:50.669 | INFO     | __main__:omprint:30 - Ya hay un proceso en ejecuci칩n.
2024-08-15 19:09:50.670 | INFO     | __main__:omprint:30 - Ya hay un proceso en ejecuci칩n.
2024-08-15 19:10:50.671 | INFO     | __main__:omprint:30 - Ya hay un proceso en ejecuci칩n.
2024-08-15 19:11:50.672 | INFO     | __main__:omprint:30 - Ya hay un proceso en ejecuci칩n.
2024-08-15 19:12:50.674 | INFO     | __main__:omprint:30 - Ya hay un proceso en ejecuci칩n.
2024-08-15 19:13:07.542 | INFO     | __main__:omprint:30 - Tiempo de procesamiento: 724.5391318798065 segundos
2024-08-15 19:13:07.542 | INFO     | __main__:omprint:30 - video_to_upload: https://trivias.luxuryroamers.com/generados/videos/5469bf7f-c36c-45dc-bb36-733e3aff2843.mp4
2024-08-15 19:13:07.542 | INFO     | __main__:omprint:30 - El script tom칩 735.48 segundos en ejecutarse.
2024-08-15 19:13:12.550 | INFO     | __main__:omprint:30 - pending_processes: []
2024-08-15 19:13:12.551 | INFO     | __main__:omprint:30 - No hay m치s procesos pendientes.
2024-08-15 19:13:50.675 | INFO     | __main__:omprint:30 - pending_processes: []
2024-08-15 19:13:50.675 | INFO     | __main__:omprint:30 - No hay m치s procesos pendientes.
2024-08-15 19:14:50.675 | INFO     | __main__:omprint:30 - pending_processes: []
2024-08-15 19:14:50.676 | INFO     | __main__:omprint:30 - No hay m치s procesos pendientes.
2024-08-15 19:15:50.676 | INFO     | __main__:omprint:30 - pending_processes: []
2024-08-15 19:15:50.677 | INFO     | __main__:omprint:30 - No hay m치s procesos pendientes.
2024-08-15 19:16:50.677 | INFO     | __main__:omprint:30 - pending_processes: []
2024-08-15 19:16:50.678 | INFO     | __main__:omprint:30 - No hay m치s procesos pendientes.
2024-08-15 19:17:50.678 | INFO     | __main__:omprint:30 - pending_processes: []
2024-08-15 19:17:50.679 | INFO     | __main__:omprint:30 - No hay m치s procesos pendientes.
2024-08-15 19:18:50.679 | INFO     | __main__:omprint:30 - pending_processes: []
2024-08-15 19:18:50.680 | INFO     | __main__:omprint:30 - No hay m치s procesos pendientes.
2024-08-15 19:19:50.680 | INFO     | __main__:omprint:30 - pending_processes: []
2024-08-15 19:19:50.681 | INFO     | __main__:omprint:30 - No hay m치s procesos pendientes.
2024-08-15 19:20:50.681 | INFO     | __main__:omprint:30 - pending_processes: []
2024-08-15 19:20:50.682 | INFO     | __main__:omprint:30 - No hay m치s procesos pendientes.
2024-08-15 19:21:50.682 | INFO     | __main__:omprint:30 - pending_processes: []
2024-08-15 19:21:50.683 | INFO     | __main__:omprint:30 - No hay m치s procesos pendientes.
2024-08-15 19:22:50.683 | INFO     | __main__:omprint:30 - pending_processes: []
2024-08-15 19:22:50.684 | INFO     | __main__:omprint:30 - No hay m치s procesos pendientes.
2024-08-15 19:23:50.684 | INFO     | __main__:omprint:30 - pending_processes: []
2024-08-15 19:23:50.685 | INFO     | __main__:omprint:30 - No hay m치s procesos pendientes.
2024-08-15 19:24:50.685 | INFO     | __main__:omprint:30 - pending_processes: []
2024-08-15 19:24:50.686 | INFO     | __main__:omprint:30 - No hay m치s procesos pendientes.
2024-08-15 19:25:50.686 | INFO     | __main__:omprint:30 - pending_processes: []
2024-08-15 19:25:50.687 | INFO     | __main__:omprint:30 - No hay m치s procesos pendientes.
2024-08-15 19:26:50.687 | INFO     | __main__:omprint:30 - pending_processes: []
2024-08-15 19:26:50.688 | INFO     | __main__:omprint:30 - No hay m치s procesos pendientes.
2024-08-15 19:27:50.688 | INFO     | __main__:omprint:30 - pending_processes: []
2024-08-15 19:27:50.689 | INFO     | __main__:omprint:30 - No hay m치s procesos pendientes.
2024-08-15 19:28:50.689 | INFO     | __main__:omprint:30 - pending_processes: []
2024-08-15 19:28:50.690 | INFO     | __main__:omprint:30 - No hay m치s procesos pendientes.
2024-08-15 19:29:50.690 | INFO     | __main__:omprint:30 - pending_processes: []
2024-08-15 19:29:50.691 | INFO     | __main__:omprint:30 - No hay m치s procesos pendientes.
2024-08-15 19:30:50.691 | INFO     | __main__:omprint:30 - pending_processes: []
2024-08-15 19:30:50.692 | INFO     | __main__:omprint:30 - No hay m치s procesos pendientes.
2024-08-15 19:31:50.692 | INFO     | __main__:omprint:30 - pending_processes: []
2024-08-15 19:31:50.693 | INFO     | __main__:omprint:30 - No hay m치s procesos pendientes.
2024-08-15 19:32:50.693 | INFO     | __main__:omprint:30 - pending_processes: []
2024-08-15 19:32:50.694 | INFO     | __main__:omprint:30 - No hay m치s procesos pendientes.
2024-08-15 19:33:50.694 | INFO     | __main__:omprint:30 - pending_processes: []
2024-08-15 19:33:50.695 | INFO     | __main__:omprint:30 - No hay m치s procesos pendientes.
2024-08-15 19:34:50.695 | INFO     | __main__:omprint:30 - pending_processes: []
2024-08-15 19:34:50.696 | INFO     | __main__:omprint:30 - No hay m치s procesos pendientes.
2024-08-15 19:35:50.696 | INFO     | __main__:omprint:30 - pending_processes: []
2024-08-15 19:35:50.697 | INFO     | __main__:omprint:30 - No hay m치s procesos pendientes.
2024-08-15 19:36:50.697 | INFO     | __main__:omprint:30 - pending_processes: []
2024-08-15 19:36:50.698 | INFO     | __main__:omprint:30 - No hay m치s procesos pendientes.
2024-08-15 19:37:50.698 | INFO     | __main__:omprint:30 - pending_processes: []
2024-08-15 19:37:50.699 | INFO     | __main__:omprint:30 - No hay m치s procesos pendientes.
2024-08-15 19:38:50.699 | INFO     | __main__:omprint:30 - pending_processes: []
2024-08-15 19:38:50.700 | INFO     | __main__:omprint:30 - No hay m치s procesos pendientes.
2024-08-15 19:39:50.700 | INFO     | __main__:omprint:30 - pending_processes: []
2024-08-15 19:39:50.701 | INFO     | __main__:omprint:30 - No hay m치s procesos pendientes.
2024-08-15 19:40:50.701 | INFO     | __main__:omprint:30 - pending_processes: []
2024-08-15 19:40:50.702 | INFO     | __main__:omprint:30 - No hay m치s procesos pendientes.
2024-08-15 19:41:50.702 | INFO     | __main__:omprint:30 - pending_processes: []
2024-08-15 19:41:50.703 | INFO     | __main__:omprint:30 - No hay m치s procesos pendientes.
2024-08-15 19:42:50.703 | INFO     | __main__:omprint:30 - pending_processes: []
2024-08-15 19:42:50.704 | INFO     | __main__:omprint:30 - No hay m치s procesos pendientes.
2024-08-15 19:43:50.704 | INFO     | __main__:omprint:30 - pending_processes: []
2024-08-15 19:43:50.705 | INFO     | __main__:omprint:30 - No hay m치s procesos pendientes.
2024-08-15 19:44:50.705 | INFO     | __main__:omprint:30 - pending_processes: []
2024-08-15 19:44:50.706 | INFO     | __main__:omprint:30 - No hay m치s procesos pendientes.
2024-08-15 19:45:50.706 | INFO     | __main__:omprint:30 - pending_processes: []
2024-08-15 19:45:50.707 | INFO     | __main__:omprint:30 - No hay m치s procesos pendientes.
2024-08-15 19:46:50.707 | INFO     | __main__:omprint:30 - pending_processes: []
2024-08-15 19:46:50.707 | INFO     | __main__:omprint:30 - No hay m치s procesos pendientes.
2024-08-15 19:47:50.708 | INFO     | __main__:omprint:30 - pending_processes: []
2024-08-15 19:47:50.708 | INFO     | __main__:omprint:30 - No hay m치s procesos pendientes.
2024-08-15 19:48:50.709 | INFO     | __main__:omprint:30 - pending_processes: []
2024-08-15 19:48:50.709 | INFO     | __main__:omprint:30 - No hay m치s procesos pendientes.
2024-08-15 19:49:50.710 | INFO     | __main__:omprint:30 - pending_processes: []
2024-08-15 19:49:50.711 | INFO     | __main__:omprint:30 - No hay m치s procesos pendientes.
2024-08-15 19:50:50.711 | INFO     | __main__:omprint:30 - pending_processes: []
2024-08-15 19:50:50.711 | INFO     | __main__:omprint:30 - No hay m치s procesos pendientes.
2024-08-15 19:51:50.712 | INFO     | __main__:omprint:30 - pending_processes: []
2024-08-15 19:51:50.712 | INFO     | __main__:omprint:30 - No hay m치s procesos pendientes.
2024-08-15 19:52:50.713 | INFO     | __main__:omprint:30 - pending_processes: []
2024-08-15 19:52:50.713 | INFO     | __main__:omprint:30 - No hay m치s procesos pendientes.
2024-08-15 19:53:50.714 | INFO     | __main__:omprint:30 - pending_processes: []
2024-08-15 19:53:50.714 | INFO     | __main__:omprint:30 - No hay m치s procesos pendientes.
2024-08-15 19:54:50.715 | INFO     | __main__:omprint:30 - pending_processes: []
2024-08-15 19:54:50.715 | INFO     | __main__:omprint:30 - No hay m치s procesos pendientes.
2024-08-15 19:55:50.716 | INFO     | __main__:omprint:30 - pending_processes: []
2024-08-15 19:55:50.716 | INFO     | __main__:omprint:30 - No hay m치s procesos pendientes.
2024-08-15 19:56:50.717 | INFO     | __main__:omprint:30 - pending_processes: []
2024-08-15 19:56:50.717 | INFO     | __main__:omprint:30 - No hay m치s procesos pendientes.
2024-08-15 19:57:50.718 | INFO     | __main__:omprint:30 - pending_processes: []
2024-08-15 19:57:50.718 | INFO     | __main__:omprint:30 - No hay m치s procesos pendientes.
2024-08-15 19:58:50.719 | INFO     | __main__:omprint:30 - pending_processes: []
2024-08-15 19:58:50.719 | INFO     | __main__:omprint:30 - No hay m치s procesos pendientes.
2024-08-15 19:59:50.720 | INFO     | __main__:omprint:30 - pending_processes: []
2024-08-15 19:59:50.720 | INFO     | __main__:omprint:30 - No hay m치s procesos pendientes.
2024-08-15 20:00:50.721 | INFO     | __main__:omprint:30 - pending_processes: []
2024-08-15 20:00:50.721 | INFO     | __main__:omprint:30 - No hay m치s procesos pendientes.
2024-08-15 20:01:50.721 | INFO     | __main__:omprint:30 - pending_processes: []
2024-08-15 20:01:50.722 | INFO     | __main__:omprint:30 - No hay m치s procesos pendientes.
2024-08-15 20:02:50.722 | INFO     | __main__:omprint:30 - pending_processes: []
2024-08-15 20:02:50.723 | INFO     | __main__:omprint:30 - No hay m치s procesos pendientes.
2024-08-15 20:03:50.723 | INFO     | __main__:omprint:30 - pending_processes: []
2024-08-15 20:03:50.724 | INFO     | __main__:omprint:30 - No hay m치s procesos pendientes.
2024-08-15 20:04:50.724 | INFO     | __main__:omprint:30 - pending_processes: []
2024-08-15 20:04:50.725 | INFO     | __main__:omprint:30 - No hay m치s procesos pendientes.
2024-08-15 20:05:50.725 | INFO     | __main__:omprint:30 - pending_processes: []
2024-08-15 20:05:50.726 | INFO     | __main__:omprint:30 - No hay m치s procesos pendientes.
2024-08-15 20:06:50.726 | INFO     | __main__:omprint:30 - pending_processes: []
2024-08-15 20:06:50.727 | INFO     | __main__:omprint:30 - No hay m치s procesos pendientes.
2024-08-15 20:07:50.727 | INFO     | __main__:omprint:30 - pending_processes: []
2024-08-15 20:07:50.728 | INFO     | __main__:omprint:30 - No hay m치s procesos pendientes.
2024-08-15 20:08:50.728 | INFO     | __main__:omprint:30 - pending_processes: []
2024-08-15 20:08:50.728 | INFO     | __main__:omprint:30 - No hay m치s procesos pendientes.
2024-08-15 20:09:50.729 | INFO     | __main__:omprint:30 - pending_processes: []
2024-08-15 20:09:50.729 | INFO     | __main__:omprint:30 - No hay m치s procesos pendientes.
2024-08-15 20:10:50.730 | INFO     | __main__:omprint:30 - pending_processes: []
2024-08-15 20:10:50.730 | INFO     | __main__:omprint:30 - No hay m치s procesos pendientes.
2024-08-15 20:11:50.731 | INFO     | __main__:omprint:30 - pending_processes: []
2024-08-15 20:11:50.731 | INFO     | __main__:omprint:30 - No hay m치s procesos pendientes.
2024-08-15 20:12:50.732 | INFO     | __main__:omprint:30 - pending_processes: []
2024-08-15 20:12:50.732 | INFO     | __main__:omprint:30 - No hay m치s procesos pendientes.
2024-08-15 20:13:50.733 | INFO     | __main__:omprint:30 - pending_processes: []
2024-08-15 20:13:50.733 | INFO     | __main__:omprint:30 - No hay m치s procesos pendientes.
2024-08-15 20:14:50.733 | INFO     | __main__:omprint:30 - pending_processes: []
2024-08-15 20:14:50.734 | INFO     | __main__:omprint:30 - No hay m치s procesos pendientes.
2024-08-15 20:15:50.734 | INFO     | __main__:omprint:30 - pending_processes: []
2024-08-15 20:15:50.735 | INFO     | __main__:omprint:30 - No hay m치s procesos pendientes.
2024-08-15 20:16:50.735 | INFO     | __main__:omprint:30 - pending_processes: []
2024-08-15 20:16:50.736 | INFO     | __main__:omprint:30 - No hay m치s procesos pendientes.
2024-08-15 20:17:50.736 | INFO     | __main__:omprint:30 - pending_processes: []
2024-08-15 20:17:50.737 | INFO     | __main__:omprint:30 - No hay m치s procesos pendientes.
2024-08-15 20:18:50.737 | INFO     | __main__:omprint:30 - pending_processes: []
2024-08-15 20:18:50.738 | INFO     | __main__:omprint:30 - No hay m치s procesos pendientes.
2024-08-15 20:19:50.738 | INFO     | __main__:omprint:30 - pending_processes: []
2024-08-15 20:19:50.739 | INFO     | __main__:omprint:30 - No hay m치s procesos pendientes.
2024-08-15 20:20:50.739 | INFO     | __main__:omprint:30 - pending_processes: []
2024-08-15 20:20:50.740 | INFO     | __main__:omprint:30 - No hay m치s procesos pendientes.
2024-08-15 20:21:50.740 | INFO     | __main__:omprint:30 - pending_processes: []
2024-08-15 20:21:50.740 | INFO     | __main__:omprint:30 - No hay m치s procesos pendientes.
2024-08-15 20:22:50.741 | INFO     | __main__:omprint:30 - pending_processes: []
2024-08-15 20:22:50.741 | INFO     | __main__:omprint:30 - No hay m치s procesos pendientes.
2024-08-15 20:23:50.742 | INFO     | __main__:omprint:30 - pending_processes: []
2024-08-15 20:23:50.742 | INFO     | __main__:omprint:30 - No hay m치s procesos pendientes.
2024-08-15 20:24:50.743 | INFO     | __main__:omprint:30 - pending_processes: []
2024-08-15 20:24:50.743 | INFO     | __main__:omprint:30 - No hay m치s procesos pendientes.
2024-08-15 20:25:50.744 | INFO     | __main__:omprint:30 - pending_processes: []
2024-08-15 20:25:50.744 | INFO     | __main__:omprint:30 - No hay m치s procesos pendientes.
2024-08-15 20:26:50.745 | INFO     | __main__:omprint:30 - pending_processes: []
2024-08-15 20:26:50.745 | INFO     | __main__:omprint:30 - No hay m치s procesos pendientes.
2024-08-15 20:27:50.746 | INFO     | __main__:omprint:30 - pending_processes: []
2024-08-15 20:27:50.746 | INFO     | __main__:omprint:30 - No hay m치s procesos pendientes.
2024-08-15 20:28:50.747 | INFO     | __main__:omprint:30 - pending_processes: []
2024-08-15 20:28:50.747 | INFO     | __main__:omprint:30 - No hay m치s procesos pendientes.
2024-08-15 20:29:50.748 | INFO     | __main__:omprint:30 - pending_processes: []
2024-08-15 20:29:50.748 | INFO     | __main__:omprint:30 - No hay m치s procesos pendientes.
2024-08-15 20:30:50.748 | INFO     | __main__:omprint:30 - pending_processes: []
2024-08-15 20:30:50.749 | INFO     | __main__:omprint:30 - No hay m치s procesos pendientes.
2024-08-15 20:31:50.749 | INFO     | __main__:omprint:30 - pending_processes: []
2024-08-15 20:31:50.750 | INFO     | __main__:omprint:30 - No hay m치s procesos pendientes.
2024-08-15 20:32:50.750 | INFO     | __main__:omprint:30 - pending_processes: []
2024-08-15 20:32:50.751 | INFO     | __main__:omprint:30 - No hay m치s procesos pendientes.
2024-08-15 20:33:50.751 | INFO     | __main__:omprint:30 - pending_processes: []
2024-08-15 20:33:50.752 | INFO     | __main__:omprint:30 - No hay m치s procesos pendientes.
2024-08-15 20:34:50.752 | INFO     | __main__:omprint:30 - pending_processes: []
2024-08-15 20:34:50.753 | INFO     | __main__:omprint:30 - No hay m치s procesos pendientes.
2024-08-15 20:35:50.753 | INFO     | __main__:omprint:30 - pending_processes: []
2024-08-15 20:35:50.754 | INFO     | __main__:omprint:30 - No hay m치s procesos pendientes.
2024-08-15 20:36:50.754 | INFO     | __main__:omprint:30 - pending_processes: []
2024-08-15 20:36:50.755 | INFO     | __main__:omprint:30 - No hay m치s procesos pendientes.
2024-08-15 20:37:50.755 | INFO     | __main__:omprint:30 - pending_processes: []
2024-08-15 20:37:50.755 | INFO     | __main__:omprint:30 - No hay m치s procesos pendientes.
2024-08-15 20:38:50.756 | INFO     | __main__:omprint:30 - pending_processes: []
2024-08-15 20:38:50.756 | INFO     | __main__:omprint:30 - No hay m치s procesos pendientes.
2024-08-15 20:39:50.757 | INFO     | __main__:omprint:30 - pending_processes: []
2024-08-15 20:39:50.757 | INFO     | __main__:omprint:30 - No hay m치s procesos pendientes.
2024-08-15 20:40:50.758 | INFO     | __main__:omprint:30 - pending_processes: []
2024-08-15 20:40:50.758 | INFO     | __main__:omprint:30 - No hay m치s procesos pendientes.
2024-08-15 20:41:50.759 | INFO     | __main__:omprint:30 - pending_processes: []
2024-08-15 20:41:50.759 | INFO     | __main__:omprint:30 - No hay m치s procesos pendientes.
2024-08-15 20:42:50.759 | INFO     | __main__:omprint:30 - pending_processes: []
2024-08-15 20:42:50.760 | INFO     | __main__:omprint:30 - No hay m치s procesos pendientes.
2024-08-15 20:43:50.760 | INFO     | __main__:omprint:30 - pending_processes: []
2024-08-15 20:43:50.761 | INFO     | __main__:omprint:30 - No hay m치s procesos pendientes.
2024-08-15 20:44:50.761 | INFO     | __main__:omprint:30 - pending_processes: []
2024-08-15 20:44:50.762 | INFO     | __main__:omprint:30 - No hay m치s procesos pendientes.
2024-08-15 20:45:50.762 | INFO     | __main__:omprint:30 - pending_processes: []
2024-08-15 20:45:50.763 | INFO     | __main__:omprint:30 - No hay m치s procesos pendientes.
2024-08-15 20:46:50.763 | INFO     | __main__:omprint:30 - pending_processes: []
2024-08-15 20:46:50.764 | INFO     | __main__:omprint:30 - No hay m치s procesos pendientes.
2024-08-15 20:47:50.764 | INFO     | __main__:omprint:30 - pending_processes: []
2024-08-15 20:47:50.765 | INFO     | __main__:omprint:30 - No hay m치s procesos pendientes.
2024-08-15 20:48:50.765 | INFO     | __main__:omprint:30 - pending_processes: []
2024-08-15 20:48:50.766 | INFO     | __main__:omprint:30 - No hay m치s procesos pendientes.
2024-08-15 20:49:50.766 | INFO     | __main__:omprint:30 - pending_processes: []
2024-08-15 20:49:50.767 | INFO     | __main__:omprint:30 - No hay m치s procesos pendientes.
2024-08-15 20:50:50.767 | INFO     | __main__:omprint:30 - pending_processes: []
2024-08-15 20:50:50.768 | INFO     | __main__:omprint:30 - No hay m치s procesos pendientes.
2024-08-15 20:51:50.768 | INFO     | __main__:omprint:30 - pending_processes: []
2024-08-15 20:51:50.769 | INFO     | __main__:omprint:30 - No hay m치s procesos pendientes.
2024-08-15 20:52:50.769 | INFO     | __main__:omprint:30 - pending_processes: []
2024-08-15 20:52:50.770 | INFO     | __main__:omprint:30 - No hay m치s procesos pendientes.
2024-08-15 20:53:50.770 | INFO     | __main__:omprint:30 - pending_processes: []
2024-08-15 20:53:50.771 | INFO     | __main__:omprint:30 - No hay m치s procesos pendientes.
2024-08-15 20:54:50.771 | INFO     | __main__:omprint:30 - pending_processes: []
2024-08-15 20:54:50.772 | INFO     | __main__:omprint:30 - No hay m치s procesos pendientes.
2024-08-15 20:55:50.772 | INFO     | __main__:omprint:30 - pending_processes: []
2024-08-15 20:55:50.773 | INFO     | __main__:omprint:30 - No hay m치s procesos pendientes.
2024-08-15 20:56:50.773 | INFO     | __main__:omprint:30 - pending_processes: []
2024-08-15 20:56:50.774 | INFO     | __main__:omprint:30 - No hay m치s procesos pendientes.
2024-08-15 20:57:50.774 | INFO     | __main__:omprint:30 - pending_processes: []
2024-08-15 20:57:50.775 | INFO     | __main__:omprint:30 - No hay m치s procesos pendientes.
2024-08-15 20:58:50.775 | INFO     | __main__:omprint:30 - pending_processes: []
2024-08-15 20:58:50.775 | INFO     | __main__:omprint:30 - No hay m치s procesos pendientes.
2024-08-15 20:59:50.776 | INFO     | __main__:omprint:30 - pending_processes: []
2024-08-15 20:59:50.776 | INFO     | __main__:omprint:30 - No hay m치s procesos pendientes.
2024-08-15 21:00:50.777 | INFO     | __main__:omprint:30 - pending_processes: []
2024-08-15 21:00:50.777 | INFO     | __main__:omprint:30 - No hay m치s procesos pendientes.
2024-08-15 21:01:50.778 | INFO     | __main__:omprint:30 - pending_processes: []
2024-08-15 21:01:50.778 | INFO     | __main__:omprint:30 - No hay m치s procesos pendientes.
2024-08-15 21:02:50.779 | INFO     | __main__:omprint:30 - pending_processes: []
2024-08-15 21:02:50.779 | INFO     | __main__:omprint:30 - No hay m치s procesos pendientes.
2024-08-15 21:03:50.780 | INFO     | __main__:omprint:30 - pending_processes: []
2024-08-15 21:03:50.780 | INFO     | __main__:omprint:30 - No hay m치s procesos pendientes.
2024-08-15 21:04:50.781 | INFO     | __main__:omprint:30 - pending_processes: []
2024-08-15 21:04:50.781 | INFO     | __main__:omprint:30 - No hay m치s procesos pendientes.
2024-08-15 21:05:50.782 | INFO     | __main__:omprint:30 - pending_processes: []
2024-08-15 21:05:50.782 | INFO     | __main__:omprint:30 - No hay m치s procesos pendientes.
2024-08-15 21:06:50.783 | INFO     | __main__:omprint:30 - pending_processes: []
2024-08-15 21:06:50.783 | INFO     | __main__:omprint:30 - No hay m치s procesos pendientes.
2024-08-15 21:07:50.784 | INFO     | __main__:omprint:30 - pending_processes: []
2024-08-15 21:07:50.784 | INFO     | __main__:omprint:30 - No hay m치s procesos pendientes.
2024-08-15 21:08:50.784 | INFO     | __main__:omprint:30 - pending_processes: []
2024-08-15 21:08:50.785 | INFO     | __main__:omprint:30 - No hay m치s procesos pendientes.
2024-08-15 21:09:50.786 | INFO     | __main__:omprint:30 - pending_processes: []
2024-08-15 21:09:50.786 | INFO     | __main__:omprint:30 - No hay m치s procesos pendientes.
2024-08-15 21:10:50.787 | INFO     | __main__:omprint:30 - pending_processes: []
2024-08-15 21:10:50.787 | INFO     | __main__:omprint:30 - No hay m치s procesos pendientes.
