2024-08-21 12:38:54.263 | INFO     | __main__:omprint:30 - pending_processes: [{'uuid': '8b1fe398-1227-4e5a-b4d9-cb1decafee13', 'language': 'Spanish', 'voice': 'Pedro', 'main_question': 'Automatización en marketing', 'num_questions': 2, 'num_options': 3, 'background_music': 'felicidad2', 'background_video': 'sanfrancisco1', 'logo_path': '', 'account_text': '', 'fecha_creacion': '2024-08-21T12:38:54.255584+00:00', 'fecha_modificacion': '2024-08-21T12:38:54.255584+00:00', 'estado': 'pendiente'}]
2024-08-21 12:38:54.270 | INFO     | __main__:omprint:30 - Ejecutando el proceso ID: 8b1fe398-1227-4e5a-b4d9-cb1decafee13
2024-08-21 12:38:54.272 | INFO     | __main__:omprint:30 - ---------------------------------------------------
2024-08-21 12:38:54.273 | INFO     | __main__:omprint:30 - uuid4, language, voice, main_question, num_questions, num_options, background_music, background_video: 8b1fe398-1227-4e5a-b4d9-cb1decafee13 Spanish Pedro Automatización en marketing 2 3 felicidad2 sanfrancisco1
2024-08-21 12:38:54.274 | INFO     | __main__:omprint:30 - ---------------------------------------------------
2024-08-21 12:38:54.275 | INFO     | __main__:omprint:30 - Genera una lista de 2 preguntas cortas en idioma Spanish en formato JSON para un quiz / trivia sobre ['Automatización en marketing']. El JSON debe incluir una pregunta principal corta en idioma Spanish sin emojis en ella, con el estilo MrBeast en la propiedad 'main_question' que aplique para todas las preguntas de la propiedad 'questions', seguido de un arreglo 'questions' que contenga objetos con las siguientes propiedades: el texto de la pregunta corta en idioma Spanish  con variantes mencionando siempre el tema central en cada pregunta  para hacer la pronunciación más humana y consistente ,  opciones de respuesta en idioma Spanish con 3 opciones donde alternes la opción correcta en las diferentes posiciones del arreglo de opciones entre 0 y 2, (IMPORTANTE: deben tener un tamaño de 17 caracteres máximo por opción), y el índice de la opción correcta (IMPORTANTE: Las opciones correctas deben estár en posiciones aleatorias entre 0 y 2 dentro del arreglo de la propiedad 'options').

Aquí hay un ejemplo del formato:

{
  "main_question": "Pregunta principal de ejemplo?",
  "questions": [
    {
        "question_text": "Variantes de la pregunta de ejemplo?",
        "question_image": "",
        "options": ['"Opción 1"', '"Opción 2"', '"Opción 3"'],
        "correct_option_index": 2
    }
  ]
} 

Notas Importantes: - Genera todo el contenido en idioma Spanish.
- Asigna las opciones correctas de las preguntas en posiciones aleatorias entre 0 y {num_options - 1}.
- Crea todos los campos mencionados en el ejemplo aunque estén en blanco.
- REALIZA UNA DOBE VERIFICACION DE LAS OPCIONES CORRECTAS. NO PUEDES COMETER ERRORES.

2024-08-21 12:38:54.291 | INFO     | __main__:omprint:30 - Ya hay un proceso en ejecución.
2024-08-21 12:38:54.312 | INFO     | __main__:omprint:30 - Ya hay un proceso en ejecución.
2024-08-21 12:38:54.325 | INFO     | __main__:omprint:30 - Ya hay un proceso en ejecución.
2024-08-21 12:38:54.338 | INFO     | __main__:omprint:30 - Ya hay un proceso en ejecución.
2024-08-21 12:38:56.694 | INFO     | __main__:omprint:30 - {'main_question': '¿Cuánto sabes sobre automatización en marketing?', 'questions': [{'question_text': '¿Qué es la automatización?', 'question_image': '', 'options': ['Ahorra tiempo', 'Es un robot', 'Datos manuales'], 'correct_option_index': 0}, {'question_text': '¿Beneficio de la automatización?', 'question_image': '', 'options': ['Mejora eficiencia', 'Copia contenido', 'Menos visitas'], 'correct_option_index': 0}]}
2024-08-21 12:38:56.695 | INFO     | __main__:omprint:30 - final_logo_path: ./public/assets/images/logo.png
2024-08-21 12:38:56.696 | INFO     | __main__:omprint:30 - final_account_text: @elclubdelosgenios
2024-08-21 12:38:57.416 | INFO     | __main__:omprint:30 - [DEBUG] generate_trivia_video - ctxVideo: {'video_width': 1080, 'video_height': 1920, 'video_duration': 6.41}
2024-08-21 12:38:57.418 | INFO     | __main__:omprint:30 - [DEBUG] generate_trivia_video - video_total_duration: 6.41
2024-08-21 12:38:57.419 | INFO     | __main__:omprint:30 - [DEBUG] ============= add_logo - ctxVideo: {'video_width': 1080, 'video_height': 1920, 'video_duration': 6.41} =============
2024-08-21 12:38:57.461 | INFO     | __main__:omprint:30 - [DEBUG] generate_trivia_video - logo_clip.w, logo_clip.h: 540 175
2024-08-21 12:38:57.462 | INFO     | __main__:omprint:30 - [DEBUG] ============= add_question_text - ctxVideo: {'video_width': 1080, 'video_height': 1920, 'video_duration': 6.41} =============
2024-08-21 12:38:57.462 | INFO     | __main__:omprint:30 - [DEBUG] add_question_text - max_width: 920
2024-08-21 12:38:57.463 | INFO     | __main__:omprint:30 - [DEBUG] add_question_text - text_length: 26
2024-08-21 12:38:57.464 | INFO     | __main__:omprint:30 - [DEBUG] add_question_text - fontsize: 80
2024-08-21 12:38:57.514 | INFO     | __main__:omprint:30 - [DEBUG] generate_trivia_video - question_clip.w, question_clip.h: 920 194
2024-08-21 12:38:57.538 | INFO     | __main__:omprint:30 - [DEBUG] generate_trivia_video - question_image_clip.w, question_image_clip.h: 91 120
2024-08-21 12:38:57.540 | INFO     | __main__:omprint:30 - [DEBUG] question_image_clip: <function VideoClip.set_position.<locals>.<lambda> at 0x73e841023560>
2024-08-21 12:38:57.541 | INFO     | __main__:omprint:30 - [DEBUG] options_top_margin: 894
2024-08-21 12:38:57.557 | INFO     | __main__:omprint:30 - [DEBUG] add_options - fontsize for option 'Ahorra tiempo': 70
2024-08-21 12:38:57.618 | INFO     | __main__:omprint:30 - [DEBUG] add_options - fontsize for option 'Es un robot': 70
2024-08-21 12:38:57.684 | INFO     | __main__:omprint:30 - [DEBUG] add_options - fontsize for option 'Datos manuales': 70
2024-08-21 12:38:57.757 | INFO     | __main__:omprint:30 - [DEBUG] generate_trivia_video - account_clip.w, account_clip.h: 430 64
2024-08-21 12:38:57.787 | INFO     | __main__:omprint:30 - [DEBUG] video_total_duration 1: 6.41
2024-08-21 12:38:57.789 | INFO     | __main__:omprint:30 - [DEBUG] narration_audio.duration: 1.41
2024-08-21 12:38:57.791 | INFO     | __main__:omprint:30 - [DEBUG] clock_sound_effects.duration: 3
2024-08-21 12:38:57.793 | INFO     | __main__:omprint:30 - [DEBUG] ding_sound_effects.duration: 2
2024-08-21 12:38:57.793 | INFO     | __main__:omprint:30 - [DEBUG] narration_audio_winner.duration: 0.94
2024-08-21 12:38:57.794 | INFO     | __main__:omprint:30 - [DEBUG] final_audio.duration 2: 6.41
2024-08-21 12:38:57.795 | INFO     | __main__:omprint:30 - [DEBUG] final_clip.duration 2: 6.41
2024-08-21 12:38:58.534 | INFO     | __main__:omprint:30 - [DEBUG] generate_trivia_video - ctxVideo: {'video_width': 1080, 'video_height': 1920, 'video_duration': 6.78}
2024-08-21 12:38:58.536 | INFO     | __main__:omprint:30 - [DEBUG] generate_trivia_video - video_total_duration: 6.78
2024-08-21 12:38:58.537 | INFO     | __main__:omprint:30 - [DEBUG] ============= add_logo - ctxVideo: {'video_width': 1080, 'video_height': 1920, 'video_duration': 6.78} =============
2024-08-21 12:38:58.574 | INFO     | __main__:omprint:30 - [DEBUG] generate_trivia_video - logo_clip.w, logo_clip.h: 540 175
2024-08-21 12:38:58.578 | INFO     | __main__:omprint:30 - [DEBUG] ============= add_question_text - ctxVideo: {'video_width': 1080, 'video_height': 1920, 'video_duration': 6.78} =============
2024-08-21 12:38:58.580 | INFO     | __main__:omprint:30 - [DEBUG] add_question_text - max_width: 920
2024-08-21 12:38:58.581 | INFO     | __main__:omprint:30 - [DEBUG] add_question_text - text_length: 32
2024-08-21 12:38:58.583 | INFO     | __main__:omprint:30 - [DEBUG] add_question_text - fontsize: 80
2024-08-21 12:38:58.632 | INFO     | __main__:omprint:30 - [DEBUG] generate_trivia_video - question_clip.w, question_clip.h: 920 194
2024-08-21 12:38:58.654 | INFO     | __main__:omprint:30 - [DEBUG] generate_trivia_video - question_image_clip.w, question_image_clip.h: 91 120
2024-08-21 12:38:58.655 | INFO     | __main__:omprint:30 - [DEBUG] question_image_clip: <function VideoClip.set_position.<locals>.<lambda> at 0x73e8406f4e00>
2024-08-21 12:38:58.656 | INFO     | __main__:omprint:30 - [DEBUG] options_top_margin: 894
2024-08-21 12:38:58.673 | INFO     | __main__:omprint:30 - [DEBUG] add_options - fontsize for option 'Mejora eficiencia': 70
2024-08-21 12:38:58.727 | INFO     | __main__:omprint:30 - [DEBUG] add_options - fontsize for option 'Copia contenido': 70
2024-08-21 12:38:58.778 | INFO     | __main__:omprint:30 - [DEBUG] add_options - fontsize for option 'Menos visitas': 70
2024-08-21 12:38:58.855 | INFO     | __main__:omprint:30 - [DEBUG] generate_trivia_video - account_clip.w, account_clip.h: 430 64
2024-08-21 12:38:58.885 | INFO     | __main__:omprint:30 - [DEBUG] video_total_duration 1: 6.78
2024-08-21 12:38:58.887 | INFO     | __main__:omprint:30 - [DEBUG] narration_audio.duration: 1.78
2024-08-21 12:38:58.889 | INFO     | __main__:omprint:30 - [DEBUG] clock_sound_effects.duration: 3
2024-08-21 12:38:58.892 | INFO     | __main__:omprint:30 - [DEBUG] ding_sound_effects.duration: 2
2024-08-21 12:38:58.895 | INFO     | __main__:omprint:30 - [DEBUG] narration_audio_winner.duration: 1.24
2024-08-21 12:38:58.898 | INFO     | __main__:omprint:30 - [DEBUG] final_audio.duration 2: 7.0200000000000005
2024-08-21 12:38:58.901 | INFO     | __main__:omprint:30 - [DEBUG] final_clip.duration 2: 6.78
2024-08-21 12:38:59.119 | INFO     | __main__:omprint:30 - create_background_video - background_clip.w, background_clip.h: 1080 1920
2024-08-21 12:38:59.133 | INFO     | __main__:omprint:30 - trivia_sequence: <moviepy.video.compositing.CompositeVideoClip.CompositeVideoClip object at 0x73e8411a7c10>
2024-08-21 12:39:31.663 | INFO     | __main__:omprint:30 - Ya hay un proceso en ejecución.
2024-08-21 12:40:31.667 | INFO     | __main__:omprint:30 - Ya hay un proceso en ejecución.
2024-08-21 12:41:31.670 | INFO     | __main__:omprint:30 - Ya hay un proceso en ejecución.
2024-08-21 12:41:31.705 | INFO     | __main__:omprint:30 - Tiempo de procesamiento: 155.00749015808105 segundos
2024-08-21 12:41:31.705 | INFO     | __main__:omprint:30 - video_to_upload: https://trivias.luxuryroamers.com/generados/videos/8b1fe398-1227-4e5a-b4d9-cb1decafee13.mp4
2024-08-21 12:41:31.707 | INFO     | __main__:omprint:30 - El script tomó 157.43 segundos en ejecutarse.
2024-08-21 12:41:36.715 | INFO     | __main__:omprint:30 - pending_processes: [{'uuid': '45208eaa-9a20-48d0-9a27-438e5d146a93', 'language': 'Spanish', 'voice': 'Pedro', 'main_question': 'Optimización de contenido', 'num_questions': 2, 'num_options': 3, 'background_music': 'felicidad2', 'background_video': 'sanfrancisco1', 'logo_path': '', 'account_text': '', 'fecha_creacion': '2024-08-21T12:38:54.269189+00:00', 'fecha_modificacion': '2024-08-21T12:38:54.269189+00:00', 'estado': 'pendiente'}, {'uuid': '56f63474-4f4b-41d2-8ea0-450e261128d5', 'language': 'Spanish', 'voice': 'Pedro', 'main_question': 'Segmentación de audiencia', 'num_questions': 2, 'num_options': 3, 'background_music': 'felicidad2', 'background_video': 'sanfrancisco1', 'logo_path': '', 'account_text': '', 'fecha_creacion': '2024-08-21T12:38:54.303302+00:00', 'fecha_modificacion': '2024-08-21T12:38:54.303302+00:00', 'estado': 'pendiente'}, {'uuid': 'b376f33e-17eb-4cbb-a2e3-0535a4013b87', 'language': 'Spanish', 'voice': 'Pedro', 'main_question': 'Eficiencia en comunicación empresarial', 'num_questions': 2, 'num_options': 3, 'background_music': 'felicidad2', 'background_video': 'sanfrancisco1', 'logo_path': '', 'account_text': '', 'fecha_creacion': '2024-08-21T12:38:54.318366+00:00', 'fecha_modificacion': '2024-08-21T12:38:54.318366+00:00', 'estado': 'pendiente'}, {'uuid': '2db8a5ee-bb66-4dc9-a4bf-eb55362f879c', 'language': 'Spanish', 'voice': 'Pedro', 'main_question': 'Revolución digital en LinkedIn', 'num_questions': 2, 'num_options': 3, 'background_music': 'felicidad2', 'background_video': 'sanfrancisco1', 'logo_path': '', 'account_text': '', 'fecha_creacion': '2024-08-21T12:38:54.330615+00:00', 'fecha_modificacion': '2024-08-21T12:38:54.330615+00:00', 'estado': 'pendiente'}]
2024-08-21 12:41:36.716 | INFO     | __main__:omprint:30 - Ejecutando el proceso ID: 45208eaa-9a20-48d0-9a27-438e5d146a93
2024-08-21 12:41:36.717 | INFO     | __main__:omprint:30 - ---------------------------------------------------
2024-08-21 12:41:36.718 | INFO     | __main__:omprint:30 - uuid4, language, voice, main_question, num_questions, num_options, background_music, background_video: 45208eaa-9a20-48d0-9a27-438e5d146a93 Spanish Pedro Optimización de contenido 2 3 felicidad2 sanfrancisco1
2024-08-21 12:41:36.719 | INFO     | __main__:omprint:30 - ---------------------------------------------------
2024-08-21 12:41:36.721 | INFO     | __main__:omprint:30 - Genera una lista de 2 preguntas cortas en idioma Spanish en formato JSON para un quiz / trivia sobre ['Optimización de contenido']. El JSON debe incluir una pregunta principal corta en idioma Spanish sin emojis en ella, con el estilo MrBeast en la propiedad 'main_question' que aplique para todas las preguntas de la propiedad 'questions', seguido de un arreglo 'questions' que contenga objetos con las siguientes propiedades: el texto de la pregunta corta en idioma Spanish  con variantes mencionando siempre el tema central en cada pregunta  para hacer la pronunciación más humana y consistente ,  opciones de respuesta en idioma Spanish con 3 opciones donde alternes la opción correcta en las diferentes posiciones del arreglo de opciones entre 0 y 2, (IMPORTANTE: deben tener un tamaño de 17 caracteres máximo por opción), y el índice de la opción correcta (IMPORTANTE: Las opciones correctas deben estár en posiciones aleatorias entre 0 y 2 dentro del arreglo de la propiedad 'options').

Aquí hay un ejemplo del formato:

{
  "main_question": "Pregunta principal de ejemplo?",
  "questions": [
    {
        "question_text": "Variantes de la pregunta de ejemplo?",
        "question_image": "",
        "options": ['"Opción 1"', '"Opción 2"', '"Opción 3"'],
        "correct_option_index": 2
    }
  ]
} 

Notas Importantes: - Genera todo el contenido en idioma Spanish.
- Asigna las opciones correctas de las preguntas en posiciones aleatorias entre 0 y {num_options - 1}.
- Crea todos los campos mencionados en el ejemplo aunque estén en blanco.
- REALIZA UNA DOBE VERIFICACION DE LAS OPCIONES CORRECTAS. NO PUEDES COMETER ERRORES.

2024-08-21 12:41:39.550 | INFO     | __main__:omprint:30 - {'main_question': '¿Qué sabes sobre la optimización de contenido?', 'questions': [{'question_text': '¿Qué busca la optimización de contenido?', 'question_image': '', 'options': ['Aumentar visibilidad', 'Reducir costos', 'Mejorar imagen'], 'correct_option_index': 0}, {'question_text': '¿Cuál es un método de optimización de contenido?', 'question_image': '', 'options': ['SEO', 'Diseño web', 'Publicidad'], 'correct_option_index': 0}]}
2024-08-21 12:41:39.551 | INFO     | __main__:omprint:30 - final_logo_path: ./public/assets/images/logo.png
2024-08-21 12:41:39.552 | INFO     | __main__:omprint:30 - final_account_text: @elclubdelosgenios
2024-08-21 12:41:40.167 | INFO     | __main__:omprint:30 - [DEBUG] generate_trivia_video - ctxVideo: {'video_width': 1080, 'video_height': 1920, 'video_duration': 6.99}
2024-08-21 12:41:40.169 | INFO     | __main__:omprint:30 - [DEBUG] generate_trivia_video - video_total_duration: 6.99
2024-08-21 12:41:40.170 | INFO     | __main__:omprint:30 - [DEBUG] ============= add_logo - ctxVideo: {'video_width': 1080, 'video_height': 1920, 'video_duration': 6.99} =============
2024-08-21 12:41:40.201 | INFO     | __main__:omprint:30 - [DEBUG] generate_trivia_video - logo_clip.w, logo_clip.h: 540 175
2024-08-21 12:41:40.202 | INFO     | __main__:omprint:30 - [DEBUG] ============= add_question_text - ctxVideo: {'video_width': 1080, 'video_height': 1920, 'video_duration': 6.99} =============
2024-08-21 12:41:40.203 | INFO     | __main__:omprint:30 - [DEBUG] add_question_text - max_width: 920
2024-08-21 12:41:40.204 | INFO     | __main__:omprint:30 - [DEBUG] add_question_text - text_length: 40
2024-08-21 12:41:40.205 | INFO     | __main__:omprint:30 - [DEBUG] add_question_text - fontsize: 80
2024-08-21 12:41:40.260 | INFO     | __main__:omprint:30 - [DEBUG] generate_trivia_video - question_clip.w, question_clip.h: 920 291
2024-08-21 12:41:40.280 | INFO     | __main__:omprint:30 - [DEBUG] generate_trivia_video - question_image_clip.w, question_image_clip.h: 91 120
2024-08-21 12:41:40.281 | INFO     | __main__:omprint:30 - [DEBUG] question_image_clip: <function VideoClip.set_position.<locals>.<lambda> at 0x73e8406e7c40>
2024-08-21 12:41:40.282 | INFO     | __main__:omprint:30 - [DEBUG] options_top_margin: 991
2024-08-21 12:41:40.299 | INFO     | __main__:omprint:30 - [DEBUG] add_options - fontsize for option 'Aumentar visibilidad': 66
2024-08-21 12:41:40.336 | INFO     | __main__:omprint:30 - [DEBUG] add_options - fontsize for option 'Reducir costos': 70
2024-08-21 12:41:40.371 | INFO     | __main__:omprint:30 - [DEBUG] add_options - fontsize for option 'Mejorar imagen': 70
2024-08-21 12:41:40.432 | INFO     | __main__:omprint:30 - [DEBUG] generate_trivia_video - account_clip.w, account_clip.h: 430 64
2024-08-21 12:41:40.456 | INFO     | __main__:omprint:30 - [DEBUG] video_total_duration 1: 6.99
2024-08-21 12:41:40.457 | INFO     | __main__:omprint:30 - [DEBUG] narration_audio.duration: 1.99
2024-08-21 12:41:40.458 | INFO     | __main__:omprint:30 - [DEBUG] clock_sound_effects.duration: 3
2024-08-21 12:41:40.459 | INFO     | __main__:omprint:30 - [DEBUG] ding_sound_effects.duration: 2
2024-08-21 12:41:40.459 | INFO     | __main__:omprint:30 - [DEBUG] narration_audio_winner.duration: 1.46
2024-08-21 12:41:40.460 | INFO     | __main__:omprint:30 - [DEBUG] final_audio.duration 2: 7.45
2024-08-21 12:41:40.461 | INFO     | __main__:omprint:30 - [DEBUG] final_clip.duration 2: 6.99
2024-08-21 12:41:40.982 | INFO     | __main__:omprint:30 - [DEBUG] generate_trivia_video - ctxVideo: {'video_width': 1080, 'video_height': 1920, 'video_duration': 7.33}
2024-08-21 12:41:40.984 | INFO     | __main__:omprint:30 - [DEBUG] generate_trivia_video - video_total_duration: 7.33
2024-08-21 12:41:40.985 | INFO     | __main__:omprint:30 - [DEBUG] ============= add_logo - ctxVideo: {'video_width': 1080, 'video_height': 1920, 'video_duration': 7.33} =============
2024-08-21 12:41:41.017 | INFO     | __main__:omprint:30 - [DEBUG] generate_trivia_video - logo_clip.w, logo_clip.h: 540 175
2024-08-21 12:41:41.019 | INFO     | __main__:omprint:30 - [DEBUG] ============= add_question_text - ctxVideo: {'video_width': 1080, 'video_height': 1920, 'video_duration': 7.33} =============
2024-08-21 12:41:41.021 | INFO     | __main__:omprint:30 - [DEBUG] add_question_text - max_width: 920
2024-08-21 12:41:41.022 | INFO     | __main__:omprint:30 - [DEBUG] add_question_text - text_length: 48
2024-08-21 12:41:41.024 | INFO     | __main__:omprint:30 - [DEBUG] add_question_text - fontsize: 80
2024-08-21 12:41:41.083 | INFO     | __main__:omprint:30 - [DEBUG] generate_trivia_video - question_clip.w, question_clip.h: 920 291
2024-08-21 12:41:41.104 | INFO     | __main__:omprint:30 - [DEBUG] generate_trivia_video - question_image_clip.w, question_image_clip.h: 91 120
2024-08-21 12:41:41.105 | INFO     | __main__:omprint:30 - [DEBUG] question_image_clip: <function VideoClip.set_position.<locals>.<lambda> at 0x73e84103c720>
2024-08-21 12:41:41.107 | INFO     | __main__:omprint:30 - [DEBUG] options_top_margin: 991
2024-08-21 12:41:41.120 | INFO     | __main__:omprint:30 - [DEBUG] add_options - fontsize for option 'SEO': 70
2024-08-21 12:41:41.150 | INFO     | __main__:omprint:30 - [DEBUG] add_options - fontsize for option 'Diseño web': 70
2024-08-21 12:41:41.192 | INFO     | __main__:omprint:30 - [DEBUG] add_options - fontsize for option 'Publicidad': 70
2024-08-21 12:41:41.253 | INFO     | __main__:omprint:30 - [DEBUG] generate_trivia_video - account_clip.w, account_clip.h: 430 64
2024-08-21 12:41:41.277 | INFO     | __main__:omprint:30 - [DEBUG] video_total_duration 1: 7.33
2024-08-21 12:41:41.279 | INFO     | __main__:omprint:30 - [DEBUG] narration_audio.duration: 2.33
2024-08-21 12:41:41.281 | INFO     | __main__:omprint:30 - [DEBUG] clock_sound_effects.duration: 3
2024-08-21 12:41:41.284 | INFO     | __main__:omprint:30 - [DEBUG] ding_sound_effects.duration: 2
2024-08-21 12:41:41.286 | INFO     | __main__:omprint:30 - [DEBUG] narration_audio_winner.duration: 0.59
2024-08-21 12:41:41.288 | INFO     | __main__:omprint:30 - [DEBUG] final_audio.duration 2: 7.33
2024-08-21 12:41:41.289 | INFO     | __main__:omprint:30 - [DEBUG] final_clip.duration 2: 7.33
2024-08-21 12:41:41.456 | INFO     | __main__:omprint:30 - create_background_video - background_clip.w, background_clip.h: 1080 1920
2024-08-21 12:41:41.465 | INFO     | __main__:omprint:30 - trivia_sequence: <moviepy.video.compositing.CompositeVideoClip.CompositeVideoClip object at 0x73e841342d10>
2024-08-21 12:42:31.671 | INFO     | __main__:omprint:30 - Ya hay un proceso en ejecución.
2024-08-21 12:43:31.674 | INFO     | __main__:omprint:30 - Ya hay un proceso en ejecución.
2024-08-21 12:43:59.903 | INFO     | __main__:omprint:30 - Tiempo de procesamiento: 140.35040283203125 segundos
2024-08-21 12:43:59.904 | INFO     | __main__:omprint:30 - video_to_upload: https://trivias.luxuryroamers.com/generados/videos/45208eaa-9a20-48d0-9a27-438e5d146a93.mp4
2024-08-21 12:43:59.905 | INFO     | __main__:omprint:30 - El script tomó 143.19 segundos en ejecutarse.
2024-08-21 12:43:59.912 | INFO     | __main__:omprint:30 - Ejecutando el proceso ID: 56f63474-4f4b-41d2-8ea0-450e261128d5
2024-08-21 12:43:59.913 | INFO     | __main__:omprint:30 - ---------------------------------------------------
2024-08-21 12:43:59.914 | INFO     | __main__:omprint:30 - uuid4, language, voice, main_question, num_questions, num_options, background_music, background_video: 56f63474-4f4b-41d2-8ea0-450e261128d5 Spanish Pedro Segmentación de audiencia 2 3 felicidad2 sanfrancisco1
2024-08-21 12:43:59.916 | INFO     | __main__:omprint:30 - ---------------------------------------------------
2024-08-21 12:43:59.917 | INFO     | __main__:omprint:30 - Genera una lista de 2 preguntas cortas en idioma Spanish en formato JSON para un quiz / trivia sobre ['Segmentación de audiencia']. El JSON debe incluir una pregunta principal corta en idioma Spanish sin emojis en ella, con el estilo MrBeast en la propiedad 'main_question' que aplique para todas las preguntas de la propiedad 'questions', seguido de un arreglo 'questions' que contenga objetos con las siguientes propiedades: el texto de la pregunta corta en idioma Spanish  con variantes mencionando siempre el tema central en cada pregunta  para hacer la pronunciación más humana y consistente ,  opciones de respuesta en idioma Spanish con 3 opciones donde alternes la opción correcta en las diferentes posiciones del arreglo de opciones entre 0 y 2, (IMPORTANTE: deben tener un tamaño de 17 caracteres máximo por opción), y el índice de la opción correcta (IMPORTANTE: Las opciones correctas deben estár en posiciones aleatorias entre 0 y 2 dentro del arreglo de la propiedad 'options').

Aquí hay un ejemplo del formato:

{
  "main_question": "Pregunta principal de ejemplo?",
  "questions": [
    {
        "question_text": "Variantes de la pregunta de ejemplo?",
        "question_image": "",
        "options": ['"Opción 1"', '"Opción 2"', '"Opción 3"'],
        "correct_option_index": 2
    }
  ]
} 

Notas Importantes: - Genera todo el contenido en idioma Spanish.
- Asigna las opciones correctas de las preguntas en posiciones aleatorias entre 0 y {num_options - 1}.
- Crea todos los campos mencionados en el ejemplo aunque estén en blanco.
- REALIZA UNA DOBE VERIFICACION DE LAS OPCIONES CORRECTAS. NO PUEDES COMETER ERRORES.

2024-08-21 12:44:03.076 | INFO     | __main__:omprint:30 - {'main_question': '¿Cuánto sabes sobre segmentación de audiencia?', 'questions': [{'question_text': '¿Qué es segmentación?', 'question_image': '', 'options': ['Dividir mercado', 'Un presupuesto', 'Una estrategia'], 'correct_option_index': 0}, {'question_text': '¿Objetivo de segmentación?', 'question_image': '', 'options': ['Mejorar ventas', 'Aumentar costos', 'Cambiar producto'], 'correct_option_index': 0}]}
2024-08-21 12:44:03.076 | INFO     | __main__:omprint:30 - final_logo_path: ./public/assets/images/logo.png
2024-08-21 12:44:03.077 | INFO     | __main__:omprint:30 - final_account_text: @elclubdelosgenios
2024-08-21 12:44:03.652 | INFO     | __main__:omprint:30 - [DEBUG] generate_trivia_video - ctxVideo: {'video_width': 1080, 'video_height': 1920, 'video_duration': 6.15}
2024-08-21 12:44:03.654 | INFO     | __main__:omprint:30 - [DEBUG] generate_trivia_video - video_total_duration: 6.15
2024-08-21 12:44:03.655 | INFO     | __main__:omprint:30 - [DEBUG] ============= add_logo - ctxVideo: {'video_width': 1080, 'video_height': 1920, 'video_duration': 6.15} =============
2024-08-21 12:44:03.686 | INFO     | __main__:omprint:30 - [DEBUG] generate_trivia_video - logo_clip.w, logo_clip.h: 540 175
2024-08-21 12:44:03.687 | INFO     | __main__:omprint:30 - [DEBUG] ============= add_question_text - ctxVideo: {'video_width': 1080, 'video_height': 1920, 'video_duration': 6.15} =============
2024-08-21 12:44:03.688 | INFO     | __main__:omprint:30 - [DEBUG] add_question_text - max_width: 920
2024-08-21 12:44:03.688 | INFO     | __main__:omprint:30 - [DEBUG] add_question_text - text_length: 21
2024-08-21 12:44:03.689 | INFO     | __main__:omprint:30 - [DEBUG] add_question_text - fontsize: 80
2024-08-21 12:44:03.731 | INFO     | __main__:omprint:30 - [DEBUG] generate_trivia_video - question_clip.w, question_clip.h: 920 194
2024-08-21 12:44:03.750 | INFO     | __main__:omprint:30 - [DEBUG] generate_trivia_video - question_image_clip.w, question_image_clip.h: 91 120
2024-08-21 12:44:03.751 | INFO     | __main__:omprint:30 - [DEBUG] question_image_clip: <function VideoClip.set_position.<locals>.<lambda> at 0x73e8406f4cc0>
2024-08-21 12:44:03.752 | INFO     | __main__:omprint:30 - [DEBUG] options_top_margin: 894
2024-08-21 12:44:03.764 | INFO     | __main__:omprint:30 - [DEBUG] add_options - fontsize for option 'Dividir mercado': 70
2024-08-21 12:44:03.805 | INFO     | __main__:omprint:30 - [DEBUG] add_options - fontsize for option 'Un presupuesto': 70
2024-08-21 12:44:03.845 | INFO     | __main__:omprint:30 - [DEBUG] add_options - fontsize for option 'Una estrategia': 70
2024-08-21 12:44:03.906 | INFO     | __main__:omprint:30 - [DEBUG] generate_trivia_video - account_clip.w, account_clip.h: 430 64
2024-08-21 12:44:03.932 | INFO     | __main__:omprint:30 - [DEBUG] video_total_duration 1: 6.15
2024-08-21 12:44:03.932 | INFO     | __main__:omprint:30 - [DEBUG] narration_audio.duration: 1.15
2024-08-21 12:44:03.933 | INFO     | __main__:omprint:30 - [DEBUG] clock_sound_effects.duration: 3
2024-08-21 12:44:03.934 | INFO     | __main__:omprint:30 - [DEBUG] ding_sound_effects.duration: 2
2024-08-21 12:44:03.934 | INFO     | __main__:omprint:30 - [DEBUG] narration_audio_winner.duration: 1.11
2024-08-21 12:44:03.935 | INFO     | __main__:omprint:30 - [DEBUG] final_audio.duration 2: 6.260000000000001
2024-08-21 12:44:03.936 | INFO     | __main__:omprint:30 - [DEBUG] final_clip.duration 2: 6.15
2024-08-21 12:44:04.449 | INFO     | __main__:omprint:30 - [DEBUG] generate_trivia_video - ctxVideo: {'video_width': 1080, 'video_height': 1920, 'video_duration': 6.55}
2024-08-21 12:44:04.451 | INFO     | __main__:omprint:30 - [DEBUG] generate_trivia_video - video_total_duration: 6.55
2024-08-21 12:44:04.452 | INFO     | __main__:omprint:30 - [DEBUG] ============= add_logo - ctxVideo: {'video_width': 1080, 'video_height': 1920, 'video_duration': 6.55} =============
2024-08-21 12:44:04.485 | INFO     | __main__:omprint:30 - [DEBUG] generate_trivia_video - logo_clip.w, logo_clip.h: 540 175
2024-08-21 12:44:04.486 | INFO     | __main__:omprint:30 - [DEBUG] ============= add_question_text - ctxVideo: {'video_width': 1080, 'video_height': 1920, 'video_duration': 6.55} =============
2024-08-21 12:44:04.487 | INFO     | __main__:omprint:30 - [DEBUG] add_question_text - max_width: 920
2024-08-21 12:44:04.487 | INFO     | __main__:omprint:30 - [DEBUG] add_question_text - text_length: 26
2024-08-21 12:44:04.488 | INFO     | __main__:omprint:30 - [DEBUG] add_question_text - fontsize: 80
2024-08-21 12:44:04.536 | INFO     | __main__:omprint:30 - [DEBUG] generate_trivia_video - question_clip.w, question_clip.h: 920 194
2024-08-21 12:44:04.561 | INFO     | __main__:omprint:30 - [DEBUG] generate_trivia_video - question_image_clip.w, question_image_clip.h: 91 120
2024-08-21 12:44:04.563 | INFO     | __main__:omprint:30 - [DEBUG] question_image_clip: <function VideoClip.set_position.<locals>.<lambda> at 0x73e843ccf600>
2024-08-21 12:44:04.564 | INFO     | __main__:omprint:30 - [DEBUG] options_top_margin: 894
2024-08-21 12:44:04.584 | INFO     | __main__:omprint:30 - [DEBUG] add_options - fontsize for option 'Mejorar ventas': 70
2024-08-21 12:44:04.631 | INFO     | __main__:omprint:30 - [DEBUG] add_options - fontsize for option 'Aumentar costos': 70
2024-08-21 12:44:04.681 | INFO     | __main__:omprint:30 - [DEBUG] add_options - fontsize for option 'Cambiar producto': 70
2024-08-21 12:44:04.751 | INFO     | __main__:omprint:30 - [DEBUG] generate_trivia_video - account_clip.w, account_clip.h: 430 64
2024-08-21 12:44:04.776 | INFO     | __main__:omprint:30 - [DEBUG] video_total_duration 1: 6.55
2024-08-21 12:44:04.777 | INFO     | __main__:omprint:30 - [DEBUG] narration_audio.duration: 1.55
2024-08-21 12:44:04.777 | INFO     | __main__:omprint:30 - [DEBUG] clock_sound_effects.duration: 3
2024-08-21 12:44:04.778 | INFO     | __main__:omprint:30 - [DEBUG] ding_sound_effects.duration: 2
2024-08-21 12:44:04.778 | INFO     | __main__:omprint:30 - [DEBUG] narration_audio_winner.duration: 1.1
2024-08-21 12:44:04.781 | INFO     | __main__:omprint:30 - [DEBUG] final_audio.duration 2: 6.65
2024-08-21 12:44:04.781 | INFO     | __main__:omprint:30 - [DEBUG] final_clip.duration 2: 6.55
2024-08-21 12:44:04.950 | INFO     | __main__:omprint:30 - create_background_video - background_clip.w, background_clip.h: 1080 1920
2024-08-21 12:44:04.960 | INFO     | __main__:omprint:30 - trivia_sequence: <moviepy.video.compositing.CompositeVideoClip.CompositeVideoClip object at 0x73e843cc6010>
2024-08-21 12:44:31.677 | INFO     | __main__:omprint:30 - Ya hay un proceso en ejecución.
2024-08-21 12:45:31.681 | INFO     | __main__:omprint:30 - Ya hay un proceso en ejecución.
2024-08-21 12:46:04.860 | INFO     | __main__:omprint:30 - Tiempo de procesamiento: 121.78234696388245 segundos
2024-08-21 12:46:04.862 | INFO     | __main__:omprint:30 - video_to_upload: https://trivias.luxuryroamers.com/generados/videos/56f63474-4f4b-41d2-8ea0-450e261128d5.mp4
2024-08-21 12:46:04.863 | INFO     | __main__:omprint:30 - El script tomó 124.95 segundos en ejecutarse.
2024-08-21 12:46:04.871 | INFO     | __main__:omprint:30 - Ejecutando el proceso ID: b376f33e-17eb-4cbb-a2e3-0535a4013b87
2024-08-21 12:46:04.872 | INFO     | __main__:omprint:30 - ---------------------------------------------------
2024-08-21 12:46:04.873 | INFO     | __main__:omprint:30 - uuid4, language, voice, main_question, num_questions, num_options, background_music, background_video: b376f33e-17eb-4cbb-a2e3-0535a4013b87 Spanish Pedro Eficiencia en comunicación empresarial 2 3 felicidad2 sanfrancisco1
2024-08-21 12:46:04.874 | INFO     | __main__:omprint:30 - ---------------------------------------------------
2024-08-21 12:46:04.875 | INFO     | __main__:omprint:30 - Genera una lista de 2 preguntas cortas en idioma Spanish en formato JSON para un quiz / trivia sobre ['Eficiencia en comunicación empresarial']. El JSON debe incluir una pregunta principal corta en idioma Spanish sin emojis en ella, con el estilo MrBeast en la propiedad 'main_question' que aplique para todas las preguntas de la propiedad 'questions', seguido de un arreglo 'questions' que contenga objetos con las siguientes propiedades: el texto de la pregunta corta en idioma Spanish  con variantes mencionando siempre el tema central en cada pregunta  para hacer la pronunciación más humana y consistente ,  opciones de respuesta en idioma Spanish con 3 opciones donde alternes la opción correcta en las diferentes posiciones del arreglo de opciones entre 0 y 2, (IMPORTANTE: deben tener un tamaño de 17 caracteres máximo por opción), y el índice de la opción correcta (IMPORTANTE: Las opciones correctas deben estár en posiciones aleatorias entre 0 y 2 dentro del arreglo de la propiedad 'options').

Aquí hay un ejemplo del formato:

{
  "main_question": "Pregunta principal de ejemplo?",
  "questions": [
    {
        "question_text": "Variantes de la pregunta de ejemplo?",
        "question_image": "",
        "options": ['"Opción 1"', '"Opción 2"', '"Opción 3"'],
        "correct_option_index": 2
    }
  ]
} 

Notas Importantes: - Genera todo el contenido en idioma Spanish.
- Asigna las opciones correctas de las preguntas en posiciones aleatorias entre 0 y {num_options - 1}.
- Crea todos los campos mencionados en el ejemplo aunque estén en blanco.
- REALIZA UNA DOBE VERIFICACION DE LAS OPCIONES CORRECTAS. NO PUEDES COMETER ERRORES.

2024-08-21 12:46:06.585 | INFO     | __main__:omprint:30 - {'main_question': '¿Cuánto sabes sobre eficiencia en comunicación empresarial?', 'questions': [{'question_text': '¿Qué es la comunicación empresarial?', 'question_image': '', 'options': ['Interacción', 'Informar', 'Confusión'], 'correct_option_index': 0}, {'question_text': '¿Cuál es un beneficio de la eficiencia comunicativa?', 'question_image': '', 'options': ['Aumentar gastos', 'Mejorar productividad', 'Pérdida de tiempo'], 'correct_option_index': 1}]}
2024-08-21 12:46:06.586 | INFO     | __main__:omprint:30 - final_logo_path: ./public/assets/images/logo.png
2024-08-21 12:46:06.588 | INFO     | __main__:omprint:30 - final_account_text: @elclubdelosgenios
2024-08-21 12:46:07.139 | INFO     | __main__:omprint:30 - [DEBUG] generate_trivia_video - ctxVideo: {'video_width': 1080, 'video_height': 1920, 'video_duration': 6.84}
2024-08-21 12:46:07.141 | INFO     | __main__:omprint:30 - [DEBUG] generate_trivia_video - video_total_duration: 6.84
2024-08-21 12:46:07.142 | INFO     | __main__:omprint:30 - [DEBUG] ============= add_logo - ctxVideo: {'video_width': 1080, 'video_height': 1920, 'video_duration': 6.84} =============
2024-08-21 12:46:07.175 | INFO     | __main__:omprint:30 - [DEBUG] generate_trivia_video - logo_clip.w, logo_clip.h: 540 175
2024-08-21 12:46:07.176 | INFO     | __main__:omprint:30 - [DEBUG] ============= add_question_text - ctxVideo: {'video_width': 1080, 'video_height': 1920, 'video_duration': 6.84} =============
2024-08-21 12:46:07.176 | INFO     | __main__:omprint:30 - [DEBUG] add_question_text - max_width: 920
2024-08-21 12:46:07.177 | INFO     | __main__:omprint:30 - [DEBUG] add_question_text - text_length: 36
2024-08-21 12:46:07.178 | INFO     | __main__:omprint:30 - [DEBUG] add_question_text - fontsize: 80
2024-08-21 12:46:07.236 | INFO     | __main__:omprint:30 - [DEBUG] generate_trivia_video - question_clip.w, question_clip.h: 920 291
2024-08-21 12:46:07.260 | INFO     | __main__:omprint:30 - [DEBUG] generate_trivia_video - question_image_clip.w, question_image_clip.h: 91 120
2024-08-21 12:46:07.261 | INFO     | __main__:omprint:30 - [DEBUG] question_image_clip: <function VideoClip.set_position.<locals>.<lambda> at 0x73e843ccd9e0>
2024-08-21 12:46:07.262 | INFO     | __main__:omprint:30 - [DEBUG] options_top_margin: 991
2024-08-21 12:46:07.278 | INFO     | __main__:omprint:30 - [DEBUG] add_options - fontsize for option 'Interacción': 70
2024-08-21 12:46:07.314 | INFO     | __main__:omprint:30 - [DEBUG] add_options - fontsize for option 'Informar': 70
2024-08-21 12:46:07.349 | INFO     | __main__:omprint:30 - [DEBUG] add_options - fontsize for option 'Confusión': 70
2024-08-21 12:46:07.406 | INFO     | __main__:omprint:30 - [DEBUG] generate_trivia_video - account_clip.w, account_clip.h: 430 64
2024-08-21 12:46:07.425 | INFO     | __main__:omprint:30 - [DEBUG] video_total_duration 1: 6.84
2024-08-21 12:46:07.427 | INFO     | __main__:omprint:30 - [DEBUG] narration_audio.duration: 1.84
2024-08-21 12:46:07.429 | INFO     | __main__:omprint:30 - [DEBUG] clock_sound_effects.duration: 3
2024-08-21 12:46:07.431 | INFO     | __main__:omprint:30 - [DEBUG] ding_sound_effects.duration: 2
2024-08-21 12:46:07.432 | INFO     | __main__:omprint:30 - [DEBUG] narration_audio_winner.duration: 0.89
2024-08-21 12:46:07.434 | INFO     | __main__:omprint:30 - [DEBUG] final_audio.duration 2: 6.84
2024-08-21 12:46:07.434 | INFO     | __main__:omprint:30 - [DEBUG] final_clip.duration 2: 6.84
2024-08-21 12:46:08.086 | INFO     | __main__:omprint:30 - [DEBUG] generate_trivia_video - ctxVideo: {'video_width': 1080, 'video_height': 1920, 'video_duration': 7.49}
2024-08-21 12:46:08.087 | INFO     | __main__:omprint:30 - [DEBUG] generate_trivia_video - video_total_duration: 7.49
2024-08-21 12:46:08.088 | INFO     | __main__:omprint:30 - [DEBUG] ============= add_logo - ctxVideo: {'video_width': 1080, 'video_height': 1920, 'video_duration': 7.49} =============
2024-08-21 12:46:08.121 | INFO     | __main__:omprint:30 - [DEBUG] generate_trivia_video - logo_clip.w, logo_clip.h: 540 175
2024-08-21 12:46:08.121 | INFO     | __main__:omprint:30 - [DEBUG] ============= add_question_text - ctxVideo: {'video_width': 1080, 'video_height': 1920, 'video_duration': 7.49} =============
2024-08-21 12:46:08.122 | INFO     | __main__:omprint:30 - [DEBUG] add_question_text - max_width: 920
2024-08-21 12:46:08.123 | INFO     | __main__:omprint:30 - [DEBUG] add_question_text - text_length: 52
2024-08-21 12:46:08.124 | INFO     | __main__:omprint:30 - [DEBUG] add_question_text - fontsize: 80
2024-08-21 12:46:08.196 | INFO     | __main__:omprint:30 - [DEBUG] generate_trivia_video - question_clip.w, question_clip.h: 920 388
2024-08-21 12:46:08.217 | INFO     | __main__:omprint:30 - [DEBUG] generate_trivia_video - question_image_clip.w, question_image_clip.h: 91 120
2024-08-21 12:46:08.218 | INFO     | __main__:omprint:30 - [DEBUG] question_image_clip: <function VideoClip.set_position.<locals>.<lambda> at 0x73e8406f5300>
2024-08-21 12:46:08.220 | INFO     | __main__:omprint:30 - [DEBUG] options_top_margin: 1088
2024-08-21 12:46:08.233 | INFO     | __main__:omprint:30 - [DEBUG] add_options - fontsize for option 'Aumentar gastos': 70
2024-08-21 12:46:08.276 | INFO     | __main__:omprint:30 - [DEBUG] add_options - fontsize for option 'Mejorar productividad': 65
2024-08-21 12:46:08.318 | INFO     | __main__:omprint:30 - [DEBUG] add_options - fontsize for option 'Pérdida de tiempo': 70
2024-08-21 12:46:08.380 | INFO     | __main__:omprint:30 - [DEBUG] generate_trivia_video - account_clip.w, account_clip.h: 430 64
2024-08-21 12:46:08.404 | INFO     | __main__:omprint:30 - [DEBUG] video_total_duration 1: 7.49
2024-08-21 12:46:08.405 | INFO     | __main__:omprint:30 - [DEBUG] narration_audio.duration: 2.49
2024-08-21 12:46:08.406 | INFO     | __main__:omprint:30 - [DEBUG] clock_sound_effects.duration: 3
2024-08-21 12:46:08.407 | INFO     | __main__:omprint:30 - [DEBUG] ding_sound_effects.duration: 2
2024-08-21 12:46:08.407 | INFO     | __main__:omprint:30 - [DEBUG] narration_audio_winner.duration: 1.44
2024-08-21 12:46:08.408 | INFO     | __main__:omprint:30 - [DEBUG] final_audio.duration 2: 7.93
2024-08-21 12:46:08.408 | INFO     | __main__:omprint:30 - [DEBUG] final_clip.duration 2: 7.49
2024-08-21 12:46:08.571 | INFO     | __main__:omprint:30 - create_background_video - background_clip.w, background_clip.h: 1080 1920
2024-08-21 12:46:08.578 | INFO     | __main__:omprint:30 - trivia_sequence: <moviepy.video.compositing.CompositeVideoClip.CompositeVideoClip object at 0x73e840eec750>
2024-08-21 12:46:31.684 | INFO     | __main__:omprint:30 - Ya hay un proceso en ejecución.
2024-08-21 12:47:31.687 | INFO     | __main__:omprint:30 - Ya hay un proceso en ejecución.
2024-08-21 12:47:48.646 | INFO     | __main__:omprint:30 - Error al procesar el proceso ID: b376f33e-17eb-4cbb-a2e3-0535a4013b87, error: x1 must be greater than or equal to x0
2024-08-21 12:47:48.647 | INFO     | __main__:omprint:30 - Ejecutando el proceso ID: 2db8a5ee-bb66-4dc9-a4bf-eb55362f879c
2024-08-21 12:47:48.647 | INFO     | __main__:omprint:30 - ---------------------------------------------------
2024-08-21 12:47:48.648 | INFO     | __main__:omprint:30 - uuid4, language, voice, main_question, num_questions, num_options, background_music, background_video: 2db8a5ee-bb66-4dc9-a4bf-eb55362f879c Spanish Pedro Revolución digital en LinkedIn 2 3 felicidad2 sanfrancisco1
2024-08-21 12:47:48.649 | INFO     | __main__:omprint:30 - ---------------------------------------------------
2024-08-21 12:47:48.649 | INFO     | __main__:omprint:30 - Genera una lista de 2 preguntas cortas en idioma Spanish en formato JSON para un quiz / trivia sobre ['Revolución digital en LinkedIn']. El JSON debe incluir una pregunta principal corta en idioma Spanish sin emojis en ella, con el estilo MrBeast en la propiedad 'main_question' que aplique para todas las preguntas de la propiedad 'questions', seguido de un arreglo 'questions' que contenga objetos con las siguientes propiedades: el texto de la pregunta corta en idioma Spanish  con variantes mencionando siempre el tema central en cada pregunta  para hacer la pronunciación más humana y consistente ,  opciones de respuesta en idioma Spanish con 3 opciones donde alternes la opción correcta en las diferentes posiciones del arreglo de opciones entre 0 y 2, (IMPORTANTE: deben tener un tamaño de 17 caracteres máximo por opción), y el índice de la opción correcta (IMPORTANTE: Las opciones correctas deben estár en posiciones aleatorias entre 0 y 2 dentro del arreglo de la propiedad 'options').

Aquí hay un ejemplo del formato:

{
  "main_question": "Pregunta principal de ejemplo?",
  "questions": [
    {
        "question_text": "Variantes de la pregunta de ejemplo?",
        "question_image": "",
        "options": ['"Opción 1"', '"Opción 2"', '"Opción 3"'],
        "correct_option_index": 2
    }
  ]
} 

Notas Importantes: - Genera todo el contenido en idioma Spanish.
- Asigna las opciones correctas de las preguntas en posiciones aleatorias entre 0 y {num_options - 1}.
- Crea todos los campos mencionados en el ejemplo aunque estén en blanco.
- REALIZA UNA DOBE VERIFICACION DE LAS OPCIONES CORRECTAS. NO PUEDES COMETER ERRORES.

2024-08-21 12:47:50.743 | INFO     | __main__:omprint:30 - {'main_question': '¿Qué sabes sobre la revolución digital en LinkedIn?', 'questions': [{'question_text': '¿Qué es LinkedIn?', 'question_image': '', 'options': ['Red social', 'Sitio de juegos', 'Plataforma de compras'], 'correct_option_index': 0}, {'question_text': '¿Qué promueve LinkedIn?', 'question_image': '', 'options': ['Conexion laboral', 'Venta de productos', 'Aprendizaje de danza'], 'correct_option_index': 0}]}
2024-08-21 12:47:50.744 | INFO     | __main__:omprint:30 - final_logo_path: ./public/assets/images/logo.png
2024-08-21 12:47:50.745 | INFO     | __main__:omprint:30 - final_account_text: @elclubdelosgenios
2024-08-21 12:47:51.208 | INFO     | __main__:omprint:30 - [DEBUG] generate_trivia_video - ctxVideo: {'video_width': 1080, 'video_height': 1920, 'video_duration': 5.9}
2024-08-21 12:47:51.209 | INFO     | __main__:omprint:30 - [DEBUG] generate_trivia_video - video_total_duration: 5.9
2024-08-21 12:47:51.209 | INFO     | __main__:omprint:30 - [DEBUG] ============= add_logo - ctxVideo: {'video_width': 1080, 'video_height': 1920, 'video_duration': 5.9} =============
2024-08-21 12:47:51.241 | INFO     | __main__:omprint:30 - [DEBUG] generate_trivia_video - logo_clip.w, logo_clip.h: 540 175
2024-08-21 12:47:51.242 | INFO     | __main__:omprint:30 - [DEBUG] ============= add_question_text - ctxVideo: {'video_width': 1080, 'video_height': 1920, 'video_duration': 5.9} =============
2024-08-21 12:47:51.242 | INFO     | __main__:omprint:30 - [DEBUG] add_question_text - max_width: 920
2024-08-21 12:47:51.243 | INFO     | __main__:omprint:30 - [DEBUG] add_question_text - text_length: 17
2024-08-21 12:47:51.244 | INFO     | __main__:omprint:30 - [DEBUG] add_question_text - fontsize: 80
2024-08-21 12:47:51.270 | INFO     | __main__:omprint:30 - [DEBUG] generate_trivia_video - question_clip.w, question_clip.h: 920 97
2024-08-21 12:47:51.292 | INFO     | __main__:omprint:30 - [DEBUG] generate_trivia_video - question_image_clip.w, question_image_clip.h: 91 120
2024-08-21 12:47:51.293 | INFO     | __main__:omprint:30 - [DEBUG] question_image_clip: <function VideoClip.set_position.<locals>.<lambda> at 0x73e843ccf740>
2024-08-21 12:47:51.294 | INFO     | __main__:omprint:30 - [DEBUG] options_top_margin: 797
2024-08-21 12:47:51.307 | INFO     | __main__:omprint:30 - [DEBUG] add_options - fontsize for option 'Red social': 70
2024-08-21 12:47:51.345 | INFO     | __main__:omprint:30 - [DEBUG] add_options - fontsize for option 'Sitio de juegos': 70
2024-08-21 12:47:51.384 | INFO     | __main__:omprint:30 - [DEBUG] add_options - fontsize for option 'Plataforma de compras': 65
2024-08-21 12:47:51.444 | INFO     | __main__:omprint:30 - [DEBUG] generate_trivia_video - account_clip.w, account_clip.h: 430 64
2024-08-21 12:47:51.470 | INFO     | __main__:omprint:30 - [DEBUG] video_total_duration 1: 5.9
2024-08-21 12:47:51.472 | INFO     | __main__:omprint:30 - [DEBUG] narration_audio.duration: 0.9
2024-08-21 12:47:51.473 | INFO     | __main__:omprint:30 - [DEBUG] clock_sound_effects.duration: 3
2024-08-21 12:47:51.474 | INFO     | __main__:omprint:30 - [DEBUG] ding_sound_effects.duration: 2
2024-08-21 12:47:51.475 | INFO     | __main__:omprint:30 - [DEBUG] narration_audio_winner.duration: 0.94
2024-08-21 12:47:51.475 | INFO     | __main__:omprint:30 - [DEBUG] final_audio.duration 2: 5.9
2024-08-21 12:47:51.476 | INFO     | __main__:omprint:30 - [DEBUG] final_clip.duration 2: 5.9
2024-08-21 12:47:52.119 | INFO     | __main__:omprint:30 - [DEBUG] generate_trivia_video - ctxVideo: {'video_width': 1080, 'video_height': 1920, 'video_duration': 6.2}
2024-08-21 12:47:52.120 | INFO     | __main__:omprint:30 - [DEBUG] generate_trivia_video - video_total_duration: 6.2
2024-08-21 12:47:52.122 | INFO     | __main__:omprint:30 - [DEBUG] ============= add_logo - ctxVideo: {'video_width': 1080, 'video_height': 1920, 'video_duration': 6.2} =============
2024-08-21 12:47:52.154 | INFO     | __main__:omprint:30 - [DEBUG] generate_trivia_video - logo_clip.w, logo_clip.h: 540 175
2024-08-21 12:47:52.155 | INFO     | __main__:omprint:30 - [DEBUG] ============= add_question_text - ctxVideo: {'video_width': 1080, 'video_height': 1920, 'video_duration': 6.2} =============
2024-08-21 12:47:52.155 | INFO     | __main__:omprint:30 - [DEBUG] add_question_text - max_width: 920
2024-08-21 12:47:52.156 | INFO     | __main__:omprint:30 - [DEBUG] add_question_text - text_length: 23
2024-08-21 12:47:52.157 | INFO     | __main__:omprint:30 - [DEBUG] add_question_text - fontsize: 80
2024-08-21 12:47:52.199 | INFO     | __main__:omprint:30 - [DEBUG] generate_trivia_video - question_clip.w, question_clip.h: 920 194
2024-08-21 12:47:52.220 | INFO     | __main__:omprint:30 - [DEBUG] generate_trivia_video - question_image_clip.w, question_image_clip.h: 91 120
2024-08-21 12:47:52.221 | INFO     | __main__:omprint:30 - [DEBUG] question_image_clip: <function VideoClip.set_position.<locals>.<lambda> at 0x73e84052f100>
2024-08-21 12:47:52.222 | INFO     | __main__:omprint:30 - [DEBUG] options_top_margin: 894
2024-08-21 12:47:52.237 | INFO     | __main__:omprint:30 - [DEBUG] add_options - fontsize for option 'Conexion laboral': 70
2024-08-21 12:47:52.274 | INFO     | __main__:omprint:30 - [DEBUG] add_options - fontsize for option 'Venta de productos': 68
2024-08-21 12:47:52.312 | INFO     | __main__:omprint:30 - [DEBUG] add_options - fontsize for option 'Aprendizaje de danza': 66
2024-08-21 12:47:52.368 | INFO     | __main__:omprint:30 - [DEBUG] generate_trivia_video - account_clip.w, account_clip.h: 430 64
2024-08-21 12:47:52.389 | INFO     | __main__:omprint:30 - [DEBUG] video_total_duration 1: 6.2
2024-08-21 12:47:52.390 | INFO     | __main__:omprint:30 - [DEBUG] narration_audio.duration: 1.2
2024-08-21 12:47:52.391 | INFO     | __main__:omprint:30 - [DEBUG] clock_sound_effects.duration: 3
2024-08-21 12:47:52.392 | INFO     | __main__:omprint:30 - [DEBUG] ding_sound_effects.duration: 2
2024-08-21 12:47:52.393 | INFO     | __main__:omprint:30 - [DEBUG] narration_audio_winner.duration: 1.15
2024-08-21 12:47:52.393 | INFO     | __main__:omprint:30 - [DEBUG] final_audio.duration 2: 6.35
2024-08-21 12:47:52.394 | INFO     | __main__:omprint:30 - [DEBUG] final_clip.duration 2: 6.2
2024-08-21 12:47:52.549 | INFO     | __main__:omprint:30 - create_background_video - background_clip.w, background_clip.h: 1080 1920
2024-08-21 12:47:52.554 | INFO     | __main__:omprint:30 - trivia_sequence: <moviepy.video.compositing.CompositeVideoClip.CompositeVideoClip object at 0x73e840557fd0>
2024-08-21 12:48:31.693 | INFO     | __main__:omprint:30 - Ya hay un proceso en ejecución.
2024-08-21 12:49:31.697 | INFO     | __main__:omprint:30 - Ya hay un proceso en ejecución.
2024-08-21 12:49:57.344 | INFO     | __main__:omprint:30 - Tiempo de procesamiento: 126.59780526161194 segundos
2024-08-21 12:49:57.345 | INFO     | __main__:omprint:30 - video_to_upload: https://trivias.luxuryroamers.com/generados/videos/2db8a5ee-bb66-4dc9-a4bf-eb55362f879c.mp4
2024-08-21 12:49:57.345 | INFO     | __main__:omprint:30 - El script tomó 128.70 segundos en ejecutarse.
2024-08-21 12:50:02.353 | INFO     | __main__:omprint:30 - pending_processes: []
2024-08-21 12:50:02.355 | INFO     | __main__:omprint:30 - No hay más procesos pendientes.
2024-08-21 12:50:31.699 | INFO     | __main__:omprint:30 - pending_processes: []
2024-08-21 12:50:31.700 | INFO     | __main__:omprint:30 - No hay más procesos pendientes.
2024-08-21 12:51:31.701 | INFO     | __main__:omprint:30 - pending_processes: []
2024-08-21 12:51:31.702 | INFO     | __main__:omprint:30 - No hay más procesos pendientes.
2024-08-21 12:52:31.703 | INFO     | __main__:omprint:30 - pending_processes: []
2024-08-21 12:52:31.704 | INFO     | __main__:omprint:30 - No hay más procesos pendientes.
2024-08-21 12:53:31.705 | INFO     | __main__:omprint:30 - pending_processes: []
2024-08-21 12:53:31.706 | INFO     | __main__:omprint:30 - No hay más procesos pendientes.
2024-08-21 12:54:31.707 | INFO     | __main__:omprint:30 - pending_processes: []
2024-08-21 12:54:31.708 | INFO     | __main__:omprint:30 - No hay más procesos pendientes.
2024-08-21 12:55:31.709 | INFO     | __main__:omprint:30 - pending_processes: []
2024-08-21 12:55:31.710 | INFO     | __main__:omprint:30 - No hay más procesos pendientes.
2024-08-21 12:56:31.711 | INFO     | __main__:omprint:30 - pending_processes: []
2024-08-21 12:56:31.712 | INFO     | __main__:omprint:30 - No hay más procesos pendientes.
2024-08-21 12:57:31.713 | INFO     | __main__:omprint:30 - pending_processes: []
2024-08-21 12:57:31.714 | INFO     | __main__:omprint:30 - No hay más procesos pendientes.
2024-08-21 12:58:31.715 | INFO     | __main__:omprint:30 - pending_processes: []
2024-08-21 12:58:31.716 | INFO     | __main__:omprint:30 - No hay más procesos pendientes.
2024-08-21 12:59:31.717 | INFO     | __main__:omprint:30 - pending_processes: []
2024-08-21 12:59:31.718 | INFO     | __main__:omprint:30 - No hay más procesos pendientes.
2024-08-21 13:00:31.719 | INFO     | __main__:omprint:30 - pending_processes: []
2024-08-21 13:00:31.720 | INFO     | __main__:omprint:30 - No hay más procesos pendientes.
2024-08-21 13:01:31.721 | INFO     | __main__:omprint:30 - pending_processes: []
2024-08-21 13:01:31.722 | INFO     | __main__:omprint:30 - No hay más procesos pendientes.
2024-08-21 13:02:31.723 | INFO     | __main__:omprint:30 - pending_processes: []
2024-08-21 13:02:31.724 | INFO     | __main__:omprint:30 - No hay más procesos pendientes.
2024-08-21 13:03:31.725 | INFO     | __main__:omprint:30 - pending_processes: []
2024-08-21 13:03:31.726 | INFO     | __main__:omprint:30 - No hay más procesos pendientes.
2024-08-21 13:04:31.727 | INFO     | __main__:omprint:30 - pending_processes: []
2024-08-21 13:04:31.728 | INFO     | __main__:omprint:30 - No hay más procesos pendientes.
2024-08-21 13:05:31.729 | INFO     | __main__:omprint:30 - pending_processes: []
2024-08-21 13:05:31.730 | INFO     | __main__:omprint:30 - No hay más procesos pendientes.
2024-08-21 13:06:31.731 | INFO     | __main__:omprint:30 - pending_processes: []
2024-08-21 13:06:31.732 | INFO     | __main__:omprint:30 - No hay más procesos pendientes.
2024-08-21 13:07:31.732 | INFO     | __main__:omprint:30 - pending_processes: []
2024-08-21 13:07:31.733 | INFO     | __main__:omprint:30 - No hay más procesos pendientes.
2024-08-21 13:08:31.734 | INFO     | __main__:omprint:30 - pending_processes: []
2024-08-21 13:08:31.735 | INFO     | __main__:omprint:30 - No hay más procesos pendientes.
2024-08-21 13:09:31.736 | INFO     | __main__:omprint:30 - pending_processes: []
2024-08-21 13:09:31.737 | INFO     | __main__:omprint:30 - No hay más procesos pendientes.
2024-08-21 13:10:31.738 | INFO     | __main__:omprint:30 - pending_processes: []
2024-08-21 13:10:31.739 | INFO     | __main__:omprint:30 - No hay más procesos pendientes.
2024-08-21 13:11:31.739 | INFO     | __main__:omprint:30 - pending_processes: []
2024-08-21 13:11:31.740 | INFO     | __main__:omprint:30 - No hay más procesos pendientes.
2024-08-21 13:12:31.741 | INFO     | __main__:omprint:30 - pending_processes: []
2024-08-21 13:12:31.742 | INFO     | __main__:omprint:30 - No hay más procesos pendientes.
2024-08-21 13:13:31.743 | INFO     | __main__:omprint:30 - pending_processes: []
2024-08-21 13:13:31.744 | INFO     | __main__:omprint:30 - No hay más procesos pendientes.
2024-08-21 13:14:31.745 | INFO     | __main__:omprint:30 - pending_processes: []
2024-08-21 13:14:31.746 | INFO     | __main__:omprint:30 - No hay más procesos pendientes.
2024-08-21 13:15:31.747 | INFO     | __main__:omprint:30 - pending_processes: []
2024-08-21 13:15:31.748 | INFO     | __main__:omprint:30 - No hay más procesos pendientes.
2024-08-21 13:16:31.749 | INFO     | __main__:omprint:30 - pending_processes: []
2024-08-21 13:16:31.750 | INFO     | __main__:omprint:30 - No hay más procesos pendientes.
2024-08-21 13:17:31.751 | INFO     | __main__:omprint:30 - pending_processes: []
2024-08-21 13:17:31.752 | INFO     | __main__:omprint:30 - No hay más procesos pendientes.
2024-08-21 13:18:31.753 | INFO     | __main__:omprint:30 - pending_processes: []
2024-08-21 13:18:31.753 | INFO     | __main__:omprint:30 - No hay más procesos pendientes.
2024-08-21 13:19:31.754 | INFO     | __main__:omprint:30 - pending_processes: []
2024-08-21 13:19:31.755 | INFO     | __main__:omprint:30 - No hay más procesos pendientes.
2024-08-21 13:20:31.756 | INFO     | __main__:omprint:30 - pending_processes: []
2024-08-21 13:20:31.757 | INFO     | __main__:omprint:30 - No hay más procesos pendientes.
2024-08-21 13:21:31.758 | INFO     | __main__:omprint:30 - pending_processes: []
2024-08-21 13:21:31.759 | INFO     | __main__:omprint:30 - No hay más procesos pendientes.
2024-08-21 13:22:31.760 | INFO     | __main__:omprint:30 - pending_processes: []
2024-08-21 13:22:31.761 | INFO     | __main__:omprint:30 - No hay más procesos pendientes.
2024-08-21 13:23:31.762 | INFO     | __main__:omprint:30 - pending_processes: []
2024-08-21 13:23:31.763 | INFO     | __main__:omprint:30 - No hay más procesos pendientes.
2024-08-21 13:24:31.764 | INFO     | __main__:omprint:30 - pending_processes: []
2024-08-21 13:24:31.766 | INFO     | __main__:omprint:30 - No hay más procesos pendientes.
2024-08-21 13:25:31.767 | INFO     | __main__:omprint:30 - pending_processes: []
2024-08-21 13:25:31.767 | INFO     | __main__:omprint:30 - No hay más procesos pendientes.
2024-08-21 13:26:31.768 | INFO     | __main__:omprint:30 - pending_processes: []
2024-08-21 13:26:31.769 | INFO     | __main__:omprint:30 - No hay más procesos pendientes.
2024-08-21 13:27:31.770 | INFO     | __main__:omprint:30 - pending_processes: []
2024-08-21 13:27:31.771 | INFO     | __main__:omprint:30 - No hay más procesos pendientes.
2024-08-21 13:28:31.772 | INFO     | __main__:omprint:30 - pending_processes: []
2024-08-21 13:28:31.773 | INFO     | __main__:omprint:30 - No hay más procesos pendientes.
2024-08-21 13:29:31.774 | INFO     | __main__:omprint:30 - pending_processes: []
2024-08-21 13:29:31.775 | INFO     | __main__:omprint:30 - No hay más procesos pendientes.
2024-08-21 13:30:31.776 | INFO     | __main__:omprint:30 - pending_processes: []
2024-08-21 13:30:31.777 | INFO     | __main__:omprint:30 - No hay más procesos pendientes.
2024-08-21 13:31:31.778 | INFO     | __main__:omprint:30 - pending_processes: []
2024-08-21 13:31:31.779 | INFO     | __main__:omprint:30 - No hay más procesos pendientes.
2024-08-21 13:32:31.780 | INFO     | __main__:omprint:30 - pending_processes: []
2024-08-21 13:32:31.780 | INFO     | __main__:omprint:30 - No hay más procesos pendientes.
2024-08-21 13:33:31.781 | INFO     | __main__:omprint:30 - pending_processes: []
2024-08-21 13:33:31.782 | INFO     | __main__:omprint:30 - No hay más procesos pendientes.
2024-08-21 13:34:31.783 | INFO     | __main__:omprint:30 - pending_processes: []
2024-08-21 13:34:31.784 | INFO     | __main__:omprint:30 - No hay más procesos pendientes.
2024-08-21 13:35:31.785 | INFO     | __main__:omprint:30 - pending_processes: []
2024-08-21 13:35:31.786 | INFO     | __main__:omprint:30 - No hay más procesos pendientes.
