2024-08-16 16:28:31.800 | INFO     | __main__:omprint:30 - pending_processes: [{'uuid': '10b60364-9028-443f-a04a-6f6df1a64b5b', 'language': 'Espanol', 'voice': 'Miguel', 'main_question': 'Una lista de 10 PEL칈CULAS que puedan ser representados por 3 emojis secuenciales y que se respondan con una palabra', 'num_questions': 2, 'num_options': 3, 'background_music': 'animada1', 'background_video': 'sanfrancisco1', 'fecha_creacion': '2024-08-16T16:28:31.770532+00:00', 'fecha_modificacion': '2024-08-16T16:28:31.770532+00:00', 'estado': 'pendiente'}]
2024-08-16 16:28:31.801 | INFO     | __main__:omprint:30 - Ejecutando el proceso ID: 10b60364-9028-443f-a04a-6f6df1a64b5b
2024-08-16 16:28:31.803 | INFO     | __main__:omprint:30 - ---------------------------------------------------
2024-08-16 16:28:31.805 | INFO     | __main__:omprint:30 - uuid4, language, voice, main_question, num_questions, num_options, background_music, background_video: 10b60364-9028-443f-a04a-6f6df1a64b5b Espanol Miguel Una lista de 10 PEL칈CULAS que puedan ser representados por 3 emojis secuenciales y que se respondan con una palabra 2 3 animada1 sanfrancisco1
2024-08-16 16:28:31.813 | INFO     | __main__:omprint:30 - ---------------------------------------------------
2024-08-16 16:28:31.815 | INFO     | __main__:omprint:30 - Genera una lista de 2 preguntas cortas en idioma Espanol en formato JSON para un quiz / trivia sobre ['Una lista de 10 PEL칈CULAS que puedan ser representados por 3 emojis secuenciales y que se respondan con una palabra']. El JSON debe incluir una pregunta principal corta en idioma Espanol sin emojis en ella, con el estilo MrBeast en la propiedad 'main_question' que aplique para todas las preguntas de la propiedad 'questions', seguido de un arreglo 'questions' que contenga objetos con las siguientes propiedades: el texto de la pregunta corta en idioma Espanol sin emojis en ella con variantes  para hacer la pronunciaci칩n m치s humana y consistente SIN INCLUIR EL EMOJI, una imagen representada como un emoji, opciones de respuesta en idioma Espanol con 3 opciones donde alternes la opci칩n correcta en las diferentes posiciones del arreglo de opciones entre 0 y 2, (IMPORTANTE: deben tener un tamano de 18 caracteres m치ximo por opci칩n), y el 칤ndice de la opci칩n correcta (IMPORTANTE: Las opciones correctas deben est치r en posiciones aleatorias entre 0 y 2 dentro del arreglo de la propiedad 'options').

Aqu칤 hay un ejemplo del formato:

{
  "main_question": "Pregunta principal de ejemplo?",
  "questions": [
    {
        "question_text": "Variantes de la pregunta de ejemplo?",
        "question_image": "游뾇릖",
        "options": ['"Opci칩n 1"', '"Opci칩n 2"', '"Opci칩n 3"'],
        "correct_option_index": 2
    }
  ]
} 

Notas Importantes: - Todo el contenido que generes debe estar en idioma Espanol.
- En las opciones distribuye de forma equitativa y no secuencial la asignaci칩n de las opciones correctas en posiciones entre 0 y {num_options - 1}.
- Todos los campos son obligatorios que est칠n presentes aunque est칠n en blanco.
- REALIZA UNA DOBE VERIFICACION DE LAS OPCIONES CORRECTAS. NO PUEDES COMETER ERRORES.

2024-08-16 16:28:33.838 | INFO     | __main__:omprint:30 - {'main_question': '쯈u칠 pel칤cula se representa con los emojis?', 'questions': [{'question_text': '쯈u칠 pel칤cula es esta?', 'question_image': '游꿟', 'options': ['H칠roes en Pijamas', 'Un Lugar en Silencio', 'Una Noche en Par칤s'], 'correct_option_index': 1}, {'question_text': '쯈u칠 pel칤cula podr칤a ser?', 'question_image': '游꿘', 'options': ['El Origen', 'Tibur칩n', 'La Caba침a'], 'correct_option_index': 0}]}
2024-08-16 16:28:33.838 | INFO     | __main__:omprint:30 - Error on attempt 1: Voice with Engine 'neural' and VoiceId 'Miguel' not found.
2024-08-16 16:28:36.838 | INFO     | __main__:omprint:30 - Error on attempt 2: Voice with Engine 'neural' and VoiceId 'Miguel' not found.
2024-08-16 16:28:39.839 | INFO     | __main__:omprint:30 - Error on attempt 3: Voice with Engine 'neural' and VoiceId 'Miguel' not found.
2024-08-16 16:28:42.840 | INFO     | __main__:omprint:30 - Error on attempt 4: Voice with Engine 'neural' and VoiceId 'Miguel' not found.
2024-08-16 16:28:45.841 | INFO     | __main__:omprint:30 - Error on attempt 5: Voice with Engine 'neural' and VoiceId 'Miguel' not found.
2024-08-16 16:28:48.841 | INFO     | __main__:omprint:30 - Error on attempt 6: Voice with Engine 'neural' and VoiceId 'Miguel' not found.
2024-08-16 16:28:51.842 | INFO     | __main__:omprint:30 - Error on attempt 7: Voice with Engine 'neural' and VoiceId 'Miguel' not found.
2024-08-16 16:28:54.847 | INFO     | __main__:omprint:30 - Error al procesar el proceso ID: 10b60364-9028-443f-a04a-6f6df1a64b5b, error: Failed to get Polly response after 7 attempts
2024-08-16 16:28:55.697 | INFO     | __main__:omprint:30 - Ya hay un proceso en ejecuci칩n.
2024-08-16 16:28:59.848 | INFO     | __main__:omprint:30 - pending_processes: []
2024-08-16 16:28:59.849 | INFO     | __main__:omprint:30 - No hay m치s procesos pendientes.
2024-08-16 16:29:55.698 | INFO     | __main__:omprint:30 - pending_processes: []
2024-08-16 16:29:55.698 | INFO     | __main__:omprint:30 - No hay m치s procesos pendientes.
2024-08-16 16:30:55.699 | INFO     | __main__:omprint:30 - pending_processes: []
2024-08-16 16:30:55.699 | INFO     | __main__:omprint:30 - No hay m치s procesos pendientes.
2024-08-16 16:31:55.700 | INFO     | __main__:omprint:30 - pending_processes: []
2024-08-16 16:31:55.700 | INFO     | __main__:omprint:30 - No hay m치s procesos pendientes.
2024-08-16 16:32:55.701 | INFO     | __main__:omprint:30 - pending_processes: []
2024-08-16 16:32:55.701 | INFO     | __main__:omprint:30 - No hay m치s procesos pendientes.
2024-08-16 16:33:55.702 | INFO     | __main__:omprint:30 - pending_processes: []
2024-08-16 16:33:55.702 | INFO     | __main__:omprint:30 - No hay m치s procesos pendientes.
2024-08-16 16:34:55.703 | INFO     | __main__:omprint:30 - pending_processes: []
2024-08-16 16:34:55.703 | INFO     | __main__:omprint:30 - No hay m치s procesos pendientes.
2024-08-16 16:35:55.704 | INFO     | __main__:omprint:30 - pending_processes: []
2024-08-16 16:35:55.704 | INFO     | __main__:omprint:30 - No hay m치s procesos pendientes.
2024-08-16 16:36:55.705 | INFO     | __main__:omprint:30 - pending_processes: []
2024-08-16 16:36:55.705 | INFO     | __main__:omprint:30 - No hay m치s procesos pendientes.
2024-08-16 16:37:55.706 | INFO     | __main__:omprint:30 - pending_processes: []
2024-08-16 16:37:55.706 | INFO     | __main__:omprint:30 - No hay m치s procesos pendientes.
2024-08-16 16:38:55.707 | INFO     | __main__:omprint:30 - pending_processes: []
2024-08-16 16:38:55.707 | INFO     | __main__:omprint:30 - No hay m치s procesos pendientes.
2024-08-16 16:39:55.708 | INFO     | __main__:omprint:30 - pending_processes: []
2024-08-16 16:39:55.708 | INFO     | __main__:omprint:30 - No hay m치s procesos pendientes.
2024-08-16 16:40:55.709 | INFO     | __main__:omprint:30 - pending_processes: []
2024-08-16 16:40:55.709 | INFO     | __main__:omprint:30 - No hay m치s procesos pendientes.
2024-08-16 16:41:55.709 | INFO     | __main__:omprint:30 - pending_processes: []
2024-08-16 16:41:55.710 | INFO     | __main__:omprint:30 - No hay m치s procesos pendientes.
2024-08-16 16:42:55.711 | INFO     | __main__:omprint:30 - pending_processes: []
2024-08-16 16:42:55.711 | INFO     | __main__:omprint:30 - No hay m치s procesos pendientes.
2024-08-16 16:43:55.711 | INFO     | __main__:omprint:30 - pending_processes: []
2024-08-16 16:43:55.712 | INFO     | __main__:omprint:30 - No hay m치s procesos pendientes.
2024-08-16 16:44:55.712 | INFO     | __main__:omprint:30 - pending_processes: []
2024-08-16 16:44:55.713 | INFO     | __main__:omprint:30 - No hay m치s procesos pendientes.
2024-08-16 16:45:55.713 | INFO     | __main__:omprint:30 - pending_processes: []
2024-08-16 16:45:55.714 | INFO     | __main__:omprint:30 - No hay m치s procesos pendientes.
2024-08-16 16:46:55.714 | INFO     | __main__:omprint:30 - pending_processes: []
2024-08-16 16:46:55.715 | INFO     | __main__:omprint:30 - No hay m치s procesos pendientes.
