2024-08-14 17:51:12.516 | INFO     | __main__:omprint:30 - pending_processes: [{'uuid': 'f997d36b-e831-44e4-8e2e-f3a4fb2d2305', 'language': 'Italian', 'voice': 'Bianca', 'main_question': 'trivia sobre identificar edificaciones a partir de emojis', 'num_questions': 2, 'num_options': 3, 'background_music': 'animada8', 'background_video': 'sanfrancisco1', 'fecha_creacion': '2024-08-14T17:51:12.511381+00:00', 'fecha_modificacion': '2024-08-14T17:51:12.511381+00:00', 'estado': 'pendiente'}]
2024-08-14 17:51:12.517 | INFO     | __main__:omprint:30 - Ejecutando el proceso ID: f997d36b-e831-44e4-8e2e-f3a4fb2d2305
2024-08-14 17:51:12.518 | INFO     | __main__:omprint:30 - ---------------------------------------------------
2024-08-14 17:51:12.518 | INFO     | __main__:omprint:30 - uuid4, language, voice, main_question, num_questions, num_options, background_music, background_video: f997d36b-e831-44e4-8e2e-f3a4fb2d2305 Italian Bianca trivia sobre identificar edificaciones a partir de emojis 2 3 animada8 sanfrancisco1
2024-08-14 17:51:12.518 | INFO     | __main__:omprint:30 - ---------------------------------------------------
2024-08-14 17:51:12.519 | INFO     | __main__:omprint:30 - Genera una lista de 2 preguntas cortas en idioma Italian en formato JSON para un quiz / trivia sobre ['trivia sobre identificar edificaciones a partir de emojis']. El JSON debe incluir una pregunta principal corta en idioma Italian sin emojis en ella, con el estilo MrBeast en la propiedad 'main_question' que aplique para todas las preguntas de la propiedad 'questions', seguido de un arreglo 'questions' que contenga objetos con las siguientes propiedades: el texto de la pregunta corta en idioma Italian sin emojis en ella con variantes  para hacer la pronunciación más humana y consistente SIN INCLUIR EL EMOJI, una imagen representada como un emoji, opciones de respuesta en idioma Italian con 3 opciones donde alternes la opción correcta en las diferentes posiciones del arreglo de opciones entre 0 y 2, (IMPORTANTE: deben tener un tamano de 18 caracteres máximo por opción), y el índice de la opción correcta (IMPORTANTE: Las opciones correctas deben estár en posiciones aleatorias entre 0 y 2 dentro del arreglo de la propiedad 'options').

Aquí hay un ejemplo del formato:

{
  "main_question": "Pregunta principal de ejemplo?",
  "questions": [
    {
        "question_text": "Variantes de la pregunta de ejemplo?",
        "question_image": "🇩🇴",
        "options": ['"Opción 1"', '"Opción 2"', '"Opción 3"'],
        "correct_option_index": 2
    }
  ]
} 

Notas Importantes: - Todo el contenido que generes debe estar en idioma Italian.
- En las opciones distribuye de forma equitativa y no secuencial la asignación de las opciones correctas en posiciones entre 0 y {num_options - 1}.
- Todos los campos son obligatorios que estén presentes aunque estén en blanco.
- REALIZA UNA DOBE VERIFICACION DE LAS OPCIONES CORRECTAS. NO PUEDES COMETER ERRORES.

2024-08-14 17:51:14.935 | INFO     | __main__:omprint:30 - {'main_question': "Riesci a indovinare l'edificio?", 'questions': [{'question_text': 'Qual è il famoso monumento?', 'question_image': '🏰', 'options': ['Torre Eiffel', 'Colosseo', 'Statua della Libertà'], 'correct_option_index': 1}, {'question_text': 'Qual è questo simbolo?', 'question_image': '🕍', 'options': ['Castello di Neuschwanstein', 'Sagrada Família', 'Torre di Pisa'], 'correct_option_index': 0}]}
2024-08-14 17:51:15.524 | INFO     | __main__:omprint:30 - [DEBUG] video_total_duration: 6.9
2024-08-14 17:51:15.658 | INFO     | __main__:omprint:30 - create_background_video - background_clip.w, background_clip.h: 1080 1920
2024-08-14 17:51:15.695 | INFO     | __main__:omprint:30 - [DEBUG] add_question_text - max_width: 920
2024-08-14 17:51:15.696 | INFO     | __main__:omprint:30 - [DEBUG] add_question_text - text_length: 31
2024-08-14 17:51:15.696 | INFO     | __main__:omprint:30 - [DEBUG] add_question_text - fontsize: 80
2024-08-14 17:51:15.750 | INFO     | __main__:omprint:30 - [DEBUG] question_image_clip: <function VideoClip.set_position.<locals>.<lambda> at 0x75687272c4a0>
2024-08-14 17:51:15.750 | INFO     | __main__:omprint:30 - [DEBUG] options_top_margin: 844
2024-08-14 17:51:15.926 | INFO     | __main__:omprint:30 - [DEBUG] video_total_duration 1: 6.9
2024-08-14 17:51:15.927 | INFO     | __main__:omprint:30 - [DEBUG] narration_audio.duration: 1.9
2024-08-14 17:51:15.927 | INFO     | __main__:omprint:30 - [DEBUG] clock_sound_effects.duration: 3
2024-08-14 17:51:15.928 | INFO     | __main__:omprint:30 - [DEBUG] ding_sound_effects.duration: 2
2024-08-14 17:51:15.928 | INFO     | __main__:omprint:30 - [DEBUG] narration_audio_winner.duration: 0.99
2024-08-14 17:51:15.928 | INFO     | __main__:omprint:30 - [DEBUG] final_audio.duration 2: 6.9
2024-08-14 17:51:15.928 | INFO     | __main__:omprint:30 - [DEBUG] final_clip.duration 2: 6.9
2024-08-14 17:51:16.516 | INFO     | __main__:omprint:30 - [DEBUG] video_total_duration: 6.5200000000000005
2024-08-14 17:51:16.667 | INFO     | __main__:omprint:30 - create_background_video - background_clip.w, background_clip.h: 1080 1920
2024-08-14 17:51:16.704 | INFO     | __main__:omprint:30 - [DEBUG] add_question_text - max_width: 920
2024-08-14 17:51:16.705 | INFO     | __main__:omprint:30 - [DEBUG] add_question_text - text_length: 31
2024-08-14 17:51:16.705 | INFO     | __main__:omprint:30 - [DEBUG] add_question_text - fontsize: 80
2024-08-14 17:51:16.757 | INFO     | __main__:omprint:30 - [DEBUG] question_image_clip: <function VideoClip.set_position.<locals>.<lambda> at 0x7568560667a0>
2024-08-14 17:51:16.757 | INFO     | __main__:omprint:30 - [DEBUG] options_top_margin: 844
2024-08-14 17:51:16.931 | INFO     | __main__:omprint:30 - [DEBUG] video_total_duration 1: 6.5200000000000005
2024-08-14 17:51:16.931 | INFO     | __main__:omprint:30 - [DEBUG] narration_audio.duration: 1.48
2024-08-14 17:51:16.931 | INFO     | __main__:omprint:30 - [DEBUG] clock_sound_effects.duration: 3
2024-08-14 17:51:16.932 | INFO     | __main__:omprint:30 - [DEBUG] ding_sound_effects.duration: 2
2024-08-14 17:51:16.932 | INFO     | __main__:omprint:30 - [DEBUG] narration_audio_winner.duration: 2.04
2024-08-14 17:51:16.932 | INFO     | __main__:omprint:30 - [DEBUG] final_audio.duration 2: 7.5200000000000005
2024-08-14 17:51:16.933 | INFO     | __main__:omprint:30 - [DEBUG] final_clip.duration 2: 6.5200000000000005
2024-08-14 17:51:16.933 | INFO     | __main__:omprint:30 - [DEBUG] all_clips[0] - start: 0, duration: 6.9, end: 6.9
2024-08-14 17:51:16.933 | INFO     | __main__:omprint:30 - [DEBUG] all_clips[1] - start: 0, duration: 6.5200000000000005, end: 6.5200000000000005
2024-08-14 17:51:16.947 | INFO     | __main__:omprint:30 - [DEBUG] generate_combined_trivia_video - final_video.duration: 13.420000000000002
2024-08-14 17:51:30.618 | INFO     | __main__:omprint:30 - Ya hay un proceso en ejecución.
2024-08-14 17:52:30.619 | INFO     | __main__:omprint:30 - Ya hay un proceso en ejecución.
2024-08-14 17:52:52.011 | INFO     | __main__:omprint:30 - Tiempo de procesamiento: 97.07606554031372 segundos
2024-08-14 17:52:52.012 | INFO     | __main__:omprint:30 - video_to_upload: https://trivias.luxuryroamers.com/generados/videos/f997d36b-e831-44e4-8e2e-f3a4fb2d2305.mp4
2024-08-14 17:52:52.012 | INFO     | __main__:omprint:30 - El script tomó 99.49 segundos en ejecutarse.
2024-08-14 17:52:57.033 | INFO     | __main__:omprint:30 - pending_processes: []
2024-08-14 17:52:57.033 | INFO     | __main__:omprint:30 - No hay más procesos pendientes.
2024-08-14 17:53:30.619 | INFO     | __main__:omprint:30 - pending_processes: []
2024-08-14 17:53:30.620 | INFO     | __main__:omprint:30 - No hay más procesos pendientes.
2024-08-14 17:54:30.620 | INFO     | __main__:omprint:30 - pending_processes: []
2024-08-14 17:54:30.621 | INFO     | __main__:omprint:30 - No hay más procesos pendientes.
2024-08-14 17:55:30.621 | INFO     | __main__:omprint:30 - pending_processes: []
2024-08-14 17:55:30.622 | INFO     | __main__:omprint:30 - No hay más procesos pendientes.
2024-08-14 17:56:30.622 | INFO     | __main__:omprint:30 - pending_processes: []
2024-08-14 17:56:30.623 | INFO     | __main__:omprint:30 - No hay más procesos pendientes.
2024-08-14 17:57:30.623 | INFO     | __main__:omprint:30 - pending_processes: []
2024-08-14 17:57:30.624 | INFO     | __main__:omprint:30 - No hay más procesos pendientes.
2024-08-14 17:58:30.624 | INFO     | __main__:omprint:30 - pending_processes: []
2024-08-14 17:58:30.625 | INFO     | __main__:omprint:30 - No hay más procesos pendientes.
2024-08-14 17:59:30.625 | INFO     | __main__:omprint:30 - pending_processes: []
2024-08-14 17:59:30.625 | INFO     | __main__:omprint:30 - No hay más procesos pendientes.
2024-08-14 18:00:30.626 | INFO     | __main__:omprint:30 - pending_processes: []
2024-08-14 18:00:30.626 | INFO     | __main__:omprint:30 - No hay más procesos pendientes.
2024-08-14 18:01:30.627 | INFO     | __main__:omprint:30 - pending_processes: []
2024-08-14 18:01:30.627 | INFO     | __main__:omprint:30 - No hay más procesos pendientes.
2024-08-14 18:02:30.628 | INFO     | __main__:omprint:30 - pending_processes: []
2024-08-14 18:02:30.628 | INFO     | __main__:omprint:30 - No hay más procesos pendientes.
2024-08-14 18:03:30.629 | INFO     | __main__:omprint:30 - pending_processes: []
2024-08-14 18:03:30.629 | INFO     | __main__:omprint:30 - No hay más procesos pendientes.
2024-08-14 18:04:30.630 | INFO     | __main__:omprint:30 - pending_processes: []
2024-08-14 18:04:30.630 | INFO     | __main__:omprint:30 - No hay más procesos pendientes.
2024-08-14 18:05:30.630 | INFO     | __main__:omprint:30 - pending_processes: []
2024-08-14 18:05:30.631 | INFO     | __main__:omprint:30 - No hay más procesos pendientes.
2024-08-14 18:06:30.631 | INFO     | __main__:omprint:30 - pending_processes: []
2024-08-14 18:06:30.631 | INFO     | __main__:omprint:30 - No hay más procesos pendientes.
2024-08-14 18:07:30.632 | INFO     | __main__:omprint:30 - pending_processes: []
2024-08-14 18:07:30.632 | INFO     | __main__:omprint:30 - No hay más procesos pendientes.
2024-08-14 18:08:30.633 | INFO     | __main__:omprint:30 - pending_processes: []
2024-08-14 18:08:30.633 | INFO     | __main__:omprint:30 - No hay más procesos pendientes.
2024-08-14 18:09:30.634 | INFO     | __main__:omprint:30 - pending_processes: []
2024-08-14 18:09:30.634 | INFO     | __main__:omprint:30 - No hay más procesos pendientes.
2024-08-14 18:10:30.635 | INFO     | __main__:omprint:30 - pending_processes: []
2024-08-14 18:10:30.635 | INFO     | __main__:omprint:30 - No hay más procesos pendientes.
2024-08-14 18:11:30.636 | INFO     | __main__:omprint:30 - pending_processes: []
2024-08-14 18:11:30.636 | INFO     | __main__:omprint:30 - No hay más procesos pendientes.
2024-08-14 18:12:30.637 | INFO     | __main__:omprint:30 - pending_processes: []
2024-08-14 18:12:30.637 | INFO     | __main__:omprint:30 - No hay más procesos pendientes.
2024-08-14 18:13:30.638 | INFO     | __main__:omprint:30 - pending_processes: []
2024-08-14 18:13:30.638 | INFO     | __main__:omprint:30 - No hay más procesos pendientes.
2024-08-14 18:14:30.639 | INFO     | __main__:omprint:30 - pending_processes: []
2024-08-14 18:14:30.639 | INFO     | __main__:omprint:30 - No hay más procesos pendientes.
2024-08-14 18:15:30.639 | INFO     | __main__:omprint:30 - pending_processes: []
2024-08-14 18:15:30.640 | INFO     | __main__:omprint:30 - No hay más procesos pendientes.
2024-08-14 18:16:30.640 | INFO     | __main__:omprint:30 - pending_processes: []
2024-08-14 18:16:30.641 | INFO     | __main__:omprint:30 - No hay más procesos pendientes.
2024-08-14 18:17:30.641 | INFO     | __main__:omprint:30 - pending_processes: []
2024-08-14 18:17:30.642 | INFO     | __main__:omprint:30 - No hay más procesos pendientes.
2024-08-14 18:18:30.642 | INFO     | __main__:omprint:30 - pending_processes: []
2024-08-14 18:18:30.642 | INFO     | __main__:omprint:30 - No hay más procesos pendientes.
2024-08-14 18:19:30.643 | INFO     | __main__:omprint:30 - pending_processes: []
2024-08-14 18:19:30.643 | INFO     | __main__:omprint:30 - No hay más procesos pendientes.
2024-08-14 18:20:30.644 | INFO     | __main__:omprint:30 - pending_processes: []
2024-08-14 18:20:30.644 | INFO     | __main__:omprint:30 - No hay más procesos pendientes.
2024-08-14 18:21:30.645 | INFO     | __main__:omprint:30 - pending_processes: []
2024-08-14 18:21:30.645 | INFO     | __main__:omprint:30 - No hay más procesos pendientes.
2024-08-14 18:22:30.645 | INFO     | __main__:omprint:30 - pending_processes: []
2024-08-14 18:22:30.646 | INFO     | __main__:omprint:30 - No hay más procesos pendientes.
2024-08-14 18:23:30.646 | INFO     | __main__:omprint:30 - pending_processes: []
2024-08-14 18:23:30.647 | INFO     | __main__:omprint:30 - No hay más procesos pendientes.
2024-08-14 18:24:30.647 | INFO     | __main__:omprint:30 - pending_processes: []
2024-08-14 18:24:30.647 | INFO     | __main__:omprint:30 - No hay más procesos pendientes.
2024-08-14 18:25:30.648 | INFO     | __main__:omprint:30 - pending_processes: []
2024-08-14 18:25:30.648 | INFO     | __main__:omprint:30 - No hay más procesos pendientes.
2024-08-14 18:26:30.649 | INFO     | __main__:omprint:30 - pending_processes: []
2024-08-14 18:26:30.649 | INFO     | __main__:omprint:30 - No hay más procesos pendientes.
2024-08-14 18:27:30.650 | INFO     | __main__:omprint:30 - pending_processes: []
2024-08-14 18:27:30.650 | INFO     | __main__:omprint:30 - No hay más procesos pendientes.
2024-08-14 18:28:30.651 | INFO     | __main__:omprint:30 - pending_processes: []
2024-08-14 18:28:30.651 | INFO     | __main__:omprint:30 - No hay más procesos pendientes.
2024-08-14 18:29:30.652 | INFO     | __main__:omprint:30 - pending_processes: []
2024-08-14 18:29:30.652 | INFO     | __main__:omprint:30 - No hay más procesos pendientes.
2024-08-14 18:30:30.652 | INFO     | __main__:omprint:30 - pending_processes: []
2024-08-14 18:30:30.653 | INFO     | __main__:omprint:30 - No hay más procesos pendientes.
2024-08-14 18:31:30.653 | INFO     | __main__:omprint:30 - pending_processes: []
2024-08-14 18:31:30.654 | INFO     | __main__:omprint:30 - No hay más procesos pendientes.
2024-08-14 18:32:30.654 | INFO     | __main__:omprint:30 - pending_processes: []
2024-08-14 18:32:30.655 | INFO     | __main__:omprint:30 - No hay más procesos pendientes.
2024-08-14 18:33:30.655 | INFO     | __main__:omprint:30 - pending_processes: []
2024-08-14 18:33:30.656 | INFO     | __main__:omprint:30 - No hay más procesos pendientes.
2024-08-14 18:34:30.656 | INFO     | __main__:omprint:30 - pending_processes: []
2024-08-14 18:34:30.656 | INFO     | __main__:omprint:30 - No hay más procesos pendientes.
2024-08-14 18:35:30.657 | INFO     | __main__:omprint:30 - pending_processes: []
2024-08-14 18:35:30.657 | INFO     | __main__:omprint:30 - No hay más procesos pendientes.
2024-08-14 18:36:30.658 | INFO     | __main__:omprint:30 - pending_processes: []
2024-08-14 18:36:30.658 | INFO     | __main__:omprint:30 - No hay más procesos pendientes.
2024-08-14 18:37:30.659 | INFO     | __main__:omprint:30 - pending_processes: []
2024-08-14 18:37:30.659 | INFO     | __main__:omprint:30 - No hay más procesos pendientes.
2024-08-14 18:38:30.660 | INFO     | __main__:omprint:30 - pending_processes: []
2024-08-14 18:38:30.660 | INFO     | __main__:omprint:30 - No hay más procesos pendientes.
2024-08-14 18:39:30.660 | INFO     | __main__:omprint:30 - pending_processes: []
2024-08-14 18:39:30.661 | INFO     | __main__:omprint:30 - No hay más procesos pendientes.
2024-08-14 18:40:30.661 | INFO     | __main__:omprint:30 - pending_processes: []
2024-08-14 18:40:30.662 | INFO     | __main__:omprint:30 - No hay más procesos pendientes.
2024-08-14 18:41:30.662 | INFO     | __main__:omprint:30 - pending_processes: []
2024-08-14 18:41:30.662 | INFO     | __main__:omprint:30 - No hay más procesos pendientes.
2024-08-14 18:42:30.663 | INFO     | __main__:omprint:30 - pending_processes: []
2024-08-14 18:42:30.663 | INFO     | __main__:omprint:30 - No hay más procesos pendientes.
2024-08-14 18:43:30.664 | INFO     | __main__:omprint:30 - pending_processes: []
2024-08-14 18:43:30.664 | INFO     | __main__:omprint:30 - No hay más procesos pendientes.
2024-08-14 18:44:30.665 | INFO     | __main__:omprint:30 - pending_processes: []
2024-08-14 18:44:30.665 | INFO     | __main__:omprint:30 - No hay más procesos pendientes.
2024-08-14 18:45:30.666 | INFO     | __main__:omprint:30 - pending_processes: []
2024-08-14 18:45:30.666 | INFO     | __main__:omprint:30 - No hay más procesos pendientes.
2024-08-14 18:46:30.666 | INFO     | __main__:omprint:30 - pending_processes: []
2024-08-14 18:46:30.667 | INFO     | __main__:omprint:30 - No hay más procesos pendientes.
2024-08-14 18:47:30.667 | INFO     | __main__:omprint:30 - pending_processes: []
2024-08-14 18:47:30.668 | INFO     | __main__:omprint:30 - No hay más procesos pendientes.
2024-08-14 18:48:30.668 | INFO     | __main__:omprint:30 - pending_processes: []
2024-08-14 18:48:30.669 | INFO     | __main__:omprint:30 - No hay más procesos pendientes.
2024-08-14 18:49:30.671 | INFO     | __main__:omprint:30 - pending_processes: []
2024-08-14 18:49:30.671 | INFO     | __main__:omprint:30 - No hay más procesos pendientes.
2024-08-14 18:50:30.671 | INFO     | __main__:omprint:30 - pending_processes: []
2024-08-14 18:50:30.672 | INFO     | __main__:omprint:30 - No hay más procesos pendientes.
2024-08-14 18:51:30.672 | INFO     | __main__:omprint:30 - pending_processes: []
2024-08-14 18:51:30.673 | INFO     | __main__:omprint:30 - No hay más procesos pendientes.
2024-08-14 18:52:30.673 | INFO     | __main__:omprint:30 - pending_processes: []
2024-08-14 18:52:30.674 | INFO     | __main__:omprint:30 - No hay más procesos pendientes.
2024-08-14 18:53:30.674 | INFO     | __main__:omprint:30 - pending_processes: []
2024-08-14 18:53:30.674 | INFO     | __main__:omprint:30 - No hay más procesos pendientes.
2024-08-14 18:54:30.675 | INFO     | __main__:omprint:30 - pending_processes: []
2024-08-14 18:54:30.675 | INFO     | __main__:omprint:30 - No hay más procesos pendientes.
2024-08-14 18:55:30.676 | INFO     | __main__:omprint:30 - pending_processes: []
2024-08-14 18:55:30.676 | INFO     | __main__:omprint:30 - No hay más procesos pendientes.
2024-08-14 18:56:30.677 | INFO     | __main__:omprint:30 - pending_processes: []
2024-08-14 18:56:30.677 | INFO     | __main__:omprint:30 - No hay más procesos pendientes.
2024-08-14 18:57:30.678 | INFO     | __main__:omprint:30 - pending_processes: []
2024-08-14 18:57:30.678 | INFO     | __main__:omprint:30 - No hay más procesos pendientes.
2024-08-14 18:58:30.679 | INFO     | __main__:omprint:30 - pending_processes: []
2024-08-14 18:58:30.679 | INFO     | __main__:omprint:30 - No hay más procesos pendientes.
2024-08-14 18:59:30.680 | INFO     | __main__:omprint:30 - pending_processes: []
2024-08-14 18:59:30.680 | INFO     | __main__:omprint:30 - No hay más procesos pendientes.
2024-08-14 19:00:30.681 | INFO     | __main__:omprint:30 - pending_processes: []
2024-08-14 19:00:30.681 | INFO     | __main__:omprint:30 - No hay más procesos pendientes.
2024-08-14 19:01:30.682 | INFO     | __main__:omprint:30 - pending_processes: []
2024-08-14 19:01:30.682 | INFO     | __main__:omprint:30 - No hay más procesos pendientes.
2024-08-14 19:02:30.683 | INFO     | __main__:omprint:30 - pending_processes: []
2024-08-14 19:02:30.683 | INFO     | __main__:omprint:30 - No hay más procesos pendientes.
2024-08-14 19:03:30.684 | INFO     | __main__:omprint:30 - pending_processes: []
2024-08-14 19:03:30.684 | INFO     | __main__:omprint:30 - No hay más procesos pendientes.
2024-08-14 19:04:30.684 | INFO     | __main__:omprint:30 - pending_processes: []
2024-08-14 19:04:30.685 | INFO     | __main__:omprint:30 - No hay más procesos pendientes.
2024-08-14 19:05:30.685 | INFO     | __main__:omprint:30 - pending_processes: []
2024-08-14 19:05:30.686 | INFO     | __main__:omprint:30 - No hay más procesos pendientes.
2024-08-14 19:06:30.686 | INFO     | __main__:omprint:30 - pending_processes: []
2024-08-14 19:06:30.687 | INFO     | __main__:omprint:30 - No hay más procesos pendientes.
2024-08-14 19:07:30.687 | INFO     | __main__:omprint:30 - pending_processes: []
2024-08-14 19:07:30.688 | INFO     | __main__:omprint:30 - No hay más procesos pendientes.
2024-08-14 19:08:30.688 | INFO     | __main__:omprint:30 - pending_processes: []
2024-08-14 19:08:30.689 | INFO     | __main__:omprint:30 - No hay más procesos pendientes.
2024-08-14 19:09:30.689 | INFO     | __main__:omprint:30 - pending_processes: []
2024-08-14 19:09:30.690 | INFO     | __main__:omprint:30 - No hay más procesos pendientes.
2024-08-14 19:10:30.690 | INFO     | __main__:omprint:30 - pending_processes: []
2024-08-14 19:10:30.691 | INFO     | __main__:omprint:30 - No hay más procesos pendientes.
2024-08-14 19:11:30.691 | INFO     | __main__:omprint:30 - pending_processes: []
2024-08-14 19:11:30.691 | INFO     | __main__:omprint:30 - No hay más procesos pendientes.
2024-08-14 19:12:30.692 | INFO     | __main__:omprint:30 - pending_processes: []
2024-08-14 19:12:30.692 | INFO     | __main__:omprint:30 - No hay más procesos pendientes.
2024-08-14 19:13:30.693 | INFO     | __main__:omprint:30 - pending_processes: []
2024-08-14 19:13:30.693 | INFO     | __main__:omprint:30 - No hay más procesos pendientes.
2024-08-14 19:14:30.694 | INFO     | __main__:omprint:30 - pending_processes: []
2024-08-14 19:14:30.694 | INFO     | __main__:omprint:30 - No hay más procesos pendientes.
2024-08-14 19:15:30.695 | INFO     | __main__:omprint:30 - pending_processes: []
2024-08-14 19:15:30.695 | INFO     | __main__:omprint:30 - No hay más procesos pendientes.
2024-08-14 19:16:30.696 | INFO     | __main__:omprint:30 - pending_processes: []
2024-08-14 19:16:30.696 | INFO     | __main__:omprint:30 - No hay más procesos pendientes.
2024-08-14 19:17:30.697 | INFO     | __main__:omprint:30 - pending_processes: []
2024-08-14 19:17:30.697 | INFO     | __main__:omprint:30 - No hay más procesos pendientes.
2024-08-14 19:18:30.698 | INFO     | __main__:omprint:30 - pending_processes: []
2024-08-14 19:18:30.698 | INFO     | __main__:omprint:30 - No hay más procesos pendientes.
2024-08-14 19:19:30.699 | INFO     | __main__:omprint:30 - pending_processes: []
2024-08-14 19:19:30.699 | INFO     | __main__:omprint:30 - No hay más procesos pendientes.
2024-08-14 19:20:30.699 | INFO     | __main__:omprint:30 - pending_processes: []
2024-08-14 19:20:30.700 | INFO     | __main__:omprint:30 - No hay más procesos pendientes.
2024-08-14 19:21:30.700 | INFO     | __main__:omprint:30 - pending_processes: []
2024-08-14 19:21:30.701 | INFO     | __main__:omprint:30 - No hay más procesos pendientes.
2024-08-14 19:22:30.701 | INFO     | __main__:omprint:30 - pending_processes: []
2024-08-14 19:22:30.702 | INFO     | __main__:omprint:30 - No hay más procesos pendientes.
2024-08-14 19:23:30.702 | INFO     | __main__:omprint:30 - pending_processes: []
2024-08-14 19:23:30.703 | INFO     | __main__:omprint:30 - No hay más procesos pendientes.
2024-08-14 19:24:30.703 | INFO     | __main__:omprint:30 - pending_processes: []
2024-08-14 19:24:30.704 | INFO     | __main__:omprint:30 - No hay más procesos pendientes.
2024-08-14 19:25:30.704 | INFO     | __main__:omprint:30 - pending_processes: []
2024-08-14 19:25:30.704 | INFO     | __main__:omprint:30 - No hay más procesos pendientes.
2024-08-14 19:26:30.705 | INFO     | __main__:omprint:30 - pending_processes: []
2024-08-14 19:26:30.705 | INFO     | __main__:omprint:30 - No hay más procesos pendientes.
2024-08-14 19:27:30.706 | INFO     | __main__:omprint:30 - pending_processes: []
2024-08-14 19:27:30.706 | INFO     | __main__:omprint:30 - No hay más procesos pendientes.
2024-08-14 19:28:30.707 | INFO     | __main__:omprint:30 - pending_processes: []
2024-08-14 19:28:30.707 | INFO     | __main__:omprint:30 - No hay más procesos pendientes.
2024-08-14 19:29:30.708 | INFO     | __main__:omprint:30 - pending_processes: []
2024-08-14 19:29:30.708 | INFO     | __main__:omprint:30 - No hay más procesos pendientes.
2024-08-14 19:30:30.709 | INFO     | __main__:omprint:30 - pending_processes: []
2024-08-14 19:30:30.709 | INFO     | __main__:omprint:30 - No hay más procesos pendientes.
2024-08-14 19:31:30.710 | INFO     | __main__:omprint:30 - pending_processes: []
2024-08-14 19:31:30.710 | INFO     | __main__:omprint:30 - No hay más procesos pendientes.
2024-08-14 19:32:30.710 | INFO     | __main__:omprint:30 - pending_processes: []
2024-08-14 19:32:30.711 | INFO     | __main__:omprint:30 - No hay más procesos pendientes.
2024-08-14 19:33:30.711 | INFO     | __main__:omprint:30 - pending_processes: []
2024-08-14 19:33:30.712 | INFO     | __main__:omprint:30 - No hay más procesos pendientes.
2024-08-14 19:34:30.712 | INFO     | __main__:omprint:30 - pending_processes: []
2024-08-14 19:34:30.713 | INFO     | __main__:omprint:30 - No hay más procesos pendientes.
2024-08-14 19:35:30.713 | INFO     | __main__:omprint:30 - pending_processes: []
2024-08-14 19:35:30.714 | INFO     | __main__:omprint:30 - No hay más procesos pendientes.
2024-08-14 19:36:30.714 | INFO     | __main__:omprint:30 - pending_processes: []
2024-08-14 19:36:30.715 | INFO     | __main__:omprint:30 - No hay más procesos pendientes.
2024-08-14 19:37:30.715 | INFO     | __main__:omprint:30 - pending_processes: []
2024-08-14 19:37:30.716 | INFO     | __main__:omprint:30 - No hay más procesos pendientes.
2024-08-14 19:38:30.716 | INFO     | __main__:omprint:30 - pending_processes: []
2024-08-14 19:38:30.717 | INFO     | __main__:omprint:30 - No hay más procesos pendientes.
2024-08-14 19:39:30.717 | INFO     | __main__:omprint:30 - pending_processes: []
2024-08-14 19:39:30.718 | INFO     | __main__:omprint:30 - No hay más procesos pendientes.
2024-08-14 19:40:30.718 | INFO     | __main__:omprint:30 - pending_processes: []
2024-08-14 19:40:30.719 | INFO     | __main__:omprint:30 - No hay más procesos pendientes.
2024-08-14 19:41:30.719 | INFO     | __main__:omprint:30 - pending_processes: []
2024-08-14 19:41:30.720 | INFO     | __main__:omprint:30 - No hay más procesos pendientes.
2024-08-14 19:42:30.720 | INFO     | __main__:omprint:30 - pending_processes: []
2024-08-14 19:42:30.721 | INFO     | __main__:omprint:30 - No hay más procesos pendientes.
2024-08-14 19:43:30.721 | INFO     | __main__:omprint:30 - pending_processes: []
2024-08-14 19:43:30.722 | INFO     | __main__:omprint:30 - No hay más procesos pendientes.
2024-08-14 19:44:30.722 | INFO     | __main__:omprint:30 - pending_processes: []
2024-08-14 19:44:30.722 | INFO     | __main__:omprint:30 - No hay más procesos pendientes.
2024-08-14 19:45:30.723 | INFO     | __main__:omprint:30 - pending_processes: []
2024-08-14 19:45:30.723 | INFO     | __main__:omprint:30 - No hay más procesos pendientes.
2024-08-14 19:46:30.724 | INFO     | __main__:omprint:30 - pending_processes: []
2024-08-14 19:46:30.724 | INFO     | __main__:omprint:30 - No hay más procesos pendientes.
2024-08-14 19:47:30.725 | INFO     | __main__:omprint:30 - pending_processes: []
2024-08-14 19:47:30.725 | INFO     | __main__:omprint:30 - No hay más procesos pendientes.
2024-08-14 19:48:30.726 | INFO     | __main__:omprint:30 - pending_processes: []
2024-08-14 19:48:30.726 | INFO     | __main__:omprint:30 - No hay más procesos pendientes.
2024-08-14 19:49:30.727 | INFO     | __main__:omprint:30 - pending_processes: []
2024-08-14 19:49:30.727 | INFO     | __main__:omprint:30 - No hay más procesos pendientes.
2024-08-14 19:50:30.728 | INFO     | __main__:omprint:30 - pending_processes: []
2024-08-14 19:50:30.728 | INFO     | __main__:omprint:30 - No hay más procesos pendientes.
2024-08-14 19:51:30.728 | INFO     | __main__:omprint:30 - pending_processes: []
2024-08-14 19:51:30.729 | INFO     | __main__:omprint:30 - No hay más procesos pendientes.
2024-08-14 19:52:30.729 | INFO     | __main__:omprint:30 - pending_processes: []
2024-08-14 19:52:30.730 | INFO     | __main__:omprint:30 - No hay más procesos pendientes.
2024-08-14 19:53:30.730 | INFO     | __main__:omprint:30 - pending_processes: []
2024-08-14 19:53:30.731 | INFO     | __main__:omprint:30 - No hay más procesos pendientes.
2024-08-14 19:54:30.731 | INFO     | __main__:omprint:30 - pending_processes: []
2024-08-14 19:54:30.732 | INFO     | __main__:omprint:30 - No hay más procesos pendientes.
2024-08-14 19:55:30.732 | INFO     | __main__:omprint:30 - pending_processes: []
2024-08-14 19:55:30.733 | INFO     | __main__:omprint:30 - No hay más procesos pendientes.
2024-08-14 19:56:30.733 | INFO     | __main__:omprint:30 - pending_processes: []
2024-08-14 19:56:30.733 | INFO     | __main__:omprint:30 - No hay más procesos pendientes.
2024-08-14 19:57:30.734 | INFO     | __main__:omprint:30 - pending_processes: []
2024-08-14 19:57:30.734 | INFO     | __main__:omprint:30 - No hay más procesos pendientes.
2024-08-14 19:58:30.735 | INFO     | __main__:omprint:30 - pending_processes: []
2024-08-14 19:58:30.735 | INFO     | __main__:omprint:30 - No hay más procesos pendientes.
2024-08-14 19:59:30.736 | INFO     | __main__:omprint:30 - pending_processes: []
2024-08-14 19:59:30.736 | INFO     | __main__:omprint:30 - No hay más procesos pendientes.
2024-08-14 20:00:30.737 | INFO     | __main__:omprint:30 - pending_processes: []
2024-08-14 20:00:30.737 | INFO     | __main__:omprint:30 - No hay más procesos pendientes.
2024-08-14 20:01:30.738 | INFO     | __main__:omprint:30 - pending_processes: []
2024-08-14 20:01:30.738 | INFO     | __main__:omprint:30 - No hay más procesos pendientes.
2024-08-14 20:02:30.739 | INFO     | __main__:omprint:30 - pending_processes: []
2024-08-14 20:02:30.739 | INFO     | __main__:omprint:30 - No hay más procesos pendientes.
2024-08-14 20:03:30.740 | INFO     | __main__:omprint:30 - pending_processes: []
2024-08-14 20:03:30.740 | INFO     | __main__:omprint:30 - No hay más procesos pendientes.
2024-08-14 20:04:30.741 | INFO     | __main__:omprint:30 - pending_processes: []
2024-08-14 20:04:30.741 | INFO     | __main__:omprint:30 - No hay más procesos pendientes.
2024-08-14 20:05:30.741 | INFO     | __main__:omprint:30 - pending_processes: []
2024-08-14 20:05:30.742 | INFO     | __main__:omprint:30 - No hay más procesos pendientes.
2024-08-14 20:06:30.742 | INFO     | __main__:omprint:30 - pending_processes: []
2024-08-14 20:06:30.743 | INFO     | __main__:omprint:30 - No hay más procesos pendientes.
2024-08-14 20:07:30.743 | INFO     | __main__:omprint:30 - pending_processes: []
2024-08-14 20:07:30.744 | INFO     | __main__:omprint:30 - No hay más procesos pendientes.
2024-08-14 20:08:30.744 | INFO     | __main__:omprint:30 - pending_processes: []
2024-08-14 20:08:30.745 | INFO     | __main__:omprint:30 - No hay más procesos pendientes.
2024-08-14 20:09:30.745 | INFO     | __main__:omprint:30 - pending_processes: []
2024-08-14 20:09:30.746 | INFO     | __main__:omprint:30 - No hay más procesos pendientes.
2024-08-14 20:10:30.746 | INFO     | __main__:omprint:30 - pending_processes: []
2024-08-14 20:10:30.746 | INFO     | __main__:omprint:30 - No hay más procesos pendientes.
2024-08-14 20:11:30.747 | INFO     | __main__:omprint:30 - pending_processes: []
2024-08-14 20:11:30.747 | INFO     | __main__:omprint:30 - No hay más procesos pendientes.
2024-08-14 20:12:30.748 | INFO     | __main__:omprint:30 - pending_processes: []
2024-08-14 20:12:30.748 | INFO     | __main__:omprint:30 - No hay más procesos pendientes.
2024-08-14 20:13:30.749 | INFO     | __main__:omprint:30 - pending_processes: []
2024-08-14 20:13:30.749 | INFO     | __main__:omprint:30 - No hay más procesos pendientes.
2024-08-14 20:14:30.750 | INFO     | __main__:omprint:30 - pending_processes: []
2024-08-14 20:14:30.750 | INFO     | __main__:omprint:30 - No hay más procesos pendientes.
2024-08-14 20:15:30.751 | INFO     | __main__:omprint:30 - pending_processes: []
2024-08-14 20:15:30.751 | INFO     | __main__:omprint:30 - No hay más procesos pendientes.
2024-08-14 20:16:30.752 | INFO     | __main__:omprint:30 - pending_processes: []
2024-08-14 20:16:30.752 | INFO     | __main__:omprint:30 - No hay más procesos pendientes.
2024-08-14 20:17:30.753 | INFO     | __main__:omprint:30 - pending_processes: []
2024-08-14 20:17:30.753 | INFO     | __main__:omprint:30 - No hay más procesos pendientes.
2024-08-14 20:18:30.754 | INFO     | __main__:omprint:30 - pending_processes: []
2024-08-14 20:18:30.754 | INFO     | __main__:omprint:30 - No hay más procesos pendientes.
2024-08-14 20:19:30.754 | INFO     | __main__:omprint:30 - pending_processes: []
2024-08-14 20:19:30.755 | INFO     | __main__:omprint:30 - No hay más procesos pendientes.
2024-08-14 20:20:30.755 | INFO     | __main__:omprint:30 - pending_processes: []
2024-08-14 20:20:30.756 | INFO     | __main__:omprint:30 - No hay más procesos pendientes.
2024-08-14 20:21:30.756 | INFO     | __main__:omprint:30 - pending_processes: []
2024-08-14 20:21:30.757 | INFO     | __main__:omprint:30 - No hay más procesos pendientes.
2024-08-14 20:22:30.757 | INFO     | __main__:omprint:30 - pending_processes: []
2024-08-14 20:22:30.758 | INFO     | __main__:omprint:30 - No hay más procesos pendientes.
2024-08-14 20:23:30.758 | INFO     | __main__:omprint:30 - pending_processes: []
2024-08-14 20:23:30.759 | INFO     | __main__:omprint:30 - No hay más procesos pendientes.
2024-08-14 20:24:30.759 | INFO     | __main__:omprint:30 - pending_processes: []
2024-08-14 20:24:30.759 | INFO     | __main__:omprint:30 - No hay más procesos pendientes.
2024-08-14 20:25:30.760 | INFO     | __main__:omprint:30 - pending_processes: []
2024-08-14 20:25:30.760 | INFO     | __main__:omprint:30 - No hay más procesos pendientes.
2024-08-14 20:26:30.761 | INFO     | __main__:omprint:30 - pending_processes: []
2024-08-14 20:26:30.761 | INFO     | __main__:omprint:30 - No hay más procesos pendientes.
2024-08-14 20:27:30.762 | INFO     | __main__:omprint:30 - pending_processes: []
2024-08-14 20:27:30.762 | INFO     | __main__:omprint:30 - No hay más procesos pendientes.
2024-08-14 20:28:30.763 | INFO     | __main__:omprint:30 - pending_processes: []
2024-08-14 20:28:30.763 | INFO     | __main__:omprint:30 - No hay más procesos pendientes.
2024-08-14 20:29:30.764 | INFO     | __main__:omprint:30 - pending_processes: []
2024-08-14 20:29:30.764 | INFO     | __main__:omprint:30 - No hay más procesos pendientes.
2024-08-14 20:30:30.765 | INFO     | __main__:omprint:30 - pending_processes: []
2024-08-14 20:30:30.765 | INFO     | __main__:omprint:30 - No hay más procesos pendientes.
2024-08-14 20:31:30.766 | INFO     | __main__:omprint:30 - pending_processes: []
2024-08-14 20:31:30.766 | INFO     | __main__:omprint:30 - No hay más procesos pendientes.
2024-08-14 20:32:30.767 | INFO     | __main__:omprint:30 - pending_processes: []
2024-08-14 20:32:30.767 | INFO     | __main__:omprint:30 - No hay más procesos pendientes.
2024-08-14 20:33:30.767 | INFO     | __main__:omprint:30 - pending_processes: []
2024-08-14 20:33:30.768 | INFO     | __main__:omprint:30 - No hay más procesos pendientes.
2024-08-14 20:34:30.768 | INFO     | __main__:omprint:30 - pending_processes: []
2024-08-14 20:34:30.769 | INFO     | __main__:omprint:30 - No hay más procesos pendientes.
2024-08-14 20:35:30.769 | INFO     | __main__:omprint:30 - pending_processes: []
2024-08-14 20:35:30.770 | INFO     | __main__:omprint:30 - No hay más procesos pendientes.
2024-08-14 20:36:30.770 | INFO     | __main__:omprint:30 - pending_processes: []
2024-08-14 20:36:30.771 | INFO     | __main__:omprint:30 - No hay más procesos pendientes.
2024-08-14 20:37:30.772 | INFO     | __main__:omprint:30 - pending_processes: []
2024-08-14 20:37:30.772 | INFO     | __main__:omprint:30 - No hay más procesos pendientes.
2024-08-14 20:38:30.773 | INFO     | __main__:omprint:30 - pending_processes: []
2024-08-14 20:38:30.773 | INFO     | __main__:omprint:30 - No hay más procesos pendientes.
2024-08-14 20:39:30.774 | INFO     | __main__:omprint:30 - pending_processes: []
2024-08-14 20:39:30.774 | INFO     | __main__:omprint:30 - No hay más procesos pendientes.
2024-08-14 20:40:30.775 | INFO     | __main__:omprint:30 - pending_processes: []
2024-08-14 20:40:30.775 | INFO     | __main__:omprint:30 - No hay más procesos pendientes.
2024-08-14 20:41:30.775 | INFO     | __main__:omprint:30 - pending_processes: []
2024-08-14 20:41:30.776 | INFO     | __main__:omprint:30 - No hay más procesos pendientes.
2024-08-14 20:42:30.776 | INFO     | __main__:omprint:30 - pending_processes: []
2024-08-14 20:42:30.777 | INFO     | __main__:omprint:30 - No hay más procesos pendientes.
2024-08-14 20:43:30.777 | INFO     | __main__:omprint:30 - pending_processes: []
2024-08-14 20:43:30.778 | INFO     | __main__:omprint:30 - No hay más procesos pendientes.
2024-08-14 20:44:30.778 | INFO     | __main__:omprint:30 - pending_processes: []
2024-08-14 20:44:30.779 | INFO     | __main__:omprint:30 - No hay más procesos pendientes.
2024-08-14 20:45:30.779 | INFO     | __main__:omprint:30 - pending_processes: []
2024-08-14 20:45:30.780 | INFO     | __main__:omprint:30 - No hay más procesos pendientes.
2024-08-14 20:46:30.780 | INFO     | __main__:omprint:30 - pending_processes: []
2024-08-14 20:46:30.780 | INFO     | __main__:omprint:30 - No hay más procesos pendientes.
2024-08-14 20:47:30.781 | INFO     | __main__:omprint:30 - pending_processes: []
2024-08-14 20:47:30.781 | INFO     | __main__:omprint:30 - No hay más procesos pendientes.
2024-08-14 20:48:30.782 | INFO     | __main__:omprint:30 - pending_processes: []
2024-08-14 20:48:30.782 | INFO     | __main__:omprint:30 - No hay más procesos pendientes.
2024-08-14 20:49:30.783 | INFO     | __main__:omprint:30 - pending_processes: []
2024-08-14 20:49:30.783 | INFO     | __main__:omprint:30 - No hay más procesos pendientes.
2024-08-14 20:50:30.784 | INFO     | __main__:omprint:30 - pending_processes: []
2024-08-14 20:50:30.784 | INFO     | __main__:omprint:30 - No hay más procesos pendientes.
2024-08-14 20:51:30.785 | INFO     | __main__:omprint:30 - pending_processes: []
2024-08-14 20:51:30.785 | INFO     | __main__:omprint:30 - No hay más procesos pendientes.
2024-08-14 20:52:30.786 | INFO     | __main__:omprint:30 - pending_processes: []
2024-08-14 20:52:30.786 | INFO     | __main__:omprint:30 - No hay más procesos pendientes.
2024-08-14 20:53:30.787 | INFO     | __main__:omprint:30 - pending_processes: []
2024-08-14 20:53:30.787 | INFO     | __main__:omprint:30 - No hay más procesos pendientes.
2024-08-14 20:54:30.788 | INFO     | __main__:omprint:30 - pending_processes: []
2024-08-14 20:54:30.788 | INFO     | __main__:omprint:30 - No hay más procesos pendientes.
2024-08-14 20:55:30.789 | INFO     | __main__:omprint:30 - pending_processes: []
2024-08-14 20:55:30.789 | INFO     | __main__:omprint:30 - No hay más procesos pendientes.
2024-08-14 20:56:30.790 | INFO     | __main__:omprint:30 - pending_processes: []
2024-08-14 20:56:30.790 | INFO     | __main__:omprint:30 - No hay más procesos pendientes.
2024-08-14 20:57:30.791 | INFO     | __main__:omprint:30 - pending_processes: []
2024-08-14 20:57:30.791 | INFO     | __main__:omprint:30 - No hay más procesos pendientes.
2024-08-14 20:58:30.792 | INFO     | __main__:omprint:30 - pending_processes: []
2024-08-14 20:58:30.792 | INFO     | __main__:omprint:30 - No hay más procesos pendientes.
2024-08-14 20:59:30.793 | INFO     | __main__:omprint:30 - pending_processes: []
2024-08-14 20:59:30.793 | INFO     | __main__:omprint:30 - No hay más procesos pendientes.
2024-08-14 21:00:30.794 | INFO     | __main__:omprint:30 - pending_processes: []
2024-08-14 21:00:30.794 | INFO     | __main__:omprint:30 - No hay más procesos pendientes.
2024-08-14 21:01:30.795 | INFO     | __main__:omprint:30 - pending_processes: []
2024-08-14 21:01:30.795 | INFO     | __main__:omprint:30 - No hay más procesos pendientes.
2024-08-14 21:02:30.796 | INFO     | __main__:omprint:30 - pending_processes: []
2024-08-14 21:02:30.796 | INFO     | __main__:omprint:30 - No hay más procesos pendientes.
2024-08-14 21:03:30.797 | INFO     | __main__:omprint:30 - pending_processes: []
2024-08-14 21:03:30.797 | INFO     | __main__:omprint:30 - No hay más procesos pendientes.
2024-08-14 21:04:30.798 | INFO     | __main__:omprint:30 - pending_processes: []
2024-08-14 21:04:30.798 | INFO     | __main__:omprint:30 - No hay más procesos pendientes.
2024-08-14 21:05:30.798 | INFO     | __main__:omprint:30 - pending_processes: []
2024-08-14 21:05:30.799 | INFO     | __main__:omprint:30 - No hay más procesos pendientes.
2024-08-14 21:06:30.799 | INFO     | __main__:omprint:30 - pending_processes: []
2024-08-14 21:06:30.800 | INFO     | __main__:omprint:30 - No hay más procesos pendientes.
2024-08-14 21:07:30.800 | INFO     | __main__:omprint:30 - pending_processes: []
2024-08-14 21:07:30.801 | INFO     | __main__:omprint:30 - No hay más procesos pendientes.
2024-08-14 21:08:30.801 | INFO     | __main__:omprint:30 - pending_processes: []
2024-08-14 21:08:30.802 | INFO     | __main__:omprint:30 - No hay más procesos pendientes.
2024-08-14 21:09:30.802 | INFO     | __main__:omprint:30 - pending_processes: []
2024-08-14 21:09:30.803 | INFO     | __main__:omprint:30 - No hay más procesos pendientes.
2024-08-14 21:10:30.803 | INFO     | __main__:omprint:30 - pending_processes: []
2024-08-14 21:10:30.804 | INFO     | __main__:omprint:30 - No hay más procesos pendientes.
2024-08-14 21:11:30.804 | INFO     | __main__:omprint:30 - pending_processes: []
2024-08-14 21:11:30.805 | INFO     | __main__:omprint:30 - No hay más procesos pendientes.
2024-08-14 21:12:30.805 | INFO     | __main__:omprint:30 - pending_processes: []
2024-08-14 21:12:30.806 | INFO     | __main__:omprint:30 - No hay más procesos pendientes.
2024-08-14 21:13:30.806 | INFO     | __main__:omprint:30 - pending_processes: []
2024-08-14 21:13:30.807 | INFO     | __main__:omprint:30 - No hay más procesos pendientes.
2024-08-14 21:14:30.807 | INFO     | __main__:omprint:30 - pending_processes: []
2024-08-14 21:14:30.808 | INFO     | __main__:omprint:30 - No hay más procesos pendientes.
2024-08-14 21:15:30.808 | INFO     | __main__:omprint:30 - pending_processes: []
2024-08-14 21:15:30.809 | INFO     | __main__:omprint:30 - No hay más procesos pendientes.
2024-08-14 21:16:30.809 | INFO     | __main__:omprint:30 - pending_processes: []
2024-08-14 21:16:30.810 | INFO     | __main__:omprint:30 - No hay más procesos pendientes.
2024-08-14 21:17:30.810 | INFO     | __main__:omprint:30 - pending_processes: []
2024-08-14 21:17:30.811 | INFO     | __main__:omprint:30 - No hay más procesos pendientes.
2024-08-14 21:18:30.811 | INFO     | __main__:omprint:30 - pending_processes: []
2024-08-14 21:18:30.811 | INFO     | __main__:omprint:30 - No hay más procesos pendientes.
2024-08-14 21:19:30.812 | INFO     | __main__:omprint:30 - pending_processes: []
2024-08-14 21:19:30.812 | INFO     | __main__:omprint:30 - No hay más procesos pendientes.
2024-08-14 21:20:30.813 | INFO     | __main__:omprint:30 - pending_processes: []
2024-08-14 21:20:30.813 | INFO     | __main__:omprint:30 - No hay más procesos pendientes.
2024-08-14 21:21:30.814 | INFO     | __main__:omprint:30 - pending_processes: []
2024-08-14 21:21:30.814 | INFO     | __main__:omprint:30 - No hay más procesos pendientes.
2024-08-14 21:22:30.815 | INFO     | __main__:omprint:30 - pending_processes: []
2024-08-14 21:22:30.815 | INFO     | __main__:omprint:30 - No hay más procesos pendientes.
2024-08-14 21:23:30.816 | INFO     | __main__:omprint:30 - pending_processes: []
2024-08-14 21:23:30.816 | INFO     | __main__:omprint:30 - No hay más procesos pendientes.
2024-08-14 21:24:30.817 | INFO     | __main__:omprint:30 - pending_processes: []
2024-08-14 21:24:30.817 | INFO     | __main__:omprint:30 - No hay más procesos pendientes.
2024-08-14 21:25:30.817 | INFO     | __main__:omprint:30 - pending_processes: []
2024-08-14 21:25:30.818 | INFO     | __main__:omprint:30 - No hay más procesos pendientes.
2024-08-14 21:26:30.818 | INFO     | __main__:omprint:30 - pending_processes: []
2024-08-14 21:26:30.819 | INFO     | __main__:omprint:30 - No hay más procesos pendientes.
2024-08-14 21:27:30.819 | INFO     | __main__:omprint:30 - pending_processes: []
2024-08-14 21:27:30.820 | INFO     | __main__:omprint:30 - No hay más procesos pendientes.
2024-08-14 21:28:30.820 | INFO     | __main__:omprint:30 - pending_processes: []
2024-08-14 21:28:30.821 | INFO     | __main__:omprint:30 - No hay más procesos pendientes.
2024-08-14 21:29:30.821 | INFO     | __main__:omprint:30 - pending_processes: []
2024-08-14 21:29:30.822 | INFO     | __main__:omprint:30 - No hay más procesos pendientes.
2024-08-14 21:30:30.822 | INFO     | __main__:omprint:30 - pending_processes: []
2024-08-14 21:30:30.822 | INFO     | __main__:omprint:30 - No hay más procesos pendientes.
2024-08-14 21:31:30.823 | INFO     | __main__:omprint:30 - pending_processes: []
2024-08-14 21:31:30.823 | INFO     | __main__:omprint:30 - No hay más procesos pendientes.
2024-08-14 21:32:30.824 | INFO     | __main__:omprint:30 - pending_processes: []
2024-08-14 21:32:30.824 | INFO     | __main__:omprint:30 - No hay más procesos pendientes.
2024-08-14 21:33:30.825 | INFO     | __main__:omprint:30 - pending_processes: []
2024-08-14 21:33:30.825 | INFO     | __main__:omprint:30 - No hay más procesos pendientes.
2024-08-14 21:34:30.826 | INFO     | __main__:omprint:30 - pending_processes: []
2024-08-14 21:34:30.826 | INFO     | __main__:omprint:30 - No hay más procesos pendientes.
2024-08-14 21:35:30.827 | INFO     | __main__:omprint:30 - pending_processes: []
2024-08-14 21:35:30.827 | INFO     | __main__:omprint:30 - No hay más procesos pendientes.
2024-08-14 21:36:26.795 | INFO     | __main__:omprint:30 - {'language': 'Espanol', 'voice': 'Miguel', 'main_question': 'trivia sobre identificar deportes a partir de emojis', 'num_questions': '8', 'num_options': '3', 'background_music': 'animada3', 'background_video': 'newyork3'}
2024-08-14 21:36:26.806 | INFO     | __main__:omprint:30 - pending_processes: [{'uuid': '6ba8568d-d5b8-41e1-8ce8-18b12353190c', 'language': 'Espanol', 'voice': 'Miguel', 'main_question': 'trivia sobre identificar deportes a partir de emojis', 'num_questions': 8, 'num_options': 3, 'background_music': 'animada3', 'background_video': 'newyork3', 'fecha_creacion': '2024-08-14T21:36:26.800125+00:00', 'fecha_modificacion': '2024-08-14T21:36:26.800125+00:00', 'estado': 'pendiente'}]
2024-08-14 21:36:26.807 | INFO     | __main__:omprint:30 - Ejecutando el proceso ID: 6ba8568d-d5b8-41e1-8ce8-18b12353190c
2024-08-14 21:36:26.807 | INFO     | __main__:omprint:30 - ---------------------------------------------------
2024-08-14 21:36:26.808 | INFO     | __main__:omprint:30 - uuid4, language, voice, main_question, num_questions, num_options, background_music, background_video: 6ba8568d-d5b8-41e1-8ce8-18b12353190c Espanol Miguel trivia sobre identificar deportes a partir de emojis 8 3 animada3 newyork3
2024-08-14 21:36:26.808 | INFO     | __main__:omprint:30 - ---------------------------------------------------
2024-08-14 21:36:26.809 | INFO     | __main__:omprint:30 - Genera una lista de 8 preguntas cortas en idioma Espanol en formato JSON para un quiz / trivia sobre ['trivia sobre identificar deportes a partir de emojis']. El JSON debe incluir una pregunta principal corta en idioma Espanol sin emojis en ella, con el estilo MrBeast en la propiedad 'main_question' que aplique para todas las preguntas de la propiedad 'questions', seguido de un arreglo 'questions' que contenga objetos con las siguientes propiedades: el texto de la pregunta corta en idioma Espanol sin emojis en ella con variantes  para hacer la pronunciación más humana y consistente SIN INCLUIR EL EMOJI, una imagen representada como un emoji, opciones de respuesta en idioma Espanol con 3 opciones donde alternes la opción correcta en las diferentes posiciones del arreglo de opciones entre 0 y 2, (IMPORTANTE: deben tener un tamano de 18 caracteres máximo por opción), y el índice de la opción correcta (IMPORTANTE: Las opciones correctas deben estár en posiciones aleatorias entre 0 y 2 dentro del arreglo de la propiedad 'options').

Aquí hay un ejemplo del formato:

{
  "main_question": "Pregunta principal de ejemplo?",
  "questions": [
    {
        "question_text": "Variantes de la pregunta de ejemplo?",
        "question_image": "🇩🇴",
        "options": ['"Opción 1"', '"Opción 2"', '"Opción 3"'],
        "correct_option_index": 2
    }
  ]
} 

Notas Importantes: - Todo el contenido que generes debe estar en idioma Espanol.
- En las opciones distribuye de forma equitativa y no secuencial la asignación de las opciones correctas en posiciones entre 0 y {num_options - 1}.
- Todos los campos son obligatorios que estén presentes aunque estén en blanco.
- REALIZA UNA DOBE VERIFICACION DE LAS OPCIONES CORRECTAS. NO PUEDES COMETER ERRORES.

2024-08-14 21:36:30.828 | INFO     | __main__:omprint:30 - Ya hay un proceso en ejecución.
2024-08-14 21:36:32.693 | INFO     | __main__:omprint:30 - {'main_question': '¿Puedes identificar el deporte a partir de emojis?', 'questions': [{'question_text': '¿Qué deporte es este?', 'question_image': '⚽', 'options': ['Baloncesto', 'Fútbol', 'Tenis'], 'correct_option_index': 1}, {'question_text': '¿De qué deporte hablamos?', 'question_image': '🏀', 'options': ['Fútbol', 'Baloncesto', 'Ciclismo'], 'correct_option_index': 0}, {'question_text': '¿Identifica el deporte?', 'question_image': '🎾', 'options': ['Golf', 'Tenis', 'Béisbol'], 'correct_option_index': 1}, {'question_text': '¿A qué deporte se refieren?', 'question_image': '🏐', 'options': ['Voleibol', 'Rugby', 'Hockey'], 'correct_option_index': 0}, {'question_text': '¿Cuál es el deporte aquí?', 'question_image': '🏈', 'options': ['Fútbol Americano', 'Fútbol', 'Rugby'], 'correct_option_index': 0}, {'question_text': '¿Qué deporte se muestra?', 'question_image': '🚴', 'options': ['Ciclismo', 'Natación', 'Atletismo'], 'correct_option_index': 0}, {'question_text': '¿De qué deporte es este?', 'question_image': '⛸️', 'options': ['Patinaje', 'Esquí', 'Gimnasia'], 'correct_option_index': 0}, {'question_text': '¿Qué deporte es representado?', 'question_image': '🏊', 'options': ['Natación', 'Buvo', 'Karate'], 'correct_option_index': 0}]}
2024-08-14 21:36:32.693 | INFO     | __main__:omprint:30 - Error on attempt 1: Voice with Engine 'neural' and VoiceId 'Miguel' not found.
2024-08-14 21:36:35.694 | INFO     | __main__:omprint:30 - Error on attempt 2: Voice with Engine 'neural' and VoiceId 'Miguel' not found.
2024-08-14 21:36:38.694 | INFO     | __main__:omprint:30 - Error on attempt 3: Voice with Engine 'neural' and VoiceId 'Miguel' not found.
2024-08-14 21:36:41.695 | INFO     | __main__:omprint:30 - Error on attempt 4: Voice with Engine 'neural' and VoiceId 'Miguel' not found.
2024-08-14 21:36:44.696 | INFO     | __main__:omprint:30 - Error on attempt 5: Voice with Engine 'neural' and VoiceId 'Miguel' not found.
2024-08-14 21:36:47.696 | INFO     | __main__:omprint:30 - Error on attempt 6: Voice with Engine 'neural' and VoiceId 'Miguel' not found.
2024-08-14 21:36:50.697 | INFO     | __main__:omprint:30 - Error on attempt 7: Voice with Engine 'neural' and VoiceId 'Miguel' not found.
2024-08-14 21:36:53.701 | INFO     | __main__:omprint:30 - Error al procesar el proceso ID: 6ba8568d-d5b8-41e1-8ce8-18b12353190c, error: Failed to get Polly response after 7 attempts
2024-08-14 21:36:58.702 | INFO     | __main__:omprint:30 - pending_processes: []
2024-08-14 21:36:58.702 | INFO     | __main__:omprint:30 - No hay más procesos pendientes.
2024-08-14 21:37:30.828 | INFO     | __main__:omprint:30 - pending_processes: []
2024-08-14 21:37:30.829 | INFO     | __main__:omprint:30 - No hay más procesos pendientes.
2024-08-14 21:38:30.830 | INFO     | __main__:omprint:30 - pending_processes: []
2024-08-14 21:38:30.830 | INFO     | __main__:omprint:30 - No hay más procesos pendientes.
2024-08-14 21:39:30.831 | INFO     | __main__:omprint:30 - pending_processes: []
2024-08-14 21:39:30.831 | INFO     | __main__:omprint:30 - No hay más procesos pendientes.
2024-08-14 21:39:35.216 | INFO     | __main__:omprint:30 - {'language': 'Espanol', 'voice': 'Pedro', 'main_question': 'trivia sobre identificar deportes a partir de emojis', 'num_questions': '8', 'num_options': '3', 'background_music': 'deporte3', 'background_video': 'montanas3'}
2024-08-14 21:39:35.226 | INFO     | __main__:omprint:30 - pending_processes: [{'uuid': '4d7f9d7f-65a6-41fd-97e8-1920186c90f7', 'language': 'Espanol', 'voice': 'Pedro', 'main_question': 'trivia sobre identificar deportes a partir de emojis', 'num_questions': 8, 'num_options': 3, 'background_music': 'deporte3', 'background_video': 'montanas3', 'fecha_creacion': '2024-08-14T21:39:35.221919+00:00', 'fecha_modificacion': '2024-08-14T21:39:35.221919+00:00', 'estado': 'pendiente'}]
2024-08-14 21:39:35.227 | INFO     | __main__:omprint:30 - Ejecutando el proceso ID: 4d7f9d7f-65a6-41fd-97e8-1920186c90f7
2024-08-14 21:39:35.228 | INFO     | __main__:omprint:30 - ---------------------------------------------------
2024-08-14 21:39:35.228 | INFO     | __main__:omprint:30 - uuid4, language, voice, main_question, num_questions, num_options, background_music, background_video: 4d7f9d7f-65a6-41fd-97e8-1920186c90f7 Espanol Pedro trivia sobre identificar deportes a partir de emojis 8 3 deporte3 montanas3
2024-08-14 21:39:35.229 | INFO     | __main__:omprint:30 - ---------------------------------------------------
2024-08-14 21:39:35.229 | INFO     | __main__:omprint:30 - Genera una lista de 8 preguntas cortas en idioma Espanol en formato JSON para un quiz / trivia sobre ['trivia sobre identificar deportes a partir de emojis']. El JSON debe incluir una pregunta principal corta en idioma Espanol sin emojis en ella, con el estilo MrBeast en la propiedad 'main_question' que aplique para todas las preguntas de la propiedad 'questions', seguido de un arreglo 'questions' que contenga objetos con las siguientes propiedades: el texto de la pregunta corta en idioma Espanol sin emojis en ella con variantes  para hacer la pronunciación más humana y consistente SIN INCLUIR EL EMOJI, una imagen representada como un emoji, opciones de respuesta en idioma Espanol con 3 opciones donde alternes la opción correcta en las diferentes posiciones del arreglo de opciones entre 0 y 2, (IMPORTANTE: deben tener un tamano de 18 caracteres máximo por opción), y el índice de la opción correcta (IMPORTANTE: Las opciones correctas deben estár en posiciones aleatorias entre 0 y 2 dentro del arreglo de la propiedad 'options').

Aquí hay un ejemplo del formato:

{
  "main_question": "Pregunta principal de ejemplo?",
  "questions": [
    {
        "question_text": "Variantes de la pregunta de ejemplo?",
        "question_image": "🇩🇴",
        "options": ['"Opción 1"', '"Opción 2"', '"Opción 3"'],
        "correct_option_index": 2
    }
  ]
} 

Notas Importantes: - Todo el contenido que generes debe estar en idioma Espanol.
- En las opciones distribuye de forma equitativa y no secuencial la asignación de las opciones correctas en posiciones entre 0 y {num_options - 1}.
- Todos los campos son obligatorios que estén presentes aunque estén en blanco.
- REALIZA UNA DOBE VERIFICACION DE LAS OPCIONES CORRECTAS. NO PUEDES COMETER ERRORES.

2024-08-14 21:39:42.945 | INFO     | __main__:omprint:30 - {'main_question': '¿Puedes adivinar el deporte a partir de los emojis?', 'questions': [{'question_text': '¿Qué deporte representa este emoji?', 'question_image': '⚽', 'options': ['Fútbol', 'Ciclismo', 'Baloncesto'], 'correct_option_index': 0}, {'question_text': '¿Qué deporte es este emoji?', 'question_image': '🏀', 'options': ['Golf', 'Fútbol', 'Baloncesto'], 'correct_option_index': 2}, {'question_text': '¿Qué deporte representa este emoji?', 'question_image': '🎾', 'options': ['Tenis', 'Natación', 'Atletismo'], 'correct_option_index': 0}, {'question_text': '¿Qué deporte es este emoji?', 'question_image': '🏈', 'options': ['Rugby', 'Béisbol', 'Fútbol'], 'correct_option_index': 0}, {'question_text': '¿Qué deporte representa este emoji?', 'question_image': '🏊', 'options': ['Ciclismo', 'Natación', 'Esquí'], 'correct_option_index': 1}, {'question_text': '¿Qué deporte es este emoji?', 'question_image': '🏋️\u200d♂️', 'options': ['Fútbol', 'Levantamiento de pesas', 'Baloncesto'], 'correct_option_index': 1}, {'question_text': '¿Qué deporte representa este emoji?', 'question_image': '🚴\u200d♀️', 'options': ['Ciclismo', 'Fútbol', 'Patinaje'], 'correct_option_index': 0}, {'question_text': '¿Qué deporte es este emoji?', 'question_image': '🏂', 'options': ['Esquí', 'Snowboard', 'Béisbol'], 'correct_option_index': 1}]}
2024-08-14 21:39:43.581 | INFO     | __main__:omprint:30 - [DEBUG] video_total_duration: 6.9399999999999995
2024-08-14 21:39:43.777 | INFO     | __main__:omprint:30 - create_background_video - background_clip.w, background_clip.h: 1080 1920
2024-08-14 21:39:43.818 | INFO     | __main__:omprint:30 - [DEBUG] add_question_text - max_width: 920
2024-08-14 21:39:43.819 | INFO     | __main__:omprint:30 - [DEBUG] add_question_text - text_length: 51
2024-08-14 21:39:43.819 | INFO     | __main__:omprint:30 - [DEBUG] add_question_text - fontsize: 80
2024-08-14 21:39:43.886 | INFO     | __main__:omprint:30 - [DEBUG] question_image_clip: <function VideoClip.set_position.<locals>.<lambda> at 0x756878cdc0e0>
2024-08-14 21:39:43.887 | INFO     | __main__:omprint:30 - [DEBUG] options_top_margin: 941
2024-08-14 21:39:44.048 | INFO     | __main__:omprint:30 - [DEBUG] video_total_duration 1: 6.9399999999999995
2024-08-14 21:39:44.050 | INFO     | __main__:omprint:30 - [DEBUG] narration_audio.duration: 1.94
2024-08-14 21:39:44.050 | INFO     | __main__:omprint:30 - [DEBUG] clock_sound_effects.duration: 3
2024-08-14 21:39:44.051 | INFO     | __main__:omprint:30 - [DEBUG] ding_sound_effects.duration: 2
2024-08-14 21:39:44.051 | INFO     | __main__:omprint:30 - [DEBUG] narration_audio_winner.duration: 0.7
2024-08-14 21:39:44.052 | INFO     | __main__:omprint:30 - [DEBUG] final_audio.duration 2: 6.9399999999999995
2024-08-14 21:39:44.053 | INFO     | __main__:omprint:30 - [DEBUG] final_clip.duration 2: 6.9399999999999995
2024-08-14 21:39:44.575 | INFO     | __main__:omprint:30 - [DEBUG] video_total_duration: 6.5
2024-08-14 21:39:44.766 | INFO     | __main__:omprint:30 - create_background_video - background_clip.w, background_clip.h: 1080 1920
2024-08-14 21:39:44.804 | INFO     | __main__:omprint:30 - [DEBUG] add_question_text - max_width: 920
2024-08-14 21:39:44.804 | INFO     | __main__:omprint:30 - [DEBUG] add_question_text - text_length: 51
2024-08-14 21:39:44.805 | INFO     | __main__:omprint:30 - [DEBUG] add_question_text - fontsize: 80
2024-08-14 21:39:44.878 | INFO     | __main__:omprint:30 - [DEBUG] question_image_clip: <function VideoClip.set_position.<locals>.<lambda> at 0x7568704e1f80>
2024-08-14 21:39:44.878 | INFO     | __main__:omprint:30 - [DEBUG] options_top_margin: 941
2024-08-14 21:39:45.037 | INFO     | __main__:omprint:30 - [DEBUG] video_total_duration 1: 6.5
2024-08-14 21:39:45.038 | INFO     | __main__:omprint:30 - [DEBUG] narration_audio.duration: 1.5
2024-08-14 21:39:45.038 | INFO     | __main__:omprint:30 - [DEBUG] clock_sound_effects.duration: 3
2024-08-14 21:39:45.039 | INFO     | __main__:omprint:30 - [DEBUG] ding_sound_effects.duration: 2
2024-08-14 21:39:45.039 | INFO     | __main__:omprint:30 - [DEBUG] narration_audio_winner.duration: 0.89
2024-08-14 21:39:45.040 | INFO     | __main__:omprint:30 - [DEBUG] final_audio.duration 2: 6.5
2024-08-14 21:39:45.040 | INFO     | __main__:omprint:30 - [DEBUG] final_clip.duration 2: 6.5
2024-08-14 21:39:45.803 | INFO     | __main__:omprint:30 - [DEBUG] video_total_duration: 6.9399999999999995
2024-08-14 21:39:45.998 | INFO     | __main__:omprint:30 - create_background_video - background_clip.w, background_clip.h: 1080 1920
2024-08-14 21:39:46.036 | INFO     | __main__:omprint:30 - [DEBUG] add_question_text - max_width: 920
2024-08-14 21:39:46.036 | INFO     | __main__:omprint:30 - [DEBUG] add_question_text - text_length: 51
2024-08-14 21:39:46.037 | INFO     | __main__:omprint:30 - [DEBUG] add_question_text - fontsize: 80
2024-08-14 21:39:46.105 | INFO     | __main__:omprint:30 - [DEBUG] question_image_clip: <function VideoClip.set_position.<locals>.<lambda> at 0x756855e9d3a0>
2024-08-14 21:39:46.106 | INFO     | __main__:omprint:30 - [DEBUG] options_top_margin: 941
2024-08-14 21:39:46.268 | INFO     | __main__:omprint:30 - [DEBUG] video_total_duration 1: 6.9399999999999995
2024-08-14 21:39:46.268 | INFO     | __main__:omprint:30 - [DEBUG] narration_audio.duration: 1.94
2024-08-14 21:39:46.269 | INFO     | __main__:omprint:30 - [DEBUG] clock_sound_effects.duration: 3
2024-08-14 21:39:46.270 | INFO     | __main__:omprint:30 - [DEBUG] ding_sound_effects.duration: 2
2024-08-14 21:39:46.270 | INFO     | __main__:omprint:30 - [DEBUG] narration_audio_winner.duration: 0.66
2024-08-14 21:39:46.271 | INFO     | __main__:omprint:30 - [DEBUG] final_audio.duration 2: 6.9399999999999995
2024-08-14 21:39:46.272 | INFO     | __main__:omprint:30 - [DEBUG] final_clip.duration 2: 6.9399999999999995
2024-08-14 21:39:46.802 | INFO     | __main__:omprint:30 - [DEBUG] video_total_duration: 6.5
2024-08-14 21:39:46.991 | INFO     | __main__:omprint:30 - create_background_video - background_clip.w, background_clip.h: 1080 1920
2024-08-14 21:39:47.029 | INFO     | __main__:omprint:30 - [DEBUG] add_question_text - max_width: 920
2024-08-14 21:39:47.029 | INFO     | __main__:omprint:30 - [DEBUG] add_question_text - text_length: 51
2024-08-14 21:39:47.030 | INFO     | __main__:omprint:30 - [DEBUG] add_question_text - fontsize: 80
2024-08-14 21:39:47.099 | INFO     | __main__:omprint:30 - [DEBUG] question_image_clip: <function VideoClip.set_position.<locals>.<lambda> at 0x7568781d7d80>
2024-08-14 21:39:47.099 | INFO     | __main__:omprint:30 - [DEBUG] options_top_margin: 941
2024-08-14 21:39:47.259 | INFO     | __main__:omprint:30 - [DEBUG] video_total_duration 1: 6.5
2024-08-14 21:39:47.259 | INFO     | __main__:omprint:30 - [DEBUG] narration_audio.duration: 1.5
2024-08-14 21:39:47.260 | INFO     | __main__:omprint:30 - [DEBUG] clock_sound_effects.duration: 3
2024-08-14 21:39:47.260 | INFO     | __main__:omprint:30 - [DEBUG] ding_sound_effects.duration: 2
2024-08-14 21:39:47.261 | INFO     | __main__:omprint:30 - [DEBUG] narration_audio_winner.duration: 0.68
2024-08-14 21:39:47.262 | INFO     | __main__:omprint:30 - [DEBUG] final_audio.duration 2: 6.5
2024-08-14 21:39:47.262 | INFO     | __main__:omprint:30 - [DEBUG] final_clip.duration 2: 6.5
2024-08-14 21:39:47.776 | INFO     | __main__:omprint:30 - [DEBUG] video_total_duration: 6.9399999999999995
2024-08-14 21:39:47.965 | INFO     | __main__:omprint:30 - create_background_video - background_clip.w, background_clip.h: 1080 1920
2024-08-14 21:39:48.004 | INFO     | __main__:omprint:30 - [DEBUG] add_question_text - max_width: 920
2024-08-14 21:39:48.004 | INFO     | __main__:omprint:30 - [DEBUG] add_question_text - text_length: 51
2024-08-14 21:39:48.005 | INFO     | __main__:omprint:30 - [DEBUG] add_question_text - fontsize: 80
2024-08-14 21:39:48.075 | INFO     | __main__:omprint:30 - [DEBUG] question_image_clip: <function VideoClip.set_position.<locals>.<lambda> at 0x7568561efa60>
2024-08-14 21:39:48.076 | INFO     | __main__:omprint:30 - [DEBUG] options_top_margin: 941
2024-08-14 21:39:48.238 | INFO     | __main__:omprint:30 - [DEBUG] video_total_duration 1: 6.9399999999999995
2024-08-14 21:39:48.239 | INFO     | __main__:omprint:30 - [DEBUG] narration_audio.duration: 1.94
2024-08-14 21:39:48.239 | INFO     | __main__:omprint:30 - [DEBUG] clock_sound_effects.duration: 3
2024-08-14 21:39:48.240 | INFO     | __main__:omprint:30 - [DEBUG] ding_sound_effects.duration: 2
2024-08-14 21:39:48.240 | INFO     | __main__:omprint:30 - [DEBUG] narration_audio_winner.duration: 0.8
2024-08-14 21:39:48.241 | INFO     | __main__:omprint:30 - [DEBUG] final_audio.duration 2: 6.9399999999999995
2024-08-14 21:39:48.242 | INFO     | __main__:omprint:30 - [DEBUG] final_clip.duration 2: 6.9399999999999995
2024-08-14 21:39:48.784 | INFO     | __main__:omprint:30 - [DEBUG] video_total_duration: 6.5
2024-08-14 21:39:48.975 | INFO     | __main__:omprint:30 - create_background_video - background_clip.w, background_clip.h: 1080 1920
2024-08-14 21:39:49.014 | INFO     | __main__:omprint:30 - [DEBUG] add_question_text - max_width: 920
2024-08-14 21:39:49.015 | INFO     | __main__:omprint:30 - [DEBUG] add_question_text - text_length: 51
2024-08-14 21:39:49.016 | INFO     | __main__:omprint:30 - [DEBUG] add_question_text - fontsize: 80
2024-08-14 21:39:49.085 | INFO     | __main__:omprint:30 - [DEBUG] question_image_clip: <function VideoClip.set_position.<locals>.<lambda> at 0x756870503ce0>
2024-08-14 21:39:49.085 | INFO     | __main__:omprint:30 - [DEBUG] options_top_margin: 941
2024-08-14 21:39:49.252 | INFO     | __main__:omprint:30 - [DEBUG] video_total_duration 1: 6.5
2024-08-14 21:39:49.252 | INFO     | __main__:omprint:30 - [DEBUG] narration_audio.duration: 1.5
2024-08-14 21:39:49.253 | INFO     | __main__:omprint:30 - [DEBUG] clock_sound_effects.duration: 3
2024-08-14 21:39:49.254 | INFO     | __main__:omprint:30 - [DEBUG] ding_sound_effects.duration: 2
2024-08-14 21:39:49.254 | INFO     | __main__:omprint:30 - [DEBUG] narration_audio_winner.duration: 1.46
2024-08-14 21:39:49.255 | INFO     | __main__:omprint:30 - [DEBUG] final_audio.duration 2: 6.96
2024-08-14 21:39:49.255 | INFO     | __main__:omprint:30 - [DEBUG] final_clip.duration 2: 6.5
2024-08-14 21:39:49.759 | INFO     | __main__:omprint:30 - [DEBUG] video_total_duration: 6.9399999999999995
2024-08-14 21:39:49.952 | INFO     | __main__:omprint:30 - create_background_video - background_clip.w, background_clip.h: 1080 1920
2024-08-14 21:39:49.992 | INFO     | __main__:omprint:30 - [DEBUG] add_question_text - max_width: 920
2024-08-14 21:39:49.993 | INFO     | __main__:omprint:30 - [DEBUG] add_question_text - text_length: 51
2024-08-14 21:39:49.993 | INFO     | __main__:omprint:30 - [DEBUG] add_question_text - fontsize: 80
2024-08-14 21:39:50.065 | INFO     | __main__:omprint:30 - [DEBUG] question_image_clip: <function VideoClip.set_position.<locals>.<lambda> at 0x7568729845e0>
2024-08-14 21:39:50.066 | INFO     | __main__:omprint:30 - [DEBUG] options_top_margin: 941
2024-08-14 21:39:50.227 | INFO     | __main__:omprint:30 - [DEBUG] video_total_duration 1: 6.9399999999999995
2024-08-14 21:39:50.228 | INFO     | __main__:omprint:30 - [DEBUG] narration_audio.duration: 1.94
2024-08-14 21:39:50.229 | INFO     | __main__:omprint:30 - [DEBUG] clock_sound_effects.duration: 3
2024-08-14 21:39:50.230 | INFO     | __main__:omprint:30 - [DEBUG] ding_sound_effects.duration: 2
2024-08-14 21:39:50.230 | INFO     | __main__:omprint:30 - [DEBUG] narration_audio_winner.duration: 0.79
2024-08-14 21:39:50.231 | INFO     | __main__:omprint:30 - [DEBUG] final_audio.duration 2: 6.9399999999999995
2024-08-14 21:39:50.231 | INFO     | __main__:omprint:30 - [DEBUG] final_clip.duration 2: 6.9399999999999995
2024-08-14 21:39:50.776 | INFO     | __main__:omprint:30 - [DEBUG] video_total_duration: 6.5
2024-08-14 21:39:50.967 | INFO     | __main__:omprint:30 - create_background_video - background_clip.w, background_clip.h: 1080 1920
2024-08-14 21:39:51.005 | INFO     | __main__:omprint:30 - [DEBUG] add_question_text - max_width: 920
2024-08-14 21:39:51.005 | INFO     | __main__:omprint:30 - [DEBUG] add_question_text - text_length: 51
2024-08-14 21:39:51.006 | INFO     | __main__:omprint:30 - [DEBUG] add_question_text - fontsize: 80
2024-08-14 21:39:51.075 | INFO     | __main__:omprint:30 - [DEBUG] question_image_clip: <function VideoClip.set_position.<locals>.<lambda> at 0x7568561efe20>
2024-08-14 21:39:51.076 | INFO     | __main__:omprint:30 - [DEBUG] options_top_margin: 941
2024-08-14 21:39:51.236 | INFO     | __main__:omprint:30 - [DEBUG] video_total_duration 1: 6.5
2024-08-14 21:39:51.238 | INFO     | __main__:omprint:30 - [DEBUG] narration_audio.duration: 1.5
2024-08-14 21:39:51.238 | INFO     | __main__:omprint:30 - [DEBUG] clock_sound_effects.duration: 3
2024-08-14 21:39:51.239 | INFO     | __main__:omprint:30 - [DEBUG] ding_sound_effects.duration: 2
2024-08-14 21:39:51.239 | INFO     | __main__:omprint:30 - [DEBUG] narration_audio_winner.duration: 0.85
2024-08-14 21:39:51.240 | INFO     | __main__:omprint:30 - [DEBUG] final_audio.duration 2: 6.5
2024-08-14 21:39:51.240 | INFO     | __main__:omprint:30 - [DEBUG] final_clip.duration 2: 6.5
2024-08-14 21:39:51.241 | INFO     | __main__:omprint:30 - [DEBUG] all_clips[0] - start: 0, duration: 6.9399999999999995, end: 6.9399999999999995
2024-08-14 21:39:51.242 | INFO     | __main__:omprint:30 - [DEBUG] all_clips[1] - start: 0, duration: 6.5, end: 6.5
2024-08-14 21:39:51.242 | INFO     | __main__:omprint:30 - [DEBUG] all_clips[2] - start: 0, duration: 6.9399999999999995, end: 6.9399999999999995
2024-08-14 21:39:51.243 | INFO     | __main__:omprint:30 - [DEBUG] all_clips[3] - start: 0, duration: 6.5, end: 6.5
2024-08-14 21:39:51.243 | INFO     | __main__:omprint:30 - [DEBUG] all_clips[4] - start: 0, duration: 6.9399999999999995, end: 6.9399999999999995
2024-08-14 21:39:51.244 | INFO     | __main__:omprint:30 - [DEBUG] all_clips[5] - start: 0, duration: 6.5, end: 6.5
2024-08-14 21:39:51.244 | INFO     | __main__:omprint:30 - [DEBUG] all_clips[6] - start: 0, duration: 6.9399999999999995, end: 6.9399999999999995
2024-08-14 21:39:51.245 | INFO     | __main__:omprint:30 - [DEBUG] all_clips[7] - start: 0, duration: 6.5, end: 6.5
2024-08-14 21:39:51.262 | INFO     | __main__:omprint:30 - [DEBUG] generate_combined_trivia_video - final_video.duration: 53.76
2024-08-14 21:40:30.832 | INFO     | __main__:omprint:30 - Ya hay un proceso en ejecución.
2024-08-14 21:41:30.833 | INFO     | __main__:omprint:30 - Ya hay un proceso en ejecución.
2024-08-14 21:42:30.834 | INFO     | __main__:omprint:30 - Ya hay un proceso en ejecución.
2024-08-14 21:43:30.835 | INFO     | __main__:omprint:30 - Ya hay un proceso en ejecución.
2024-08-14 21:44:30.836 | INFO     | __main__:omprint:30 - Ya hay un proceso en ejecución.
2024-08-14 21:45:30.837 | INFO     | __main__:omprint:30 - Ya hay un proceso en ejecución.
2024-08-14 21:46:30.838 | INFO     | __main__:omprint:30 - Ya hay un proceso en ejecución.
2024-08-14 21:46:40.129 | INFO     | __main__:omprint:30 - Tiempo de procesamiento: 417.1832435131073 segundos
2024-08-14 21:46:40.130 | INFO     | __main__:omprint:30 - video_to_upload: https://trivias.luxuryroamers.com/generados/videos/4d7f9d7f-65a6-41fd-97e8-1920186c90f7.mp4
2024-08-14 21:46:40.131 | INFO     | __main__:omprint:30 - El script tomó 424.90 segundos en ejecutarse.
2024-08-14 21:46:45.137 | INFO     | __main__:omprint:30 - pending_processes: []
2024-08-14 21:46:45.138 | INFO     | __main__:omprint:30 - No hay más procesos pendientes.
2024-08-14 21:47:30.838 | INFO     | __main__:omprint:30 - pending_processes: []
2024-08-14 21:47:30.839 | INFO     | __main__:omprint:30 - No hay más procesos pendientes.
2024-08-14 21:48:30.840 | INFO     | __main__:omprint:30 - pending_processes: []
2024-08-14 21:48:30.841 | INFO     | __main__:omprint:30 - No hay más procesos pendientes.
2024-08-14 21:49:30.841 | INFO     | __main__:omprint:30 - pending_processes: []
2024-08-14 21:49:30.842 | INFO     | __main__:omprint:30 - No hay más procesos pendientes.
2024-08-14 21:50:30.843 | INFO     | __main__:omprint:30 - pending_processes: []
2024-08-14 21:50:30.844 | INFO     | __main__:omprint:30 - No hay más procesos pendientes.
2024-08-14 21:51:30.844 | INFO     | __main__:omprint:30 - pending_processes: []
2024-08-14 21:51:30.845 | INFO     | __main__:omprint:30 - No hay más procesos pendientes.
2024-08-14 21:52:30.846 | INFO     | __main__:omprint:30 - pending_processes: []
2024-08-14 21:52:30.847 | INFO     | __main__:omprint:30 - No hay más procesos pendientes.
2024-08-14 21:53:30.847 | INFO     | __main__:omprint:30 - pending_processes: []
2024-08-14 21:53:30.848 | INFO     | __main__:omprint:30 - No hay más procesos pendientes.
2024-08-14 21:54:30.849 | INFO     | __main__:omprint:30 - pending_processes: []
2024-08-14 21:54:30.849 | INFO     | __main__:omprint:30 - No hay más procesos pendientes.
2024-08-14 21:55:30.850 | INFO     | __main__:omprint:30 - pending_processes: []
2024-08-14 21:55:30.851 | INFO     | __main__:omprint:30 - No hay más procesos pendientes.
2024-08-14 21:56:30.851 | INFO     | __main__:omprint:30 - pending_processes: []
2024-08-14 21:56:30.852 | INFO     | __main__:omprint:30 - No hay más procesos pendientes.
2024-08-14 21:57:30.853 | INFO     | __main__:omprint:30 - pending_processes: []
2024-08-14 21:57:30.854 | INFO     | __main__:omprint:30 - No hay más procesos pendientes.
2024-08-14 21:58:30.854 | INFO     | __main__:omprint:30 - pending_processes: []
2024-08-14 21:58:30.855 | INFO     | __main__:omprint:30 - No hay más procesos pendientes.
2024-08-14 21:59:30.856 | INFO     | __main__:omprint:30 - pending_processes: []
2024-08-14 21:59:30.856 | INFO     | __main__:omprint:30 - No hay más procesos pendientes.
2024-08-14 22:00:30.857 | INFO     | __main__:omprint:30 - pending_processes: []
2024-08-14 22:00:30.858 | INFO     | __main__:omprint:30 - No hay más procesos pendientes.
2024-08-14 22:01:30.859 | INFO     | __main__:omprint:30 - pending_processes: []
2024-08-14 22:01:30.859 | INFO     | __main__:omprint:30 - No hay más procesos pendientes.
2024-08-14 22:02:30.860 | INFO     | __main__:omprint:30 - pending_processes: []
2024-08-14 22:02:30.860 | INFO     | __main__:omprint:30 - No hay más procesos pendientes.
2024-08-14 22:03:30.861 | INFO     | __main__:omprint:30 - pending_processes: []
2024-08-14 22:03:30.862 | INFO     | __main__:omprint:30 - No hay más procesos pendientes.
2024-08-14 22:04:30.863 | INFO     | __main__:omprint:30 - pending_processes: []
2024-08-14 22:04:30.863 | INFO     | __main__:omprint:30 - No hay más procesos pendientes.
2024-08-14 22:05:30.864 | INFO     | __main__:omprint:30 - pending_processes: []
2024-08-14 22:05:30.864 | INFO     | __main__:omprint:30 - No hay más procesos pendientes.
2024-08-14 22:06:30.865 | INFO     | __main__:omprint:30 - pending_processes: []
2024-08-14 22:06:30.866 | INFO     | __main__:omprint:30 - No hay más procesos pendientes.
2024-08-14 22:07:30.866 | INFO     | __main__:omprint:30 - pending_processes: []
2024-08-14 22:07:30.867 | INFO     | __main__:omprint:30 - No hay más procesos pendientes.
2024-08-14 22:08:30.868 | INFO     | __main__:omprint:30 - pending_processes: []
2024-08-14 22:08:30.869 | INFO     | __main__:omprint:30 - No hay más procesos pendientes.
2024-08-14 22:09:30.869 | INFO     | __main__:omprint:30 - pending_processes: []
2024-08-14 22:09:30.870 | INFO     | __main__:omprint:30 - No hay más procesos pendientes.
2024-08-14 22:10:30.871 | INFO     | __main__:omprint:30 - pending_processes: []
2024-08-14 22:10:30.871 | INFO     | __main__:omprint:30 - No hay más procesos pendientes.
2024-08-14 22:11:30.872 | INFO     | __main__:omprint:30 - pending_processes: []
2024-08-14 22:11:30.873 | INFO     | __main__:omprint:30 - No hay más procesos pendientes.
2024-08-14 22:12:30.873 | INFO     | __main__:omprint:30 - pending_processes: []
2024-08-14 22:12:30.874 | INFO     | __main__:omprint:30 - No hay más procesos pendientes.
2024-08-14 22:13:30.875 | INFO     | __main__:omprint:30 - pending_processes: []
2024-08-14 22:13:30.875 | INFO     | __main__:omprint:30 - No hay más procesos pendientes.
2024-08-14 22:14:30.876 | INFO     | __main__:omprint:30 - pending_processes: []
2024-08-14 22:14:30.877 | INFO     | __main__:omprint:30 - No hay más procesos pendientes.
2024-08-14 22:15:30.877 | INFO     | __main__:omprint:30 - pending_processes: []
2024-08-14 22:15:30.878 | INFO     | __main__:omprint:30 - No hay más procesos pendientes.
2024-08-14 22:16:30.879 | INFO     | __main__:omprint:30 - pending_processes: []
2024-08-14 22:16:30.879 | INFO     | __main__:omprint:30 - No hay más procesos pendientes.
2024-08-14 22:17:30.880 | INFO     | __main__:omprint:30 - pending_processes: []
2024-08-14 22:17:30.881 | INFO     | __main__:omprint:30 - No hay más procesos pendientes.
2024-08-14 22:18:30.881 | INFO     | __main__:omprint:30 - pending_processes: []
2024-08-14 22:18:30.882 | INFO     | __main__:omprint:30 - No hay más procesos pendientes.
2024-08-14 22:19:30.883 | INFO     | __main__:omprint:30 - pending_processes: []
2024-08-14 22:19:30.883 | INFO     | __main__:omprint:30 - No hay más procesos pendientes.
2024-08-14 22:20:30.884 | INFO     | __main__:omprint:30 - pending_processes: []
2024-08-14 22:20:30.885 | INFO     | __main__:omprint:30 - No hay más procesos pendientes.
2024-08-14 22:21:30.885 | INFO     | __main__:omprint:30 - pending_processes: []
2024-08-14 22:21:30.886 | INFO     | __main__:omprint:30 - No hay más procesos pendientes.
2024-08-14 22:22:30.887 | INFO     | __main__:omprint:30 - pending_processes: []
2024-08-14 22:22:30.887 | INFO     | __main__:omprint:30 - No hay más procesos pendientes.
2024-08-14 22:23:30.888 | INFO     | __main__:omprint:30 - pending_processes: []
2024-08-14 22:23:30.889 | INFO     | __main__:omprint:30 - No hay más procesos pendientes.
2024-08-14 22:24:30.890 | INFO     | __main__:omprint:30 - pending_processes: []
2024-08-14 22:24:30.890 | INFO     | __main__:omprint:30 - No hay más procesos pendientes.
2024-08-14 22:25:30.891 | INFO     | __main__:omprint:30 - pending_processes: []
2024-08-14 22:25:30.892 | INFO     | __main__:omprint:30 - No hay más procesos pendientes.
2024-08-14 22:26:30.892 | INFO     | __main__:omprint:30 - pending_processes: []
2024-08-14 22:26:30.893 | INFO     | __main__:omprint:30 - No hay más procesos pendientes.
2024-08-14 22:27:30.894 | INFO     | __main__:omprint:30 - pending_processes: []
2024-08-14 22:27:30.894 | INFO     | __main__:omprint:30 - No hay más procesos pendientes.
2024-08-14 22:28:30.895 | INFO     | __main__:omprint:30 - pending_processes: []
2024-08-14 22:28:30.896 | INFO     | __main__:omprint:30 - No hay más procesos pendientes.
2024-08-14 22:29:30.896 | INFO     | __main__:omprint:30 - pending_processes: []
2024-08-14 22:29:30.897 | INFO     | __main__:omprint:30 - No hay más procesos pendientes.
2024-08-14 22:30:30.898 | INFO     | __main__:omprint:30 - pending_processes: []
2024-08-14 22:30:30.898 | INFO     | __main__:omprint:30 - No hay más procesos pendientes.
2024-08-14 22:31:30.899 | INFO     | __main__:omprint:30 - pending_processes: []
2024-08-14 22:31:30.900 | INFO     | __main__:omprint:30 - No hay más procesos pendientes.
2024-08-14 22:32:30.901 | INFO     | __main__:omprint:30 - pending_processes: []
2024-08-14 22:32:30.901 | INFO     | __main__:omprint:30 - No hay más procesos pendientes.
2024-08-14 22:33:30.902 | INFO     | __main__:omprint:30 - pending_processes: []
2024-08-14 22:33:30.902 | INFO     | __main__:omprint:30 - No hay más procesos pendientes.
2024-08-14 22:34:30.903 | INFO     | __main__:omprint:30 - pending_processes: []
2024-08-14 22:34:30.904 | INFO     | __main__:omprint:30 - No hay más procesos pendientes.
2024-08-14 22:35:30.905 | INFO     | __main__:omprint:30 - pending_processes: []
2024-08-14 22:35:30.905 | INFO     | __main__:omprint:30 - No hay más procesos pendientes.
2024-08-14 22:36:30.906 | INFO     | __main__:omprint:30 - pending_processes: []
2024-08-14 22:36:30.907 | INFO     | __main__:omprint:30 - No hay más procesos pendientes.
2024-08-14 22:37:30.907 | INFO     | __main__:omprint:30 - pending_processes: []
2024-08-14 22:37:30.908 | INFO     | __main__:omprint:30 - No hay más procesos pendientes.
2024-08-14 22:38:30.909 | INFO     | __main__:omprint:30 - pending_processes: []
2024-08-14 22:38:30.909 | INFO     | __main__:omprint:30 - No hay más procesos pendientes.
2024-08-14 22:39:30.910 | INFO     | __main__:omprint:30 - pending_processes: []
2024-08-14 22:39:30.911 | INFO     | __main__:omprint:30 - No hay más procesos pendientes.
2024-08-14 22:40:30.911 | INFO     | __main__:omprint:30 - pending_processes: []
2024-08-14 22:40:30.912 | INFO     | __main__:omprint:30 - No hay más procesos pendientes.
2024-08-14 22:41:30.913 | INFO     | __main__:omprint:30 - pending_processes: []
2024-08-14 22:41:30.913 | INFO     | __main__:omprint:30 - No hay más procesos pendientes.
2024-08-14 22:42:30.914 | INFO     | __main__:omprint:30 - pending_processes: []
2024-08-14 22:42:30.915 | INFO     | __main__:omprint:30 - No hay más procesos pendientes.
2024-08-14 22:43:30.916 | INFO     | __main__:omprint:30 - pending_processes: []
2024-08-14 22:43:30.916 | INFO     | __main__:omprint:30 - No hay más procesos pendientes.
2024-08-14 22:44:30.917 | INFO     | __main__:omprint:30 - pending_processes: []
2024-08-14 22:44:30.918 | INFO     | __main__:omprint:30 - No hay más procesos pendientes.
2024-08-14 22:45:30.919 | INFO     | __main__:omprint:30 - pending_processes: []
2024-08-14 22:45:30.919 | INFO     | __main__:omprint:30 - No hay más procesos pendientes.
2024-08-14 22:46:30.920 | INFO     | __main__:omprint:30 - pending_processes: []
2024-08-14 22:46:30.921 | INFO     | __main__:omprint:30 - No hay más procesos pendientes.
2024-08-14 22:47:30.921 | INFO     | __main__:omprint:30 - pending_processes: []
2024-08-14 22:47:30.922 | INFO     | __main__:omprint:30 - No hay más procesos pendientes.
2024-08-14 22:48:30.923 | INFO     | __main__:omprint:30 - pending_processes: []
2024-08-14 22:48:30.923 | INFO     | __main__:omprint:30 - No hay más procesos pendientes.
2024-08-14 22:49:30.924 | INFO     | __main__:omprint:30 - pending_processes: []
2024-08-14 22:49:30.925 | INFO     | __main__:omprint:30 - No hay más procesos pendientes.
2024-08-14 22:50:30.925 | INFO     | __main__:omprint:30 - pending_processes: []
2024-08-14 22:50:30.926 | INFO     | __main__:omprint:30 - No hay más procesos pendientes.
2024-08-14 22:51:30.926 | INFO     | __main__:omprint:30 - pending_processes: []
2024-08-14 22:51:30.927 | INFO     | __main__:omprint:30 - No hay más procesos pendientes.
2024-08-14 22:52:30.928 | INFO     | __main__:omprint:30 - pending_processes: []
2024-08-14 22:52:30.929 | INFO     | __main__:omprint:30 - No hay más procesos pendientes.
2024-08-14 22:53:30.929 | INFO     | __main__:omprint:30 - pending_processes: []
2024-08-14 22:53:30.930 | INFO     | __main__:omprint:30 - No hay más procesos pendientes.
2024-08-14 22:54:30.931 | INFO     | __main__:omprint:30 - pending_processes: []
2024-08-14 22:54:30.932 | INFO     | __main__:omprint:30 - No hay más procesos pendientes.
2024-08-14 22:55:30.932 | INFO     | __main__:omprint:30 - pending_processes: []
2024-08-14 22:55:30.933 | INFO     | __main__:omprint:30 - No hay más procesos pendientes.
2024-08-14 22:56:30.934 | INFO     | __main__:omprint:30 - pending_processes: []
2024-08-14 22:56:30.934 | INFO     | __main__:omprint:30 - No hay más procesos pendientes.
2024-08-14 22:57:30.935 | INFO     | __main__:omprint:30 - pending_processes: []
2024-08-14 22:57:30.936 | INFO     | __main__:omprint:30 - No hay más procesos pendientes.
2024-08-14 22:58:30.936 | INFO     | __main__:omprint:30 - pending_processes: []
2024-08-14 22:58:30.937 | INFO     | __main__:omprint:30 - No hay más procesos pendientes.
2024-08-14 22:59:30.938 | INFO     | __main__:omprint:30 - pending_processes: []
2024-08-14 22:59:30.938 | INFO     | __main__:omprint:30 - No hay más procesos pendientes.
2024-08-14 23:00:30.939 | INFO     | __main__:omprint:30 - pending_processes: []
2024-08-14 23:00:30.940 | INFO     | __main__:omprint:30 - No hay más procesos pendientes.
2024-08-14 23:01:30.940 | INFO     | __main__:omprint:30 - pending_processes: []
2024-08-14 23:01:30.941 | INFO     | __main__:omprint:30 - No hay más procesos pendientes.
2024-08-14 23:02:30.942 | INFO     | __main__:omprint:30 - pending_processes: []
2024-08-14 23:02:30.942 | INFO     | __main__:omprint:30 - No hay más procesos pendientes.
2024-08-14 23:03:30.943 | INFO     | __main__:omprint:30 - pending_processes: []
2024-08-14 23:03:30.944 | INFO     | __main__:omprint:30 - No hay más procesos pendientes.
2024-08-14 23:04:30.944 | INFO     | __main__:omprint:30 - pending_processes: []
2024-08-14 23:04:30.945 | INFO     | __main__:omprint:30 - No hay más procesos pendientes.
2024-08-14 23:05:30.946 | INFO     | __main__:omprint:30 - pending_processes: []
2024-08-14 23:05:30.946 | INFO     | __main__:omprint:30 - No hay más procesos pendientes.
2024-08-14 23:06:30.947 | INFO     | __main__:omprint:30 - pending_processes: []
2024-08-14 23:06:30.948 | INFO     | __main__:omprint:30 - No hay más procesos pendientes.
2024-08-14 23:07:30.948 | INFO     | __main__:omprint:30 - pending_processes: []
2024-08-14 23:07:30.949 | INFO     | __main__:omprint:30 - No hay más procesos pendientes.
2024-08-14 23:08:30.950 | INFO     | __main__:omprint:30 - pending_processes: []
2024-08-14 23:08:30.950 | INFO     | __main__:omprint:30 - No hay más procesos pendientes.
2024-08-14 23:09:30.951 | INFO     | __main__:omprint:30 - pending_processes: []
2024-08-14 23:09:30.952 | INFO     | __main__:omprint:30 - No hay más procesos pendientes.
2024-08-14 23:10:30.953 | INFO     | __main__:omprint:30 - pending_processes: []
2024-08-14 23:10:30.953 | INFO     | __main__:omprint:30 - No hay más procesos pendientes.
2024-08-14 23:11:30.954 | INFO     | __main__:omprint:30 - pending_processes: []
2024-08-14 23:11:30.954 | INFO     | __main__:omprint:30 - No hay más procesos pendientes.
2024-08-14 23:12:30.955 | INFO     | __main__:omprint:30 - pending_processes: []
2024-08-14 23:12:30.956 | INFO     | __main__:omprint:30 - No hay más procesos pendientes.
2024-08-14 23:13:30.956 | INFO     | __main__:omprint:30 - pending_processes: []
2024-08-14 23:13:30.957 | INFO     | __main__:omprint:30 - No hay más procesos pendientes.
2024-08-14 23:14:30.958 | INFO     | __main__:omprint:30 - pending_processes: []
2024-08-14 23:14:30.958 | INFO     | __main__:omprint:30 - No hay más procesos pendientes.
2024-08-14 23:15:30.959 | INFO     | __main__:omprint:30 - pending_processes: []
2024-08-14 23:15:30.960 | INFO     | __main__:omprint:30 - No hay más procesos pendientes.
2024-08-14 23:16:30.961 | INFO     | __main__:omprint:30 - pending_processes: []
2024-08-14 23:16:30.961 | INFO     | __main__:omprint:30 - No hay más procesos pendientes.
2024-08-14 23:17:30.962 | INFO     | __main__:omprint:30 - pending_processes: []
2024-08-14 23:17:30.963 | INFO     | __main__:omprint:30 - No hay más procesos pendientes.
2024-08-14 23:18:30.964 | INFO     | __main__:omprint:30 - pending_processes: []
2024-08-14 23:18:30.964 | INFO     | __main__:omprint:30 - No hay más procesos pendientes.
2024-08-14 23:19:30.965 | INFO     | __main__:omprint:30 - pending_processes: []
2024-08-14 23:19:30.967 | INFO     | __main__:omprint:30 - No hay más procesos pendientes.
2024-08-14 23:20:30.969 | INFO     | __main__:omprint:30 - pending_processes: []
2024-08-14 23:20:30.970 | INFO     | __main__:omprint:30 - No hay más procesos pendientes.
2024-08-14 23:21:30.971 | INFO     | __main__:omprint:30 - pending_processes: []
2024-08-14 23:21:30.971 | INFO     | __main__:omprint:30 - No hay más procesos pendientes.
2024-08-14 23:22:30.972 | INFO     | __main__:omprint:30 - pending_processes: []
2024-08-14 23:22:30.973 | INFO     | __main__:omprint:30 - No hay más procesos pendientes.
2024-08-14 23:23:30.973 | INFO     | __main__:omprint:30 - pending_processes: []
2024-08-14 23:23:30.974 | INFO     | __main__:omprint:30 - No hay más procesos pendientes.
2024-08-14 23:24:30.975 | INFO     | __main__:omprint:30 - pending_processes: []
2024-08-14 23:24:30.976 | INFO     | __main__:omprint:30 - No hay más procesos pendientes.
2024-08-14 23:25:30.976 | INFO     | __main__:omprint:30 - pending_processes: []
2024-08-14 23:25:30.977 | INFO     | __main__:omprint:30 - No hay más procesos pendientes.
2024-08-14 23:26:30.978 | INFO     | __main__:omprint:30 - pending_processes: []
2024-08-14 23:26:30.978 | INFO     | __main__:omprint:30 - No hay más procesos pendientes.
2024-08-14 23:27:30.979 | INFO     | __main__:omprint:30 - pending_processes: []
2024-08-14 23:27:30.980 | INFO     | __main__:omprint:30 - No hay más procesos pendientes.
2024-08-14 23:28:30.980 | INFO     | __main__:omprint:30 - pending_processes: []
2024-08-14 23:28:30.981 | INFO     | __main__:omprint:30 - No hay más procesos pendientes.
2024-08-14 23:29:30.982 | INFO     | __main__:omprint:30 - pending_processes: []
2024-08-14 23:29:30.984 | INFO     | __main__:omprint:30 - No hay más procesos pendientes.
2024-08-14 23:30:30.984 | INFO     | __main__:omprint:30 - pending_processes: []
2024-08-14 23:30:30.985 | INFO     | __main__:omprint:30 - No hay más procesos pendientes.
2024-08-14 23:31:30.986 | INFO     | __main__:omprint:30 - pending_processes: []
2024-08-14 23:31:30.986 | INFO     | __main__:omprint:30 - No hay más procesos pendientes.
2024-08-14 23:32:30.987 | INFO     | __main__:omprint:30 - pending_processes: []
2024-08-14 23:32:30.988 | INFO     | __main__:omprint:30 - No hay más procesos pendientes.
2024-08-14 23:33:30.988 | INFO     | __main__:omprint:30 - pending_processes: []
2024-08-14 23:33:30.989 | INFO     | __main__:omprint:30 - No hay más procesos pendientes.
2024-08-14 23:34:30.990 | INFO     | __main__:omprint:30 - pending_processes: []
2024-08-14 23:34:30.991 | INFO     | __main__:omprint:30 - No hay más procesos pendientes.
2024-08-14 23:35:30.991 | INFO     | __main__:omprint:30 - pending_processes: []
2024-08-14 23:35:30.992 | INFO     | __main__:omprint:30 - No hay más procesos pendientes.
2024-08-14 23:36:30.993 | INFO     | __main__:omprint:30 - pending_processes: []
2024-08-14 23:36:30.993 | INFO     | __main__:omprint:30 - No hay más procesos pendientes.
2024-08-14 23:37:30.994 | INFO     | __main__:omprint:30 - pending_processes: []
2024-08-14 23:37:30.995 | INFO     | __main__:omprint:30 - No hay más procesos pendientes.
2024-08-14 23:38:30.995 | INFO     | __main__:omprint:30 - pending_processes: []
2024-08-14 23:38:30.996 | INFO     | __main__:omprint:30 - No hay más procesos pendientes.
2024-08-14 23:39:30.997 | INFO     | __main__:omprint:30 - pending_processes: []
2024-08-14 23:39:30.998 | INFO     | __main__:omprint:30 - No hay más procesos pendientes.
2024-08-14 23:40:30.998 | INFO     | __main__:omprint:30 - pending_processes: []
2024-08-14 23:40:30.999 | INFO     | __main__:omprint:30 - No hay más procesos pendientes.
2024-08-14 23:41:31.000 | INFO     | __main__:omprint:30 - pending_processes: []
2024-08-14 23:41:31.000 | INFO     | __main__:omprint:30 - No hay más procesos pendientes.
2024-08-14 23:42:31.001 | INFO     | __main__:omprint:30 - pending_processes: []
2024-08-14 23:42:31.002 | INFO     | __main__:omprint:30 - No hay más procesos pendientes.
2024-08-14 23:43:31.003 | INFO     | __main__:omprint:30 - pending_processes: []
2024-08-14 23:43:31.003 | INFO     | __main__:omprint:30 - No hay más procesos pendientes.
2024-08-14 23:44:31.004 | INFO     | __main__:omprint:30 - pending_processes: []
2024-08-14 23:44:31.005 | INFO     | __main__:omprint:30 - No hay más procesos pendientes.
2024-08-14 23:45:31.005 | INFO     | __main__:omprint:30 - pending_processes: []
2024-08-14 23:45:31.006 | INFO     | __main__:omprint:30 - No hay más procesos pendientes.
2024-08-14 23:46:31.007 | INFO     | __main__:omprint:30 - pending_processes: []
2024-08-14 23:46:31.007 | INFO     | __main__:omprint:30 - No hay más procesos pendientes.
2024-08-14 23:47:31.008 | INFO     | __main__:omprint:30 - pending_processes: []
2024-08-14 23:47:31.009 | INFO     | __main__:omprint:30 - No hay más procesos pendientes.
2024-08-14 23:48:31.009 | INFO     | __main__:omprint:30 - pending_processes: []
2024-08-14 23:48:31.010 | INFO     | __main__:omprint:30 - No hay más procesos pendientes.
2024-08-14 23:49:31.011 | INFO     | __main__:omprint:30 - pending_processes: []
2024-08-14 23:49:31.011 | INFO     | __main__:omprint:30 - No hay más procesos pendientes.
2024-08-14 23:50:31.012 | INFO     | __main__:omprint:30 - pending_processes: []
2024-08-14 23:50:31.013 | INFO     | __main__:omprint:30 - No hay más procesos pendientes.
2024-08-14 23:51:31.013 | INFO     | __main__:omprint:30 - pending_processes: []
2024-08-14 23:51:31.014 | INFO     | __main__:omprint:30 - No hay más procesos pendientes.
2024-08-14 23:52:31.015 | INFO     | __main__:omprint:30 - pending_processes: []
2024-08-14 23:52:31.015 | INFO     | __main__:omprint:30 - No hay más procesos pendientes.
2024-08-14 23:53:31.016 | INFO     | __main__:omprint:30 - pending_processes: []
2024-08-14 23:53:31.017 | INFO     | __main__:omprint:30 - No hay más procesos pendientes.
2024-08-14 23:54:31.017 | INFO     | __main__:omprint:30 - pending_processes: []
2024-08-14 23:54:31.018 | INFO     | __main__:omprint:30 - No hay más procesos pendientes.
2024-08-14 23:55:31.019 | INFO     | __main__:omprint:30 - pending_processes: []
2024-08-14 23:55:31.019 | INFO     | __main__:omprint:30 - No hay más procesos pendientes.
