2024-08-14 01:54:09.763 | INFO     | __main__:omprint:30 - pending_processes: [{'uuid': 'a5070510-ea19-4fc1-ae85-c913030b379d', 'language': 'Espanol', 'voice': 'Lupe', 'main_question': 'quiz sobre conocimiento de nombres de deportes usando emojis', 'num_questions': 2, 'num_options': 3, 'background_music': 'Deporte', 'background_video': 'espacio2', 'fecha_creacion': '2024-08-14T01:54:09.758215+00:00', 'fecha_modificacion': '2024-08-14T01:54:09.758215+00:00', 'estado': 'pendiente'}]
2024-08-14 01:54:09.763 | INFO     | __main__:omprint:30 - Ejecutando el proceso ID: a5070510-ea19-4fc1-ae85-c913030b379d
2024-08-14 01:54:09.764 | INFO     | __main__:omprint:30 - ---------------------------------------------------
2024-08-14 01:54:09.764 | INFO     | __main__:omprint:30 - uuid4, language, voice, main_question, num_questions, num_options, background_music, background_video: a5070510-ea19-4fc1-ae85-c913030b379d Espanol Lupe quiz sobre conocimiento de nombres de deportes usando emojis 2 3 Deporte espacio2
2024-08-14 01:54:09.765 | INFO     | __main__:omprint:30 - ---------------------------------------------------
2024-08-14 01:54:09.765 | INFO     | __main__:omprint:30 - Genera una lista de 2 preguntas cortas en formato JSON para un quiz / trivia sobre ['quiz sobre conocimiento de nombres de deportes usando emojis']. El JSON debe incluir una pregunta principal corta sin emojis en ella, con el estilo MrBeast en la propiedad 'main_question' que aplique para todas las preguntas de la propiedad 'questions', seguido de un array 'questions' que contenga objetos con las siguientes propiedades: el texto de la pregunta corta sin emojis en ella con variantes  para hacer la pronunciación más humana y consistente SIN INCLUIR EL EMOJI, una imagen representada como un emoji, opciones de respuesta con 3 opciones donde alternes la opción correcta en las diferentes posiciones del arreglo de opciones entre 0 y 2, (IMPORTANTE: deben tener un tamano de 18 caracteres máximo por opción), y el índice de la opción correcta (IMPORTANTE: Las opciones correctas deben estár en posiciones aleatorias entre 0 y 2 dentro del arreglo de la propiedad 'options').

Aquí hay un ejemplo del formato:

{
  "main_question": "Pregunta principal de ejemplo?",
  "questions": [
    {
        "question_text": "Variantes de la pregunta de ejemplo?",
        "question_image": "🇩🇴",
        "options": ['"Opción 1"', '"Opción 2"', '"Opción 3"'],
        "correct_option_index": 2
    }
  ]
} 

Notas Importantes: - En las opciones distribuye de forma equitativa y no secuencial la asignación de las opciones correctas en posiciones entre 0 y {num_options - 1}.
- Todos los campos son obligatorios que estén presentes aunque estén en blanco.
- REALIZA UNA DOBE VERIFICACION DE LAS OPCIONES CORRECTAS. NO PUEDES COMETER ERRORES.

2024-08-14 01:54:11.615 | INFO     | __main__:omprint:30 - {'main_question': '¿Puedes adivinar el deporte solo con emojis?', 'questions': [{'question_text': '¿Qué deporte representa este emoji?', 'question_image': '⚽', 'options': ['Fútbol', 'Béisbol', 'Baloncesto'], 'correct_option_index': 0}, {'question_text': '¿Cuál es este deporte?', 'question_image': '🏀', 'options': ['Fútbol', 'Esquí', 'Baloncesto'], 'correct_option_index': 2}]}
2024-08-14 01:54:12.204 | INFO     | __main__:omprint:30 - [DEBUG] generate_trivia_video - narration_audio.duration: 2.49
2024-08-14 01:54:12.204 | INFO     | __main__:omprint:30 - [DEBUG] generate_trivia_video - clock_sound_effects.duration: 3
2024-08-14 01:54:12.204 | INFO     | __main__:omprint:30 - [DEBUG] generate_trivia_video - ding_sound_effects.duration: 2
2024-08-14 01:54:12.205 | INFO     | __main__:omprint:30 - [DEBUG] generate_trivia_video - total: 7.49
2024-08-14 01:54:12.205 | INFO     | __main__:omprint:30 - [DEBUG] generate_trivia_video - narration_audio_winner.duration: 1.11
2024-08-14 01:54:12.206 | INFO     | __main__:omprint:30 - [DEBUG] video_total_duration: 7.49
2024-08-14 01:54:12.382 | INFO     | __main__:omprint:30 - create_background_video - background_clip.w, background_clip.h: 2160 3840
2024-08-14 01:54:12.472 | INFO     | __main__:omprint:30 - [DEBUG] add_question_text - max_width: 2000
2024-08-14 01:54:12.473 | INFO     | __main__:omprint:30 - [DEBUG] add_question_text - text_length: 44
2024-08-14 01:54:12.473 | INFO     | __main__:omprint:30 - [DEBUG] add_question_text - fontsize: 80
2024-08-14 01:54:12.898 | INFO     | __main__:omprint:30 - [DEBUG] video_total_duration 1: 7.49
2024-08-14 01:54:12.900 | INFO     | __main__:omprint:30 - [DEBUG] narration_audio.duration: 2.49
2024-08-14 01:54:12.901 | INFO     | __main__:omprint:30 - [DEBUG] clock_sound_effects.duration: 3
2024-08-14 01:54:12.901 | INFO     | __main__:omprint:30 - [DEBUG] ding_sound_effects.duration: 2
2024-08-14 01:54:12.901 | INFO     | __main__:omprint:30 - [DEBUG] narration_audio_winner.duration: 1.11
2024-08-14 01:54:12.902 | INFO     | __main__:omprint:30 - [DEBUG] final_audio.duration 2: 7.6000000000000005
2024-08-14 01:54:12.902 | INFO     | __main__:omprint:30 - [DEBUG] final_clip.duration 2: 7.49
2024-08-14 01:54:13.482 | INFO     | __main__:omprint:30 - [DEBUG] generate_trivia_video - narration_audio.duration: 1.68
2024-08-14 01:54:13.482 | INFO     | __main__:omprint:30 - [DEBUG] generate_trivia_video - clock_sound_effects.duration: 3
2024-08-14 01:54:13.483 | INFO     | __main__:omprint:30 - [DEBUG] generate_trivia_video - ding_sound_effects.duration: 2
2024-08-14 01:54:13.483 | INFO     | __main__:omprint:30 - [DEBUG] generate_trivia_video - total: 6.68
2024-08-14 01:54:13.484 | INFO     | __main__:omprint:30 - [DEBUG] generate_trivia_video - narration_audio_winner.duration: 1.3
2024-08-14 01:54:13.484 | INFO     | __main__:omprint:30 - [DEBUG] video_total_duration: 6.68
2024-08-14 01:54:13.651 | INFO     | __main__:omprint:30 - create_background_video - background_clip.w, background_clip.h: 2160 3840
2024-08-14 01:54:13.727 | INFO     | __main__:omprint:30 - [DEBUG] add_question_text - max_width: 2000
2024-08-14 01:54:13.728 | INFO     | __main__:omprint:30 - [DEBUG] add_question_text - text_length: 44
2024-08-14 01:54:13.728 | INFO     | __main__:omprint:30 - [DEBUG] add_question_text - fontsize: 80
2024-08-14 01:54:14.151 | INFO     | __main__:omprint:30 - [DEBUG] video_total_duration 1: 6.68
2024-08-14 01:54:14.152 | INFO     | __main__:omprint:30 - [DEBUG] narration_audio.duration: 1.68
2024-08-14 01:54:14.153 | INFO     | __main__:omprint:30 - [DEBUG] clock_sound_effects.duration: 3
2024-08-14 01:54:14.154 | INFO     | __main__:omprint:30 - [DEBUG] ding_sound_effects.duration: 2
2024-08-14 01:54:14.155 | INFO     | __main__:omprint:30 - [DEBUG] narration_audio_winner.duration: 1.3
2024-08-14 01:54:14.156 | INFO     | __main__:omprint:30 - [DEBUG] final_audio.duration 2: 6.9799999999999995
2024-08-14 01:54:14.157 | INFO     | __main__:omprint:30 - [DEBUG] final_clip.duration 2: 6.68
2024-08-14 01:54:14.157 | INFO     | __main__:omprint:30 - [DEBUG] all_clips[0] - start: 0, duration: 7.49, end: 7.49
2024-08-14 01:54:14.158 | INFO     | __main__:omprint:30 - [DEBUG] all_clips[1] - start: 0, duration: 6.68, end: 6.68
2024-08-14 01:54:14.206 | INFO     | __main__:omprint:30 - [DEBUG] generate_combined_trivia_video - final_video.duration: 14.17
2024-08-14 01:54:27.563 | INFO     | __main__:omprint:30 - Ya hay un proceso en ejecución.
2024-08-14 01:55:27.563 | INFO     | __main__:omprint:30 - Ya hay un proceso en ejecución.
2024-08-14 01:56:27.564 | INFO     | __main__:omprint:30 - Ya hay un proceso en ejecución.
2024-08-14 01:57:27.564 | INFO     | __main__:omprint:30 - Ya hay un proceso en ejecución.
2024-08-14 01:58:27.565 | INFO     | __main__:omprint:30 - Ya hay un proceso en ejecución.
2024-08-14 01:59:27.566 | INFO     | __main__:omprint:30 - Ya hay un proceso en ejecución.
2024-08-14 02:00:02.668 | INFO     | __main__:omprint:30 - Tiempo de procesamiento: 351.0528357028961 segundos
2024-08-14 02:00:02.668 | INFO     | __main__:omprint:30 - video_to_upload: https://trivias.luxuryroamers.com/a5070510-ea19-4fc1-ae85-c913030b379d.mp4
2024-08-14 02:00:02.669 | INFO     | __main__:omprint:30 - El script tomó 352.90 segundos en ejecutarse.
2024-08-14 02:00:07.674 | INFO     | __main__:omprint:30 - pending_processes: []
2024-08-14 02:00:07.674 | INFO     | __main__:omprint:30 - No hay más procesos pendientes.
2024-08-14 02:00:27.566 | INFO     | __main__:omprint:30 - pending_processes: []
2024-08-14 02:00:27.567 | INFO     | __main__:omprint:30 - No hay más procesos pendientes.
2024-08-14 02:01:27.567 | INFO     | __main__:omprint:30 - pending_processes: []
2024-08-14 02:01:27.568 | INFO     | __main__:omprint:30 - No hay más procesos pendientes.
2024-08-14 02:02:27.568 | INFO     | __main__:omprint:30 - pending_processes: []
2024-08-14 02:02:27.568 | INFO     | __main__:omprint:30 - No hay más procesos pendientes.
2024-08-14 02:03:27.569 | INFO     | __main__:omprint:30 - pending_processes: []
2024-08-14 02:03:27.569 | INFO     | __main__:omprint:30 - No hay más procesos pendientes.
2024-08-14 02:04:27.570 | INFO     | __main__:omprint:30 - pending_processes: []
2024-08-14 02:04:27.570 | INFO     | __main__:omprint:30 - No hay más procesos pendientes.
2024-08-14 02:05:27.571 | INFO     | __main__:omprint:30 - pending_processes: []
2024-08-14 02:05:27.571 | INFO     | __main__:omprint:30 - No hay más procesos pendientes.
2024-08-14 02:06:27.572 | INFO     | __main__:omprint:30 - pending_processes: []
2024-08-14 02:06:27.572 | INFO     | __main__:omprint:30 - No hay más procesos pendientes.
2024-08-14 02:07:27.573 | INFO     | __main__:omprint:30 - pending_processes: []
2024-08-14 02:07:27.573 | INFO     | __main__:omprint:30 - No hay más procesos pendientes.
2024-08-14 02:08:27.574 | INFO     | __main__:omprint:30 - pending_processes: []
2024-08-14 02:08:27.574 | INFO     | __main__:omprint:30 - No hay más procesos pendientes.
2024-08-14 02:09:27.575 | INFO     | __main__:omprint:30 - pending_processes: []
2024-08-14 02:09:27.575 | INFO     | __main__:omprint:30 - No hay más procesos pendientes.
2024-08-14 02:10:27.575 | INFO     | __main__:omprint:30 - pending_processes: []
2024-08-14 02:10:27.576 | INFO     | __main__:omprint:30 - No hay más procesos pendientes.
2024-08-14 02:11:27.576 | INFO     | __main__:omprint:30 - pending_processes: []
2024-08-14 02:11:27.577 | INFO     | __main__:omprint:30 - No hay más procesos pendientes.
2024-08-14 02:12:27.577 | INFO     | __main__:omprint:30 - pending_processes: []
2024-08-14 02:12:27.578 | INFO     | __main__:omprint:30 - No hay más procesos pendientes.
2024-08-14 02:13:27.578 | INFO     | __main__:omprint:30 - pending_processes: []
2024-08-14 02:13:27.579 | INFO     | __main__:omprint:30 - No hay más procesos pendientes.
2024-08-14 02:14:27.579 | INFO     | __main__:omprint:30 - pending_processes: []
2024-08-14 02:14:27.580 | INFO     | __main__:omprint:30 - No hay más procesos pendientes.
2024-08-14 02:15:27.580 | INFO     | __main__:omprint:30 - pending_processes: []
2024-08-14 02:15:27.581 | INFO     | __main__:omprint:30 - No hay más procesos pendientes.
2024-08-14 02:16:27.581 | INFO     | __main__:omprint:30 - pending_processes: []
2024-08-14 02:16:27.582 | INFO     | __main__:omprint:30 - No hay más procesos pendientes.
2024-08-14 02:17:27.582 | INFO     | __main__:omprint:30 - pending_processes: []
2024-08-14 02:17:27.583 | INFO     | __main__:omprint:30 - No hay más procesos pendientes.
2024-08-14 02:18:27.583 | INFO     | __main__:omprint:30 - pending_processes: []
2024-08-14 02:18:27.584 | INFO     | __main__:omprint:30 - No hay más procesos pendientes.
2024-08-14 02:19:27.584 | INFO     | __main__:omprint:30 - pending_processes: []
2024-08-14 02:19:27.585 | INFO     | __main__:omprint:30 - No hay más procesos pendientes.
