2024-08-15 18:16:13.696 | INFO     | __main__:omprint:30 - pending_processes: [{'uuid': 'abbbfd4a-1f65-4fb0-960f-ae001dd1ce96', 'language': 'Espanol', 'voice': 'Pedro', 'main_question': 'identificar tipos de vehiculos a partir de emojis', 'num_questions': 2, 'num_options': 3, 'background_music': 'animada1', 'background_video': 'playas2', 'fecha_creacion': '2024-08-15T18:16:13.688975+00:00', 'fecha_modificacion': '2024-08-15T18:16:13.688975+00:00', 'estado': 'pendiente'}]
2024-08-15 18:16:13.697 | INFO     | __main__:omprint:30 - Ejecutando el proceso ID: abbbfd4a-1f65-4fb0-960f-ae001dd1ce96
2024-08-15 18:16:13.697 | INFO     | __main__:omprint:30 - ---------------------------------------------------
2024-08-15 18:16:13.698 | INFO     | __main__:omprint:30 - uuid4, language, voice, main_question, num_questions, num_options, background_music, background_video: abbbfd4a-1f65-4fb0-960f-ae001dd1ce96 Espanol Pedro identificar tipos de vehiculos a partir de emojis 2 3 animada1 playas2
2024-08-15 18:16:13.698 | INFO     | __main__:omprint:30 - ---------------------------------------------------
2024-08-15 18:16:13.698 | INFO     | __main__:omprint:30 - Genera una lista de 2 preguntas cortas en idioma Espanol en formato JSON para un quiz / trivia sobre ['identificar tipos de vehiculos a partir de emojis']. El JSON debe incluir una pregunta principal corta en idioma Espanol sin emojis en ella, con el estilo MrBeast en la propiedad 'main_question' que aplique para todas las preguntas de la propiedad 'questions', seguido de un arreglo 'questions' que contenga objetos con las siguientes propiedades: el texto de la pregunta corta en idioma Espanol sin emojis en ella con variantes  para hacer la pronunciaci칩n m치s humana y consistente SIN INCLUIR EL EMOJI, una imagen representada como un emoji, opciones de respuesta en idioma Espanol con 3 opciones donde alternes la opci칩n correcta en las diferentes posiciones del arreglo de opciones entre 0 y 2, (IMPORTANTE: deben tener un tamano de 18 caracteres m치ximo por opci칩n), y el 칤ndice de la opci칩n correcta (IMPORTANTE: Las opciones correctas deben est치r en posiciones aleatorias entre 0 y 2 dentro del arreglo de la propiedad 'options').

Aqu칤 hay un ejemplo del formato:

{
  "main_question": "Pregunta principal de ejemplo?",
  "questions": [
    {
        "question_text": "Variantes de la pregunta de ejemplo?",
        "question_image": "游뾇릖",
        "options": ['"Opci칩n 1"', '"Opci칩n 2"', '"Opci칩n 3"'],
        "correct_option_index": 2
    }
  ]
} 

Notas Importantes: - Todo el contenido que generes debe estar en idioma Espanol.
- En las opciones distribuye de forma equitativa y no secuencial la asignaci칩n de las opciones correctas en posiciones entre 0 y {num_options - 1}.
- Todos los campos son obligatorios que est칠n presentes aunque est칠n en blanco.
- REALIZA UNA DOBE VERIFICACION DE LAS OPCIONES CORRECTAS. NO PUEDES COMETER ERRORES.

2024-08-15 18:16:15.762 | INFO     | __main__:omprint:30 - {'main_question': '쯇uedes identificar el veh칤culo correctamente?', 'questions': [{'question_text': '쯈u칠 veh칤culo es este?', 'question_image': '游뚱', 'options': ['Bicicleta', 'Coche', 'Cami칩n'], 'correct_option_index': 1}, {'question_text': '쮺u치l es este veh칤culo?', 'question_image': '游뚧', 'options': ['Autob칰s', 'Motocicleta', 'Coche'], 'correct_option_index': 0}]}
2024-08-15 18:16:16.381 | INFO     | __main__:omprint:30 - [DEBUG] generate_trivia_video - ctxVideo: {'video_width': 1080, 'video_height': 1920, 'video_duration': 6.1899999999999995}
2024-08-15 18:16:16.381 | INFO     | __main__:omprint:30 - [DEBUG] generate_trivia_video - video_total_duration: 6.1899999999999995
2024-08-15 18:16:16.419 | INFO     | __main__:omprint:30 - [DEBUG] add_question_text - max_width: 920
2024-08-15 18:16:16.419 | INFO     | __main__:omprint:30 - [DEBUG] add_question_text - text_length: 46
2024-08-15 18:16:16.419 | INFO     | __main__:omprint:30 - [DEBUG] add_question_text - fontsize: 80
2024-08-15 18:16:16.486 | INFO     | __main__:omprint:30 - [DEBUG] question_image_clip: <function VideoClip.set_position.<locals>.<lambda> at 0x71f683adb880>
2024-08-15 18:16:16.487 | INFO     | __main__:omprint:30 - [DEBUG] options_top_margin: 941
2024-08-15 18:16:16.644 | INFO     | __main__:omprint:30 - [DEBUG] video_total_duration 1: 6.1899999999999995
2024-08-15 18:16:16.645 | INFO     | __main__:omprint:30 - [DEBUG] narration_audio.duration: 1.19
2024-08-15 18:16:16.645 | INFO     | __main__:omprint:30 - [DEBUG] clock_sound_effects.duration: 3
2024-08-15 18:16:16.646 | INFO     | __main__:omprint:30 - [DEBUG] ding_sound_effects.duration: 2
2024-08-15 18:16:16.646 | INFO     | __main__:omprint:30 - [DEBUG] narration_audio_winner.duration: 0.61
2024-08-15 18:16:16.646 | INFO     | __main__:omprint:30 - [DEBUG] final_audio.duration 2: 6.1899999999999995
2024-08-15 18:16:16.646 | INFO     | __main__:omprint:30 - [DEBUG] final_clip.duration 2: 6.1899999999999995
2024-08-15 18:16:16.647 | INFO     | __main__:omprint:30 - [DEBUG]: generate_combined_trivia_video - trivia_clip.w, trivia_clip.h, trivia_clip.duration: 540 175 6.1899999999999995
2024-08-15 18:16:27.795 | INFO     | __main__:omprint:30 - [DEBUG] generate_trivia_video - ctxVideo: {'video_width': 1080, 'video_height': 1920, 'video_duration': 6.2}
2024-08-15 18:16:27.795 | INFO     | __main__:omprint:30 - [DEBUG] generate_trivia_video - video_total_duration: 6.2
2024-08-15 18:16:27.826 | INFO     | __main__:omprint:30 - [DEBUG] add_question_text - max_width: 920
2024-08-15 18:16:27.826 | INFO     | __main__:omprint:30 - [DEBUG] add_question_text - text_length: 46
2024-08-15 18:16:27.827 | INFO     | __main__:omprint:30 - [DEBUG] add_question_text - fontsize: 80
2024-08-15 18:16:27.893 | INFO     | __main__:omprint:30 - [DEBUG] question_image_clip: <function VideoClip.set_position.<locals>.<lambda> at 0x71f67ba77e20>
2024-08-15 18:16:27.894 | INFO     | __main__:omprint:30 - [DEBUG] options_top_margin: 941
2024-08-15 18:16:28.046 | INFO     | __main__:omprint:30 - [DEBUG] video_total_duration 1: 6.2
2024-08-15 18:16:28.046 | INFO     | __main__:omprint:30 - [DEBUG] narration_audio.duration: 1.2
2024-08-15 18:16:28.047 | INFO     | __main__:omprint:30 - [DEBUG] clock_sound_effects.duration: 3
2024-08-15 18:16:28.047 | INFO     | __main__:omprint:30 - [DEBUG] ding_sound_effects.duration: 2
2024-08-15 18:16:28.047 | INFO     | __main__:omprint:30 - [DEBUG] narration_audio_winner.duration: 0.76
2024-08-15 18:16:28.047 | INFO     | __main__:omprint:30 - [DEBUG] final_audio.duration 2: 6.2
2024-08-15 18:16:28.048 | INFO     | __main__:omprint:30 - [DEBUG] final_clip.duration 2: 6.2
2024-08-15 18:16:28.048 | INFO     | __main__:omprint:30 - [DEBUG]: generate_combined_trivia_video - trivia_clip.w, trivia_clip.h, trivia_clip.duration: 540 175 6.2
2024-08-15 18:16:39.863 | INFO     | __main__:omprint:30 - create_background_video - background_clip.w, background_clip.h: 1080 1920
2024-08-15 18:16:39.869 | INFO     | __main__:omprint:30 - trivia_sequence: <moviepy.video.compositing.CompositeVideoClip.CompositeVideoClip object at 0x71f691e8bf90>
2024-08-15 18:16:45.717 | INFO     | __main__:omprint:30 - Ya hay un proceso en ejecuci칩n.
2024-08-15 18:17:39.228 | INFO     | __main__:omprint:30 - Tiempo de procesamiento: 83.4662594795227 segundos
2024-08-15 18:17:39.229 | INFO     | __main__:omprint:30 - video_to_upload: https://trivias.luxuryroamers.com/generados/videos/abbbfd4a-1f65-4fb0-960f-ae001dd1ce96.mp4
2024-08-15 18:17:39.229 | INFO     | __main__:omprint:30 - El script tom칩 85.53 segundos en ejecutarse.
2024-08-15 18:17:44.234 | INFO     | __main__:omprint:30 - pending_processes: []
2024-08-15 18:17:44.234 | INFO     | __main__:omprint:30 - No hay m치s procesos pendientes.
2024-08-15 18:17:45.719 | INFO     | __main__:omprint:30 - pending_processes: []
2024-08-15 18:17:45.719 | INFO     | __main__:omprint:30 - No hay m치s procesos pendientes.
2024-08-15 18:18:45.720 | INFO     | __main__:omprint:30 - pending_processes: []
2024-08-15 18:18:45.721 | INFO     | __main__:omprint:30 - No hay m치s procesos pendientes.
2024-08-15 18:19:45.721 | INFO     | __main__:omprint:30 - pending_processes: []
2024-08-15 18:19:45.722 | INFO     | __main__:omprint:30 - No hay m치s procesos pendientes.
2024-08-15 18:20:45.722 | INFO     | __main__:omprint:30 - pending_processes: []
2024-08-15 18:20:45.723 | INFO     | __main__:omprint:30 - No hay m치s procesos pendientes.
2024-08-15 18:21:45.723 | INFO     | __main__:omprint:30 - pending_processes: []
2024-08-15 18:21:45.723 | INFO     | __main__:omprint:30 - No hay m치s procesos pendientes.
2024-08-15 18:22:45.724 | INFO     | __main__:omprint:30 - pending_processes: []
2024-08-15 18:22:45.724 | INFO     | __main__:omprint:30 - No hay m치s procesos pendientes.
2024-08-15 18:23:45.725 | INFO     | __main__:omprint:30 - pending_processes: []
2024-08-15 18:23:45.725 | INFO     | __main__:omprint:30 - No hay m치s procesos pendientes.
2024-08-15 18:24:45.726 | INFO     | __main__:omprint:30 - pending_processes: []
2024-08-15 18:24:45.727 | INFO     | __main__:omprint:30 - No hay m치s procesos pendientes.
2024-08-15 18:25:45.727 | INFO     | __main__:omprint:30 - pending_processes: []
2024-08-15 18:25:45.728 | INFO     | __main__:omprint:30 - No hay m치s procesos pendientes.
2024-08-15 18:26:45.728 | INFO     | __main__:omprint:30 - pending_processes: []
2024-08-15 18:26:45.729 | INFO     | __main__:omprint:30 - No hay m치s procesos pendientes.
2024-08-15 18:27:45.729 | INFO     | __main__:omprint:30 - pending_processes: []
2024-08-15 18:27:45.730 | INFO     | __main__:omprint:30 - No hay m치s procesos pendientes.
2024-08-15 18:28:45.730 | INFO     | __main__:omprint:30 - pending_processes: []
2024-08-15 18:28:45.731 | INFO     | __main__:omprint:30 - No hay m치s procesos pendientes.
2024-08-15 18:29:45.731 | INFO     | __main__:omprint:30 - pending_processes: []
2024-08-15 18:29:45.732 | INFO     | __main__:omprint:30 - No hay m치s procesos pendientes.
