2024-08-15 17:58:35.712 | INFO     | __main__:omprint:30 - pending_processes: [{'uuid': '57220bf4-6aac-48e5-a84c-ad7061b2d114', 'language': 'Espanol', 'voice': 'Pedro', 'main_question': 'identificar tipos de vehículos a partir de emojis', 'num_questions': 2, 'num_options': 3, 'background_music': 'animada2', 'background_video': 'playas2', 'fecha_creacion': '2024-08-15T17:58:35.705466+00:00', 'fecha_modificacion': '2024-08-15T17:58:35.705466+00:00', 'estado': 'pendiente'}]
2024-08-15 17:58:35.712 | INFO     | __main__:omprint:30 - Ejecutando el proceso ID: 57220bf4-6aac-48e5-a84c-ad7061b2d114
2024-08-15 17:58:35.713 | INFO     | __main__:omprint:30 - ---------------------------------------------------
2024-08-15 17:58:35.713 | INFO     | __main__:omprint:30 - uuid4, language, voice, main_question, num_questions, num_options, background_music, background_video: 57220bf4-6aac-48e5-a84c-ad7061b2d114 Espanol Pedro identificar tipos de vehículos a partir de emojis 2 3 animada2 playas2
2024-08-15 17:58:35.713 | INFO     | __main__:omprint:30 - ---------------------------------------------------
2024-08-15 17:58:35.714 | INFO     | __main__:omprint:30 - Genera una lista de 2 preguntas cortas en idioma Espanol en formato JSON para un quiz / trivia sobre ['identificar tipos de vehículos a partir de emojis']. El JSON debe incluir una pregunta principal corta en idioma Espanol sin emojis en ella, con el estilo MrBeast en la propiedad 'main_question' que aplique para todas las preguntas de la propiedad 'questions', seguido de un arreglo 'questions' que contenga objetos con las siguientes propiedades: el texto de la pregunta corta en idioma Espanol sin emojis en ella con variantes  para hacer la pronunciación más humana y consistente SIN INCLUIR EL EMOJI, una imagen representada como un emoji, opciones de respuesta en idioma Espanol con 3 opciones donde alternes la opción correcta en las diferentes posiciones del arreglo de opciones entre 0 y 2, (IMPORTANTE: deben tener un tamano de 18 caracteres máximo por opción), y el índice de la opción correcta (IMPORTANTE: Las opciones correctas deben estár en posiciones aleatorias entre 0 y 2 dentro del arreglo de la propiedad 'options').

Aquí hay un ejemplo del formato:

{
  "main_question": "Pregunta principal de ejemplo?",
  "questions": [
    {
        "question_text": "Variantes de la pregunta de ejemplo?",
        "question_image": "🇩🇴",
        "options": ['"Opción 1"', '"Opción 2"', '"Opción 3"'],
        "correct_option_index": 2
    }
  ]
} 

Notas Importantes: - Todo el contenido que generes debe estar en idioma Espanol.
- En las opciones distribuye de forma equitativa y no secuencial la asignación de las opciones correctas en posiciones entre 0 y {num_options - 1}.
- Todos los campos son obligatorios que estén presentes aunque estén en blanco.
- REALIZA UNA DOBE VERIFICACION DE LAS OPCIONES CORRECTAS. NO PUEDES COMETER ERRORES.

2024-08-15 17:58:37.082 | INFO     | __main__:omprint:30 - {'main_question': '¿Puedes identificar el vehículo que aparece en el emoji?', 'questions': [{'question_text': '¿Qué vehículo ves aquí?', 'question_image': '🚗', 'options': ['Coche', 'Bicicleta', 'Moto'], 'correct_option_index': 0}, {'question_text': '¿Qué vehículo ves?', 'question_image': '🚌', 'options': ['Camión', 'Autobús', 'Skate'], 'correct_option_index': 1}]}
2024-08-15 17:58:37.697 | INFO     | __main__:omprint:30 - [DEBUG] video_total_duration: 6.24
2024-08-15 17:58:37.735 | INFO     | __main__:omprint:30 - [DEBUG] add_question_text - max_width: 920
2024-08-15 17:58:37.735 | INFO     | __main__:omprint:30 - [DEBUG] add_question_text - text_length: 56
2024-08-15 17:58:37.736 | INFO     | __main__:omprint:30 - [DEBUG] add_question_text - fontsize: 79
2024-08-15 17:58:37.808 | INFO     | __main__:omprint:30 - [DEBUG] question_image_clip: <function VideoClip.set_position.<locals>.<lambda> at 0x70cf6f32b740>
2024-08-15 17:58:37.808 | INFO     | __main__:omprint:30 - [DEBUG] options_top_margin: 941
2024-08-15 17:58:37.962 | INFO     | __main__:omprint:30 - [DEBUG] video_total_duration 1: 6.24
2024-08-15 17:58:37.963 | INFO     | __main__:omprint:30 - [DEBUG] narration_audio.duration: 1.24
2024-08-15 17:58:37.963 | INFO     | __main__:omprint:30 - [DEBUG] clock_sound_effects.duration: 3
2024-08-15 17:58:37.964 | INFO     | __main__:omprint:30 - [DEBUG] ding_sound_effects.duration: 2
2024-08-15 17:58:37.965 | INFO     | __main__:omprint:30 - [DEBUG] narration_audio_winner.duration: 0.61
2024-08-15 17:58:37.965 | INFO     | __main__:omprint:30 - [DEBUG] final_audio.duration 2: 6.24
2024-08-15 17:58:37.966 | INFO     | __main__:omprint:30 - [DEBUG] final_clip.duration 2: 6.24
2024-08-15 17:58:38.400 | INFO     | __main__:omprint:30 - Error al procesar el proceso ID: 57220bf4-6aac-48e5-a84c-ad7061b2d114, error: [Errno 32] Broken pipe

MoviePy error: FFMPEG encountered the following error while writing file 0_./public/generados/videos/57220bf4-6aac-48e5-a84c-ad7061b2d114.mp4:

 b'0_./public/generados/videos/57220bf4-6aac-48e5-a84c-ad7061b2d114.mp4: No such file or directory\n'
2024-08-15 17:58:43.402 | INFO     | __main__:omprint:30 - pending_processes: []
2024-08-15 17:58:43.402 | INFO     | __main__:omprint:30 - No hay más procesos pendientes.
2024-08-15 17:59:06.814 | INFO     | __main__:omprint:30 - pending_processes: []
2024-08-15 17:59:06.814 | INFO     | __main__:omprint:30 - No hay más procesos pendientes.
2024-08-15 17:59:27.713 | INFO     | __main__:omprint:30 - {'language': 'Espanol', 'voice': 'Pedro', 'main_question': 'identificar tipos de vehículos a partir de emojis', 'num_questions': '2', 'num_options': '3', 'background_music': 'animada3', 'background_video': 'playas2'}
2024-08-15 17:59:27.898 | INFO     | __main__:omprint:30 - pending_processes: [{'uuid': 'cbeb51d2-b337-461f-af48-81a93b6b8467', 'language': 'Espanol', 'voice': 'Pedro', 'main_question': 'identificar tipos de vehículos a partir de emojis', 'num_questions': 2, 'num_options': 3, 'background_music': 'animada3', 'background_video': 'playas2', 'fecha_creacion': '2024-08-15T17:59:27.718940+00:00', 'fecha_modificacion': '2024-08-15T17:59:27.718940+00:00', 'estado': 'pendiente'}]
2024-08-15 17:59:27.899 | INFO     | __main__:omprint:30 - Ejecutando el proceso ID: cbeb51d2-b337-461f-af48-81a93b6b8467
2024-08-15 17:59:27.900 | INFO     | __main__:omprint:30 - ---------------------------------------------------
2024-08-15 17:59:27.901 | INFO     | __main__:omprint:30 - uuid4, language, voice, main_question, num_questions, num_options, background_music, background_video: cbeb51d2-b337-461f-af48-81a93b6b8467 Espanol Pedro identificar tipos de vehículos a partir de emojis 2 3 animada3 playas2
2024-08-15 17:59:27.901 | INFO     | __main__:omprint:30 - ---------------------------------------------------
2024-08-15 17:59:27.901 | INFO     | __main__:omprint:30 - Genera una lista de 2 preguntas cortas en idioma Espanol en formato JSON para un quiz / trivia sobre ['identificar tipos de vehículos a partir de emojis']. El JSON debe incluir una pregunta principal corta en idioma Espanol sin emojis en ella, con el estilo MrBeast en la propiedad 'main_question' que aplique para todas las preguntas de la propiedad 'questions', seguido de un arreglo 'questions' que contenga objetos con las siguientes propiedades: el texto de la pregunta corta en idioma Espanol sin emojis en ella con variantes  para hacer la pronunciación más humana y consistente SIN INCLUIR EL EMOJI, una imagen representada como un emoji, opciones de respuesta en idioma Espanol con 3 opciones donde alternes la opción correcta en las diferentes posiciones del arreglo de opciones entre 0 y 2, (IMPORTANTE: deben tener un tamano de 18 caracteres máximo por opción), y el índice de la opción correcta (IMPORTANTE: Las opciones correctas deben estár en posiciones aleatorias entre 0 y 2 dentro del arreglo de la propiedad 'options').

Aquí hay un ejemplo del formato:

{
  "main_question": "Pregunta principal de ejemplo?",
  "questions": [
    {
        "question_text": "Variantes de la pregunta de ejemplo?",
        "question_image": "🇩🇴",
        "options": ['"Opción 1"', '"Opción 2"', '"Opción 3"'],
        "correct_option_index": 2
    }
  ]
} 

Notas Importantes: - Todo el contenido que generes debe estar en idioma Espanol.
- En las opciones distribuye de forma equitativa y no secuencial la asignación de las opciones correctas en posiciones entre 0 y {num_options - 1}.
- Todos los campos son obligatorios que estén presentes aunque estén en blanco.
- REALIZA UNA DOBE VERIFICACION DE LAS OPCIONES CORRECTAS. NO PUEDES COMETER ERRORES.

2024-08-15 17:59:29.894 | INFO     | __main__:omprint:30 - {'main_question': '¿Puedes identificar el vehículo que se muestra en el emoji?', 'questions': [{'question_text': '¿Qué vehículo representa este emoji?', 'question_image': '🚗', 'options': ['Bicicleta', 'Coche', 'Motocicleta'], 'correct_option_index': 1}, {'question_text': '¿Cuál es este vehículo?', 'question_image': '🚌', 'options': ['Autobús', 'Tren', 'Barco'], 'correct_option_index': 0}]}
2024-08-15 17:59:30.367 | INFO     | __main__:omprint:30 - [DEBUG] video_total_duration: 6.91
2024-08-15 17:59:30.401 | INFO     | __main__:omprint:30 - [DEBUG] add_question_text - max_width: 920
2024-08-15 17:59:30.402 | INFO     | __main__:omprint:30 - [DEBUG] add_question_text - text_length: 59
2024-08-15 17:59:30.403 | INFO     | __main__:omprint:30 - [DEBUG] add_question_text - fontsize: 77
2024-08-15 17:59:30.476 | INFO     | __main__:omprint:30 - [DEBUG] question_image_clip: <function VideoClip.set_position.<locals>.<lambda> at 0x70cf6e024220>
2024-08-15 17:59:30.477 | INFO     | __main__:omprint:30 - [DEBUG] options_top_margin: 935
2024-08-15 17:59:30.632 | INFO     | __main__:omprint:30 - [DEBUG] video_total_duration 1: 6.91
2024-08-15 17:59:30.633 | INFO     | __main__:omprint:30 - [DEBUG] narration_audio.duration: 1.91
2024-08-15 17:59:30.634 | INFO     | __main__:omprint:30 - [DEBUG] clock_sound_effects.duration: 3
2024-08-15 17:59:30.634 | INFO     | __main__:omprint:30 - [DEBUG] ding_sound_effects.duration: 2
2024-08-15 17:59:30.635 | INFO     | __main__:omprint:30 - [DEBUG] narration_audio_winner.duration: 0.61
2024-08-15 17:59:30.635 | INFO     | __main__:omprint:30 - [DEBUG] final_audio.duration 2: 6.91
2024-08-15 17:59:30.635 | INFO     | __main__:omprint:30 - [DEBUG] final_clip.duration 2: 6.91
2024-08-15 17:59:31.039 | INFO     | __main__:omprint:30 - Error al procesar el proceso ID: cbeb51d2-b337-461f-af48-81a93b6b8467, error: [Errno 32] Broken pipe

MoviePy error: FFMPEG encountered the following error while writing file 1_./public/generados/videos/cbeb51d2-b337-461f-af48-81a93b6b8467.mp4:

 b'1_./public/generados/videos/cbeb51d2-b337-461f-af48-81a93b6b8467.mp4: No such file or directory\n'
2024-08-15 17:59:36.040 | INFO     | __main__:omprint:30 - pending_processes: []
2024-08-15 17:59:36.041 | INFO     | __main__:omprint:30 - No hay más procesos pendientes.
