2024-08-21 13:44:04.927 | INFO     | __main__:omprint:31 - pending_processes: [{'uuid': '18108aa2-31be-4699-aee0-66b0cddb807b', 'language': 'Spanish', 'voice': 'Pedro', 'main_question': 'Conexiones profesionales en LinkedIn', 'num_questions': 2, 'num_options': 3, 'background_music': 'animada2', 'background_video': 'espacio3', 'logo_path': '', 'account_text': '', 'sessionUUID': '064a5e69-08c4-4815-a1e8-43eab72485c6', 'fecha_creacion': '2024-08-21T13:44:04.906460+00:00', 'fecha_modificacion': '2024-08-21T13:44:04.906460+00:00', 'estado': 'pendiente'}]
2024-08-21 13:44:04.932 | INFO     | __main__:omprint:31 - Ejecutando el proceso ID: 18108aa2-31be-4699-aee0-66b0cddb807b
2024-08-21 13:44:04.934 | INFO     | __main__:omprint:31 - ---------------------------------------------------
2024-08-21 13:44:04.935 | INFO     | __main__:omprint:31 - uuid4, language, voice, main_question, num_questions, num_options, background_music, background_video: 18108aa2-31be-4699-aee0-66b0cddb807b Spanish Pedro Conexiones profesionales en LinkedIn 2 3 animada2 espacio3
2024-08-21 13:44:04.936 | INFO     | __main__:omprint:31 - ---------------------------------------------------
2024-08-21 13:44:04.936 | INFO     | __main__:omprint:31 - Genera una lista de 2 preguntas cortas en idioma Spanish en formato JSON para un quiz / trivia sobre ['Conexiones profesionales en LinkedIn']. El JSON debe incluir una pregunta principal corta en idioma Spanish sin emojis en ella, con el estilo MrBeast en la propiedad 'main_question' que aplique para todas las preguntas de la propiedad 'questions', seguido de un arreglo 'questions' que contenga objetos con las siguientes propiedades: el texto de la pregunta corta en idioma Spanish  con variantes mencionando siempre el tema central en cada pregunta  para hacer la pronunciación más humana y consistente ,  opciones de respuesta en idioma Spanish con 3 opciones donde alternes la opción correcta en las diferentes posiciones del arreglo de opciones entre 0 y 2, (IMPORTANTE: deben tener un tamaño de 17 caracteres máximo por opción), y el índice de la opción correcta (IMPORTANTE: Las opciones correctas deben estár en posiciones aleatorias entre 0 y 2 dentro del arreglo de la propiedad 'options').

Aquí hay un ejemplo del formato:

{
  "main_question": "Pregunta principal de ejemplo?",
  "questions": [
    {
        "question_text": "Variantes de la pregunta de ejemplo?",
        "question_image": "",
        "options": ['"Opción 1"', '"Opción 2"', '"Opción 3"'],
        "correct_option_index": 2
    }
  ]
} 

Notas Importantes: - Genera todo el contenido en idioma Spanish.
- Asigna las opciones correctas de las preguntas en posiciones aleatorias entre 0 y {num_options - 1}.
- Crea todos los campos mencionados en el ejemplo aunque estén en blanco.
- REALIZA UNA DOBE VERIFICACION DE LAS OPCIONES CORRECTAS. NO PUEDES COMETER ERRORES.

2024-08-21 13:44:04.975 | INFO     | __main__:omprint:31 - Ya hay un proceso en ejecución.
2024-08-21 13:44:06.691 | INFO     | __main__:omprint:31 - {'main_question': '¿Cuánto sabes de LinkedIn?', 'questions': [{'question_text': '¿Qué es LinkedIn?', 'question_image': '', 'options': ['Red social laboral', 'Juego en línea', 'Plataforma de hobby'], 'correct_option_index': 0}, {'question_text': '¿Para qué usar LinkedIn?', 'question_image': '', 'options': ['Buscar empleo', 'Hacer amigos', 'Tomar clases'], 'correct_option_index': 0}]}
2024-08-21 13:44:06.692 | INFO     | __main__:omprint:31 - final_logo_path: ./public/assets/images/logo.png
2024-08-21 13:44:06.692 | INFO     | __main__:omprint:31 - final_account_text: @elclubdelosgenios
2024-08-21 13:44:07.242 | INFO     | __main__:omprint:31 - [DEBUG] generate_trivia_video - ctxVideo: {'video_width': 1080, 'video_height': 1920, 'video_duration': 5.9}
2024-08-21 13:44:07.243 | INFO     | __main__:omprint:31 - [DEBUG] generate_trivia_video - video_total_duration: 5.9
2024-08-21 13:44:07.244 | INFO     | __main__:omprint:31 - [DEBUG] ============= add_logo - ctxVideo: {'video_width': 1080, 'video_height': 1920, 'video_duration': 5.9} =============
2024-08-21 13:44:07.283 | INFO     | __main__:omprint:31 - [DEBUG] generate_trivia_video - logo_clip.w, logo_clip.h: 540 175
2024-08-21 13:44:07.284 | INFO     | __main__:omprint:31 - [DEBUG] ============= add_question_text - ctxVideo: {'video_width': 1080, 'video_height': 1920, 'video_duration': 5.9} =============
2024-08-21 13:44:07.285 | INFO     | __main__:omprint:31 - [DEBUG] add_question_text - max_width: 920
2024-08-21 13:44:07.285 | INFO     | __main__:omprint:31 - [DEBUG] add_question_text - text_length: 17
2024-08-21 13:44:07.285 | INFO     | __main__:omprint:31 - [DEBUG] add_question_text - fontsize: 80
2024-08-21 13:44:07.314 | INFO     | __main__:omprint:31 - [DEBUG] generate_trivia_video - question_clip.w, question_clip.h: 920 97
2024-08-21 13:44:07.334 | INFO     | __main__:omprint:31 - [DEBUG] generate_trivia_video - question_image_clip.w, question_image_clip.h: 91 120
2024-08-21 13:44:07.335 | INFO     | __main__:omprint:31 - [DEBUG] question_image_clip: <function VideoClip.set_position.<locals>.<lambda> at 0x7639fe86b100>
2024-08-21 13:44:07.336 | INFO     | __main__:omprint:31 - [DEBUG] options_top_margin: 797
2024-08-21 13:44:07.350 | INFO     | __main__:omprint:31 - [DEBUG] add_options - fontsize for option 'Red social laboral': 68
2024-08-21 13:44:07.394 | INFO     | __main__:omprint:31 - [DEBUG] add_options - fontsize for option 'Juego en línea': 70
2024-08-21 13:44:07.436 | INFO     | __main__:omprint:31 - [DEBUG] add_options - fontsize for option 'Plataforma de hobby': 67
2024-08-21 13:44:07.499 | INFO     | __main__:omprint:31 - [DEBUG] generate_trivia_video - account_clip.w, account_clip.h: 430 64
2024-08-21 13:44:07.525 | INFO     | __main__:omprint:31 - [DEBUG] video_total_duration 1: 5.9
2024-08-21 13:44:07.526 | INFO     | __main__:omprint:31 - [DEBUG] narration_audio.duration: 0.9
2024-08-21 13:44:07.526 | INFO     | __main__:omprint:31 - [DEBUG] clock_sound_effects.duration: 3
2024-08-21 13:44:07.527 | INFO     | __main__:omprint:31 - [DEBUG] ding_sound_effects.duration: 2
2024-08-21 13:44:07.527 | INFO     | __main__:omprint:31 - [DEBUG] narration_audio_winner.duration: 1.33
2024-08-21 13:44:07.528 | INFO     | __main__:omprint:31 - [DEBUG] final_audio.duration 2: 6.23
2024-08-21 13:44:07.528 | INFO     | __main__:omprint:31 - [DEBUG] final_clip.duration 2: 5.9
2024-08-21 13:44:08.131 | INFO     | __main__:omprint:31 - [DEBUG] generate_trivia_video - ctxVideo: {'video_width': 1080, 'video_height': 1920, 'video_duration': 6.24}
2024-08-21 13:44:08.131 | INFO     | __main__:omprint:31 - [DEBUG] generate_trivia_video - video_total_duration: 6.24
2024-08-21 13:44:08.132 | INFO     | __main__:omprint:31 - [DEBUG] ============= add_logo - ctxVideo: {'video_width': 1080, 'video_height': 1920, 'video_duration': 6.24} =============
2024-08-21 13:44:08.167 | INFO     | __main__:omprint:31 - [DEBUG] generate_trivia_video - logo_clip.w, logo_clip.h: 540 175
2024-08-21 13:44:08.167 | INFO     | __main__:omprint:31 - [DEBUG] ============= add_question_text - ctxVideo: {'video_width': 1080, 'video_height': 1920, 'video_duration': 6.24} =============
2024-08-21 13:44:08.168 | INFO     | __main__:omprint:31 - [DEBUG] add_question_text - max_width: 920
2024-08-21 13:44:08.169 | INFO     | __main__:omprint:31 - [DEBUG] add_question_text - text_length: 24
2024-08-21 13:44:08.170 | INFO     | __main__:omprint:31 - [DEBUG] add_question_text - fontsize: 80
2024-08-21 13:44:08.212 | INFO     | __main__:omprint:31 - [DEBUG] generate_trivia_video - question_clip.w, question_clip.h: 920 194
2024-08-21 13:44:08.232 | INFO     | __main__:omprint:31 - [DEBUG] generate_trivia_video - question_image_clip.w, question_image_clip.h: 91 120
2024-08-21 13:44:08.232 | INFO     | __main__:omprint:31 - [DEBUG] question_image_clip: <function VideoClip.set_position.<locals>.<lambda> at 0x763a04348720>
2024-08-21 13:44:08.233 | INFO     | __main__:omprint:31 - [DEBUG] options_top_margin: 894
2024-08-21 13:44:08.245 | INFO     | __main__:omprint:31 - [DEBUG] add_options - fontsize for option 'Buscar empleo': 70
2024-08-21 13:44:08.286 | INFO     | __main__:omprint:31 - [DEBUG] add_options - fontsize for option 'Hacer amigos': 70
2024-08-21 13:44:08.328 | INFO     | __main__:omprint:31 - [DEBUG] add_options - fontsize for option 'Tomar clases': 70
2024-08-21 13:44:08.389 | INFO     | __main__:omprint:31 - [DEBUG] generate_trivia_video - account_clip.w, account_clip.h: 430 64
2024-08-21 13:44:08.413 | INFO     | __main__:omprint:31 - [DEBUG] video_total_duration 1: 6.24
2024-08-21 13:44:08.415 | INFO     | __main__:omprint:31 - [DEBUG] narration_audio.duration: 1.24
2024-08-21 13:44:08.416 | INFO     | __main__:omprint:31 - [DEBUG] clock_sound_effects.duration: 3
2024-08-21 13:44:08.417 | INFO     | __main__:omprint:31 - [DEBUG] ding_sound_effects.duration: 2
2024-08-21 13:44:08.418 | INFO     | __main__:omprint:31 - [DEBUG] narration_audio_winner.duration: 0.98
2024-08-21 13:44:08.419 | INFO     | __main__:omprint:31 - [DEBUG] final_audio.duration 2: 6.24
2024-08-21 13:44:08.420 | INFO     | __main__:omprint:31 - [DEBUG] final_clip.duration 2: 6.24
2024-08-21 13:44:08.863 | INFO     | __main__:omprint:31 - create_background_video - background_clip.w, background_clip.h: 1080 1920
2024-08-21 13:44:08.868 | INFO     | __main__:omprint:31 - trivia_sequence: <moviepy.video.compositing.CompositeVideoClip.CompositeVideoClip object at 0x7639fe8637d0>
2024-08-21 13:44:08.883 | INFO     | __main__:omprint:31 - chunk total 100.00%
2024-08-21 13:44:08.886 | INFO     | __main__:omprint:31 - chunk index 0.00%
2024-08-21 13:44:08.888 | INFO     | __main__:omprint:31 - chunk index 0.37%
2024-08-21 13:44:08.889 | INFO     | __main__:omprint:31 - chunk index 0.75%
2024-08-21 13:44:08.891 | INFO     | __main__:omprint:31 - chunk index 1.12%
2024-08-21 13:44:08.893 | INFO     | __main__:omprint:31 - chunk index 1.49%
2024-08-21 13:44:08.894 | INFO     | __main__:omprint:31 - chunk index 1.87%
2024-08-21 13:44:08.896 | INFO     | __main__:omprint:31 - chunk index 2.24%
2024-08-21 13:44:08.897 | INFO     | __main__:omprint:31 - chunk index 2.61%
2024-08-21 13:44:08.899 | INFO     | __main__:omprint:31 - chunk index 2.99%
2024-08-21 13:44:08.901 | INFO     | __main__:omprint:31 - chunk index 3.36%
2024-08-21 13:44:08.902 | INFO     | __main__:omprint:31 - chunk index 3.73%
2024-08-21 13:44:08.904 | INFO     | __main__:omprint:31 - chunk index 4.10%
2024-08-21 13:44:08.905 | INFO     | __main__:omprint:31 - chunk index 4.48%
2024-08-21 13:44:08.907 | INFO     | __main__:omprint:31 - chunk index 4.85%
2024-08-21 13:44:08.908 | INFO     | __main__:omprint:31 - chunk index 5.22%
2024-08-21 13:44:08.910 | INFO     | __main__:omprint:31 - chunk index 5.60%
2024-08-21 13:44:08.911 | INFO     | __main__:omprint:31 - chunk index 5.97%
2024-08-21 13:44:08.912 | INFO     | __main__:omprint:31 - chunk index 6.34%
2024-08-21 13:44:08.914 | INFO     | __main__:omprint:31 - chunk index 6.72%
2024-08-21 13:44:08.915 | INFO     | __main__:omprint:31 - chunk index 7.09%
2024-08-21 13:44:08.917 | INFO     | __main__:omprint:31 - chunk index 7.46%
2024-08-21 13:44:08.918 | INFO     | __main__:omprint:31 - chunk index 7.84%
2024-08-21 13:44:08.920 | INFO     | __main__:omprint:31 - chunk index 8.21%
2024-08-21 13:44:08.921 | INFO     | __main__:omprint:31 - chunk index 8.58%
2024-08-21 13:44:08.923 | INFO     | __main__:omprint:31 - chunk index 8.96%
2024-08-21 13:44:08.924 | INFO     | __main__:omprint:31 - chunk index 9.33%
2024-08-21 13:44:08.926 | INFO     | __main__:omprint:31 - chunk index 9.70%
2024-08-21 13:44:08.928 | INFO     | __main__:omprint:31 - chunk index 10.07%
2024-08-21 13:44:08.929 | INFO     | __main__:omprint:31 - chunk index 10.45%
2024-08-21 13:44:08.931 | INFO     | __main__:omprint:31 - chunk index 10.82%
2024-08-21 13:44:08.934 | INFO     | __main__:omprint:31 - chunk index 11.19%
2024-08-21 13:44:08.948 | INFO     | __main__:omprint:31 - chunk index 11.57%
2024-08-21 13:44:08.949 | INFO     | __main__:omprint:31 - chunk index 11.94%
2024-08-21 13:44:08.952 | INFO     | __main__:omprint:31 - chunk index 12.31%
2024-08-21 13:44:08.953 | INFO     | __main__:omprint:31 - chunk index 12.69%
2024-08-21 13:44:08.956 | INFO     | __main__:omprint:31 - chunk index 13.06%
2024-08-21 13:44:08.960 | INFO     | __main__:omprint:31 - chunk index 13.43%
2024-08-21 13:44:08.962 | INFO     | __main__:omprint:31 - chunk index 13.81%
2024-08-21 13:44:08.963 | INFO     | __main__:omprint:31 - chunk index 14.18%
2024-08-21 13:44:08.964 | INFO     | __main__:omprint:31 - chunk index 14.55%
2024-08-21 13:44:08.968 | INFO     | __main__:omprint:31 - chunk index 14.93%
2024-08-21 13:44:08.970 | INFO     | __main__:omprint:31 - chunk index 15.30%
2024-08-21 13:44:08.973 | INFO     | __main__:omprint:31 - chunk index 15.67%
2024-08-21 13:44:08.975 | INFO     | __main__:omprint:31 - chunk index 16.04%
2024-08-21 13:44:08.979 | INFO     | __main__:omprint:31 - chunk index 16.42%
2024-08-21 13:44:08.982 | INFO     | __main__:omprint:31 - chunk index 16.79%
2024-08-21 13:44:08.984 | INFO     | __main__:omprint:31 - chunk index 17.16%
2024-08-21 13:44:08.986 | INFO     | __main__:omprint:31 - chunk index 17.54%
2024-08-21 13:44:08.988 | INFO     | __main__:omprint:31 - chunk index 17.91%
2024-08-21 13:44:08.990 | INFO     | __main__:omprint:31 - chunk index 18.28%
2024-08-21 13:44:08.992 | INFO     | __main__:omprint:31 - chunk index 18.66%
2024-08-21 13:44:08.994 | INFO     | __main__:omprint:31 - chunk index 19.03%
2024-08-21 13:44:08.997 | INFO     | __main__:omprint:31 - chunk index 19.40%
2024-08-21 13:44:09.001 | INFO     | __main__:omprint:31 - chunk index 19.78%
2024-08-21 13:44:09.002 | INFO     | __main__:omprint:31 - chunk index 20.15%
2024-08-21 13:44:09.005 | INFO     | __main__:omprint:31 - chunk index 20.52%
2024-08-21 13:44:09.006 | INFO     | __main__:omprint:31 - chunk index 20.90%
2024-08-21 13:44:09.008 | INFO     | __main__:omprint:31 - chunk index 21.27%
2024-08-21 13:44:09.009 | INFO     | __main__:omprint:31 - chunk index 21.64%
2024-08-21 13:44:09.012 | INFO     | __main__:omprint:31 - chunk index 22.01%
2024-08-21 13:44:09.014 | INFO     | __main__:omprint:31 - chunk index 22.39%
2024-08-21 13:44:09.015 | INFO     | __main__:omprint:31 - chunk index 22.76%
2024-08-21 13:44:09.018 | INFO     | __main__:omprint:31 - chunk index 23.13%
2024-08-21 13:44:09.019 | INFO     | __main__:omprint:31 - chunk index 23.51%
2024-08-21 13:44:09.021 | INFO     | __main__:omprint:31 - chunk index 23.88%
2024-08-21 13:44:09.023 | INFO     | __main__:omprint:31 - chunk index 24.25%
2024-08-21 13:44:09.025 | INFO     | __main__:omprint:31 - chunk index 24.63%
2024-08-21 13:44:09.027 | INFO     | __main__:omprint:31 - chunk index 25.00%
2024-08-21 13:44:09.030 | INFO     | __main__:omprint:31 - chunk index 25.37%
2024-08-21 13:44:09.032 | INFO     | __main__:omprint:31 - chunk index 25.75%
2024-08-21 13:44:09.035 | INFO     | __main__:omprint:31 - chunk index 26.12%
2024-08-21 13:44:09.037 | INFO     | __main__:omprint:31 - chunk index 26.49%
2024-08-21 13:44:09.039 | INFO     | __main__:omprint:31 - chunk index 26.87%
2024-08-21 13:44:09.041 | INFO     | __main__:omprint:31 - chunk index 27.24%
2024-08-21 13:44:09.044 | INFO     | __main__:omprint:31 - chunk index 27.61%
2024-08-21 13:44:09.046 | INFO     | __main__:omprint:31 - chunk index 27.99%
2024-08-21 13:44:09.050 | INFO     | __main__:omprint:31 - chunk index 28.36%
2024-08-21 13:44:09.053 | INFO     | __main__:omprint:31 - chunk index 28.73%
2024-08-21 13:44:09.055 | INFO     | __main__:omprint:31 - chunk index 29.10%
2024-08-21 13:44:09.058 | INFO     | __main__:omprint:31 - chunk index 29.48%
2024-08-21 13:44:09.061 | INFO     | __main__:omprint:31 - chunk index 29.85%
2024-08-21 13:44:09.065 | INFO     | __main__:omprint:31 - chunk index 30.22%
2024-08-21 13:44:09.067 | INFO     | __main__:omprint:31 - chunk index 30.60%
2024-08-21 13:44:09.070 | INFO     | __main__:omprint:31 - chunk index 30.97%
2024-08-21 13:44:09.072 | INFO     | __main__:omprint:31 - chunk index 31.34%
2024-08-21 13:44:09.077 | INFO     | __main__:omprint:31 - chunk index 31.72%
2024-08-21 13:44:09.081 | INFO     | __main__:omprint:31 - chunk index 32.09%
2024-08-21 13:44:09.085 | INFO     | __main__:omprint:31 - chunk index 32.46%
2024-08-21 13:44:09.087 | INFO     | __main__:omprint:31 - chunk index 32.84%
2024-08-21 13:44:09.089 | INFO     | __main__:omprint:31 - chunk index 33.21%
2024-08-21 13:44:09.090 | INFO     | __main__:omprint:31 - chunk index 33.58%
2024-08-21 13:44:09.092 | INFO     | __main__:omprint:31 - chunk index 33.96%
2024-08-21 13:44:09.094 | INFO     | __main__:omprint:31 - chunk index 34.33%
2024-08-21 13:44:09.095 | INFO     | __main__:omprint:31 - chunk index 34.70%
2024-08-21 13:44:09.097 | INFO     | __main__:omprint:31 - chunk index 35.07%
2024-08-21 13:44:09.100 | INFO     | __main__:omprint:31 - chunk index 35.45%
2024-08-21 13:44:09.102 | INFO     | __main__:omprint:31 - chunk index 35.82%
2024-08-21 13:44:09.104 | INFO     | __main__:omprint:31 - chunk index 36.19%
2024-08-21 13:44:09.107 | INFO     | __main__:omprint:31 - chunk index 36.57%
2024-08-21 13:44:09.109 | INFO     | __main__:omprint:31 - chunk index 36.94%
2024-08-21 13:44:09.111 | INFO     | __main__:omprint:31 - chunk index 37.31%
2024-08-21 13:44:09.118 | INFO     | __main__:omprint:31 - chunk index 37.69%
2024-08-21 13:44:09.120 | INFO     | __main__:omprint:31 - chunk index 38.06%
2024-08-21 13:44:09.121 | INFO     | __main__:omprint:31 - chunk index 38.43%
2024-08-21 13:44:09.123 | INFO     | __main__:omprint:31 - chunk index 38.81%
2024-08-21 13:44:09.125 | INFO     | __main__:omprint:31 - chunk index 39.18%
2024-08-21 13:44:09.127 | INFO     | __main__:omprint:31 - chunk index 39.55%
2024-08-21 13:44:09.131 | INFO     | __main__:omprint:31 - chunk index 39.93%
2024-08-21 13:44:09.135 | INFO     | __main__:omprint:31 - chunk index 40.30%
2024-08-21 13:44:09.139 | INFO     | __main__:omprint:31 - chunk index 40.67%
2024-08-21 13:44:09.144 | INFO     | __main__:omprint:31 - chunk index 41.04%
2024-08-21 13:44:09.146 | INFO     | __main__:omprint:31 - chunk index 41.42%
2024-08-21 13:44:09.149 | INFO     | __main__:omprint:31 - chunk index 41.79%
2024-08-21 13:44:09.151 | INFO     | __main__:omprint:31 - chunk index 42.16%
2024-08-21 13:44:09.154 | INFO     | __main__:omprint:31 - chunk index 42.54%
2024-08-21 13:44:09.156 | INFO     | __main__:omprint:31 - chunk index 42.91%
2024-08-21 13:44:09.158 | INFO     | __main__:omprint:31 - chunk index 43.28%
2024-08-21 13:44:09.160 | INFO     | __main__:omprint:31 - chunk index 43.66%
2024-08-21 13:44:09.163 | INFO     | __main__:omprint:31 - chunk index 44.03%
2024-08-21 13:44:09.166 | INFO     | __main__:omprint:31 - chunk index 44.40%
2024-08-21 13:44:09.168 | INFO     | __main__:omprint:31 - chunk index 44.78%
2024-08-21 13:44:09.171 | INFO     | __main__:omprint:31 - chunk index 45.15%
2024-08-21 13:44:09.173 | INFO     | __main__:omprint:31 - chunk index 45.52%
2024-08-21 13:44:09.175 | INFO     | __main__:omprint:31 - chunk index 45.90%
2024-08-21 13:44:09.177 | INFO     | __main__:omprint:31 - chunk index 46.27%
2024-08-21 13:44:09.179 | INFO     | __main__:omprint:31 - chunk index 46.64%
2024-08-21 13:44:09.182 | INFO     | __main__:omprint:31 - chunk index 47.01%
2024-08-21 13:44:09.185 | INFO     | __main__:omprint:31 - chunk index 47.39%
2024-08-21 13:44:09.187 | INFO     | __main__:omprint:31 - chunk index 47.76%
2024-08-21 13:44:09.190 | INFO     | __main__:omprint:31 - chunk index 48.13%
2024-08-21 13:44:09.193 | INFO     | __main__:omprint:31 - chunk index 48.51%
2024-08-21 13:44:09.196 | INFO     | __main__:omprint:31 - chunk index 48.88%
2024-08-21 13:44:09.199 | INFO     | __main__:omprint:31 - chunk index 49.25%
2024-08-21 13:44:09.202 | INFO     | __main__:omprint:31 - chunk index 49.63%
2024-08-21 13:44:09.205 | INFO     | __main__:omprint:31 - chunk index 50.00%
2024-08-21 13:44:09.208 | INFO     | __main__:omprint:31 - chunk index 50.37%
2024-08-21 13:44:09.210 | INFO     | __main__:omprint:31 - chunk index 50.75%
2024-08-21 13:44:09.212 | INFO     | __main__:omprint:31 - chunk index 51.12%
2024-08-21 13:44:09.215 | INFO     | __main__:omprint:31 - chunk index 51.49%
2024-08-21 13:44:09.217 | INFO     | __main__:omprint:31 - chunk index 51.87%
2024-08-21 13:44:09.219 | INFO     | __main__:omprint:31 - chunk index 52.24%
2024-08-21 13:44:09.221 | INFO     | __main__:omprint:31 - chunk index 52.61%
2024-08-21 13:44:09.223 | INFO     | __main__:omprint:31 - chunk index 52.99%
2024-08-21 13:44:09.225 | INFO     | __main__:omprint:31 - chunk index 53.36%
2024-08-21 13:44:09.227 | INFO     | __main__:omprint:31 - chunk index 53.73%
2024-08-21 13:44:09.229 | INFO     | __main__:omprint:31 - chunk index 54.10%
2024-08-21 13:44:09.231 | INFO     | __main__:omprint:31 - chunk index 54.48%
2024-08-21 13:44:09.233 | INFO     | __main__:omprint:31 - chunk index 54.85%
2024-08-21 13:44:09.235 | INFO     | __main__:omprint:31 - chunk index 55.22%
2024-08-21 13:44:09.238 | INFO     | __main__:omprint:31 - chunk index 55.60%
2024-08-21 13:44:09.240 | INFO     | __main__:omprint:31 - chunk index 55.97%
2024-08-21 13:44:09.242 | INFO     | __main__:omprint:31 - chunk index 56.34%
2024-08-21 13:44:09.250 | INFO     | __main__:omprint:31 - chunk index 56.72%
2024-08-21 13:44:09.252 | INFO     | __main__:omprint:31 - chunk index 57.09%
2024-08-21 13:44:09.254 | INFO     | __main__:omprint:31 - chunk index 57.46%
2024-08-21 13:44:09.257 | INFO     | __main__:omprint:31 - chunk index 57.84%
2024-08-21 13:44:09.259 | INFO     | __main__:omprint:31 - chunk index 58.21%
2024-08-21 13:44:09.262 | INFO     | __main__:omprint:31 - chunk index 58.58%
2024-08-21 13:44:09.266 | INFO     | __main__:omprint:31 - chunk index 58.96%
2024-08-21 13:44:09.268 | INFO     | __main__:omprint:31 - chunk index 59.33%
2024-08-21 13:44:09.269 | INFO     | __main__:omprint:31 - chunk index 59.70%
2024-08-21 13:44:09.271 | INFO     | __main__:omprint:31 - chunk index 60.07%
2024-08-21 13:44:09.273 | INFO     | __main__:omprint:31 - chunk index 60.45%
2024-08-21 13:44:09.275 | INFO     | __main__:omprint:31 - chunk index 60.82%
2024-08-21 13:44:09.277 | INFO     | __main__:omprint:31 - chunk index 61.19%
2024-08-21 13:44:09.279 | INFO     | __main__:omprint:31 - chunk index 61.57%
2024-08-21 13:44:09.282 | INFO     | __main__:omprint:31 - chunk index 61.94%
2024-08-21 13:44:09.285 | INFO     | __main__:omprint:31 - chunk index 62.31%
2024-08-21 13:44:09.287 | INFO     | __main__:omprint:31 - chunk index 62.69%
2024-08-21 13:44:09.289 | INFO     | __main__:omprint:31 - chunk index 63.06%
2024-08-21 13:44:09.290 | INFO     | __main__:omprint:31 - chunk index 63.43%
2024-08-21 13:44:09.294 | INFO     | __main__:omprint:31 - chunk index 63.81%
2024-08-21 13:44:09.296 | INFO     | __main__:omprint:31 - chunk index 64.18%
2024-08-21 13:44:09.300 | INFO     | __main__:omprint:31 - chunk index 64.55%
2024-08-21 13:44:09.302 | INFO     | __main__:omprint:31 - chunk index 64.93%
2024-08-21 13:44:09.305 | INFO     | __main__:omprint:31 - chunk index 65.30%
2024-08-21 13:44:09.307 | INFO     | __main__:omprint:31 - chunk index 65.67%
2024-08-21 13:44:09.311 | INFO     | __main__:omprint:31 - chunk index 66.04%
2024-08-21 13:44:09.313 | INFO     | __main__:omprint:31 - chunk index 66.42%
2024-08-21 13:44:09.316 | INFO     | __main__:omprint:31 - chunk index 66.79%
2024-08-21 13:44:09.318 | INFO     | __main__:omprint:31 - chunk index 67.16%
2024-08-21 13:44:09.321 | INFO     | __main__:omprint:31 - chunk index 67.54%
2024-08-21 13:44:09.324 | INFO     | __main__:omprint:31 - chunk index 67.91%
2024-08-21 13:44:09.327 | INFO     | __main__:omprint:31 - chunk index 68.28%
2024-08-21 13:44:09.329 | INFO     | __main__:omprint:31 - chunk index 68.66%
2024-08-21 13:44:09.331 | INFO     | __main__:omprint:31 - chunk index 69.03%
2024-08-21 13:44:09.333 | INFO     | __main__:omprint:31 - chunk index 69.40%
2024-08-21 13:44:09.334 | INFO     | __main__:omprint:31 - chunk index 69.78%
2024-08-21 13:44:09.335 | INFO     | __main__:omprint:31 - chunk index 70.15%
2024-08-21 13:44:09.336 | INFO     | __main__:omprint:31 - chunk index 70.52%
2024-08-21 13:44:09.341 | INFO     | __main__:omprint:31 - chunk index 70.90%
2024-08-21 13:44:09.343 | INFO     | __main__:omprint:31 - chunk index 71.27%
2024-08-21 13:44:09.346 | INFO     | __main__:omprint:31 - chunk index 71.64%
2024-08-21 13:44:09.347 | INFO     | __main__:omprint:31 - chunk index 72.01%
2024-08-21 13:44:09.349 | INFO     | __main__:omprint:31 - chunk index 72.39%
2024-08-21 13:44:09.352 | INFO     | __main__:omprint:31 - chunk index 72.76%
2024-08-21 13:44:09.355 | INFO     | __main__:omprint:31 - chunk index 73.13%
2024-08-21 13:44:09.357 | INFO     | __main__:omprint:31 - chunk index 73.51%
2024-08-21 13:44:09.359 | INFO     | __main__:omprint:31 - chunk index 73.88%
2024-08-21 13:44:09.361 | INFO     | __main__:omprint:31 - chunk index 74.25%
2024-08-21 13:44:09.364 | INFO     | __main__:omprint:31 - chunk index 74.63%
2024-08-21 13:44:09.366 | INFO     | __main__:omprint:31 - chunk index 75.00%
2024-08-21 13:44:09.368 | INFO     | __main__:omprint:31 - chunk index 75.37%
2024-08-21 13:44:09.374 | INFO     | __main__:omprint:31 - chunk index 75.75%
2024-08-21 13:44:09.377 | INFO     | __main__:omprint:31 - chunk index 76.12%
2024-08-21 13:44:09.378 | INFO     | __main__:omprint:31 - chunk index 76.49%
2024-08-21 13:44:09.380 | INFO     | __main__:omprint:31 - chunk index 76.87%
2024-08-21 13:44:09.382 | INFO     | __main__:omprint:31 - chunk index 77.24%
2024-08-21 13:44:09.384 | INFO     | __main__:omprint:31 - chunk index 77.61%
2024-08-21 13:44:09.386 | INFO     | __main__:omprint:31 - chunk index 77.99%
2024-08-21 13:44:09.388 | INFO     | __main__:omprint:31 - chunk index 78.36%
2024-08-21 13:44:09.390 | INFO     | __main__:omprint:31 - chunk index 78.73%
2024-08-21 13:44:09.392 | INFO     | __main__:omprint:31 - chunk index 79.10%
2024-08-21 13:44:09.393 | INFO     | __main__:omprint:31 - chunk index 79.48%
2024-08-21 13:44:09.396 | INFO     | __main__:omprint:31 - chunk index 79.85%
2024-08-21 13:44:09.398 | INFO     | __main__:omprint:31 - chunk index 80.22%
2024-08-21 13:44:09.402 | INFO     | __main__:omprint:31 - chunk index 80.60%
2024-08-21 13:44:09.405 | INFO     | __main__:omprint:31 - chunk index 80.97%
2024-08-21 13:44:09.407 | INFO     | __main__:omprint:31 - chunk index 81.34%
2024-08-21 13:44:09.409 | INFO     | __main__:omprint:31 - chunk index 81.72%
2024-08-21 13:44:09.412 | INFO     | __main__:omprint:31 - chunk index 82.09%
2024-08-21 13:44:09.413 | INFO     | __main__:omprint:31 - chunk index 82.46%
2024-08-21 13:44:09.415 | INFO     | __main__:omprint:31 - chunk index 82.84%
2024-08-21 13:44:09.417 | INFO     | __main__:omprint:31 - chunk index 83.21%
2024-08-21 13:44:09.419 | INFO     | __main__:omprint:31 - chunk index 83.58%
2024-08-21 13:44:09.421 | INFO     | __main__:omprint:31 - chunk index 83.96%
2024-08-21 13:44:09.424 | INFO     | __main__:omprint:31 - chunk index 84.33%
2024-08-21 13:44:09.426 | INFO     | __main__:omprint:31 - chunk index 84.70%
2024-08-21 13:44:09.428 | INFO     | __main__:omprint:31 - chunk index 85.07%
2024-08-21 13:44:09.430 | INFO     | __main__:omprint:31 - chunk index 85.45%
2024-08-21 13:44:09.434 | INFO     | __main__:omprint:31 - chunk index 85.82%
2024-08-21 13:44:09.437 | INFO     | __main__:omprint:31 - chunk index 86.19%
2024-08-21 13:44:09.438 | INFO     | __main__:omprint:31 - chunk index 86.57%
2024-08-21 13:44:09.440 | INFO     | __main__:omprint:31 - chunk index 86.94%
2024-08-21 13:44:09.443 | INFO     | __main__:omprint:31 - chunk index 87.31%
2024-08-21 13:44:09.445 | INFO     | __main__:omprint:31 - chunk index 87.69%
2024-08-21 13:44:09.448 | INFO     | __main__:omprint:31 - chunk index 88.06%
2024-08-21 13:44:09.450 | INFO     | __main__:omprint:31 - chunk index 88.43%
2024-08-21 13:44:09.452 | INFO     | __main__:omprint:31 - chunk index 88.81%
2024-08-21 13:44:09.454 | INFO     | __main__:omprint:31 - chunk index 89.18%
2024-08-21 13:44:09.456 | INFO     | __main__:omprint:31 - chunk index 89.55%
2024-08-21 13:44:09.458 | INFO     | __main__:omprint:31 - chunk index 89.93%
2024-08-21 13:44:09.460 | INFO     | __main__:omprint:31 - chunk index 90.30%
2024-08-21 13:44:09.462 | INFO     | __main__:omprint:31 - chunk index 90.67%
2024-08-21 13:44:09.465 | INFO     | __main__:omprint:31 - chunk index 91.04%
2024-08-21 13:44:09.467 | INFO     | __main__:omprint:31 - chunk index 91.42%
2024-08-21 13:44:09.469 | INFO     | __main__:omprint:31 - chunk index 91.79%
2024-08-21 13:44:09.472 | INFO     | __main__:omprint:31 - chunk index 92.16%
2024-08-21 13:44:09.475 | INFO     | __main__:omprint:31 - chunk index 92.54%
2024-08-21 13:44:09.478 | INFO     | __main__:omprint:31 - chunk index 92.91%
2024-08-21 13:44:09.481 | INFO     | __main__:omprint:31 - chunk index 93.28%
2024-08-21 13:44:09.483 | INFO     | __main__:omprint:31 - chunk index 93.66%
2024-08-21 13:44:09.486 | INFO     | __main__:omprint:31 - chunk index 94.03%
2024-08-21 13:44:09.489 | INFO     | __main__:omprint:31 - chunk index 94.40%
2024-08-21 13:44:09.498 | INFO     | __main__:omprint:31 - chunk index 94.78%
2024-08-21 13:44:09.500 | INFO     | __main__:omprint:31 - chunk index 95.15%
2024-08-21 13:44:09.502 | INFO     | __main__:omprint:31 - chunk index 95.52%
2024-08-21 13:44:09.505 | INFO     | __main__:omprint:31 - chunk index 95.90%
2024-08-21 13:44:09.508 | INFO     | __main__:omprint:31 - chunk index 96.27%
2024-08-21 13:44:09.510 | INFO     | __main__:omprint:31 - chunk index 96.64%
2024-08-21 13:44:09.513 | INFO     | __main__:omprint:31 - chunk index 97.01%
2024-08-21 13:44:09.515 | INFO     | __main__:omprint:31 - chunk index 97.39%
2024-08-21 13:44:09.518 | INFO     | __main__:omprint:31 - chunk index 97.76%
2024-08-21 13:44:09.519 | INFO     | __main__:omprint:31 - chunk index 98.13%
2024-08-21 13:44:09.521 | INFO     | __main__:omprint:31 - chunk index 98.51%
2024-08-21 13:44:09.524 | INFO     | __main__:omprint:31 - chunk index 98.88%
2024-08-21 13:44:09.528 | INFO     | __main__:omprint:31 - chunk index 99.25%
2024-08-21 13:44:09.532 | INFO     | __main__:omprint:31 - chunk index 99.63%
2024-08-21 13:44:09.535 | INFO     | __main__:omprint:31 - chunk index 100.00%
2024-08-21 13:44:09.540 | INFO     | __main__:omprint:31 - t total 100.00%
2024-08-21 13:44:09.543 | INFO     | __main__:omprint:31 - t index 0.00%
2024-08-21 13:44:10.538 | INFO     | __main__:omprint:31 - t index 0.68%
2024-08-21 13:44:11.555 | INFO     | __main__:omprint:31 - t index 1.37%
2024-08-21 13:44:12.556 | INFO     | __main__:omprint:31 - t index 2.05%
2024-08-21 13:44:13.585 | INFO     | __main__:omprint:31 - t index 2.74%
2024-08-21 13:44:14.547 | INFO     | __main__:omprint:31 - t index 3.42%
2024-08-21 13:44:15.451 | INFO     | __main__:omprint:31 - t index 4.11%
2024-08-21 13:44:16.306 | INFO     | __main__:omprint:31 - t index 4.79%
2024-08-21 13:44:17.121 | INFO     | __main__:omprint:31 - t index 5.48%
2024-08-21 13:44:18.106 | INFO     | __main__:omprint:31 - t index 6.16%
2024-08-21 13:44:19.089 | INFO     | __main__:omprint:31 - t index 6.85%
2024-08-21 13:44:19.732 | INFO     | __main__:omprint:31 - Ya hay un proceso en ejecución.
2024-08-21 13:44:20.096 | INFO     | __main__:omprint:31 - t index 7.53%
2024-08-21 13:44:21.118 | INFO     | __main__:omprint:31 - t index 8.22%
2024-08-21 13:44:22.107 | INFO     | __main__:omprint:31 - t index 8.90%
2024-08-21 13:44:23.107 | INFO     | __main__:omprint:31 - t index 9.59%
2024-08-21 13:44:24.108 | INFO     | __main__:omprint:31 - t index 10.27%
2024-08-21 13:44:25.140 | INFO     | __main__:omprint:31 - t index 10.96%
2024-08-21 13:44:26.148 | INFO     | __main__:omprint:31 - t index 11.64%
2024-08-21 13:44:27.171 | INFO     | __main__:omprint:31 - t index 12.33%
2024-08-21 13:44:28.151 | INFO     | __main__:omprint:31 - t index 13.01%
2024-08-21 13:44:29.144 | INFO     | __main__:omprint:31 - t index 13.70%
2024-08-21 13:44:30.080 | INFO     | __main__:omprint:31 - t index 14.38%
2024-08-21 13:44:30.888 | INFO     | __main__:omprint:31 - t index 15.07%
2024-08-21 13:44:31.708 | INFO     | __main__:omprint:31 - t index 15.75%
2024-08-21 13:44:32.519 | INFO     | __main__:omprint:31 - t index 16.44%
2024-08-21 13:44:33.336 | INFO     | __main__:omprint:31 - t index 17.12%
2024-08-21 13:44:34.155 | INFO     | __main__:omprint:31 - t index 17.81%
2024-08-21 13:44:34.978 | INFO     | __main__:omprint:31 - t index 18.49%
2024-08-21 13:44:35.797 | INFO     | __main__:omprint:31 - t index 19.18%
2024-08-21 13:44:36.619 | INFO     | __main__:omprint:31 - t index 19.86%
2024-08-21 13:44:37.440 | INFO     | __main__:omprint:31 - t index 20.55%
2024-08-21 13:44:38.252 | INFO     | __main__:omprint:31 - t index 21.23%
2024-08-21 13:44:39.071 | INFO     | __main__:omprint:31 - t index 21.92%
2024-08-21 13:44:39.882 | INFO     | __main__:omprint:31 - t index 22.60%
2024-08-21 13:44:40.686 | INFO     | __main__:omprint:31 - t index 23.29%
2024-08-21 13:44:41.493 | INFO     | __main__:omprint:31 - t index 23.97%
2024-08-21 13:44:42.316 | INFO     | __main__:omprint:31 - t index 24.66%
2024-08-21 13:44:43.142 | INFO     | __main__:omprint:31 - t index 25.34%
2024-08-21 13:44:43.993 | INFO     | __main__:omprint:31 - t index 26.03%
2024-08-21 13:44:44.836 | INFO     | __main__:omprint:31 - t index 26.71%
2024-08-21 13:44:45.761 | INFO     | __main__:omprint:31 - t index 27.40%
2024-08-21 13:44:46.569 | INFO     | __main__:omprint:31 - t index 28.08%
2024-08-21 13:44:47.587 | INFO     | __main__:omprint:31 - t index 28.77%
