2024-08-16 16:51:05.449 | INFO     | __main__:omprint:30 - Ya hay un proceso en ejecuci贸n.
2024-08-16 16:51:07.224 | INFO     | __main__:omprint:30 - Error al procesar el proceso ID: f8096799-2639-41e2-9893-f1740fbdceb1, error: Failed to get Polly response after 7 attempts
2024-08-16 16:51:12.225 | INFO     | __main__:omprint:30 - pending_processes: [{'uuid': '8d367a4c-6f2a-47cd-8cad-f8d3e21008f3', 'language': 'Espanol', 'voice': 'Andr茅s', 'main_question': 'Una lista de 10 PELCULAS que puedan ser representados por 3 emojis secuenciales y que se respondan con una palabra', 'num_questions': 2, 'num_options': 3, 'background_music': 'animada1', 'background_video': 'sanfrancisco1', 'fecha_creacion': '2024-08-16T16:51:05.444459+00:00', 'fecha_modificacion': '2024-08-16T16:51:05.444459+00:00', 'estado': 'pendiente'}]
2024-08-16 16:51:12.226 | INFO     | __main__:omprint:30 - Ejecutando el proceso ID: 8d367a4c-6f2a-47cd-8cad-f8d3e21008f3
2024-08-16 16:51:12.226 | INFO     | __main__:omprint:30 - ---------------------------------------------------
2024-08-16 16:51:12.226 | INFO     | __main__:omprint:30 - uuid4, language, voice, main_question, num_questions, num_options, background_music, background_video: 8d367a4c-6f2a-47cd-8cad-f8d3e21008f3 Espanol Andr茅s Una lista de 10 PELCULAS que puedan ser representados por 3 emojis secuenciales y que se respondan con una palabra 2 3 animada1 sanfrancisco1
2024-08-16 16:51:12.227 | INFO     | __main__:omprint:30 - ---------------------------------------------------
2024-08-16 16:51:12.227 | INFO     | __main__:omprint:30 - Genera una lista de 2 preguntas cortas en idioma Espanol en formato JSON para un quiz / trivia sobre ['Una lista de 10 PELCULAS que puedan ser representados por 3 emojis secuenciales y que se respondan con una palabra']. El JSON debe incluir una pregunta principal corta en idioma Espanol sin emojis en ella, con el estilo MrBeast en la propiedad 'main_question' que aplique para todas las preguntas de la propiedad 'questions', seguido de un arreglo 'questions' que contenga objetos con las siguientes propiedades: el texto de la pregunta corta en idioma Espanol sin emojis en ella con variantes  para hacer la pronunciaci贸n m谩s humana y consistente SIN INCLUIR EL EMOJI, una imagen representada como un emoji, opciones de respuesta en idioma Espanol con 3 opciones donde alternes la opci贸n correcta en las diferentes posiciones del arreglo de opciones entre 0 y 2, (IMPORTANTE: deben tener un tamano de 18 caracteres m谩ximo por opci贸n), y el 铆ndice de la opci贸n correcta (IMPORTANTE: Las opciones correctas deben est谩r en posiciones aleatorias entre 0 y 2 dentro del arreglo de la propiedad 'options').

Aqu铆 hay un ejemplo del formato:

{
  "main_question": "Pregunta principal de ejemplo?",
  "questions": [
    {
        "question_text": "Variantes de la pregunta de ejemplo?",
        "question_image": "",
        "options": ['"Opci贸n 1"', '"Opci贸n 2"', '"Opci贸n 3"'],
        "correct_option_index": 2
    }
  ]
} 

Notas Importantes: - Todo el contenido que generes debe estar en idioma Espanol.
- En las opciones distribuye de forma equitativa y no secuencial la asignaci贸n de las opciones correctas en posiciones entre 0 y {num_options - 1}.
- Todos los campos son obligatorios que est茅n presentes aunque est茅n en blanco.
- REALIZA UNA DOBE VERIFICACION DE LAS OPCIONES CORRECTAS. NO PUEDES COMETER ERRORES.

