2024-08-15 18:09:24.069 | INFO     | __main__:omprint:30 - pending_processes: [{'uuid': '432cde03-52c3-44b1-996c-96a126bc421f', 'language': 'Espanol', 'voice': 'Pedro', 'main_question': 'identificar tipos de vehiculos a partir de emojis', 'num_questions': 2, 'num_options': 3, 'background_music': 'animada2', 'background_video': 'playas2', 'fecha_creacion': '2024-08-15T18:09:24.063054+00:00', 'fecha_modificacion': '2024-08-15T18:09:24.063054+00:00', 'estado': 'pendiente'}]
2024-08-15 18:09:24.070 | INFO     | __main__:omprint:30 - Ejecutando el proceso ID: 432cde03-52c3-44b1-996c-96a126bc421f
2024-08-15 18:09:24.070 | INFO     | __main__:omprint:30 - ---------------------------------------------------
2024-08-15 18:09:24.071 | INFO     | __main__:omprint:30 - uuid4, language, voice, main_question, num_questions, num_options, background_music, background_video: 432cde03-52c3-44b1-996c-96a126bc421f Espanol Pedro identificar tipos de vehiculos a partir de emojis 2 3 animada2 playas2
2024-08-15 18:09:24.071 | INFO     | __main__:omprint:30 - ---------------------------------------------------
2024-08-15 18:09:24.071 | INFO     | __main__:omprint:30 - uuidcode: 432cde03-52c3-44b1-996c-96a126bc421f
2024-08-15 18:09:24.072 | INFO     | __main__:omprint:30 - Genera una lista de 2 preguntas cortas en idioma Espanol en formato JSON para un quiz / trivia sobre ['identificar tipos de vehiculos a partir de emojis']. El JSON debe incluir una pregunta principal corta en idioma Espanol sin emojis en ella, con el estilo MrBeast en la propiedad 'main_question' que aplique para todas las preguntas de la propiedad 'questions', seguido de un arreglo 'questions' que contenga objetos con las siguientes propiedades: el texto de la pregunta corta en idioma Espanol sin emojis en ella con variantes  para hacer la pronunciación más humana y consistente SIN INCLUIR EL EMOJI, una imagen representada como un emoji, opciones de respuesta en idioma Espanol con 3 opciones donde alternes la opción correcta en las diferentes posiciones del arreglo de opciones entre 0 y 2, (IMPORTANTE: deben tener un tamano de 18 caracteres máximo por opción), y el índice de la opción correcta (IMPORTANTE: Las opciones correctas deben estár en posiciones aleatorias entre 0 y 2 dentro del arreglo de la propiedad 'options').

Aquí hay un ejemplo del formato:

{
  "main_question": "Pregunta principal de ejemplo?",
  "questions": [
    {
        "question_text": "Variantes de la pregunta de ejemplo?",
        "question_image": "🇩🇴",
        "options": ['"Opción 1"', '"Opción 2"', '"Opción 3"'],
        "correct_option_index": 2
    }
  ]
} 

Notas Importantes: - Todo el contenido que generes debe estar en idioma Espanol.
- En las opciones distribuye de forma equitativa y no secuencial la asignación de las opciones correctas en posiciones entre 0 y {num_options - 1}.
- Todos los campos son obligatorios que estén presentes aunque estén en blanco.
- REALIZA UNA DOBE VERIFICACION DE LAS OPCIONES CORRECTAS. NO PUEDES COMETER ERRORES.

2024-08-15 18:09:27.211 | INFO     | __main__:omprint:30 - {'main_question': '¿Puedes identificar qué vehículo representan estos emojis?', 'questions': [{'question_text': '¿Qué vehículo es este?', 'question_image': '🚗', 'options': ['Bicicleta', 'Coche', 'Camión'], 'correct_option_index': 1}, {'question_text': '¿Cuál es este vehículo?', 'question_image': '🏍️', 'options': ['Motocicleta', 'Autobús', 'Tren'], 'correct_option_index': 0}]}
2024-08-15 18:09:27.799 | INFO     | __main__:omprint:30 - [DEBUG] video_total_duration: 6.1899999999999995
2024-08-15 18:09:27.836 | INFO     | __main__:omprint:30 - [DEBUG] add_question_text - max_width: 920
2024-08-15 18:09:27.837 | INFO     | __main__:omprint:30 - [DEBUG] add_question_text - text_length: 58
2024-08-15 18:09:27.837 | INFO     | __main__:omprint:30 - [DEBUG] add_question_text - fontsize: 78
2024-08-15 18:09:27.918 | INFO     | __main__:omprint:30 - [DEBUG] question_image_clip: <function VideoClip.set_position.<locals>.<lambda> at 0x7e03b24b7920>
2024-08-15 18:09:27.918 | INFO     | __main__:omprint:30 - [DEBUG] options_top_margin: 1034
2024-08-15 18:09:28.098 | INFO     | __main__:omprint:30 - [DEBUG] video_total_duration 1: 6.1899999999999995
2024-08-15 18:09:28.098 | INFO     | __main__:omprint:30 - [DEBUG] narration_audio.duration: 1.19
2024-08-15 18:09:28.099 | INFO     | __main__:omprint:30 - [DEBUG] clock_sound_effects.duration: 3
2024-08-15 18:09:28.099 | INFO     | __main__:omprint:30 - [DEBUG] ding_sound_effects.duration: 2
2024-08-15 18:09:28.099 | INFO     | __main__:omprint:30 - [DEBUG] narration_audio_winner.duration: 0.61
2024-08-15 18:09:28.100 | INFO     | __main__:omprint:30 - [DEBUG] final_audio.duration 2: 6.1899999999999995
2024-08-15 18:09:28.100 | INFO     | __main__:omprint:30 - [DEBUG] final_clip.duration 2: 6.1899999999999995
2024-08-15 18:09:39.708 | INFO     | __main__:omprint:30 - [DEBUG] video_total_duration: 6.2
2024-08-15 18:09:39.739 | INFO     | __main__:omprint:30 - [DEBUG] add_question_text - max_width: 920
2024-08-15 18:09:39.739 | INFO     | __main__:omprint:30 - [DEBUG] add_question_text - text_length: 58
2024-08-15 18:09:39.739 | INFO     | __main__:omprint:30 - [DEBUG] add_question_text - fontsize: 78
2024-08-15 18:09:39.819 | INFO     | __main__:omprint:30 - [DEBUG] question_image_clip: <function VideoClip.set_position.<locals>.<lambda> at 0x7e03b24ebec0>
2024-08-15 18:09:39.820 | INFO     | __main__:omprint:30 - [DEBUG] options_top_margin: 1034
2024-08-15 18:09:39.968 | INFO     | __main__:omprint:30 - [DEBUG] video_total_duration 1: 6.2
2024-08-15 18:09:39.969 | INFO     | __main__:omprint:30 - [DEBUG] narration_audio.duration: 1.2
2024-08-15 18:09:39.969 | INFO     | __main__:omprint:30 - [DEBUG] clock_sound_effects.duration: 3
2024-08-15 18:09:39.969 | INFO     | __main__:omprint:30 - [DEBUG] ding_sound_effects.duration: 2
2024-08-15 18:09:39.970 | INFO     | __main__:omprint:30 - [DEBUG] narration_audio_winner.duration: 1.01
2024-08-15 18:09:39.970 | INFO     | __main__:omprint:30 - [DEBUG] final_audio.duration 2: 6.21
2024-08-15 18:09:39.970 | INFO     | __main__:omprint:30 - [DEBUG] final_clip.duration 2: 6.2
2024-08-15 18:09:50.140 | INFO     | __main__:omprint:30 - create_background_video - background_clip.w, background_clip.h: 1080 1920
2024-08-15 18:09:50.146 | INFO     | __main__:omprint:30 - trivia_sequence: <moviepy.video.compositing.CompositeVideoClip.CompositeVideoClip object at 0x7e03b24a7f90>
