2024-08-14 02:21:34.265 | INFO     | __main__:omprint:30 - pending_processes: [{'uuid': '191b33a2-a020-4a44-93ed-e3f03904f94c', 'language': 'Espanol', 'voice': 'Lupe', 'main_question': 'quiz sobre conocimiento de nombres de deportes usando emojis', 'num_questions': 2, 'num_options': 3, 'background_music': 'Animada', 'background_video': 'espacio2', 'fecha_creacion': '2024-08-14T02:21:34.260828+00:00', 'fecha_modificacion': '2024-08-14T02:21:34.260828+00:00', 'estado': 'pendiente'}]
2024-08-14 02:21:34.267 | INFO     | __main__:omprint:30 - Ejecutando el proceso ID: 191b33a2-a020-4a44-93ed-e3f03904f94c
2024-08-14 02:21:34.268 | INFO     | __main__:omprint:30 - ---------------------------------------------------
2024-08-14 02:21:34.269 | INFO     | __main__:omprint:30 - uuid4, language, voice, main_question, num_questions, num_options, background_music, background_video: 191b33a2-a020-4a44-93ed-e3f03904f94c Espanol Lupe quiz sobre conocimiento de nombres de deportes usando emojis 2 3 Animada espacio2
2024-08-14 02:21:34.273 | INFO     | __main__:omprint:30 - ---------------------------------------------------
2024-08-14 02:21:34.274 | INFO     | __main__:omprint:30 - Genera una lista de 2 preguntas cortas en formato JSON para un quiz / trivia sobre ['quiz sobre conocimiento de nombres de deportes usando emojis']. El JSON debe incluir una pregunta principal corta sin emojis en ella, con el estilo MrBeast en la propiedad 'main_question' que aplique para todas las preguntas de la propiedad 'questions', seguido de un array 'questions' que contenga objetos con las siguientes propiedades: el texto de la pregunta corta sin emojis en ella con variantes  para hacer la pronunciaci칩n m치s humana y consistente SIN INCLUIR EL EMOJI, una imagen representada como un emoji, opciones de respuesta con 3 opciones donde alternes la opci칩n correcta en las diferentes posiciones del arreglo de opciones entre 0 y 2, (IMPORTANTE: deben tener un tamano de 18 caracteres m치ximo por opci칩n), y el 칤ndice de la opci칩n correcta (IMPORTANTE: Las opciones correctas deben est치r en posiciones aleatorias entre 0 y 2 dentro del arreglo de la propiedad 'options').

Aqu칤 hay un ejemplo del formato:

{
  "main_question": "Pregunta principal de ejemplo?",
  "questions": [
    {
        "question_text": "Variantes de la pregunta de ejemplo?",
        "question_image": "游뾇릖",
        "options": ['"Opci칩n 1"', '"Opci칩n 2"', '"Opci칩n 3"'],
        "correct_option_index": 2
    }
  ]
} 

Notas Importantes: - En las opciones distribuye de forma equitativa y no secuencial la asignaci칩n de las opciones correctas en posiciones entre 0 y {num_options - 1}.
- Todos los campos son obligatorios que est칠n presentes aunque est칠n en blanco.
- REALIZA UNA DOBE VERIFICACION DE LAS OPCIONES CORRECTAS. NO PUEDES COMETER ERRORES.

2024-08-14 02:21:35.981 | INFO     | __main__:omprint:30 - {'main_question': '쯇uedes adivinar el deporte usando emojis?', 'questions': [{'question_text': '쯈u칠 deporte es este?', 'question_image': '丘쬂잺', 'options': ['Ciclismo', 'F칰tbol', 'Baloncesto'], 'correct_option_index': 1}, {'question_text': '쯈u칠 deporte representa esto?', 'question_image': '游', 'options': ['Baloncesto', 'F칰tbol', 'Tenis'], 'correct_option_index': 0}]}
2024-08-14 02:21:36.563 | INFO     | __main__:omprint:30 - [DEBUG] generate_trivia_video - narration_audio.duration: 1.74
2024-08-14 02:21:36.564 | INFO     | __main__:omprint:30 - [DEBUG] generate_trivia_video - clock_sound_effects.duration: 3
2024-08-14 02:21:36.564 | INFO     | __main__:omprint:30 - [DEBUG] generate_trivia_video - ding_sound_effects.duration: 2
2024-08-14 02:21:36.564 | INFO     | __main__:omprint:30 - [DEBUG] generate_trivia_video - total: 6.74
2024-08-14 02:21:36.565 | INFO     | __main__:omprint:30 - [DEBUG] generate_trivia_video - narration_audio_winner.duration: 1.11
2024-08-14 02:21:36.565 | INFO     | __main__:omprint:30 - [DEBUG] video_total_duration: 6.74
2024-08-14 02:21:36.738 | INFO     | __main__:omprint:30 - BEFORE - create_background_video - background_clip.w, background_clip.h: 2160 3840
2024-08-14 02:21:36.774 | INFO     | __main__:omprint:30 - Error al procesar el proceso ID: 191b33a2-a020-4a44-93ed-e3f03904f94c, error: module 'PIL.Image' has no attribute 'ANTIALIAS'
2024-08-14 02:21:41.776 | INFO     | __main__:omprint:30 - pending_processes: []
2024-08-14 02:21:41.776 | INFO     | __main__:omprint:30 - No hay m치s procesos pendientes.
2024-08-14 02:22:11.942 | INFO     | __main__:omprint:30 - pending_processes: []
2024-08-14 02:22:11.943 | INFO     | __main__:omprint:30 - No hay m치s procesos pendientes.
2024-08-14 02:23:11.943 | INFO     | __main__:omprint:30 - pending_processes: []
2024-08-14 02:23:11.944 | INFO     | __main__:omprint:30 - No hay m치s procesos pendientes.
2024-08-14 02:24:11.944 | INFO     | __main__:omprint:30 - pending_processes: []
2024-08-14 02:24:11.945 | INFO     | __main__:omprint:30 - No hay m치s procesos pendientes.
2024-08-14 02:25:11.945 | INFO     | __main__:omprint:30 - pending_processes: []
2024-08-14 02:25:11.946 | INFO     | __main__:omprint:30 - No hay m치s procesos pendientes.
2024-08-14 02:26:11.946 | INFO     | __main__:omprint:30 - pending_processes: []
2024-08-14 02:26:11.947 | INFO     | __main__:omprint:30 - No hay m치s procesos pendientes.
2024-08-14 02:27:11.947 | INFO     | __main__:omprint:30 - pending_processes: []
2024-08-14 02:27:11.948 | INFO     | __main__:omprint:30 - No hay m치s procesos pendientes.
2024-08-14 02:28:11.948 | INFO     | __main__:omprint:30 - pending_processes: []
2024-08-14 02:28:11.949 | INFO     | __main__:omprint:30 - No hay m치s procesos pendientes.
2024-08-14 02:29:11.949 | INFO     | __main__:omprint:30 - pending_processes: []
2024-08-14 02:29:11.950 | INFO     | __main__:omprint:30 - No hay m치s procesos pendientes.
2024-08-14 02:30:11.950 | INFO     | __main__:omprint:30 - pending_processes: []
2024-08-14 02:30:11.951 | INFO     | __main__:omprint:30 - No hay m치s procesos pendientes.
2024-08-14 02:31:11.951 | INFO     | __main__:omprint:30 - pending_processes: []
2024-08-14 02:31:11.951 | INFO     | __main__:omprint:30 - No hay m치s procesos pendientes.
2024-08-14 02:32:11.952 | INFO     | __main__:omprint:30 - pending_processes: []
2024-08-14 02:32:11.952 | INFO     | __main__:omprint:30 - No hay m치s procesos pendientes.
2024-08-14 02:33:11.953 | INFO     | __main__:omprint:30 - pending_processes: []
2024-08-14 02:33:11.953 | INFO     | __main__:omprint:30 - No hay m치s procesos pendientes.
2024-08-14 02:34:11.954 | INFO     | __main__:omprint:30 - pending_processes: []
2024-08-14 02:34:11.954 | INFO     | __main__:omprint:30 - No hay m치s procesos pendientes.
2024-08-14 02:35:11.955 | INFO     | __main__:omprint:30 - pending_processes: []
2024-08-14 02:35:11.955 | INFO     | __main__:omprint:30 - No hay m치s procesos pendientes.
2024-08-14 02:36:11.956 | INFO     | __main__:omprint:30 - pending_processes: []
2024-08-14 02:36:11.956 | INFO     | __main__:omprint:30 - No hay m치s procesos pendientes.
2024-08-14 02:37:11.957 | INFO     | __main__:omprint:30 - pending_processes: []
2024-08-14 02:37:11.957 | INFO     | __main__:omprint:30 - No hay m치s procesos pendientes.
2024-08-14 02:38:11.958 | INFO     | __main__:omprint:30 - pending_processes: []
2024-08-14 02:38:11.958 | INFO     | __main__:omprint:30 - No hay m치s procesos pendientes.
2024-08-14 02:39:11.959 | INFO     | __main__:omprint:30 - pending_processes: []
2024-08-14 02:39:11.959 | INFO     | __main__:omprint:30 - No hay m치s procesos pendientes.
2024-08-14 02:40:11.959 | INFO     | __main__:omprint:30 - pending_processes: []
2024-08-14 02:40:11.960 | INFO     | __main__:omprint:30 - No hay m치s procesos pendientes.
2024-08-14 02:41:11.960 | INFO     | __main__:omprint:30 - pending_processes: []
2024-08-14 02:41:11.961 | INFO     | __main__:omprint:30 - No hay m치s procesos pendientes.
2024-08-14 02:42:11.961 | INFO     | __main__:omprint:30 - pending_processes: []
2024-08-14 02:42:11.962 | INFO     | __main__:omprint:30 - No hay m치s procesos pendientes.
2024-08-14 02:43:11.962 | INFO     | __main__:omprint:30 - pending_processes: []
2024-08-14 02:43:11.963 | INFO     | __main__:omprint:30 - No hay m치s procesos pendientes.
2024-08-14 02:44:11.963 | INFO     | __main__:omprint:30 - pending_processes: []
2024-08-14 02:44:11.964 | INFO     | __main__:omprint:30 - No hay m치s procesos pendientes.
2024-08-14 02:45:11.964 | INFO     | __main__:omprint:30 - pending_processes: []
2024-08-14 02:45:11.965 | INFO     | __main__:omprint:30 - No hay m치s procesos pendientes.
2024-08-14 02:46:11.965 | INFO     | __main__:omprint:30 - pending_processes: []
2024-08-14 02:46:11.966 | INFO     | __main__:omprint:30 - No hay m치s procesos pendientes.
2024-08-14 02:47:11.966 | INFO     | __main__:omprint:30 - pending_processes: []
2024-08-14 02:47:11.967 | INFO     | __main__:omprint:30 - No hay m치s procesos pendientes.
2024-08-14 02:48:11.967 | INFO     | __main__:omprint:30 - pending_processes: []
2024-08-14 02:48:11.968 | INFO     | __main__:omprint:30 - No hay m치s procesos pendientes.
2024-08-14 02:49:11.968 | INFO     | __main__:omprint:30 - pending_processes: []
2024-08-14 02:49:11.969 | INFO     | __main__:omprint:30 - No hay m치s procesos pendientes.
2024-08-14 02:50:11.969 | INFO     | __main__:omprint:30 - pending_processes: []
2024-08-14 02:50:11.970 | INFO     | __main__:omprint:30 - No hay m치s procesos pendientes.
2024-08-14 02:51:11.970 | INFO     | __main__:omprint:30 - pending_processes: []
2024-08-14 02:51:11.970 | INFO     | __main__:omprint:30 - No hay m치s procesos pendientes.
2024-08-14 02:52:11.971 | INFO     | __main__:omprint:30 - pending_processes: []
2024-08-14 02:52:11.971 | INFO     | __main__:omprint:30 - No hay m치s procesos pendientes.
2024-08-14 02:53:11.972 | INFO     | __main__:omprint:30 - pending_processes: []
2024-08-14 02:53:11.972 | INFO     | __main__:omprint:30 - No hay m치s procesos pendientes.
2024-08-14 02:54:11.973 | INFO     | __main__:omprint:30 - pending_processes: []
2024-08-14 02:54:11.974 | INFO     | __main__:omprint:30 - No hay m치s procesos pendientes.
2024-08-14 02:55:11.974 | INFO     | __main__:omprint:30 - pending_processes: []
2024-08-14 02:55:11.974 | INFO     | __main__:omprint:30 - No hay m치s procesos pendientes.
2024-08-14 02:56:11.975 | INFO     | __main__:omprint:30 - pending_processes: []
2024-08-14 02:56:11.976 | INFO     | __main__:omprint:30 - No hay m치s procesos pendientes.
2024-08-14 02:57:11.976 | INFO     | __main__:omprint:30 - pending_processes: []
2024-08-14 02:57:11.976 | INFO     | __main__:omprint:30 - No hay m치s procesos pendientes.
2024-08-14 02:58:11.977 | INFO     | __main__:omprint:30 - pending_processes: []
2024-08-14 02:58:11.978 | INFO     | __main__:omprint:30 - No hay m치s procesos pendientes.
2024-08-14 02:59:11.978 | INFO     | __main__:omprint:30 - pending_processes: []
2024-08-14 02:59:11.979 | INFO     | __main__:omprint:30 - No hay m치s procesos pendientes.
2024-08-14 03:00:11.979 | INFO     | __main__:omprint:30 - pending_processes: []
2024-08-14 03:00:11.980 | INFO     | __main__:omprint:30 - No hay m치s procesos pendientes.
2024-08-14 03:01:11.980 | INFO     | __main__:omprint:30 - pending_processes: []
2024-08-14 03:01:11.980 | INFO     | __main__:omprint:30 - No hay m치s procesos pendientes.
2024-08-14 03:02:11.981 | INFO     | __main__:omprint:30 - pending_processes: []
2024-08-14 03:02:11.982 | INFO     | __main__:omprint:30 - No hay m치s procesos pendientes.
2024-08-14 03:03:11.982 | INFO     | __main__:omprint:30 - pending_processes: []
2024-08-14 03:03:11.982 | INFO     | __main__:omprint:30 - No hay m치s procesos pendientes.
2024-08-14 03:04:11.983 | INFO     | __main__:omprint:30 - pending_processes: []
2024-08-14 03:04:11.983 | INFO     | __main__:omprint:30 - No hay m치s procesos pendientes.
2024-08-14 03:05:11.984 | INFO     | __main__:omprint:30 - pending_processes: []
2024-08-14 03:05:11.984 | INFO     | __main__:omprint:30 - No hay m치s procesos pendientes.
2024-08-14 03:06:11.985 | INFO     | __main__:omprint:30 - pending_processes: []
2024-08-14 03:06:11.985 | INFO     | __main__:omprint:30 - No hay m치s procesos pendientes.
2024-08-14 03:07:11.986 | INFO     | __main__:omprint:30 - pending_processes: []
2024-08-14 03:07:11.987 | INFO     | __main__:omprint:30 - No hay m치s procesos pendientes.
2024-08-14 03:08:11.987 | INFO     | __main__:omprint:30 - pending_processes: []
2024-08-14 03:08:11.987 | INFO     | __main__:omprint:30 - No hay m치s procesos pendientes.
2024-08-14 03:09:11.988 | INFO     | __main__:omprint:30 - pending_processes: []
2024-08-14 03:09:11.988 | INFO     | __main__:omprint:30 - No hay m치s procesos pendientes.
2024-08-14 03:10:11.989 | INFO     | __main__:omprint:30 - pending_processes: []
2024-08-14 03:10:11.989 | INFO     | __main__:omprint:30 - No hay m치s procesos pendientes.
2024-08-14 03:11:11.990 | INFO     | __main__:omprint:30 - pending_processes: []
2024-08-14 03:11:11.990 | INFO     | __main__:omprint:30 - No hay m치s procesos pendientes.
2024-08-14 03:12:11.991 | INFO     | __main__:omprint:30 - pending_processes: []
2024-08-14 03:12:11.991 | INFO     | __main__:omprint:30 - No hay m치s procesos pendientes.
2024-08-14 03:13:11.992 | INFO     | __main__:omprint:30 - pending_processes: []
2024-08-14 03:13:11.992 | INFO     | __main__:omprint:30 - No hay m치s procesos pendientes.
2024-08-14 03:14:11.993 | INFO     | __main__:omprint:30 - pending_processes: []
2024-08-14 03:14:11.993 | INFO     | __main__:omprint:30 - No hay m치s procesos pendientes.
2024-08-14 03:15:11.994 | INFO     | __main__:omprint:30 - pending_processes: []
2024-08-14 03:15:11.994 | INFO     | __main__:omprint:30 - No hay m치s procesos pendientes.
2024-08-14 03:16:11.995 | INFO     | __main__:omprint:30 - pending_processes: []
2024-08-14 03:16:11.995 | INFO     | __main__:omprint:30 - No hay m치s procesos pendientes.
2024-08-14 03:17:11.996 | INFO     | __main__:omprint:30 - pending_processes: []
2024-08-14 03:17:11.996 | INFO     | __main__:omprint:30 - No hay m치s procesos pendientes.
2024-08-14 03:18:11.997 | INFO     | __main__:omprint:30 - pending_processes: []
2024-08-14 03:18:11.997 | INFO     | __main__:omprint:30 - No hay m치s procesos pendientes.
2024-08-14 03:19:11.998 | INFO     | __main__:omprint:30 - pending_processes: []
2024-08-14 03:19:11.998 | INFO     | __main__:omprint:30 - No hay m치s procesos pendientes.
2024-08-14 03:20:11.999 | INFO     | __main__:omprint:30 - pending_processes: []
2024-08-14 03:20:11.999 | INFO     | __main__:omprint:30 - No hay m치s procesos pendientes.
2024-08-14 03:21:11.999 | INFO     | __main__:omprint:30 - pending_processes: []
2024-08-14 03:21:12.000 | INFO     | __main__:omprint:30 - No hay m치s procesos pendientes.
2024-08-14 03:22:12.000 | INFO     | __main__:omprint:30 - pending_processes: []
2024-08-14 03:22:12.001 | INFO     | __main__:omprint:30 - No hay m치s procesos pendientes.
2024-08-14 03:23:12.002 | INFO     | __main__:omprint:30 - pending_processes: []
2024-08-14 03:23:12.002 | INFO     | __main__:omprint:30 - No hay m치s procesos pendientes.
2024-08-14 03:24:12.003 | INFO     | __main__:omprint:30 - pending_processes: []
2024-08-14 03:24:12.003 | INFO     | __main__:omprint:30 - No hay m치s procesos pendientes.
2024-08-14 03:25:12.003 | INFO     | __main__:omprint:30 - pending_processes: []
2024-08-14 03:25:12.004 | INFO     | __main__:omprint:30 - No hay m치s procesos pendientes.
2024-08-14 03:26:12.004 | INFO     | __main__:omprint:30 - pending_processes: []
2024-08-14 03:26:12.005 | INFO     | __main__:omprint:30 - No hay m치s procesos pendientes.
2024-08-14 03:27:12.005 | INFO     | __main__:omprint:30 - pending_processes: []
2024-08-14 03:27:12.006 | INFO     | __main__:omprint:30 - No hay m치s procesos pendientes.
2024-08-14 03:28:12.006 | INFO     | __main__:omprint:30 - pending_processes: []
2024-08-14 03:28:12.007 | INFO     | __main__:omprint:30 - No hay m치s procesos pendientes.
2024-08-14 03:29:12.007 | INFO     | __main__:omprint:30 - pending_processes: []
2024-08-14 03:29:12.007 | INFO     | __main__:omprint:30 - No hay m치s procesos pendientes.
2024-08-14 03:30:12.008 | INFO     | __main__:omprint:30 - pending_processes: []
2024-08-14 03:30:12.009 | INFO     | __main__:omprint:30 - No hay m치s procesos pendientes.
2024-08-14 03:31:12.010 | INFO     | __main__:omprint:30 - pending_processes: []
2024-08-14 03:31:12.011 | INFO     | __main__:omprint:30 - No hay m치s procesos pendientes.
2024-08-14 03:32:12.011 | INFO     | __main__:omprint:30 - pending_processes: []
2024-08-14 03:32:12.011 | INFO     | __main__:omprint:30 - No hay m치s procesos pendientes.
2024-08-14 03:33:12.012 | INFO     | __main__:omprint:30 - pending_processes: []
2024-08-14 03:33:12.012 | INFO     | __main__:omprint:30 - No hay m치s procesos pendientes.
