2024-08-15 18:30:06.971 | INFO     | __main__:omprint:30 - pending_processes: [{'uuid': 'f2404891-3c4f-47b4-b1a2-e315a21df022', 'language': 'Espanol', 'voice': 'Pedro', 'main_question': 'identificar tipos de vehiculos a partir de emojis', 'num_questions': 2, 'num_options': 3, 'background_music': 'animada2', 'background_video': 'playas2', 'fecha_creacion': '2024-08-15T18:30:06.964265+00:00', 'fecha_modificacion': '2024-08-15T18:30:06.964265+00:00', 'estado': 'pendiente'}]
2024-08-15 18:30:06.972 | INFO     | __main__:omprint:30 - Ejecutando el proceso ID: f2404891-3c4f-47b4-b1a2-e315a21df022
2024-08-15 18:30:06.972 | INFO     | __main__:omprint:30 - ---------------------------------------------------
2024-08-15 18:30:06.973 | INFO     | __main__:omprint:30 - uuid4, language, voice, main_question, num_questions, num_options, background_music, background_video: f2404891-3c4f-47b4-b1a2-e315a21df022 Espanol Pedro identificar tipos de vehiculos a partir de emojis 2 3 animada2 playas2
2024-08-15 18:30:06.973 | INFO     | __main__:omprint:30 - ---------------------------------------------------
2024-08-15 18:30:06.973 | INFO     | __main__:omprint:30 - Genera una lista de 2 preguntas cortas en idioma Espanol en formato JSON para un quiz / trivia sobre ['identificar tipos de vehiculos a partir de emojis']. El JSON debe incluir una pregunta principal corta en idioma Espanol sin emojis en ella, con el estilo MrBeast en la propiedad 'main_question' que aplique para todas las preguntas de la propiedad 'questions', seguido de un arreglo 'questions' que contenga objetos con las siguientes propiedades: el texto de la pregunta corta en idioma Espanol sin emojis en ella con variantes  para hacer la pronunciación más humana y consistente SIN INCLUIR EL EMOJI, una imagen representada como un emoji, opciones de respuesta en idioma Espanol con 3 opciones donde alternes la opción correcta en las diferentes posiciones del arreglo de opciones entre 0 y 2, (IMPORTANTE: deben tener un tamano de 18 caracteres máximo por opción), y el índice de la opción correcta (IMPORTANTE: Las opciones correctas deben estár en posiciones aleatorias entre 0 y 2 dentro del arreglo de la propiedad 'options').

Aquí hay un ejemplo del formato:

{
  "main_question": "Pregunta principal de ejemplo?",
  "questions": [
    {
        "question_text": "Variantes de la pregunta de ejemplo?",
        "question_image": "🇩🇴",
        "options": ['"Opción 1"', '"Opción 2"', '"Opción 3"'],
        "correct_option_index": 2
    }
  ]
} 

Notas Importantes: - Todo el contenido que generes debe estar en idioma Espanol.
- En las opciones distribuye de forma equitativa y no secuencial la asignación de las opciones correctas en posiciones entre 0 y {num_options - 1}.
- Todos los campos son obligatorios que estén presentes aunque estén en blanco.
- REALIZA UNA DOBE VERIFICACION DE LAS OPCIONES CORRECTAS. NO PUEDES COMETER ERRORES.

2024-08-15 18:30:09.236 | INFO     | __main__:omprint:30 - {'main_question': '¿Puedes adivinar el tipo de vehículo a partir de emojis?', 'questions': [{'question_text': '¿Qué vehículo es este?', 'question_image': '🚗', 'options': ['Coche', 'Bicicleta', 'Barco'], 'correct_option_index': 0}, {'question_text': '¿Qué vehículo es este?', 'question_image': '🚌', 'options': ['Camión', 'Autobús', 'Moto'], 'correct_option_index': 1}]}
2024-08-15 18:30:09.809 | INFO     | __main__:omprint:30 - [DEBUG] generate_trivia_video - ctxVideo: {'video_width': 1080, 'video_height': 1920, 'video_duration': 6.1899999999999995}
2024-08-15 18:30:09.809 | INFO     | __main__:omprint:30 - [DEBUG] generate_trivia_video - video_total_duration: 6.1899999999999995
2024-08-15 18:30:09.846 | INFO     | __main__:omprint:30 - [DEBUG] add_question_text - max_width: 920
2024-08-15 18:30:09.847 | INFO     | __main__:omprint:30 - [DEBUG] add_question_text - text_length: 56
2024-08-15 18:30:09.847 | INFO     | __main__:omprint:30 - [DEBUG] add_question_text - fontsize: 79
2024-08-15 18:30:09.918 | INFO     | __main__:omprint:30 - [DEBUG] question_image_clip: <function VideoClip.set_position.<locals>.<lambda> at 0x78e2107ef920>
2024-08-15 18:30:09.918 | INFO     | __main__:omprint:30 - [DEBUG] options_top_margin: 941
2024-08-15 18:30:10.074 | INFO     | __main__:omprint:30 - [DEBUG] video_total_duration 1: 6.1899999999999995
2024-08-15 18:30:10.074 | INFO     | __main__:omprint:30 - [DEBUG] narration_audio.duration: 1.19
2024-08-15 18:30:10.074 | INFO     | __main__:omprint:30 - [DEBUG] clock_sound_effects.duration: 3
2024-08-15 18:30:10.075 | INFO     | __main__:omprint:30 - [DEBUG] ding_sound_effects.duration: 2
2024-08-15 18:30:10.075 | INFO     | __main__:omprint:30 - [DEBUG] narration_audio_winner.duration: 0.61
2024-08-15 18:30:10.075 | INFO     | __main__:omprint:30 - [DEBUG] final_audio.duration 2: 6.1899999999999995
2024-08-15 18:30:10.075 | INFO     | __main__:omprint:30 - [DEBUG] final_clip.duration 2: 6.1899999999999995
2024-08-15 18:30:10.076 | INFO     | __main__:omprint:30 - [DEBUG]: generate_combined_trivia_video - trivia_clip.w, trivia_clip.h, trivia_clip.duration: 540 175 6.1899999999999995
2024-08-15 18:30:20.684 | INFO     | __main__:omprint:30 - [DEBUG] generate_trivia_video - ctxVideo: {'video_width': 1080, 'video_height': 1920, 'video_duration': 6.1899999999999995}
2024-08-15 18:30:20.684 | INFO     | __main__:omprint:30 - [DEBUG] generate_trivia_video - video_total_duration: 6.1899999999999995
2024-08-15 18:30:20.715 | INFO     | __main__:omprint:30 - [DEBUG] add_question_text - max_width: 920
2024-08-15 18:30:20.715 | INFO     | __main__:omprint:30 - [DEBUG] add_question_text - text_length: 56
2024-08-15 18:30:20.715 | INFO     | __main__:omprint:30 - [DEBUG] add_question_text - fontsize: 79
2024-08-15 18:30:20.786 | INFO     | __main__:omprint:30 - [DEBUG] question_image_clip: <function VideoClip.set_position.<locals>.<lambda> at 0x78e210627ec0>
2024-08-15 18:30:20.786 | INFO     | __main__:omprint:30 - [DEBUG] options_top_margin: 941
2024-08-15 18:30:20.938 | INFO     | __main__:omprint:30 - [DEBUG] video_total_duration 1: 6.1899999999999995
2024-08-15 18:30:20.939 | INFO     | __main__:omprint:30 - [DEBUG] narration_audio.duration: 1.19
2024-08-15 18:30:20.939 | INFO     | __main__:omprint:30 - [DEBUG] clock_sound_effects.duration: 3
2024-08-15 18:30:20.939 | INFO     | __main__:omprint:30 - [DEBUG] ding_sound_effects.duration: 2
2024-08-15 18:30:20.940 | INFO     | __main__:omprint:30 - [DEBUG] narration_audio_winner.duration: 0.76
2024-08-15 18:30:20.940 | INFO     | __main__:omprint:30 - [DEBUG] final_audio.duration 2: 6.1899999999999995
2024-08-15 18:30:20.940 | INFO     | __main__:omprint:30 - [DEBUG] final_clip.duration 2: 6.1899999999999995
2024-08-15 18:30:20.941 | INFO     | __main__:omprint:30 - [DEBUG]: generate_combined_trivia_video - trivia_clip.w, trivia_clip.h, trivia_clip.duration: 540 175 6.1899999999999995
2024-08-15 18:30:31.399 | INFO     | __main__:omprint:30 - create_background_video - background_clip.w, background_clip.h: 1080 1920
2024-08-15 18:30:31.405 | INFO     | __main__:omprint:30 - trivia_sequence: <moviepy.video.compositing.CompositeVideoClip.CompositeVideoClip object at 0x78e2033cd710>
2024-08-15 18:30:51.914 | INFO     | __main__:omprint:30 - Ya hay un proceso en ejecución.
2024-08-15 18:31:16.899 | INFO     | __main__:omprint:30 - Tiempo de procesamiento: 67.66311478614807 segundos
2024-08-15 18:31:16.900 | INFO     | __main__:omprint:30 - video_to_upload: https://trivias.luxuryroamers.com/generados/videos/f2404891-3c4f-47b4-b1a2-e315a21df022.mp4
2024-08-15 18:31:16.900 | INFO     | __main__:omprint:30 - El script tomó 69.93 segundos en ejecutarse.
2024-08-15 18:31:21.905 | INFO     | __main__:omprint:30 - pending_processes: []
2024-08-15 18:31:21.905 | INFO     | __main__:omprint:30 - No hay más procesos pendientes.
2024-08-15 18:31:51.916 | INFO     | __main__:omprint:30 - pending_processes: []
2024-08-15 18:31:51.916 | INFO     | __main__:omprint:30 - No hay más procesos pendientes.
2024-08-15 18:32:51.917 | INFO     | __main__:omprint:30 - pending_processes: []
2024-08-15 18:32:51.918 | INFO     | __main__:omprint:30 - No hay más procesos pendientes.
