2024-08-14 16:33:05.616 | INFO     | __main__:omprint:30 - pending_processes: [{'uuid': 'ead6aa4c-4841-4eab-8287-597eb3d403ec', 'language': 'Italian', 'voice': 'Bianca', 'main_question': 'trivia sobre identificar profesiones a partir de emojis', 'num_questions': 10, 'num_options': 3, 'background_music': 'deporte1', 'background_video': 'newyork3', 'fecha_creacion': '2024-08-14T16:33:05.610628+00:00', 'fecha_modificacion': '2024-08-14T16:33:05.610628+00:00', 'estado': 'pendiente'}]
2024-08-14 16:33:05.617 | INFO     | __main__:omprint:30 - Ejecutando el proceso ID: ead6aa4c-4841-4eab-8287-597eb3d403ec
2024-08-14 16:33:05.618 | INFO     | __main__:omprint:30 - ---------------------------------------------------
2024-08-14 16:33:05.618 | INFO     | __main__:omprint:30 - uuid4, language, voice, main_question, num_questions, num_options, background_music, background_video: ead6aa4c-4841-4eab-8287-597eb3d403ec Italian Bianca trivia sobre identificar profesiones a partir de emojis 10 3 deporte1 newyork3
2024-08-14 16:33:05.619 | INFO     | __main__:omprint:30 - ---------------------------------------------------
2024-08-14 16:33:05.619 | INFO     | __main__:omprint:30 - Genera una lista de 10 preguntas cortas en idioma Italian en formato JSON para un quiz / trivia sobre ['trivia sobre identificar profesiones a partir de emojis']. El JSON debe incluir una pregunta principal corta en idioma Italian sin emojis en ella, con el estilo MrBeast en la propiedad 'main_question' que aplique para todas las preguntas de la propiedad 'questions', seguido de un arreglo 'questions' que contenga objetos con las siguientes propiedades: el texto de la pregunta corta en idioma Italian sin emojis en ella con variantes  para hacer la pronunciación más humana y consistente SIN INCLUIR EL EMOJI, una imagen representada como un emoji, opciones de respuesta en idioma Italian con 3 opciones donde alternes la opción correcta en las diferentes posiciones del arreglo de opciones entre 0 y 2, (IMPORTANTE: deben tener un tamano de 18 caracteres máximo por opción), y el índice de la opción correcta (IMPORTANTE: Las opciones correctas deben estár en posiciones aleatorias entre 0 y 2 dentro del arreglo de la propiedad 'options').

Aquí hay un ejemplo del formato:

{
  "main_question": "Pregunta principal de ejemplo?",
  "questions": [
    {
        "question_text": "Variantes de la pregunta de ejemplo?",
        "question_image": "🇩🇴",
        "options": ['"Opción 1"', '"Opción 2"', '"Opción 3"'],
        "correct_option_index": 2
    }
  ]
} 

Notas Importantes: - Todo el contenido que generes debe estar en idioma Italian.
- En las opciones distribuye de forma equitativa y no secuencial la asignación de las opciones correctas en posiciones entre 0 y {num_options - 1}.
- Todos los campos son obligatorios que estén presentes aunque estén en blanco.
- REALIZA UNA DOBE VERIFICACION DE LAS OPCIONES CORRECTAS. NO PUEDES COMETER ERRORES.

2024-08-14 16:33:13.132 | INFO     | __main__:omprint:30 - {'main_question': 'Indovina la professione usando gli emoji?', 'questions': [{'question_text': 'Qual è la professione di chi lavora in ospedale?', 'question_image': '👩\u200d⚕️', 'options': ['Ingegnere', 'Medico', 'Chef'], 'correct_option_index': 1}, {'question_text': 'Qual è la professione di chi guida un autobus?', 'question_image': '🚌', 'options': ['Autista', 'Professore', 'Infermiere'], 'correct_option_index': 0}, {'question_text': "Chi crea opere d'arte?", 'question_image': '🎨', 'options': ['Artista', 'Astronauta', 'Contabile'], 'correct_option_index': 0}, {'question_text': 'Qual è la professione chi raccoglie frutta?', 'question_image': '🍏', 'options': ['Agricoltore', 'Cuoco', 'Insegnante'], 'correct_option_index': 0}, {'question_text': 'Chi scrive libri?', 'question_image': '✍️', 'options': ['Autore', 'Pilota', 'Grafico'], 'correct_option_index': 0}, {'question_text': "Chi lavora nell'ingegneria?", 'question_image': '🔧', 'options': ['Ingegnere', 'Musicista', 'Fiorista'], 'correct_option_index': 0}, {'question_text': 'Qual è la professione di chi cura i capelli?', 'question_image': '💇\u200d♀️', 'options': ['Barbiere', 'Pittore', 'Informatore'], 'correct_option_index': 0}, {'question_text': 'Chi insegna?', 'question_image': '📚', 'options': ['Studente', 'Professore', 'Architetto'], 'correct_option_index': 1}, {'question_text': 'Chi suona uno strumento?', 'question_image': '🎸', 'options': ['Medico', 'Musicista', 'Cuoco'], 'correct_option_index': 1}, {'question_text': 'Chi costruisce case?', 'question_image': '🏗️', 'options': ['Ingegnere', 'Architetto', 'Infermiere'], 'correct_option_index': 1}]}
2024-08-14 16:33:13.720 | INFO     | __main__:omprint:30 - [DEBUG] video_total_duration: 7.76
2024-08-14 16:33:14.458 | INFO     | __main__:omprint:30 - create_background_video - background_clip.w, background_clip.h: 1080 1920
2024-08-14 16:33:14.496 | INFO     | __main__:omprint:30 - [DEBUG] add_question_text - max_width: 920
2024-08-14 16:33:14.496 | INFO     | __main__:omprint:30 - [DEBUG] add_question_text - text_length: 41
2024-08-14 16:33:14.496 | INFO     | __main__:omprint:30 - [DEBUG] add_question_text - fontsize: 80
2024-08-14 16:33:14.564 | INFO     | __main__:omprint:30 - [DEBUG] question_image_clip: <function VideoClip.set_position.<locals>.<lambda> at 0x71d5e1ee0680>
2024-08-14 16:33:14.564 | INFO     | __main__:omprint:30 - [DEBUG] options_top_margin: 941
2024-08-14 16:33:14.728 | INFO     | __main__:omprint:30 - [DEBUG] video_total_duration 1: 7.76
2024-08-14 16:33:14.728 | INFO     | __main__:omprint:30 - [DEBUG] narration_audio.duration: 2.76
2024-08-14 16:33:14.729 | INFO     | __main__:omprint:30 - [DEBUG] clock_sound_effects.duration: 3
2024-08-14 16:33:14.730 | INFO     | __main__:omprint:30 - [DEBUG] ding_sound_effects.duration: 2
2024-08-14 16:33:14.731 | INFO     | __main__:omprint:30 - [DEBUG] narration_audio_winner.duration: 0.78
2024-08-14 16:33:14.731 | INFO     | __main__:omprint:30 - [DEBUG] final_audio.duration 2: 7.76
2024-08-14 16:33:14.732 | INFO     | __main__:omprint:30 - [DEBUG] final_clip.duration 2: 7.76
2024-08-14 16:33:15.319 | INFO     | __main__:omprint:30 - [DEBUG] video_total_duration: 7.98
2024-08-14 16:33:16.037 | INFO     | __main__:omprint:30 - create_background_video - background_clip.w, background_clip.h: 1080 1920
2024-08-14 16:33:16.070 | INFO     | __main__:omprint:30 - [DEBUG] add_question_text - max_width: 920
2024-08-14 16:33:16.071 | INFO     | __main__:omprint:30 - [DEBUG] add_question_text - text_length: 41
2024-08-14 16:33:16.071 | INFO     | __main__:omprint:30 - [DEBUG] add_question_text - fontsize: 80
2024-08-14 16:33:16.138 | INFO     | __main__:omprint:30 - [DEBUG] question_image_clip: <function VideoClip.set_position.<locals>.<lambda> at 0x71d5cdcde160>
2024-08-14 16:33:16.138 | INFO     | __main__:omprint:30 - [DEBUG] options_top_margin: 941
2024-08-14 16:33:16.297 | INFO     | __main__:omprint:30 - [DEBUG] video_total_duration 1: 7.98
2024-08-14 16:33:16.298 | INFO     | __main__:omprint:30 - [DEBUG] narration_audio.duration: 2.98
2024-08-14 16:33:16.298 | INFO     | __main__:omprint:30 - [DEBUG] clock_sound_effects.duration: 3
2024-08-14 16:33:16.298 | INFO     | __main__:omprint:30 - [DEBUG] ding_sound_effects.duration: 2
2024-08-14 16:33:16.299 | INFO     | __main__:omprint:30 - [DEBUG] narration_audio_winner.duration: 0.96
2024-08-14 16:33:16.299 | INFO     | __main__:omprint:30 - [DEBUG] final_audio.duration 2: 7.98
2024-08-14 16:33:16.299 | INFO     | __main__:omprint:30 - [DEBUG] final_clip.duration 2: 7.98
2024-08-14 16:33:16.903 | INFO     | __main__:omprint:30 - [DEBUG] video_total_duration: 6.58
2024-08-14 16:33:17.629 | INFO     | __main__:omprint:30 - create_background_video - background_clip.w, background_clip.h: 1080 1920
2024-08-14 16:33:17.666 | INFO     | __main__:omprint:30 - [DEBUG] add_question_text - max_width: 920
2024-08-14 16:33:17.667 | INFO     | __main__:omprint:30 - [DEBUG] add_question_text - text_length: 41
2024-08-14 16:33:17.667 | INFO     | __main__:omprint:30 - [DEBUG] add_question_text - fontsize: 80
2024-08-14 16:33:17.736 | INFO     | __main__:omprint:30 - [DEBUG] question_image_clip: <function VideoClip.set_position.<locals>.<lambda> at 0x71d5e4152e80>
2024-08-14 16:33:17.736 | INFO     | __main__:omprint:30 - [DEBUG] options_top_margin: 941
2024-08-14 16:33:17.898 | INFO     | __main__:omprint:30 - [DEBUG] video_total_duration 1: 6.58
2024-08-14 16:33:17.898 | INFO     | __main__:omprint:30 - [DEBUG] narration_audio.duration: 1.58
2024-08-14 16:33:17.899 | INFO     | __main__:omprint:30 - [DEBUG] clock_sound_effects.duration: 3
2024-08-14 16:33:17.899 | INFO     | __main__:omprint:30 - [DEBUG] ding_sound_effects.duration: 2
2024-08-14 16:33:17.899 | INFO     | __main__:omprint:30 - [DEBUG] narration_audio_winner.duration: 0.9
2024-08-14 16:33:17.900 | INFO     | __main__:omprint:30 - [DEBUG] final_audio.duration 2: 6.58
2024-08-14 16:33:17.900 | INFO     | __main__:omprint:30 - [DEBUG] final_clip.duration 2: 6.58
2024-08-14 16:33:18.475 | INFO     | __main__:omprint:30 - [DEBUG] video_total_duration: 7.54
2024-08-14 16:33:19.193 | INFO     | __main__:omprint:30 - create_background_video - background_clip.w, background_clip.h: 1080 1920
2024-08-14 16:33:19.230 | INFO     | __main__:omprint:30 - [DEBUG] add_question_text - max_width: 920
2024-08-14 16:33:19.230 | INFO     | __main__:omprint:30 - [DEBUG] add_question_text - text_length: 41
2024-08-14 16:33:19.231 | INFO     | __main__:omprint:30 - [DEBUG] add_question_text - fontsize: 80
2024-08-14 16:33:19.297 | INFO     | __main__:omprint:30 - [DEBUG] question_image_clip: <function VideoClip.set_position.<locals>.<lambda> at 0x71d5e1f40ea0>
2024-08-14 16:33:19.297 | INFO     | __main__:omprint:30 - [DEBUG] options_top_margin: 941
2024-08-14 16:33:19.458 | INFO     | __main__:omprint:30 - [DEBUG] video_total_duration 1: 7.54
2024-08-14 16:33:19.458 | INFO     | __main__:omprint:30 - [DEBUG] narration_audio.duration: 2.54
2024-08-14 16:33:19.459 | INFO     | __main__:omprint:30 - [DEBUG] clock_sound_effects.duration: 3
2024-08-14 16:33:19.459 | INFO     | __main__:omprint:30 - [DEBUG] ding_sound_effects.duration: 2
2024-08-14 16:33:19.459 | INFO     | __main__:omprint:30 - [DEBUG] narration_audio_winner.duration: 1.16
2024-08-14 16:33:19.459 | INFO     | __main__:omprint:30 - [DEBUG] final_audio.duration 2: 7.7
2024-08-14 16:33:19.460 | INFO     | __main__:omprint:30 - [DEBUG] final_clip.duration 2: 7.54
2024-08-14 16:33:20.055 | INFO     | __main__:omprint:30 - [DEBUG] video_total_duration: 6.26
2024-08-14 16:33:20.772 | INFO     | __main__:omprint:30 - create_background_video - background_clip.w, background_clip.h: 1080 1920
2024-08-14 16:33:20.806 | INFO     | __main__:omprint:30 - [DEBUG] add_question_text - max_width: 920
2024-08-14 16:33:20.806 | INFO     | __main__:omprint:30 - [DEBUG] add_question_text - text_length: 41
2024-08-14 16:33:20.806 | INFO     | __main__:omprint:30 - [DEBUG] add_question_text - fontsize: 80
2024-08-14 16:33:20.872 | INFO     | __main__:omprint:30 - [DEBUG] question_image_clip: <function VideoClip.set_position.<locals>.<lambda> at 0x71d5e0081a80>
2024-08-14 16:33:20.873 | INFO     | __main__:omprint:30 - [DEBUG] options_top_margin: 941
2024-08-14 16:33:21.028 | INFO     | __main__:omprint:30 - [DEBUG] video_total_duration 1: 6.26
2024-08-14 16:33:21.029 | INFO     | __main__:omprint:30 - [DEBUG] narration_audio.duration: 1.26
2024-08-14 16:33:21.029 | INFO     | __main__:omprint:30 - [DEBUG] clock_sound_effects.duration: 3
2024-08-14 16:33:21.030 | INFO     | __main__:omprint:30 - [DEBUG] ding_sound_effects.duration: 2
2024-08-14 16:33:21.030 | INFO     | __main__:omprint:30 - [DEBUG] narration_audio_winner.duration: 0.84
2024-08-14 16:33:21.030 | INFO     | __main__:omprint:30 - [DEBUG] final_audio.duration 2: 6.26
2024-08-14 16:33:21.030 | INFO     | __main__:omprint:30 - [DEBUG] final_clip.duration 2: 6.26
2024-08-14 16:33:21.549 | INFO     | __main__:omprint:30 - [DEBUG] video_total_duration: 6.8100000000000005
2024-08-14 16:33:22.273 | INFO     | __main__:omprint:30 - create_background_video - background_clip.w, background_clip.h: 1080 1920
2024-08-14 16:33:22.310 | INFO     | __main__:omprint:30 - [DEBUG] add_question_text - max_width: 920
2024-08-14 16:33:22.310 | INFO     | __main__:omprint:30 - [DEBUG] add_question_text - text_length: 41
2024-08-14 16:33:22.310 | INFO     | __main__:omprint:30 - [DEBUG] add_question_text - fontsize: 80
2024-08-14 16:33:22.374 | INFO     | __main__:omprint:30 - [DEBUG] question_image_clip: <function VideoClip.set_position.<locals>.<lambda> at 0x71d5e05182c0>
2024-08-14 16:33:22.374 | INFO     | __main__:omprint:30 - [DEBUG] options_top_margin: 941
2024-08-14 16:33:22.535 | INFO     | __main__:omprint:30 - [DEBUG] video_total_duration 1: 6.8100000000000005
2024-08-14 16:33:22.535 | INFO     | __main__:omprint:30 - [DEBUG] narration_audio.duration: 1.81
2024-08-14 16:33:22.536 | INFO     | __main__:omprint:30 - [DEBUG] clock_sound_effects.duration: 3
2024-08-14 16:33:22.536 | INFO     | __main__:omprint:30 - [DEBUG] ding_sound_effects.duration: 2
2024-08-14 16:33:22.536 | INFO     | __main__:omprint:30 - [DEBUG] narration_audio_winner.duration: 1.01
2024-08-14 16:33:22.537 | INFO     | __main__:omprint:30 - [DEBUG] final_audio.duration 2: 6.82
2024-08-14 16:33:22.537 | INFO     | __main__:omprint:30 - [DEBUG] final_clip.duration 2: 6.8100000000000005
2024-08-14 16:33:23.107 | INFO     | __main__:omprint:30 - [DEBUG] video_total_duration: 7.6
2024-08-14 16:33:23.838 | INFO     | __main__:omprint:30 - create_background_video - background_clip.w, background_clip.h: 1080 1920
2024-08-14 16:33:23.873 | INFO     | __main__:omprint:30 - [DEBUG] add_question_text - max_width: 920
2024-08-14 16:33:23.873 | INFO     | __main__:omprint:30 - [DEBUG] add_question_text - text_length: 41
2024-08-14 16:33:23.873 | INFO     | __main__:omprint:30 - [DEBUG] add_question_text - fontsize: 80
2024-08-14 16:33:23.940 | INFO     | __main__:omprint:30 - [DEBUG] question_image_clip: <function VideoClip.set_position.<locals>.<lambda> at 0x71d5cdabc040>
2024-08-14 16:33:23.940 | INFO     | __main__:omprint:30 - [DEBUG] options_top_margin: 941
2024-08-14 16:33:24.100 | INFO     | __main__:omprint:30 - [DEBUG] video_total_duration 1: 7.6
2024-08-14 16:33:24.101 | INFO     | __main__:omprint:30 - [DEBUG] narration_audio.duration: 2.6
2024-08-14 16:33:24.101 | INFO     | __main__:omprint:30 - [DEBUG] clock_sound_effects.duration: 3
2024-08-14 16:33:24.102 | INFO     | __main__:omprint:30 - [DEBUG] ding_sound_effects.duration: 2
2024-08-14 16:33:24.103 | INFO     | __main__:omprint:30 - [DEBUG] narration_audio_winner.duration: 0.94
2024-08-14 16:33:24.104 | INFO     | __main__:omprint:30 - [DEBUG] final_audio.duration 2: 7.6
2024-08-14 16:33:24.104 | INFO     | __main__:omprint:30 - [DEBUG] final_clip.duration 2: 7.6
2024-08-14 16:33:24.654 | INFO     | __main__:omprint:30 - [DEBUG] video_total_duration: 5.99
2024-08-14 16:33:25.388 | INFO     | __main__:omprint:30 - create_background_video - background_clip.w, background_clip.h: 1080 1920
2024-08-14 16:33:25.422 | INFO     | __main__:omprint:30 - [DEBUG] add_question_text - max_width: 920
2024-08-14 16:33:25.422 | INFO     | __main__:omprint:30 - [DEBUG] add_question_text - text_length: 41
2024-08-14 16:33:25.422 | INFO     | __main__:omprint:30 - [DEBUG] add_question_text - fontsize: 80
2024-08-14 16:33:25.487 | INFO     | __main__:omprint:30 - [DEBUG] question_image_clip: <function VideoClip.set_position.<locals>.<lambda> at 0x71d5cdcdfd80>
2024-08-14 16:33:25.488 | INFO     | __main__:omprint:30 - [DEBUG] options_top_margin: 941
2024-08-14 16:33:25.645 | INFO     | __main__:omprint:30 - [DEBUG] video_total_duration 1: 5.99
2024-08-14 16:33:25.646 | INFO     | __main__:omprint:30 - [DEBUG] narration_audio.duration: 0.99
2024-08-14 16:33:25.647 | INFO     | __main__:omprint:30 - [DEBUG] clock_sound_effects.duration: 3
2024-08-14 16:33:25.647 | INFO     | __main__:omprint:30 - [DEBUG] ding_sound_effects.duration: 2
2024-08-14 16:33:25.647 | INFO     | __main__:omprint:30 - [DEBUG] narration_audio_winner.duration: 0.98
2024-08-14 16:33:25.648 | INFO     | __main__:omprint:30 - [DEBUG] final_audio.duration 2: 5.99
2024-08-14 16:33:25.648 | INFO     | __main__:omprint:30 - [DEBUG] final_clip.duration 2: 5.99
2024-08-14 16:33:26.146 | INFO     | __main__:omprint:30 - [DEBUG] video_total_duration: 6.71
2024-08-14 16:33:26.865 | INFO     | __main__:omprint:30 - create_background_video - background_clip.w, background_clip.h: 1080 1920
2024-08-14 16:33:26.901 | INFO     | __main__:omprint:30 - [DEBUG] add_question_text - max_width: 920
2024-08-14 16:33:26.902 | INFO     | __main__:omprint:30 - [DEBUG] add_question_text - text_length: 41
2024-08-14 16:33:26.902 | INFO     | __main__:omprint:30 - [DEBUG] add_question_text - fontsize: 80
2024-08-14 16:33:26.969 | INFO     | __main__:omprint:30 - [DEBUG] question_image_clip: <function VideoClip.set_position.<locals>.<lambda> at 0x71d5e28f0cc0>
2024-08-14 16:33:26.970 | INFO     | __main__:omprint:30 - [DEBUG] options_top_margin: 941
2024-08-14 16:33:27.130 | INFO     | __main__:omprint:30 - [DEBUG] video_total_duration 1: 6.71
2024-08-14 16:33:27.131 | INFO     | __main__:omprint:30 - [DEBUG] narration_audio.duration: 1.71
2024-08-14 16:33:27.131 | INFO     | __main__:omprint:30 - [DEBUG] clock_sound_effects.duration: 3
2024-08-14 16:33:27.131 | INFO     | __main__:omprint:30 - [DEBUG] ding_sound_effects.duration: 2
2024-08-14 16:33:27.132 | INFO     | __main__:omprint:30 - [DEBUG] narration_audio_winner.duration: 1.1
2024-08-14 16:33:27.132 | INFO     | __main__:omprint:30 - [DEBUG] final_audio.duration 2: 6.8100000000000005
2024-08-14 16:33:27.132 | INFO     | __main__:omprint:30 - [DEBUG] final_clip.duration 2: 6.71
2024-08-14 16:33:27.674 | INFO     | __main__:omprint:30 - [DEBUG] video_total_duration: 6.58
2024-08-14 16:33:28.405 | INFO     | __main__:omprint:30 - create_background_video - background_clip.w, background_clip.h: 1080 1920
2024-08-14 16:33:28.439 | INFO     | __main__:omprint:30 - [DEBUG] add_question_text - max_width: 920
2024-08-14 16:33:28.440 | INFO     | __main__:omprint:30 - [DEBUG] add_question_text - text_length: 41
2024-08-14 16:33:28.440 | INFO     | __main__:omprint:30 - [DEBUG] add_question_text - fontsize: 80
2024-08-14 16:33:28.507 | INFO     | __main__:omprint:30 - [DEBUG] question_image_clip: <function VideoClip.set_position.<locals>.<lambda> at 0x71d5e289b920>
2024-08-14 16:33:28.508 | INFO     | __main__:omprint:30 - [DEBUG] options_top_margin: 941
2024-08-14 16:33:28.668 | INFO     | __main__:omprint:30 - [DEBUG] video_total_duration 1: 6.58
2024-08-14 16:33:28.668 | INFO     | __main__:omprint:30 - [DEBUG] narration_audio.duration: 1.58
2024-08-14 16:33:28.669 | INFO     | __main__:omprint:30 - [DEBUG] clock_sound_effects.duration: 3
2024-08-14 16:33:28.669 | INFO     | __main__:omprint:30 - [DEBUG] ding_sound_effects.duration: 2
2024-08-14 16:33:28.669 | INFO     | __main__:omprint:30 - [DEBUG] narration_audio_winner.duration: 1.04
2024-08-14 16:33:28.670 | INFO     | __main__:omprint:30 - [DEBUG] final_audio.duration 2: 6.62
2024-08-14 16:33:28.670 | INFO     | __main__:omprint:30 - [DEBUG] final_clip.duration 2: 6.58
2024-08-14 16:33:28.670 | INFO     | __main__:omprint:30 - [DEBUG] all_clips[0] - start: 0, duration: 7.76, end: 7.76
2024-08-14 16:33:28.670 | INFO     | __main__:omprint:30 - [DEBUG] all_clips[1] - start: 0, duration: 7.98, end: 7.98
2024-08-14 16:33:28.671 | INFO     | __main__:omprint:30 - [DEBUG] all_clips[2] - start: 0, duration: 6.58, end: 6.58
2024-08-14 16:33:28.671 | INFO     | __main__:omprint:30 - [DEBUG] all_clips[3] - start: 0, duration: 7.54, end: 7.54
2024-08-14 16:33:28.671 | INFO     | __main__:omprint:30 - [DEBUG] all_clips[4] - start: 0, duration: 6.26, end: 6.26
2024-08-14 16:33:28.672 | INFO     | __main__:omprint:30 - [DEBUG] all_clips[5] - start: 0, duration: 6.8100000000000005, end: 6.8100000000000005
2024-08-14 16:33:28.672 | INFO     | __main__:omprint:30 - [DEBUG] all_clips[6] - start: 0, duration: 7.6, end: 7.6
2024-08-14 16:33:28.672 | INFO     | __main__:omprint:30 - [DEBUG] all_clips[7] - start: 0, duration: 5.99, end: 5.99
2024-08-14 16:33:28.672 | INFO     | __main__:omprint:30 - [DEBUG] all_clips[8] - start: 0, duration: 6.71, end: 6.71
2024-08-14 16:33:28.673 | INFO     | __main__:omprint:30 - [DEBUG] all_clips[9] - start: 0, duration: 6.58, end: 6.58
2024-08-14 16:33:28.692 | INFO     | __main__:omprint:30 - [DEBUG] generate_combined_trivia_video - final_video.duration: 69.81
2024-08-14 16:33:58.968 | INFO     | __main__:omprint:30 - Ya hay un proceso en ejecución.
2024-08-14 16:34:58.969 | INFO     | __main__:omprint:30 - Ya hay un proceso en ejecución.
2024-08-14 16:35:58.971 | INFO     | __main__:omprint:30 - Ya hay un proceso en ejecución.
2024-08-14 16:36:58.971 | INFO     | __main__:omprint:30 - Ya hay un proceso en ejecución.
2024-08-14 16:37:58.972 | INFO     | __main__:omprint:30 - Ya hay un proceso en ejecución.
2024-08-14 16:38:58.973 | INFO     | __main__:omprint:30 - Ya hay un proceso en ejecución.
2024-08-14 16:39:58.973 | INFO     | __main__:omprint:30 - Ya hay un proceso en ejecución.
2024-08-14 16:40:58.974 | INFO     | __main__:omprint:30 - Ya hay un proceso en ejecución.
2024-08-14 16:41:58.974 | INFO     | __main__:omprint:30 - Ya hay un proceso en ejecución.
2024-08-14 16:42:50.064 | INFO     | __main__:omprint:30 - Tiempo de procesamiento: 576.9312815666199 segundos
2024-08-14 16:42:50.064 | INFO     | __main__:omprint:30 - video_to_upload: https://trivias.luxuryroamers.com/generados/videos/ead6aa4c-4841-4eab-8287-597eb3d403ec.mp4
2024-08-14 16:42:50.065 | INFO     | __main__:omprint:30 - El script tomó 584.45 segundos en ejecutarse.
2024-08-14 16:42:55.070 | INFO     | __main__:omprint:30 - pending_processes: []
2024-08-14 16:42:55.070 | INFO     | __main__:omprint:30 - No hay más procesos pendientes.
2024-08-14 16:42:58.975 | INFO     | __main__:omprint:30 - pending_processes: []
2024-08-14 16:42:58.975 | INFO     | __main__:omprint:30 - No hay más procesos pendientes.
2024-08-14 16:43:58.976 | INFO     | __main__:omprint:30 - pending_processes: []
2024-08-14 16:43:58.976 | INFO     | __main__:omprint:30 - No hay más procesos pendientes.
2024-08-14 16:44:58.977 | INFO     | __main__:omprint:30 - pending_processes: []
2024-08-14 16:44:58.977 | INFO     | __main__:omprint:30 - No hay más procesos pendientes.
2024-08-14 16:45:58.978 | INFO     | __main__:omprint:30 - pending_processes: []
2024-08-14 16:45:58.978 | INFO     | __main__:omprint:30 - No hay más procesos pendientes.
2024-08-14 16:46:58.979 | INFO     | __main__:omprint:30 - pending_processes: []
2024-08-14 16:46:58.979 | INFO     | __main__:omprint:30 - No hay más procesos pendientes.
2024-08-14 16:47:58.980 | INFO     | __main__:omprint:30 - pending_processes: []
2024-08-14 16:47:58.980 | INFO     | __main__:omprint:30 - No hay más procesos pendientes.
2024-08-14 16:48:58.981 | INFO     | __main__:omprint:30 - pending_processes: []
2024-08-14 16:48:58.981 | INFO     | __main__:omprint:30 - No hay más procesos pendientes.
2024-08-14 16:49:58.982 | INFO     | __main__:omprint:30 - pending_processes: []
2024-08-14 16:49:58.982 | INFO     | __main__:omprint:30 - No hay más procesos pendientes.
2024-08-14 16:50:58.983 | INFO     | __main__:omprint:30 - pending_processes: []
2024-08-14 16:50:58.983 | INFO     | __main__:omprint:30 - No hay más procesos pendientes.
2024-08-14 16:51:58.984 | INFO     | __main__:omprint:30 - pending_processes: []
2024-08-14 16:51:58.984 | INFO     | __main__:omprint:30 - No hay más procesos pendientes.
2024-08-14 16:52:58.985 | INFO     | __main__:omprint:30 - pending_processes: []
2024-08-14 16:52:58.985 | INFO     | __main__:omprint:30 - No hay más procesos pendientes.
2024-08-14 16:53:58.986 | INFO     | __main__:omprint:30 - pending_processes: []
2024-08-14 16:53:58.986 | INFO     | __main__:omprint:30 - No hay más procesos pendientes.
2024-08-14 16:54:58.987 | INFO     | __main__:omprint:30 - pending_processes: []
2024-08-14 16:54:58.987 | INFO     | __main__:omprint:30 - No hay más procesos pendientes.
2024-08-14 16:55:58.988 | INFO     | __main__:omprint:30 - pending_processes: []
2024-08-14 16:55:58.988 | INFO     | __main__:omprint:30 - No hay más procesos pendientes.
2024-08-14 16:56:58.988 | INFO     | __main__:omprint:30 - pending_processes: []
2024-08-14 16:56:58.989 | INFO     | __main__:omprint:30 - No hay más procesos pendientes.
2024-08-14 16:57:58.990 | INFO     | __main__:omprint:30 - pending_processes: []
2024-08-14 16:57:58.990 | INFO     | __main__:omprint:30 - No hay más procesos pendientes.
2024-08-14 16:58:58.990 | INFO     | __main__:omprint:30 - pending_processes: []
2024-08-14 16:58:58.991 | INFO     | __main__:omprint:30 - No hay más procesos pendientes.
2024-08-14 16:59:58.991 | INFO     | __main__:omprint:30 - pending_processes: []
2024-08-14 16:59:58.992 | INFO     | __main__:omprint:30 - No hay más procesos pendientes.
2024-08-14 17:00:58.992 | INFO     | __main__:omprint:30 - pending_processes: []
2024-08-14 17:00:58.993 | INFO     | __main__:omprint:30 - No hay más procesos pendientes.
2024-08-14 17:01:58.993 | INFO     | __main__:omprint:30 - pending_processes: []
2024-08-14 17:01:58.994 | INFO     | __main__:omprint:30 - No hay más procesos pendientes.
2024-08-14 17:02:58.994 | INFO     | __main__:omprint:30 - pending_processes: []
2024-08-14 17:02:58.995 | INFO     | __main__:omprint:30 - No hay más procesos pendientes.
2024-08-14 17:03:58.995 | INFO     | __main__:omprint:30 - pending_processes: []
2024-08-14 17:03:58.996 | INFO     | __main__:omprint:30 - No hay más procesos pendientes.
2024-08-14 17:04:58.996 | INFO     | __main__:omprint:30 - pending_processes: []
2024-08-14 17:04:58.997 | INFO     | __main__:omprint:30 - No hay más procesos pendientes.
2024-08-14 17:05:58.997 | INFO     | __main__:omprint:30 - pending_processes: []
2024-08-14 17:05:58.998 | INFO     | __main__:omprint:30 - No hay más procesos pendientes.
2024-08-14 17:06:58.998 | INFO     | __main__:omprint:30 - pending_processes: []
2024-08-14 17:06:58.999 | INFO     | __main__:omprint:30 - No hay más procesos pendientes.
2024-08-14 17:07:58.999 | INFO     | __main__:omprint:30 - pending_processes: []
2024-08-14 17:07:59.000 | INFO     | __main__:omprint:30 - No hay más procesos pendientes.
2024-08-14 17:08:59.000 | INFO     | __main__:omprint:30 - pending_processes: []
2024-08-14 17:08:59.000 | INFO     | __main__:omprint:30 - No hay más procesos pendientes.
2024-08-14 17:09:59.001 | INFO     | __main__:omprint:30 - pending_processes: []
2024-08-14 17:09:59.001 | INFO     | __main__:omprint:30 - No hay más procesos pendientes.
2024-08-14 17:10:59.002 | INFO     | __main__:omprint:30 - pending_processes: []
2024-08-14 17:10:59.002 | INFO     | __main__:omprint:30 - No hay más procesos pendientes.
2024-08-14 17:11:59.003 | INFO     | __main__:omprint:30 - pending_processes: []
2024-08-14 17:11:59.003 | INFO     | __main__:omprint:30 - No hay más procesos pendientes.
2024-08-14 17:12:59.004 | INFO     | __main__:omprint:30 - pending_processes: []
2024-08-14 17:12:59.004 | INFO     | __main__:omprint:30 - No hay más procesos pendientes.
2024-08-14 17:13:59.005 | INFO     | __main__:omprint:30 - pending_processes: []
2024-08-14 17:13:59.005 | INFO     | __main__:omprint:30 - No hay más procesos pendientes.
2024-08-14 17:14:59.006 | INFO     | __main__:omprint:30 - pending_processes: []
2024-08-14 17:14:59.006 | INFO     | __main__:omprint:30 - No hay más procesos pendientes.
2024-08-14 17:15:59.007 | INFO     | __main__:omprint:30 - pending_processes: []
2024-08-14 17:15:59.007 | INFO     | __main__:omprint:30 - No hay más procesos pendientes.
2024-08-14 17:16:59.008 | INFO     | __main__:omprint:30 - pending_processes: []
2024-08-14 17:16:59.008 | INFO     | __main__:omprint:30 - No hay más procesos pendientes.
2024-08-14 17:17:59.009 | INFO     | __main__:omprint:30 - pending_processes: []
2024-08-14 17:17:59.009 | INFO     | __main__:omprint:30 - No hay más procesos pendientes.
2024-08-14 17:18:59.010 | INFO     | __main__:omprint:30 - pending_processes: []
2024-08-14 17:18:59.010 | INFO     | __main__:omprint:30 - No hay más procesos pendientes.
2024-08-14 17:19:59.011 | INFO     | __main__:omprint:30 - pending_processes: []
2024-08-14 17:19:59.011 | INFO     | __main__:omprint:30 - No hay más procesos pendientes.
2024-08-14 17:20:59.012 | INFO     | __main__:omprint:30 - pending_processes: []
2024-08-14 17:20:59.012 | INFO     | __main__:omprint:30 - No hay más procesos pendientes.
2024-08-14 17:21:59.013 | INFO     | __main__:omprint:30 - pending_processes: []
2024-08-14 17:21:59.013 | INFO     | __main__:omprint:30 - No hay más procesos pendientes.
2024-08-14 17:22:59.014 | INFO     | __main__:omprint:30 - pending_processes: []
2024-08-14 17:22:59.014 | INFO     | __main__:omprint:30 - No hay más procesos pendientes.
2024-08-14 17:23:59.015 | INFO     | __main__:omprint:30 - pending_processes: []
2024-08-14 17:23:59.015 | INFO     | __main__:omprint:30 - No hay más procesos pendientes.
2024-08-14 17:24:59.015 | INFO     | __main__:omprint:30 - pending_processes: []
2024-08-14 17:24:59.016 | INFO     | __main__:omprint:30 - No hay más procesos pendientes.
2024-08-14 17:25:59.016 | INFO     | __main__:omprint:30 - pending_processes: []
2024-08-14 17:25:59.017 | INFO     | __main__:omprint:30 - No hay más procesos pendientes.
2024-08-14 17:26:59.017 | INFO     | __main__:omprint:30 - pending_processes: []
2024-08-14 17:26:59.018 | INFO     | __main__:omprint:30 - No hay más procesos pendientes.
2024-08-14 17:27:59.018 | INFO     | __main__:omprint:30 - pending_processes: []
2024-08-14 17:27:59.019 | INFO     | __main__:omprint:30 - No hay más procesos pendientes.
2024-08-14 17:28:59.019 | INFO     | __main__:omprint:30 - pending_processes: []
2024-08-14 17:28:59.020 | INFO     | __main__:omprint:30 - No hay más procesos pendientes.
2024-08-14 17:29:59.020 | INFO     | __main__:omprint:30 - pending_processes: []
2024-08-14 17:29:59.021 | INFO     | __main__:omprint:30 - No hay más procesos pendientes.
2024-08-14 17:30:59.021 | INFO     | __main__:omprint:30 - pending_processes: []
2024-08-14 17:30:59.022 | INFO     | __main__:omprint:30 - No hay más procesos pendientes.
2024-08-14 17:31:59.022 | INFO     | __main__:omprint:30 - pending_processes: []
2024-08-14 17:31:59.022 | INFO     | __main__:omprint:30 - No hay más procesos pendientes.
2024-08-14 17:32:59.023 | INFO     | __main__:omprint:30 - pending_processes: []
2024-08-14 17:32:59.023 | INFO     | __main__:omprint:30 - No hay más procesos pendientes.
2024-08-14 17:33:59.024 | INFO     | __main__:omprint:30 - pending_processes: []
2024-08-14 17:33:59.024 | INFO     | __main__:omprint:30 - No hay más procesos pendientes.
2024-08-14 17:34:59.025 | INFO     | __main__:omprint:30 - pending_processes: []
2024-08-14 17:34:59.025 | INFO     | __main__:omprint:30 - No hay más procesos pendientes.
2024-08-14 17:35:59.026 | INFO     | __main__:omprint:30 - pending_processes: []
2024-08-14 17:35:59.026 | INFO     | __main__:omprint:30 - No hay más procesos pendientes.
2024-08-14 17:36:59.027 | INFO     | __main__:omprint:30 - pending_processes: []
2024-08-14 17:36:59.027 | INFO     | __main__:omprint:30 - No hay más procesos pendientes.
2024-08-14 17:37:59.027 | INFO     | __main__:omprint:30 - pending_processes: []
2024-08-14 17:37:59.028 | INFO     | __main__:omprint:30 - No hay más procesos pendientes.
2024-08-14 17:38:59.028 | INFO     | __main__:omprint:30 - pending_processes: []
2024-08-14 17:38:59.029 | INFO     | __main__:omprint:30 - No hay más procesos pendientes.
2024-08-14 17:39:59.029 | INFO     | __main__:omprint:30 - pending_processes: []
2024-08-14 17:39:59.030 | INFO     | __main__:omprint:30 - No hay más procesos pendientes.
2024-08-14 17:40:59.030 | INFO     | __main__:omprint:30 - pending_processes: []
2024-08-14 17:40:59.031 | INFO     | __main__:omprint:30 - No hay más procesos pendientes.
