2024-08-15 13:29:42.958 | INFO     | __main__:omprint:30 - pending_processes: [{'uuid': '6cb4c5ff-512d-4d61-a363-0cbf5bddbf9f', 'language': 'Espanol', 'voice': 'Pedro', 'main_question': 'identificar tipos de emociones a partir de emojis', 'num_questions': 3, 'num_options': 3, 'background_music': 'animada1', 'background_video': 'playas2', 'fecha_creacion': '2024-08-15T13:29:42.953650+00:00', 'fecha_modificacion': '2024-08-15T13:29:42.953650+00:00', 'estado': 'pendiente'}]
2024-08-15 13:29:42.960 | INFO     | __main__:omprint:30 - Ejecutando el proceso ID: 6cb4c5ff-512d-4d61-a363-0cbf5bddbf9f
2024-08-15 13:29:42.961 | INFO     | __main__:omprint:30 - ---------------------------------------------------
2024-08-15 13:29:42.961 | INFO     | __main__:omprint:30 - uuid4, language, voice, main_question, num_questions, num_options, background_music, background_video: 6cb4c5ff-512d-4d61-a363-0cbf5bddbf9f Espanol Pedro identificar tipos de emociones a partir de emojis 3 3 animada1 playas2
2024-08-15 13:29:42.964 | INFO     | __main__:omprint:30 - ---------------------------------------------------
2024-08-15 13:29:42.965 | INFO     | __main__:omprint:30 - Genera una lista de 3 preguntas cortas en idioma Espanol en formato JSON para un quiz / trivia sobre ['identificar tipos de emociones a partir de emojis']. El JSON debe incluir una pregunta principal corta en idioma Espanol sin emojis en ella, con el estilo MrBeast en la propiedad 'main_question' que aplique para todas las preguntas de la propiedad 'questions', seguido de un arreglo 'questions' que contenga objetos con las siguientes propiedades: el texto de la pregunta corta en idioma Espanol sin emojis en ella con variantes  para hacer la pronunciaci贸n m谩s humana y consistente SIN INCLUIR EL EMOJI, una imagen representada como un emoji, opciones de respuesta en idioma Espanol con 3 opciones donde alternes la opci贸n correcta en las diferentes posiciones del arreglo de opciones entre 0 y 2, (IMPORTANTE: deben tener un tamano de 18 caracteres m谩ximo por opci贸n), y el 铆ndice de la opci贸n correcta (IMPORTANTE: Las opciones correctas deben est谩r en posiciones aleatorias entre 0 y 2 dentro del arreglo de la propiedad 'options').

Aqu铆 hay un ejemplo del formato:

{
  "main_question": "Pregunta principal de ejemplo?",
  "questions": [
    {
        "question_text": "Variantes de la pregunta de ejemplo?",
        "question_image": "",
        "options": ['"Opci贸n 1"', '"Opci贸n 2"', '"Opci贸n 3"'],
        "correct_option_index": 2
    }
  ]
} 

Notas Importantes: - Todo el contenido que generes debe estar en idioma Espanol.
- En las opciones distribuye de forma equitativa y no secuencial la asignaci贸n de las opciones correctas en posiciones entre 0 y {num_options - 1}.
- Todos los campos son obligatorios que est茅n presentes aunque est茅n en blanco.
- REALIZA UNA DOBE VERIFICACION DE LAS OPCIONES CORRECTAS. NO PUEDES COMETER ERRORES.

2024-08-15 13:29:45.882 | INFO     | __main__:omprint:30 - {'main_question': '驴Qu茅 emoci贸n representa este emoji?', 'questions': [{'question_text': '驴Qu茅 emoci贸n sientes?', 'question_image': '', 'options': ['Tristeza', 'Felicidad', 'Miedo'], 'correct_option_index': 0}, {'question_text': '驴C贸mo describir铆as esto?', 'question_image': '', 'options': ['Sorpresa', 'Felicidad', 'Enojo'], 'correct_option_index': 1}, {'question_text': '驴Qu茅 expresa este emoji?', 'question_image': '', 'options': ['Calma', 'Enojo', 'Tristeza'], 'correct_option_index': 1}]}
2024-08-15 13:29:46.104 | INFO     | __main__:omprint:30 - create_background_video - background_clip.w, background_clip.h: 1080 1920
2024-08-15 13:29:46.637 | INFO     | __main__:omprint:30 - [DEBUG] video_total_duration: 6.2
2024-08-15 13:29:46.675 | INFO     | __main__:omprint:30 - [DEBUG] add_question_text - max_width: 920
2024-08-15 13:29:46.676 | INFO     | __main__:omprint:30 - [DEBUG] add_question_text - text_length: 35
2024-08-15 13:29:46.676 | INFO     | __main__:omprint:30 - [DEBUG] add_question_text - fontsize: 80
2024-08-15 13:29:46.742 | INFO     | __main__:omprint:30 - [DEBUG] question_image_clip: <function VideoClip.set_position.<locals>.<lambda> at 0x7ff9f4761a80>
2024-08-15 13:29:46.742 | INFO     | __main__:omprint:30 - [DEBUG] options_top_margin: 941
2024-08-15 13:29:46.902 | INFO     | __main__:omprint:30 - [DEBUG] video_total_duration 1: 6.2
2024-08-15 13:29:46.903 | INFO     | __main__:omprint:30 - [DEBUG] narration_audio.duration: 1.2
2024-08-15 13:29:46.903 | INFO     | __main__:omprint:30 - [DEBUG] clock_sound_effects.duration: 3
2024-08-15 13:29:46.903 | INFO     | __main__:omprint:30 - [DEBUG] ding_sound_effects.duration: 2
2024-08-15 13:29:46.903 | INFO     | __main__:omprint:30 - [DEBUG] narration_audio_winner.duration: 0.8
2024-08-15 13:29:46.904 | INFO     | __main__:omprint:30 - [DEBUG] final_audio.duration 2: 6.2
2024-08-15 13:29:46.904 | INFO     | __main__:omprint:30 - [DEBUG] final_clip.duration 2: 6.2
2024-08-15 13:29:47.431 | INFO     | __main__:omprint:30 - [DEBUG] video_total_duration: 6.49
2024-08-15 13:29:47.463 | INFO     | __main__:omprint:30 - [DEBUG] add_question_text - max_width: 920
2024-08-15 13:29:47.464 | INFO     | __main__:omprint:30 - [DEBUG] add_question_text - text_length: 35
2024-08-15 13:29:47.465 | INFO     | __main__:omprint:30 - [DEBUG] add_question_text - fontsize: 80
2024-08-15 13:29:47.527 | INFO     | __main__:omprint:30 - [DEBUG] question_image_clip: <function VideoClip.set_position.<locals>.<lambda> at 0x7ff9f078cfe0>
2024-08-15 13:29:47.528 | INFO     | __main__:omprint:30 - [DEBUG] options_top_margin: 941
2024-08-15 13:29:47.687 | INFO     | __main__:omprint:30 - [DEBUG] video_total_duration 1: 6.49
2024-08-15 13:29:47.687 | INFO     | __main__:omprint:30 - [DEBUG] narration_audio.duration: 1.49
2024-08-15 13:29:47.687 | INFO     | __main__:omprint:30 - [DEBUG] clock_sound_effects.duration: 3
2024-08-15 13:29:47.688 | INFO     | __main__:omprint:30 - [DEBUG] ding_sound_effects.duration: 2
2024-08-15 13:29:47.688 | INFO     | __main__:omprint:30 - [DEBUG] narration_audio_winner.duration: 0.85
2024-08-15 13:29:47.688 | INFO     | __main__:omprint:30 - [DEBUG] final_audio.duration 2: 6.49
2024-08-15 13:29:47.688 | INFO     | __main__:omprint:30 - [DEBUG] final_clip.duration 2: 6.49
2024-08-15 13:29:48.221 | INFO     | __main__:omprint:30 - [DEBUG] video_total_duration: 6.35
2024-08-15 13:29:48.254 | INFO     | __main__:omprint:30 - [DEBUG] add_question_text - max_width: 920
2024-08-15 13:29:48.255 | INFO     | __main__:omprint:30 - [DEBUG] add_question_text - text_length: 35
2024-08-15 13:29:48.255 | INFO     | __main__:omprint:30 - [DEBUG] add_question_text - fontsize: 80
2024-08-15 13:29:48.317 | INFO     | __main__:omprint:30 - [DEBUG] question_image_clip: <function VideoClip.set_position.<locals>.<lambda> at 0x7ff9f4762d40>
2024-08-15 13:29:48.318 | INFO     | __main__:omprint:30 - [DEBUG] options_top_margin: 941
2024-08-15 13:29:48.470 | INFO     | __main__:omprint:30 - [DEBUG] video_total_duration 1: 6.35
2024-08-15 13:29:48.471 | INFO     | __main__:omprint:30 - [DEBUG] narration_audio.duration: 1.35
2024-08-15 13:29:48.472 | INFO     | __main__:omprint:30 - [DEBUG] clock_sound_effects.duration: 3
2024-08-15 13:29:48.473 | INFO     | __main__:omprint:30 - [DEBUG] ding_sound_effects.duration: 2
2024-08-15 13:29:48.474 | INFO     | __main__:omprint:30 - [DEBUG] narration_audio_winner.duration: 0.68
2024-08-15 13:29:48.474 | INFO     | __main__:omprint:30 - [DEBUG] final_audio.duration 2: 6.35
2024-08-15 13:29:48.475 | INFO     | __main__:omprint:30 - [DEBUG] final_clip.duration 2: 6.35
2024-08-15 13:29:48.685 | INFO     | __main__:omprint:30 - create_background_video - background_clip.w, background_clip.h: 1080 1920
2024-08-15 13:30:42.776 | INFO     | __main__:omprint:30 - Ya hay un proceso en ejecuci贸n.
2024-08-15 13:31:16.868 | INFO     | __main__:omprint:30 - Tiempo de procesamiento: 90.98587226867676 segundos
2024-08-15 13:31:16.869 | INFO     | __main__:omprint:30 - video_to_upload: https://trivias.luxuryroamers.com/generados/videos/6cb4c5ff-512d-4d61-a363-0cbf5bddbf9f.mp4
2024-08-15 13:31:16.869 | INFO     | __main__:omprint:30 - El script tom贸 93.91 segundos en ejecutarse.
2024-08-15 13:31:21.875 | INFO     | __main__:omprint:30 - pending_processes: []
2024-08-15 13:31:21.876 | INFO     | __main__:omprint:30 - No hay m谩s procesos pendientes.
2024-08-15 13:31:42.777 | INFO     | __main__:omprint:30 - pending_processes: []
2024-08-15 13:31:42.777 | INFO     | __main__:omprint:30 - No hay m谩s procesos pendientes.
