2024-08-14 01:40:50.742 | INFO     | __main__:omprint:30 - pending_processes: [{'uuid': '75751e06-501a-4dbd-aaa9-b28b808cc7c5', 'language': 'Espanol', 'voice': 'Pedro', 'main_question': 'quiz sobre conocimiento de nombres de deportes usando emojis', 'num_questions': 2, 'num_options': 3, 'background_music': 'Animada', 'background_video': 'espacio2', 'fecha_creacion': '2024-08-14T01:40:50.731387+00:00', 'fecha_modificacion': '2024-08-14T01:40:50.731387+00:00', 'estado': 'pendiente'}]
2024-08-14 01:40:50.743 | INFO     | __main__:omprint:30 - Ejecutando el proceso ID: 75751e06-501a-4dbd-aaa9-b28b808cc7c5
2024-08-14 01:40:50.744 | INFO     | __main__:omprint:30 - ---------------------------------------------------
2024-08-14 01:40:50.744 | INFO     | __main__:omprint:30 - uuid4, language, voice, main_question, num_questions, num_options, background_music, background_video: 75751e06-501a-4dbd-aaa9-b28b808cc7c5 Espanol Pedro quiz sobre conocimiento de nombres de deportes usando emojis 2 3 Animada espacio2
2024-08-14 01:40:50.745 | INFO     | __main__:omprint:30 - ---------------------------------------------------
2024-08-14 01:40:50.745 | INFO     | __main__:omprint:30 - Genera una lista de 2 preguntas cortas en formato JSON para un quiz / trivia sobre ['quiz sobre conocimiento de nombres de deportes usando emojis']. El JSON debe incluir una pregunta principal corta sin emojis en ella, con el estilo MrBeast en la propiedad 'main_question' que aplique para todas las preguntas de la propiedad 'questions', seguido de un array 'questions' que contenga objetos con las siguientes propiedades: el texto de la pregunta corta sin emojis en ella con variantes  para hacer la pronunciación más humana y consistente SIN INCLUIR EL EMOJI, una imagen representada como un emoji, opciones de respuesta con 3 opciones donde alternes la opción correcta en las diferentes posiciones del arreglo de opciones entre 0 y 2, (IMPORTANTE: deben tener un tamano de 18 caracteres máximo por opción), y el índice de la opción correcta (IMPORTANTE: Las opciones correctas deben estár en posiciones aleatorias entre 0 y 2 dentro del arreglo de la propiedad 'options').

Aquí hay un ejemplo del formato:

{
  "main_question": "Pregunta principal de ejemplo?",
  "questions": [
    {
        "question_text": "Variantes de la pregunta de ejemplo?",
        "question_image": "🇩🇴",
        "options": ['"Opción 1"', '"Opción 2"', '"Opción 3"'],
        "correct_option_index": 2
    }
  ]
} 

Notas Importantes: - En las opciones distribuye de forma equitativa y no secuencial la asignación de las opciones correctas en posiciones entre 0 y {num_options - 1}.
- Todos los campos son obligatorios que estén presentes aunque estén en blanco.
- REALIZA UNA DOBE VERIFICACION DE LAS OPCIONES CORRECTAS. NO PUEDES COMETER ERRORES.

2024-08-14 01:40:52.746 | INFO     | __main__:omprint:30 - {'main_question': '¿Puedes adivinar el deporte usando emojis?', 'questions': [{'question_text': '¿Qué deporte representa esto?', 'question_image': '⚽', 'options': ['Béisbol', 'Fútbol', 'Baloncesto'], 'correct_option_index': 1}, {'question_text': 'Identifica el deporte que ves:', 'question_image': '🏀', 'options': ['Fútbol', 'Golf', 'Baloncesto'], 'correct_option_index': 2}]}
2024-08-14 01:40:53.431 | INFO     | __main__:omprint:30 - [DEBUG] generate_trivia_video - narration_audio.duration: 1.68
2024-08-14 01:40:53.432 | INFO     | __main__:omprint:30 - [DEBUG] generate_trivia_video - clock_sound_effects.duration: 3
2024-08-14 01:40:53.432 | INFO     | __main__:omprint:30 - [DEBUG] generate_trivia_video - ding_sound_effects.duration: 2
2024-08-14 01:40:53.433 | INFO     | __main__:omprint:30 - [DEBUG] generate_trivia_video - total: 6.68
2024-08-14 01:40:53.433 | INFO     | __main__:omprint:30 - [DEBUG] generate_trivia_video - narration_audio_winner.duration: 0.7
2024-08-14 01:40:53.434 | INFO     | __main__:omprint:30 - [DEBUG] video_total_duration: 6.68
2024-08-14 01:40:53.658 | INFO     | __main__:omprint:30 - [DEBUG] add_question_text - max_width: 2000
2024-08-14 01:40:53.658 | INFO     | __main__:omprint:30 - [DEBUG] add_question_text - text_length: 42
2024-08-14 01:40:53.659 | INFO     | __main__:omprint:30 - [DEBUG] add_question_text - fontsize: 80
2024-08-14 01:40:54.051 | INFO     | __main__:omprint:30 - [DEBUG] video_total_duration 1: 6.68
2024-08-14 01:40:54.052 | INFO     | __main__:omprint:30 - [DEBUG] narration_audio.duration: 1.68
2024-08-14 01:40:54.052 | INFO     | __main__:omprint:30 - [DEBUG] clock_sound_effects.duration: 3
2024-08-14 01:40:54.053 | INFO     | __main__:omprint:30 - [DEBUG] ding_sound_effects.duration: 2
2024-08-14 01:40:54.053 | INFO     | __main__:omprint:30 - [DEBUG] narration_audio_winner.duration: 0.7
2024-08-14 01:40:54.054 | INFO     | __main__:omprint:30 - [DEBUG] final_audio.duration 2: 6.68
2024-08-14 01:40:54.054 | INFO     | __main__:omprint:30 - [DEBUG] final_clip.duration 2: 6.68
2024-08-14 01:40:54.592 | INFO     | __main__:omprint:30 - [DEBUG] generate_trivia_video - narration_audio.duration: 1.69
2024-08-14 01:40:54.593 | INFO     | __main__:omprint:30 - [DEBUG] generate_trivia_video - clock_sound_effects.duration: 3
2024-08-14 01:40:54.593 | INFO     | __main__:omprint:30 - [DEBUG] generate_trivia_video - ding_sound_effects.duration: 2
2024-08-14 01:40:54.593 | INFO     | __main__:omprint:30 - [DEBUG] generate_trivia_video - total: 6.6899999999999995
2024-08-14 01:40:54.594 | INFO     | __main__:omprint:30 - [DEBUG] generate_trivia_video - narration_audio_winner.duration: 0.89
2024-08-14 01:40:54.595 | INFO     | __main__:omprint:30 - [DEBUG] video_total_duration: 6.6899999999999995
2024-08-14 01:40:54.829 | INFO     | __main__:omprint:30 - [DEBUG] add_question_text - max_width: 2000
2024-08-14 01:40:54.829 | INFO     | __main__:omprint:30 - [DEBUG] add_question_text - text_length: 42
2024-08-14 01:40:54.830 | INFO     | __main__:omprint:30 - [DEBUG] add_question_text - fontsize: 80
2024-08-14 01:40:55.227 | INFO     | __main__:omprint:30 - [DEBUG] video_total_duration 1: 6.6899999999999995
2024-08-14 01:40:55.228 | INFO     | __main__:omprint:30 - [DEBUG] narration_audio.duration: 1.69
2024-08-14 01:40:55.228 | INFO     | __main__:omprint:30 - [DEBUG] clock_sound_effects.duration: 3
2024-08-14 01:40:55.229 | INFO     | __main__:omprint:30 - [DEBUG] ding_sound_effects.duration: 2
2024-08-14 01:40:55.229 | INFO     | __main__:omprint:30 - [DEBUG] narration_audio_winner.duration: 0.89
2024-08-14 01:40:55.230 | INFO     | __main__:omprint:30 - [DEBUG] final_audio.duration 2: 6.6899999999999995
2024-08-14 01:40:55.230 | INFO     | __main__:omprint:30 - [DEBUG] final_clip.duration 2: 6.6899999999999995
2024-08-14 01:40:55.231 | INFO     | __main__:omprint:30 - [DEBUG] all_clips[0] - start: 0, duration: 6.68, end: 6.68
2024-08-14 01:40:55.231 | INFO     | __main__:omprint:30 - [DEBUG] all_clips[1] - start: 0, duration: 6.6899999999999995, end: 6.6899999999999995
2024-08-14 01:40:55.279 | INFO     | __main__:omprint:30 - [DEBUG] generate_combined_trivia_video - final_video.duration: 13.37
2024-08-14 01:40:55.942 | INFO     | __main__:omprint:30 - Ya hay un proceso en ejecución.
2024-08-14 01:41:55.943 | INFO     | __main__:omprint:30 - Ya hay un proceso en ejecución.
