2024-08-15 18:05:48.160 | INFO     | __main__:omprint:30 - pending_processes: [{'uuid': 'ebbcb3ef-b481-4caf-96ad-7bd932875212', 'language': 'Espanol', 'voice': 'Pedro', 'main_question': 'identificar tipos de vehiculos a partir de emojis', 'num_questions': 2, 'num_options': 3, 'background_music': 'animada1', 'background_video': 'playas2', 'fecha_creacion': '2024-08-15T18:05:48.155536+00:00', 'fecha_modificacion': '2024-08-15T18:05:48.155536+00:00', 'estado': 'pendiente'}]
2024-08-15 18:05:48.161 | INFO     | __main__:omprint:30 - Ejecutando el proceso ID: ebbcb3ef-b481-4caf-96ad-7bd932875212
2024-08-15 18:05:48.162 | INFO     | __main__:omprint:30 - ---------------------------------------------------
2024-08-15 18:05:48.162 | INFO     | __main__:omprint:30 - uuid4, language, voice, main_question, num_questions, num_options, background_music, background_video: ebbcb3ef-b481-4caf-96ad-7bd932875212 Espanol Pedro identificar tipos de vehiculos a partir de emojis 2 3 animada1 playas2
2024-08-15 18:05:48.162 | INFO     | __main__:omprint:30 - ---------------------------------------------------
2024-08-15 18:05:48.163 | INFO     | __main__:omprint:30 - uuidcode: ebbcb3ef-b481-4caf-96ad-7bd932875212
2024-08-15 18:05:48.163 | INFO     | __main__:omprint:30 - Genera una lista de 2 preguntas cortas en idioma Espanol en formato JSON para un quiz / trivia sobre ['identificar tipos de vehiculos a partir de emojis']. El JSON debe incluir una pregunta principal corta en idioma Espanol sin emojis en ella, con el estilo MrBeast en la propiedad 'main_question' que aplique para todas las preguntas de la propiedad 'questions', seguido de un arreglo 'questions' que contenga objetos con las siguientes propiedades: el texto de la pregunta corta en idioma Espanol sin emojis en ella con variantes  para hacer la pronunciación más humana y consistente SIN INCLUIR EL EMOJI, una imagen representada como un emoji, opciones de respuesta en idioma Espanol con 3 opciones donde alternes la opción correcta en las diferentes posiciones del arreglo de opciones entre 0 y 2, (IMPORTANTE: deben tener un tamano de 18 caracteres máximo por opción), y el índice de la opción correcta (IMPORTANTE: Las opciones correctas deben estár en posiciones aleatorias entre 0 y 2 dentro del arreglo de la propiedad 'options').

Aquí hay un ejemplo del formato:

{
  "main_question": "Pregunta principal de ejemplo?",
  "questions": [
    {
        "question_text": "Variantes de la pregunta de ejemplo?",
        "question_image": "🇩🇴",
        "options": ['"Opción 1"', '"Opción 2"', '"Opción 3"'],
        "correct_option_index": 2
    }
  ]
} 

Notas Importantes: - Todo el contenido que generes debe estar en idioma Espanol.
- En las opciones distribuye de forma equitativa y no secuencial la asignación de las opciones correctas en posiciones entre 0 y {num_options - 1}.
- Todos los campos son obligatorios que estén presentes aunque estén en blanco.
- REALIZA UNA DOBE VERIFICACION DE LAS OPCIONES CORRECTAS. NO PUEDES COMETER ERRORES.

2024-08-15 18:05:49.993 | INFO     | __main__:omprint:30 - {'main_question': '¿Puedes identificar el vehículo a partir del emoji?', 'questions': [{'question_text': '¿Qué vehículo representa?', 'question_image': '🚗', 'options': ['Bicicleta', 'Auto', 'Camión'], 'correct_option_index': 1}, {'question_text': '¿Qué vehículo es este?', 'question_image': '🚚', 'options': ['Motocicleta', 'Camión', 'Autobús'], 'correct_option_index': 0}]}
2024-08-15 18:05:50.524 | INFO     | __main__:omprint:30 - [DEBUG] video_total_duration: 6.39
2024-08-15 18:05:50.561 | INFO     | __main__:omprint:30 - [DEBUG] add_question_text - max_width: 920
2024-08-15 18:05:50.561 | INFO     | __main__:omprint:30 - [DEBUG] add_question_text - text_length: 51
2024-08-15 18:05:50.562 | INFO     | __main__:omprint:30 - [DEBUG] add_question_text - fontsize: 80
2024-08-15 18:05:50.628 | INFO     | __main__:omprint:30 - [DEBUG] question_image_clip: <function VideoClip.set_position.<locals>.<lambda> at 0x7d7544dd3920>
2024-08-15 18:05:50.628 | INFO     | __main__:omprint:30 - [DEBUG] options_top_margin: 941
2024-08-15 18:05:50.782 | INFO     | __main__:omprint:30 - [DEBUG] video_total_duration 1: 6.39
2024-08-15 18:05:50.783 | INFO     | __main__:omprint:30 - [DEBUG] narration_audio.duration: 1.39
2024-08-15 18:05:50.783 | INFO     | __main__:omprint:30 - [DEBUG] clock_sound_effects.duration: 3
2024-08-15 18:05:50.783 | INFO     | __main__:omprint:30 - [DEBUG] ding_sound_effects.duration: 2
2024-08-15 18:05:50.784 | INFO     | __main__:omprint:30 - [DEBUG] narration_audio_winner.duration: 0.61
2024-08-15 18:05:50.784 | INFO     | __main__:omprint:30 - [DEBUG] final_audio.duration 2: 6.39
2024-08-15 18:05:50.784 | INFO     | __main__:omprint:30 - [DEBUG] final_clip.duration 2: 6.39
2024-08-15 18:05:51.209 | INFO     | __main__:omprint:30 - Error al procesar el proceso ID: ebbcb3ef-b481-4caf-96ad-7bd932875212, error: [Errno 32] Broken pipe

MoviePy error: FFMPEG encountered the following error while writing file 1_./public/generados/videos/ebbcb3ef-b481-4caf-96ad-7bd932875212.mp4:

 b'1_./public/generados/videos/ebbcb3ef-b481-4caf-96ad-7bd932875212.mp4: No such file or directory\n'
2024-08-15 18:05:56.210 | INFO     | __main__:omprint:30 - pending_processes: []
2024-08-15 18:05:56.211 | INFO     | __main__:omprint:30 - No hay más procesos pendientes.
2024-08-15 18:06:24.868 | INFO     | __main__:omprint:30 - pending_processes: []
2024-08-15 18:06:24.868 | INFO     | __main__:omprint:30 - No hay más procesos pendientes.
2024-08-15 18:07:24.869 | INFO     | __main__:omprint:30 - pending_processes: []
2024-08-15 18:07:24.869 | INFO     | __main__:omprint:30 - No hay más procesos pendientes.
2024-08-15 18:08:24.870 | INFO     | __main__:omprint:30 - pending_processes: []
2024-08-15 18:08:24.870 | INFO     | __main__:omprint:30 - No hay más procesos pendientes.
