2024-08-16 17:29:55.957 | INFO     | __main__:omprint:30 - pending_processes: [{'uuid': '708514b3-6f95-4bc6-b946-58ec5e632444', 'language': 'French', 'voice': 'Lea', 'main_question': 'Una lista de 10 PELCULAS que puedan ser representados por 3 emojis secuenciales y que se respondan con una palabra.', 'num_questions': 2, 'num_options': 3, 'background_music': 'animada3', 'background_video': 'sanfrancisco1', 'fecha_creacion': '2024-08-16T17:29:55.951154+00:00', 'fecha_modificacion': '2024-08-16T17:29:55.951154+00:00', 'estado': 'pendiente'}]
2024-08-16 17:29:55.958 | INFO     | __main__:omprint:30 - Ejecutando el proceso ID: 708514b3-6f95-4bc6-b946-58ec5e632444
2024-08-16 17:29:55.959 | INFO     | __main__:omprint:30 - ---------------------------------------------------
2024-08-16 17:29:55.959 | INFO     | __main__:omprint:30 - uuid4, language, voice, main_question, num_questions, num_options, background_music, background_video: 708514b3-6f95-4bc6-b946-58ec5e632444 French Lea Una lista de 10 PELCULAS que puedan ser representados por 3 emojis secuenciales y que se respondan con una palabra. 2 3 animada3 sanfrancisco1
2024-08-16 17:29:55.959 | INFO     | __main__:omprint:30 - ---------------------------------------------------
2024-08-16 17:29:55.960 | INFO     | __main__:omprint:30 - Genera una lista de 2 preguntas cortas en idioma French en formato JSON para un quiz / trivia sobre ['Una lista de 10 PELCULAS que puedan ser representados por 3 emojis secuenciales y que se respondan con una palabra.']. El JSON debe incluir una pregunta principal corta en idioma French sin emojis en ella, con el estilo MrBeast en la propiedad 'main_question' que aplique para todas las preguntas de la propiedad 'questions', seguido de un arreglo 'questions' que contenga objetos con las siguientes propiedades: el texto de la pregunta corta en idioma French sin emojis en ella con variantes  para hacer la pronunciaci贸n m谩s humana y consistente SIN INCLUIR EL EMOJI, una imagen representada como un emoji, opciones de respuesta en idioma French con 3 opciones donde alternes la opci贸n correcta en las diferentes posiciones del arreglo de opciones entre 0 y 2, (IMPORTANTE: deben tener un tamano de 18 caracteres m谩ximo por opci贸n), y el 铆ndice de la opci贸n correcta (IMPORTANTE: Las opciones correctas deben est谩r en posiciones aleatorias entre 0 y 2 dentro del arreglo de la propiedad 'options').

Aqu铆 hay un ejemplo del formato:

{
  "main_question": "Pregunta principal de ejemplo?",
  "questions": [
    {
        "question_text": "Variantes de la pregunta de ejemplo?",
        "question_image": "",
        "options": ['"Opci贸n 1"', '"Opci贸n 2"', '"Opci贸n 3"'],
        "correct_option_index": 2
    }
  ]
} 

Notas Importantes: - Todo el contenido que generes debe estar en idioma French.
- En las opciones distribuye de forma equitativa y no secuencial la asignaci贸n de las opciones correctas en posiciones entre 0 y {num_options - 1}.
- Todos los campos son obligatorios que est茅n presentes aunque est茅n en blanco.
- REALIZA UNA DOBE VERIFICACION DE LAS OPCIONES CORRECTAS. NO PUEDES COMETER ERRORES.

2024-08-16 17:29:57.888 | INFO     | __main__:omprint:30 - {'main_question': 'Devinez le film avec ces emojis!', 'questions': [{'question_text': 'Quel film est repr茅sent茅?', 'question_image': '', 'options': ['Titanic', 'Avatar', 'Inception'], 'correct_option_index': 1}, {'question_text': 'Identifiez le film!', 'question_image': '', 'options': ['Zootopie', 'La La Land', 'Kung Fu Panda'], 'correct_option_index': 0}]}
2024-08-16 17:29:57.888 | INFO     | __main__:omprint:30 - =========================================
 None 
=========================================
2024-08-16 17:29:57.889 | INFO     | __main__:omprint:30 - Error on attempt 1: Voice with Languaje 'French' and VoiceId 'Lea' not found.
2024-08-16 17:30:00.889 | INFO     | __main__:omprint:30 - =========================================
 None 
=========================================
2024-08-16 17:30:00.890 | INFO     | __main__:omprint:30 - Error on attempt 2: Voice with Languaje 'French' and VoiceId 'Lea' not found.
2024-08-16 17:30:03.890 | INFO     | __main__:omprint:30 - =========================================
 None 
=========================================
2024-08-16 17:30:03.891 | INFO     | __main__:omprint:30 - Error on attempt 3: Voice with Languaje 'French' and VoiceId 'Lea' not found.
