2024-08-15 18:34:07.505 | INFO     | __main__:omprint:30 - pending_processes: [{'uuid': '48c2c5f6-2a61-4735-b081-96a8a02da9a9', 'language': 'Espanol', 'voice': 'Pedro', 'main_question': 'identificar tipos de números a partir de emojis', 'num_questions': 2, 'num_options': 3, 'background_music': 'animada2', 'background_video': 'playas2', 'fecha_creacion': '2024-08-15T18:34:07.492421+00:00', 'fecha_modificacion': '2024-08-15T18:34:07.492421+00:00', 'estado': 'pendiente'}]
2024-08-15 18:34:07.506 | INFO     | __main__:omprint:30 - Ejecutando el proceso ID: 48c2c5f6-2a61-4735-b081-96a8a02da9a9
2024-08-15 18:34:07.506 | INFO     | __main__:omprint:30 - ---------------------------------------------------
2024-08-15 18:34:07.507 | INFO     | __main__:omprint:30 - uuid4, language, voice, main_question, num_questions, num_options, background_music, background_video: 48c2c5f6-2a61-4735-b081-96a8a02da9a9 Espanol Pedro identificar tipos de números a partir de emojis 2 3 animada2 playas2
2024-08-15 18:34:07.507 | INFO     | __main__:omprint:30 - ---------------------------------------------------
2024-08-15 18:34:07.507 | INFO     | __main__:omprint:30 - Genera una lista de 2 preguntas cortas en idioma Espanol en formato JSON para un quiz / trivia sobre ['identificar tipos de números a partir de emojis']. El JSON debe incluir una pregunta principal corta en idioma Espanol sin emojis en ella, con el estilo MrBeast en la propiedad 'main_question' que aplique para todas las preguntas de la propiedad 'questions', seguido de un arreglo 'questions' que contenga objetos con las siguientes propiedades: el texto de la pregunta corta en idioma Espanol sin emojis en ella con variantes  para hacer la pronunciación más humana y consistente SIN INCLUIR EL EMOJI, una imagen representada como un emoji, opciones de respuesta en idioma Espanol con 3 opciones donde alternes la opción correcta en las diferentes posiciones del arreglo de opciones entre 0 y 2, (IMPORTANTE: deben tener un tamano de 18 caracteres máximo por opción), y el índice de la opción correcta (IMPORTANTE: Las opciones correctas deben estár en posiciones aleatorias entre 0 y 2 dentro del arreglo de la propiedad 'options').

Aquí hay un ejemplo del formato:

{
  "main_question": "Pregunta principal de ejemplo?",
  "questions": [
    {
        "question_text": "Variantes de la pregunta de ejemplo?",
        "question_image": "🇩🇴",
        "options": ['"Opción 1"', '"Opción 2"', '"Opción 3"'],
        "correct_option_index": 2
    }
  ]
} 

Notas Importantes: - Todo el contenido que generes debe estar en idioma Espanol.
- En las opciones distribuye de forma equitativa y no secuencial la asignación de las opciones correctas en posiciones entre 0 y {num_options - 1}.
- Todos los campos son obligatorios que estén presentes aunque estén en blanco.
- REALIZA UNA DOBE VERIFICACION DE LAS OPCIONES CORRECTAS. NO PUEDES COMETER ERRORES.

2024-08-15 18:34:09.487 | INFO     | __main__:omprint:30 - {'main_question': '¿Puedes identificar el tipo de número a partir de los emojis?', 'questions': [{'question_text': '¿Qué tipo de número es el emoji 1️⃣?', 'question_image': '1️⃣', 'options': ['Número natural', 'Número entero', 'Número primo'], 'correct_option_index': 0}, {'question_text': '¿Qué tipo de número es el emoji 2️⃣?', 'question_image': '2️⃣', 'options': ['Número entero', 'Número racional', 'Número primo'], 'correct_option_index': 1}]}
2024-08-15 18:34:10.069 | INFO     | __main__:omprint:30 - [DEBUG] generate_trivia_video - ctxVideo: {'video_width': 1080, 'video_height': 1920, 'video_duration': 7.04}
2024-08-15 18:34:10.069 | INFO     | __main__:omprint:30 - [DEBUG] generate_trivia_video - video_total_duration: 7.04
2024-08-15 18:34:10.106 | INFO     | __main__:omprint:30 - [DEBUG] generate_trivia_video - logo_clip.w, logo_clip.h: 540 175
2024-08-15 18:34:10.107 | INFO     | __main__:omprint:30 - [DEBUG] add_question_text - max_width: 920
2024-08-15 18:34:10.107 | INFO     | __main__:omprint:30 - [DEBUG] add_question_text - text_length: 61
2024-08-15 18:34:10.107 | INFO     | __main__:omprint:30 - [DEBUG] add_question_text - fontsize: 76
2024-08-15 18:34:10.170 | INFO     | __main__:omprint:30 - [DEBUG] generate_trivia_video - question_clip.w, question_clip.h: 920 279
2024-08-15 18:34:10.178 | INFO     | __main__:omprint:30 - [DEBUG] generate_trivia_video - question_image_clip.w, question_image_clip.h: 161 160
2024-08-15 18:34:10.178 | INFO     | __main__:omprint:30 - [DEBUG] question_image_clip: <function VideoClip.set_position.<locals>.<lambda> at 0x775e486c3b00>
2024-08-15 18:34:10.178 | INFO     | __main__:omprint:30 - [DEBUG] options_top_margin: 929
2024-08-15 18:34:10.330 | INFO     | __main__:omprint:30 - [DEBUG] generate_trivia_video - account_clip.w, account_clip.h: 430 64
2024-08-15 18:34:10.341 | INFO     | __main__:omprint:30 - [DEBUG] video_total_duration 1: 7.04
2024-08-15 18:34:10.342 | INFO     | __main__:omprint:30 - [DEBUG] narration_audio.duration: 2.04
2024-08-15 18:34:10.342 | INFO     | __main__:omprint:30 - [DEBUG] clock_sound_effects.duration: 3
2024-08-15 18:34:10.342 | INFO     | __main__:omprint:30 - [DEBUG] ding_sound_effects.duration: 2
2024-08-15 18:34:10.342 | INFO     | __main__:omprint:30 - [DEBUG] narration_audio_winner.duration: 1.04
2024-08-15 18:34:10.343 | INFO     | __main__:omprint:30 - [DEBUG] final_audio.duration 2: 7.08
2024-08-15 18:34:10.343 | INFO     | __main__:omprint:30 - [DEBUG] final_clip.duration 2: 7.04
2024-08-15 18:34:10.343 | INFO     | __main__:omprint:30 - [DEBUG]: generate_combined_trivia_video - trivia_clip.w, trivia_clip.h, trivia_clip.duration: 540 175 7.04
2024-08-15 18:34:21.965 | INFO     | __main__:omprint:30 - [DEBUG] generate_trivia_video - ctxVideo: {'video_width': 1080, 'video_height': 1920, 'video_duration': 7.04}
2024-08-15 18:34:21.966 | INFO     | __main__:omprint:30 - [DEBUG] generate_trivia_video - video_total_duration: 7.04
2024-08-15 18:34:21.996 | INFO     | __main__:omprint:30 - [DEBUG] generate_trivia_video - logo_clip.w, logo_clip.h: 540 175
2024-08-15 18:34:21.996 | INFO     | __main__:omprint:30 - [DEBUG] add_question_text - max_width: 920
2024-08-15 18:34:21.997 | INFO     | __main__:omprint:30 - [DEBUG] add_question_text - text_length: 61
2024-08-15 18:34:21.997 | INFO     | __main__:omprint:30 - [DEBUG] add_question_text - fontsize: 76
2024-08-15 18:34:22.059 | INFO     | __main__:omprint:30 - [DEBUG] generate_trivia_video - question_clip.w, question_clip.h: 920 279
2024-08-15 18:34:22.067 | INFO     | __main__:omprint:30 - [DEBUG] generate_trivia_video - question_image_clip.w, question_image_clip.h: 161 160
2024-08-15 18:34:22.068 | INFO     | __main__:omprint:30 - [DEBUG] question_image_clip: <function VideoClip.set_position.<locals>.<lambda> at 0x775e3b2e80e0>
2024-08-15 18:34:22.068 | INFO     | __main__:omprint:30 - [DEBUG] options_top_margin: 929
2024-08-15 18:34:22.218 | INFO     | __main__:omprint:30 - [DEBUG] generate_trivia_video - account_clip.w, account_clip.h: 430 64
2024-08-15 18:34:22.228 | INFO     | __main__:omprint:30 - [DEBUG] video_total_duration 1: 7.04
2024-08-15 18:34:22.229 | INFO     | __main__:omprint:30 - [DEBUG] narration_audio.duration: 2.04
2024-08-15 18:34:22.229 | INFO     | __main__:omprint:30 - [DEBUG] clock_sound_effects.duration: 3
2024-08-15 18:34:22.230 | INFO     | __main__:omprint:30 - [DEBUG] ding_sound_effects.duration: 2
2024-08-15 18:34:22.230 | INFO     | __main__:omprint:30 - [DEBUG] narration_audio_winner.duration: 1.11
2024-08-15 18:34:22.230 | INFO     | __main__:omprint:30 - [DEBUG] final_audio.duration 2: 7.15
2024-08-15 18:34:22.231 | INFO     | __main__:omprint:30 - [DEBUG] final_clip.duration 2: 7.04
2024-08-15 18:34:22.231 | INFO     | __main__:omprint:30 - [DEBUG]: generate_combined_trivia_video - trivia_clip.w, trivia_clip.h, trivia_clip.duration: 540 175 7.04
2024-08-15 18:34:33.738 | INFO     | __main__:omprint:30 - create_background_video - background_clip.w, background_clip.h: 1080 1920
2024-08-15 18:34:33.744 | INFO     | __main__:omprint:30 - trivia_sequence: <moviepy.video.compositing.CompositeVideoClip.CompositeVideoClip object at 0x775e48b164d0>
2024-08-15 18:34:39.438 | INFO     | __main__:omprint:30 - Ya hay un proceso en ejecución.
2024-08-15 18:35:08.248 | INFO     | __main__:omprint:30 - Error al procesar el proceso ID: 48c2c5f6-2a61-4735-b081-96a8a02da9a9, error: x1 must be greater than or equal to x0
2024-08-15 18:35:13.249 | INFO     | __main__:omprint:30 - pending_processes: []
2024-08-15 18:35:13.250 | INFO     | __main__:omprint:30 - No hay más procesos pendientes.
2024-08-15 18:35:39.439 | INFO     | __main__:omprint:30 - pending_processes: []
2024-08-15 18:35:39.439 | INFO     | __main__:omprint:30 - No hay más procesos pendientes.
2024-08-15 18:36:39.440 | INFO     | __main__:omprint:30 - pending_processes: []
2024-08-15 18:36:39.440 | INFO     | __main__:omprint:30 - No hay más procesos pendientes.
2024-08-15 18:37:39.441 | INFO     | __main__:omprint:30 - pending_processes: []
2024-08-15 18:37:39.441 | INFO     | __main__:omprint:30 - No hay más procesos pendientes.
2024-08-15 18:38:39.442 | INFO     | __main__:omprint:30 - pending_processes: []
2024-08-15 18:38:39.442 | INFO     | __main__:omprint:30 - No hay más procesos pendientes.
2024-08-15 18:39:39.443 | INFO     | __main__:omprint:30 - pending_processes: []
2024-08-15 18:39:39.443 | INFO     | __main__:omprint:30 - No hay más procesos pendientes.
2024-08-15 18:40:39.443 | INFO     | __main__:omprint:30 - pending_processes: []
2024-08-15 18:40:39.444 | INFO     | __main__:omprint:30 - No hay más procesos pendientes.
2024-08-15 18:41:39.445 | INFO     | __main__:omprint:30 - pending_processes: []
2024-08-15 18:41:39.445 | INFO     | __main__:omprint:30 - No hay más procesos pendientes.
2024-08-15 18:42:39.445 | INFO     | __main__:omprint:30 - pending_processes: []
2024-08-15 18:42:39.446 | INFO     | __main__:omprint:30 - No hay más procesos pendientes.
2024-08-15 18:43:39.446 | INFO     | __main__:omprint:30 - pending_processes: []
2024-08-15 18:43:39.447 | INFO     | __main__:omprint:30 - No hay más procesos pendientes.
2024-08-15 18:44:39.447 | INFO     | __main__:omprint:30 - pending_processes: []
2024-08-15 18:44:39.448 | INFO     | __main__:omprint:30 - No hay más procesos pendientes.
2024-08-15 18:45:39.448 | INFO     | __main__:omprint:30 - pending_processes: []
2024-08-15 18:45:39.449 | INFO     | __main__:omprint:30 - No hay más procesos pendientes.
2024-08-15 18:46:39.449 | INFO     | __main__:omprint:30 - pending_processes: []
2024-08-15 18:46:39.450 | INFO     | __main__:omprint:30 - No hay más procesos pendientes.
