2024-08-13 18:37:56.373 | INFO     | __main__:omprint:30 - pending_processes: [{'uuid': 'c85c68ba-9bf7-465f-a6bf-8c008bb540fb', 'language': 'Espanol', 'voice': 'Lupe', 'main_question': 'trivia quizz sobre identificar deportes a partir de emojis', 'num_questions': 3, 'num_options': 5, 'background_music': 'Animada', 'background_video': 'espacio2', 'fecha_creacion': '2024-08-13T18:37:56.368435+00:00', 'fecha_modificacion': '2024-08-13T18:37:56.368435+00:00', 'estado': 'pendiente'}]
2024-08-13 18:37:56.374 | INFO     | __main__:omprint:30 - Ejecutando el proceso ID: c85c68ba-9bf7-465f-a6bf-8c008bb540fb
2024-08-13 18:37:56.374 | INFO     | __main__:omprint:30 - ---------------------------------------------------
2024-08-13 18:37:56.375 | INFO     | __main__:omprint:30 - uuid4, language, voice, main_question, num_questions, num_options, background_music, background_video: c85c68ba-9bf7-465f-a6bf-8c008bb540fb Espanol Lupe trivia quizz sobre identificar deportes a partir de emojis 3 5 Animada espacio2
2024-08-13 18:37:56.375 | INFO     | __main__:omprint:30 - ---------------------------------------------------
2024-08-13 18:37:56.375 | INFO     | __main__:omprint:30 - Genera una lista de 3 preguntas cortas en formato JSON para un quiz / trivia sobre ['trivia quizz sobre identificar deportes a partir de emojis']. El JSON debe incluir una pregunta principal corta sin emojis en ella, con el estilo MrBeast en la propiedad 'main_question' que aplique para todas las preguntas de la propiedad 'questions', seguido de un array 'questions' que contenga objetos con las siguientes propiedades: el texto de la pregunta corta sin emojis en ella con variantes  para hacer la pronunciación más humana y consistente SIN INCLUIR EL EMOJI, una imagen representada como un emoji, opciones de respuesta con 5 opciones donde alternes la opción correcta en las diferentes posiciones del arreglo de opciones entre 0 y 4, (IMPORTANTE: deben tener un tamano de 18 caracteres máximo por opción), y el índice de la opción correcta (IMPORTANTE: Las opciones correctas deben estár en posiciones aleatorias entre 0 y 4 dentro del arreglo de la propiedad 'options').

Aquí hay un ejemplo del formato:

{
  "main_question": "Pregunta principal de ejemplo?",
  "questions": [
    {
        "question_text": "Variantes de la pregunta de ejemplo?",
        "question_image": "🇩🇴",
        "options": ['"Opción 1"', '"Opción 2"', '"Opción 3"', '"Opción 4"', '"Opción 5"'],
        "correct_option_index": 2
    }
  ]
} 

Notas Importantes: - En las opciones distribuye de forma equitativa y no secuencial la asignación de las opciones correctas en posiciones entre 0 y {num_options - 1}.
- Todos los campos son obligatorios que estén presentes aunque estén en blanco.
- REALIZA UNA DOBE VERIFICACION DE LAS OPCIONES CORRECTAS. NO PUEDES COMETER ERRORES.

2024-08-13 18:37:59.004 | INFO     | __main__:omprint:30 - {'main_question': '¿Puedes adivinar el deporte basado en emojis?', 'questions': [{'question_text': '¿Qué deporte representa esta imagen?', 'question_image': '⛷️', 'options': ['Fútbol', 'Esquí', 'Golf', 'Béisbol', 'Ciclismo'], 'correct_option_index': 1}, {'question_text': '¿Qué deporte es este emoji?', 'question_image': '🏀', 'options': ['Tenis', 'Baloncesto', 'Natación', 'Boxeo', 'Atletismo'], 'correct_option_index': 1}, {'question_text': '¿A qué deporte se refiere?', 'question_image': '⚾', 'options': ['Béisbol', 'Hockey', 'Rugby', 'Balonmano', 'Ciclismo'], 'correct_option_index': 0}]}
2024-08-13 18:37:59.710 | INFO     | __main__:omprint:30 - [DEBUG] generate_trivia_video - narration_audio.duration: 2.43
2024-08-13 18:37:59.710 | INFO     | __main__:omprint:30 - [DEBUG] generate_trivia_video - clock_sound_effects.duration: 3
2024-08-13 18:37:59.710 | INFO     | __main__:omprint:30 - [DEBUG] generate_trivia_video - ding_sound_effects.duration: 2
2024-08-13 18:37:59.711 | INFO     | __main__:omprint:30 - [DEBUG] generate_trivia_video - total: 7.43
2024-08-13 18:37:59.711 | INFO     | __main__:omprint:30 - [DEBUG] generate_trivia_video - narration_audio_winner.duration: 0.93
2024-08-13 18:37:59.711 | INFO     | __main__:omprint:30 - [DEBUG] video_total_duration: 7.43
2024-08-13 18:37:59.965 | INFO     | __main__:omprint:30 - [DEBUG] add_question_text - max_width: 2000
2024-08-13 18:37:59.965 | INFO     | __main__:omprint:30 - [DEBUG] add_question_text - text_length: 45
2024-08-13 18:37:59.966 | INFO     | __main__:omprint:30 - [DEBUG] add_question_text - fontsize: 80
2024-08-13 18:38:00.567 | INFO     | __main__:omprint:30 - [DEBUG] video_total_duration 1: 7.43
2024-08-13 18:38:00.567 | INFO     | __main__:omprint:30 - [DEBUG] narration_audio.duration: 2.43
2024-08-13 18:38:00.568 | INFO     | __main__:omprint:30 - [DEBUG] clock_sound_effects.duration: 3
2024-08-13 18:38:00.568 | INFO     | __main__:omprint:30 - [DEBUG] ding_sound_effects.duration: 2
2024-08-13 18:38:00.568 | INFO     | __main__:omprint:30 - [DEBUG] narration_audio_winner.duration: 0.93
2024-08-13 18:38:00.568 | INFO     | __main__:omprint:30 - [DEBUG] final_audio.duration 2: 7.43
2024-08-13 18:38:00.569 | INFO     | __main__:omprint:30 - [DEBUG] final_clip.duration 2: 7.43
2024-08-13 18:38:01.238 | INFO     | __main__:omprint:30 - [DEBUG] generate_trivia_video - narration_audio.duration: 2.24
2024-08-13 18:38:01.238 | INFO     | __main__:omprint:30 - [DEBUG] generate_trivia_video - clock_sound_effects.duration: 3
2024-08-13 18:38:01.238 | INFO     | __main__:omprint:30 - [DEBUG] generate_trivia_video - ding_sound_effects.duration: 2
2024-08-13 18:38:01.238 | INFO     | __main__:omprint:30 - [DEBUG] generate_trivia_video - total: 7.24
2024-08-13 18:38:01.239 | INFO     | __main__:omprint:30 - [DEBUG] generate_trivia_video - narration_audio_winner.duration: 1.3
2024-08-13 18:38:01.239 | INFO     | __main__:omprint:30 - [DEBUG] video_total_duration: 7.24
2024-08-13 18:38:01.492 | INFO     | __main__:omprint:30 - [DEBUG] add_question_text - max_width: 2000
2024-08-13 18:38:01.492 | INFO     | __main__:omprint:30 - [DEBUG] add_question_text - text_length: 45
2024-08-13 18:38:01.493 | INFO     | __main__:omprint:30 - [DEBUG] add_question_text - fontsize: 80
2024-08-13 18:38:02.083 | INFO     | __main__:omprint:30 - [DEBUG] video_total_duration 1: 7.24
2024-08-13 18:38:02.084 | INFO     | __main__:omprint:30 - [DEBUG] narration_audio.duration: 2.24
2024-08-13 18:38:02.084 | INFO     | __main__:omprint:30 - [DEBUG] clock_sound_effects.duration: 3
2024-08-13 18:38:02.084 | INFO     | __main__:omprint:30 - [DEBUG] ding_sound_effects.duration: 2
2024-08-13 18:38:02.085 | INFO     | __main__:omprint:30 - [DEBUG] narration_audio_winner.duration: 1.3
2024-08-13 18:38:02.085 | INFO     | __main__:omprint:30 - [DEBUG] final_audio.duration 2: 7.54
2024-08-13 18:38:02.085 | INFO     | __main__:omprint:30 - [DEBUG] final_clip.duration 2: 7.24
2024-08-13 18:38:02.874 | INFO     | __main__:omprint:30 - [DEBUG] generate_trivia_video - narration_audio.duration: 1.86
2024-08-13 18:38:02.874 | INFO     | __main__:omprint:30 - [DEBUG] generate_trivia_video - clock_sound_effects.duration: 3
2024-08-13 18:38:02.874 | INFO     | __main__:omprint:30 - [DEBUG] generate_trivia_video - ding_sound_effects.duration: 2
2024-08-13 18:38:02.874 | INFO     | __main__:omprint:30 - [DEBUG] generate_trivia_video - total: 6.86
2024-08-13 18:38:02.875 | INFO     | __main__:omprint:30 - [DEBUG] generate_trivia_video - narration_audio_winner.duration: 1.11
2024-08-13 18:38:02.875 | INFO     | __main__:omprint:30 - [DEBUG] video_total_duration: 6.86
2024-08-13 18:38:03.121 | INFO     | __main__:omprint:30 - [DEBUG] add_question_text - max_width: 2000
2024-08-13 18:38:03.121 | INFO     | __main__:omprint:30 - [DEBUG] add_question_text - text_length: 45
2024-08-13 18:38:03.121 | INFO     | __main__:omprint:30 - [DEBUG] add_question_text - fontsize: 80
2024-08-13 18:38:03.697 | INFO     | __main__:omprint:30 - [DEBUG] video_total_duration 1: 6.86
2024-08-13 18:38:03.697 | INFO     | __main__:omprint:30 - [DEBUG] narration_audio.duration: 1.86
2024-08-13 18:38:03.698 | INFO     | __main__:omprint:30 - [DEBUG] clock_sound_effects.duration: 3
2024-08-13 18:38:03.698 | INFO     | __main__:omprint:30 - [DEBUG] ding_sound_effects.duration: 2
2024-08-13 18:38:03.698 | INFO     | __main__:omprint:30 - [DEBUG] narration_audio_winner.duration: 1.11
2024-08-13 18:38:03.698 | INFO     | __main__:omprint:30 - [DEBUG] final_audio.duration 2: 6.970000000000001
2024-08-13 18:38:03.699 | INFO     | __main__:omprint:30 - [DEBUG] final_clip.duration 2: 6.86
2024-08-13 18:38:03.699 | INFO     | __main__:omprint:30 - [DEBUG] all_clips[0] - start: 0, duration: 7.43, end: 7.43
2024-08-13 18:38:03.699 | INFO     | __main__:omprint:30 - [DEBUG] all_clips[1] - start: 0, duration: 7.24, end: 7.24
2024-08-13 18:38:03.700 | INFO     | __main__:omprint:30 - [DEBUG] all_clips[2] - start: 0, duration: 6.86, end: 6.86
2024-08-13 18:38:03.748 | INFO     | __main__:omprint:30 - [DEBUG] generate_combined_trivia_video - final_video.duration: 21.53
2024-08-13 18:38:51.877 | INFO     | __main__:omprint:30 - Ya hay un proceso en ejecución.
2024-08-13 18:39:51.879 | INFO     | __main__:omprint:30 - Ya hay un proceso en ejecución.
2024-08-13 18:40:51.880 | INFO     | __main__:omprint:30 - Ya hay un proceso en ejecución.
2024-08-13 18:41:51.881 | INFO     | __main__:omprint:30 - Ya hay un proceso en ejecución.
2024-08-13 18:42:51.882 | INFO     | __main__:omprint:30 - Ya hay un proceso en ejecución.
2024-08-13 18:43:51.883 | INFO     | __main__:omprint:30 - Ya hay un proceso en ejecución.
2024-08-13 18:44:51.884 | INFO     | __main__:omprint:30 - Ya hay un proceso en ejecución.
2024-08-13 18:45:51.884 | INFO     | __main__:omprint:30 - Ya hay un proceso en ejecución.
2024-08-13 18:46:51.885 | INFO     | __main__:omprint:30 - Ya hay un proceso en ejecución.
2024-08-13 18:47:51.886 | INFO     | __main__:omprint:30 - Ya hay un proceso en ejecución.
2024-08-13 18:48:51.887 | INFO     | __main__:omprint:30 - Ya hay un proceso en ejecución.
2024-08-13 18:49:51.888 | INFO     | __main__:omprint:30 - Ya hay un proceso en ejecución.
2024-08-13 18:50:51.889 | INFO     | __main__:omprint:30 - Ya hay un proceso en ejecución.
2024-08-13 18:51:18.153 | INFO     | __main__:omprint:30 - Tiempo de procesamiento: 799.1478192806244 segundos
2024-08-13 18:51:18.153 | INFO     | __main__:omprint:30 - video_to_upload: https://trivias.luxuryroamers.com/c85c68ba-9bf7-465f-a6bf-8c008bb540fb/videos/c85c68ba-9bf7-465f-a6bf-8c008bb540fb.mp4
2024-08-13 18:51:18.153 | INFO     | __main__:omprint:30 - El script tomó 801.78 segundos en ejecutarse.
2024-08-13 18:51:23.158 | INFO     | __main__:omprint:30 - pending_processes: []
2024-08-13 18:51:23.159 | INFO     | __main__:omprint:30 - No hay más procesos pendientes.
2024-08-13 18:51:51.890 | INFO     | __main__:omprint:30 - pending_processes: []
2024-08-13 18:51:51.890 | INFO     | __main__:omprint:30 - No hay más procesos pendientes.
2024-08-13 18:52:51.891 | INFO     | __main__:omprint:30 - pending_processes: []
2024-08-13 18:52:51.891 | INFO     | __main__:omprint:30 - No hay más procesos pendientes.
2024-08-13 18:53:51.892 | INFO     | __main__:omprint:30 - pending_processes: []
2024-08-13 18:53:51.892 | INFO     | __main__:omprint:30 - No hay más procesos pendientes.
2024-08-13 18:54:51.893 | INFO     | __main__:omprint:30 - pending_processes: []
2024-08-13 18:54:51.893 | INFO     | __main__:omprint:30 - No hay más procesos pendientes.
2024-08-13 18:55:51.894 | INFO     | __main__:omprint:30 - pending_processes: []
2024-08-13 18:55:51.894 | INFO     | __main__:omprint:30 - No hay más procesos pendientes.
2024-08-13 18:56:51.895 | INFO     | __main__:omprint:30 - pending_processes: []
2024-08-13 18:56:51.895 | INFO     | __main__:omprint:30 - No hay más procesos pendientes.
2024-08-13 18:57:51.896 | INFO     | __main__:omprint:30 - pending_processes: []
2024-08-13 18:57:51.896 | INFO     | __main__:omprint:30 - No hay más procesos pendientes.
2024-08-13 18:58:51.897 | INFO     | __main__:omprint:30 - pending_processes: []
2024-08-13 18:58:51.897 | INFO     | __main__:omprint:30 - No hay más procesos pendientes.
2024-08-13 18:59:51.898 | INFO     | __main__:omprint:30 - pending_processes: []
2024-08-13 18:59:51.898 | INFO     | __main__:omprint:30 - No hay más procesos pendientes.
2024-08-13 19:00:51.899 | INFO     | __main__:omprint:30 - pending_processes: []
2024-08-13 19:00:51.899 | INFO     | __main__:omprint:30 - No hay más procesos pendientes.
2024-08-13 19:01:51.900 | INFO     | __main__:omprint:30 - pending_processes: []
2024-08-13 19:01:51.900 | INFO     | __main__:omprint:30 - No hay más procesos pendientes.
2024-08-13 19:02:51.901 | INFO     | __main__:omprint:30 - pending_processes: []
2024-08-13 19:02:51.901 | INFO     | __main__:omprint:30 - No hay más procesos pendientes.
2024-08-13 19:03:51.902 | INFO     | __main__:omprint:30 - pending_processes: []
2024-08-13 19:03:51.902 | INFO     | __main__:omprint:30 - No hay más procesos pendientes.
2024-08-13 19:04:51.903 | INFO     | __main__:omprint:30 - pending_processes: []
2024-08-13 19:04:51.903 | INFO     | __main__:omprint:30 - No hay más procesos pendientes.
2024-08-13 19:05:51.904 | INFO     | __main__:omprint:30 - pending_processes: []
2024-08-13 19:05:51.904 | INFO     | __main__:omprint:30 - No hay más procesos pendientes.
2024-08-13 19:06:51.905 | INFO     | __main__:omprint:30 - pending_processes: []
2024-08-13 19:06:51.905 | INFO     | __main__:omprint:30 - No hay más procesos pendientes.
2024-08-13 19:07:51.906 | INFO     | __main__:omprint:30 - pending_processes: []
2024-08-13 19:07:51.906 | INFO     | __main__:omprint:30 - No hay más procesos pendientes.
2024-08-13 19:08:51.907 | INFO     | __main__:omprint:30 - pending_processes: []
2024-08-13 19:08:51.907 | INFO     | __main__:omprint:30 - No hay más procesos pendientes.
2024-08-13 19:09:51.908 | INFO     | __main__:omprint:30 - pending_processes: []
2024-08-13 19:09:51.908 | INFO     | __main__:omprint:30 - No hay más procesos pendientes.
2024-08-13 19:10:51.908 | INFO     | __main__:omprint:30 - pending_processes: []
2024-08-13 19:10:51.909 | INFO     | __main__:omprint:30 - No hay más procesos pendientes.
2024-08-13 19:11:51.910 | INFO     | __main__:omprint:30 - pending_processes: []
2024-08-13 19:11:51.910 | INFO     | __main__:omprint:30 - No hay más procesos pendientes.
2024-08-13 19:12:51.910 | INFO     | __main__:omprint:30 - pending_processes: []
2024-08-13 19:12:51.911 | INFO     | __main__:omprint:30 - No hay más procesos pendientes.
2024-08-13 19:13:51.911 | INFO     | __main__:omprint:30 - pending_processes: []
2024-08-13 19:13:51.912 | INFO     | __main__:omprint:30 - No hay más procesos pendientes.
2024-08-13 19:14:51.912 | INFO     | __main__:omprint:30 - pending_processes: []
2024-08-13 19:14:51.913 | INFO     | __main__:omprint:30 - No hay más procesos pendientes.
2024-08-13 19:15:51.913 | INFO     | __main__:omprint:30 - pending_processes: []
2024-08-13 19:15:51.914 | INFO     | __main__:omprint:30 - No hay más procesos pendientes.
2024-08-13 19:16:51.914 | INFO     | __main__:omprint:30 - pending_processes: []
2024-08-13 19:16:51.915 | INFO     | __main__:omprint:30 - No hay más procesos pendientes.
2024-08-13 19:17:51.915 | INFO     | __main__:omprint:30 - pending_processes: []
2024-08-13 19:17:51.916 | INFO     | __main__:omprint:30 - No hay más procesos pendientes.
2024-08-13 19:18:51.916 | INFO     | __main__:omprint:30 - pending_processes: []
2024-08-13 19:18:51.917 | INFO     | __main__:omprint:30 - No hay más procesos pendientes.
2024-08-13 19:19:51.917 | INFO     | __main__:omprint:30 - pending_processes: []
2024-08-13 19:19:51.918 | INFO     | __main__:omprint:30 - No hay más procesos pendientes.
2024-08-13 19:20:51.918 | INFO     | __main__:omprint:30 - pending_processes: []
2024-08-13 19:20:51.919 | INFO     | __main__:omprint:30 - No hay más procesos pendientes.
2024-08-13 19:21:51.919 | INFO     | __main__:omprint:30 - pending_processes: []
2024-08-13 19:21:51.920 | INFO     | __main__:omprint:30 - No hay más procesos pendientes.
2024-08-13 19:22:51.920 | INFO     | __main__:omprint:30 - pending_processes: []
2024-08-13 19:22:51.921 | INFO     | __main__:omprint:30 - No hay más procesos pendientes.
