2024-08-15 13:07:34.596 | INFO     | __main__:omprint:30 - pending_processes: [{'uuid': '24440195-8c40-440f-82a2-5698a42d1109', 'language': 'Espanol', 'voice': 'Pedro', 'main_question': 'identificar tipos de edificaciones a partir de emojis', 'num_questions': 4, 'num_options': 3, 'background_music': 'deporte1', 'background_video': 'playas2', 'fecha_creacion': '2024-08-15T13:07:34.463109+00:00', 'fecha_modificacion': '2024-08-15T13:07:34.463109+00:00', 'estado': 'pendiente'}]
2024-08-15 13:07:34.598 | INFO     | __main__:omprint:30 - Ejecutando el proceso ID: 24440195-8c40-440f-82a2-5698a42d1109
2024-08-15 13:07:34.599 | INFO     | __main__:omprint:30 - ---------------------------------------------------
2024-08-15 13:07:34.600 | INFO     | __main__:omprint:30 - uuid4, language, voice, main_question, num_questions, num_options, background_music, background_video: 24440195-8c40-440f-82a2-5698a42d1109 Espanol Pedro identificar tipos de edificaciones a partir de emojis 4 3 deporte1 playas2
2024-08-15 13:07:34.602 | INFO     | __main__:omprint:30 - ---------------------------------------------------
2024-08-15 13:07:34.603 | INFO     | __main__:omprint:30 - Genera una lista de 4 preguntas cortas en idioma Espanol en formato JSON para un quiz / trivia sobre ['identificar tipos de edificaciones a partir de emojis']. El JSON debe incluir una pregunta principal corta en idioma Espanol sin emojis en ella, con el estilo MrBeast en la propiedad 'main_question' que aplique para todas las preguntas de la propiedad 'questions', seguido de un arreglo 'questions' que contenga objetos con las siguientes propiedades: el texto de la pregunta corta en idioma Espanol sin emojis en ella con variantes  para hacer la pronunciación más humana y consistente SIN INCLUIR EL EMOJI, una imagen representada como un emoji, opciones de respuesta en idioma Espanol con 3 opciones donde alternes la opción correcta en las diferentes posiciones del arreglo de opciones entre 0 y 2, (IMPORTANTE: deben tener un tamano de 18 caracteres máximo por opción), y el índice de la opción correcta (IMPORTANTE: Las opciones correctas deben estár en posiciones aleatorias entre 0 y 2 dentro del arreglo de la propiedad 'options').

Aquí hay un ejemplo del formato:

{
  "main_question": "Pregunta principal de ejemplo?",
  "questions": [
    {
        "question_text": "Variantes de la pregunta de ejemplo?",
        "question_image": "🇩🇴",
        "options": ['"Opción 1"', '"Opción 2"', '"Opción 3"'],
        "correct_option_index": 2
    }
  ]
} 

Notas Importantes: - Todo el contenido que generes debe estar en idioma Espanol.
- En las opciones distribuye de forma equitativa y no secuencial la asignación de las opciones correctas en posiciones entre 0 y {num_options - 1}.
- Todos los campos son obligatorios que estén presentes aunque estén en blanco.
- REALIZA UNA DOBE VERIFICACION DE LAS OPCIONES CORRECTAS. NO PUEDES COMETER ERRORES.

2024-08-15 13:07:39.162 | INFO     | __main__:omprint:30 - {'main_question': '¡Identifica la edificación que se representa!', 'questions': [{'question_text': '¿Qué edificio es este?', 'question_image': '🏰', 'options': ['Castillo', 'Iglesia', 'Museo'], 'correct_option_index': 0}, {'question_text': '¿Qué edificio representa?', 'question_image': '🏢', 'options': ['Casa', 'Edificio de oficinas', 'Torre de reloj'], 'correct_option_index': 1}, {'question_text': '¿A qué edificación se refiere?', 'question_image': '🏡', 'options': ['Plaza', 'Casa', 'Teatro'], 'correct_option_index': 1}, {'question_text': '¿Cuál es este lugar?', 'question_image': '⛪', 'options': ['Iglesia', 'Estadio', 'Centro comercial'], 'correct_option_index': 0}]}
2024-08-15 13:07:39.389 | INFO     | __main__:omprint:30 - create_background_video - background_clip.w, background_clip.h: 1080 1920
2024-08-15 13:07:39.982 | INFO     | __main__:omprint:30 - [DEBUG] video_total_duration: 6.24
2024-08-15 13:07:40.019 | INFO     | __main__:omprint:30 - [DEBUG] add_question_text - max_width: 920
2024-08-15 13:07:40.020 | INFO     | __main__:omprint:30 - [DEBUG] add_question_text - text_length: 45
2024-08-15 13:07:40.022 | INFO     | __main__:omprint:30 - [DEBUG] add_question_text - fontsize: 80
2024-08-15 13:07:40.095 | INFO     | __main__:omprint:30 - [DEBUG] question_image_clip: <function VideoClip.set_position.<locals>.<lambda> at 0x7e3d6dab9f80>
2024-08-15 13:07:40.095 | INFO     | __main__:omprint:30 - [DEBUG] options_top_margin: 941
2024-08-15 13:07:40.259 | INFO     | __main__:omprint:30 - [DEBUG] video_total_duration 1: 6.24
2024-08-15 13:07:40.260 | INFO     | __main__:omprint:30 - [DEBUG] narration_audio.duration: 1.24
2024-08-15 13:07:40.261 | INFO     | __main__:omprint:30 - [DEBUG] clock_sound_effects.duration: 3
2024-08-15 13:07:40.261 | INFO     | __main__:omprint:30 - [DEBUG] ding_sound_effects.duration: 2
2024-08-15 13:07:40.261 | INFO     | __main__:omprint:30 - [DEBUG] narration_audio_winner.duration: 0.75
2024-08-15 13:07:40.262 | INFO     | __main__:omprint:30 - [DEBUG] final_audio.duration 2: 6.24
2024-08-15 13:07:40.262 | INFO     | __main__:omprint:30 - [DEBUG] final_clip.duration 2: 6.24
2024-08-15 13:07:40.798 | INFO     | __main__:omprint:30 - [DEBUG] video_total_duration: 6.45
2024-08-15 13:07:40.831 | INFO     | __main__:omprint:30 - [DEBUG] add_question_text - max_width: 920
2024-08-15 13:07:40.831 | INFO     | __main__:omprint:30 - [DEBUG] add_question_text - text_length: 45
2024-08-15 13:07:40.831 | INFO     | __main__:omprint:30 - [DEBUG] add_question_text - fontsize: 80
2024-08-15 13:07:41.709 | INFO     | __main__:omprint:30 - [DEBUG] question_image_clip: <function VideoClip.set_position.<locals>.<lambda> at 0x7e3d5db414e0>
2024-08-15 13:07:41.709 | INFO     | __main__:omprint:30 - [DEBUG] options_top_margin: 941
2024-08-15 13:07:42.658 | INFO     | __main__:omprint:30 - [DEBUG] video_total_duration 1: 6.45
2024-08-15 13:07:42.659 | INFO     | __main__:omprint:30 - [DEBUG] narration_audio.duration: 1.45
2024-08-15 13:07:42.659 | INFO     | __main__:omprint:30 - [DEBUG] clock_sound_effects.duration: 3
2024-08-15 13:07:42.660 | INFO     | __main__:omprint:30 - [DEBUG] ding_sound_effects.duration: 2
2024-08-15 13:07:42.660 | INFO     | __main__:omprint:30 - [DEBUG] narration_audio_winner.duration: 1.43
2024-08-15 13:07:42.660 | INFO     | __main__:omprint:30 - [DEBUG] final_audio.duration 2: 6.88
2024-08-15 13:07:42.661 | INFO     | __main__:omprint:30 - [DEBUG] final_clip.duration 2: 6.45
2024-08-15 13:07:43.241 | INFO     | __main__:omprint:30 - [DEBUG] video_total_duration: 6.6899999999999995
2024-08-15 13:07:43.276 | INFO     | __main__:omprint:30 - [DEBUG] add_question_text - max_width: 920
2024-08-15 13:07:43.276 | INFO     | __main__:omprint:30 - [DEBUG] add_question_text - text_length: 45
2024-08-15 13:07:43.276 | INFO     | __main__:omprint:30 - [DEBUG] add_question_text - fontsize: 80
2024-08-15 13:07:43.350 | INFO     | __main__:omprint:30 - [DEBUG] question_image_clip: <function VideoClip.set_position.<locals>.<lambda> at 0x7e3d6dabb2e0>
2024-08-15 13:07:43.350 | INFO     | __main__:omprint:30 - [DEBUG] options_top_margin: 941
2024-08-15 13:07:43.525 | INFO     | __main__:omprint:30 - [DEBUG] video_total_duration 1: 6.6899999999999995
2024-08-15 13:07:43.526 | INFO     | __main__:omprint:30 - [DEBUG] narration_audio.duration: 1.69
2024-08-15 13:07:43.527 | INFO     | __main__:omprint:30 - [DEBUG] clock_sound_effects.duration: 3
2024-08-15 13:07:43.528 | INFO     | __main__:omprint:30 - [DEBUG] ding_sound_effects.duration: 2
2024-08-15 13:07:43.528 | INFO     | __main__:omprint:30 - [DEBUG] narration_audio_winner.duration: 0.61
2024-08-15 13:07:43.529 | INFO     | __main__:omprint:30 - [DEBUG] final_audio.duration 2: 6.6899999999999995
2024-08-15 13:07:43.530 | INFO     | __main__:omprint:30 - [DEBUG] final_clip.duration 2: 6.6899999999999995
2024-08-15 13:07:43.984 | INFO     | __main__:omprint:30 - [DEBUG] video_total_duration: 6.1
2024-08-15 13:07:44.015 | INFO     | __main__:omprint:30 - [DEBUG] add_question_text - max_width: 920
2024-08-15 13:07:44.016 | INFO     | __main__:omprint:30 - [DEBUG] add_question_text - text_length: 45
2024-08-15 13:07:44.016 | INFO     | __main__:omprint:30 - [DEBUG] add_question_text - fontsize: 80
2024-08-15 13:07:44.083 | INFO     | __main__:omprint:30 - [DEBUG] question_image_clip: <function VideoClip.set_position.<locals>.<lambda> at 0x7e3d5d7d8400>
2024-08-15 13:07:44.083 | INFO     | __main__:omprint:30 - [DEBUG] options_top_margin: 941
2024-08-15 13:07:44.246 | INFO     | __main__:omprint:30 - [DEBUG] video_total_duration 1: 6.1
2024-08-15 13:07:44.247 | INFO     | __main__:omprint:30 - [DEBUG] narration_audio.duration: 1.1
2024-08-15 13:07:44.247 | INFO     | __main__:omprint:30 - [DEBUG] clock_sound_effects.duration: 3
2024-08-15 13:07:44.247 | INFO     | __main__:omprint:30 - [DEBUG] ding_sound_effects.duration: 2
2024-08-15 13:07:44.247 | INFO     | __main__:omprint:30 - [DEBUG] narration_audio_winner.duration: 0.74
2024-08-15 13:07:44.248 | INFO     | __main__:omprint:30 - [DEBUG] final_audio.duration 2: 6.1
2024-08-15 13:07:44.248 | INFO     | __main__:omprint:30 - [DEBUG] final_clip.duration 2: 6.1
2024-08-15 13:07:44.470 | INFO     | __main__:omprint:30 - create_background_video - background_clip.w, background_clip.h: 1080 1920
2024-08-15 13:08:30.293 | INFO     | __main__:omprint:30 - Ya hay un proceso en ejecución.
2024-08-15 13:09:30.294 | INFO     | __main__:omprint:30 - Ya hay un proceso en ejecución.
2024-08-15 13:10:19.394 | INFO     | __main__:omprint:30 - Tiempo de procesamiento: 160.2308304309845 segundos
2024-08-15 13:10:19.394 | INFO     | __main__:omprint:30 - video_to_upload: https://trivias.luxuryroamers.com/generados/videos/24440195-8c40-440f-82a2-5698a42d1109.mp4
2024-08-15 13:10:19.395 | INFO     | __main__:omprint:30 - El script tomó 164.80 segundos en ejecutarse.
2024-08-15 13:10:24.400 | INFO     | __main__:omprint:30 - pending_processes: []
2024-08-15 13:10:24.401 | INFO     | __main__:omprint:30 - No hay más procesos pendientes.
2024-08-15 13:10:30.294 | INFO     | __main__:omprint:30 - pending_processes: []
2024-08-15 13:10:30.295 | INFO     | __main__:omprint:30 - No hay más procesos pendientes.
2024-08-15 13:11:30.295 | INFO     | __main__:omprint:30 - pending_processes: []
2024-08-15 13:11:30.296 | INFO     | __main__:omprint:30 - No hay más procesos pendientes.
2024-08-15 13:12:30.296 | INFO     | __main__:omprint:30 - pending_processes: []
2024-08-15 13:12:30.297 | INFO     | __main__:omprint:30 - No hay más procesos pendientes.
2024-08-15 13:13:30.297 | INFO     | __main__:omprint:30 - pending_processes: []
2024-08-15 13:13:30.298 | INFO     | __main__:omprint:30 - No hay más procesos pendientes.
2024-08-15 13:14:30.298 | INFO     | __main__:omprint:30 - pending_processes: []
2024-08-15 13:14:30.299 | INFO     | __main__:omprint:30 - No hay más procesos pendientes.
2024-08-15 13:15:30.299 | INFO     | __main__:omprint:30 - pending_processes: []
2024-08-15 13:15:30.299 | INFO     | __main__:omprint:30 - No hay más procesos pendientes.
2024-08-15 13:16:30.300 | INFO     | __main__:omprint:30 - pending_processes: []
2024-08-15 13:16:30.300 | INFO     | __main__:omprint:30 - No hay más procesos pendientes.
2024-08-15 13:17:30.301 | INFO     | __main__:omprint:30 - pending_processes: []
2024-08-15 13:17:30.301 | INFO     | __main__:omprint:30 - No hay más procesos pendientes.
2024-08-15 13:18:30.302 | INFO     | __main__:omprint:30 - pending_processes: []
2024-08-15 13:18:30.302 | INFO     | __main__:omprint:30 - No hay más procesos pendientes.
2024-08-15 13:19:30.303 | INFO     | __main__:omprint:30 - pending_processes: []
2024-08-15 13:19:30.303 | INFO     | __main__:omprint:30 - No hay más procesos pendientes.
2024-08-15 13:20:30.303 | INFO     | __main__:omprint:30 - pending_processes: []
2024-08-15 13:20:30.304 | INFO     | __main__:omprint:30 - No hay más procesos pendientes.
2024-08-15 13:21:30.304 | INFO     | __main__:omprint:30 - pending_processes: []
2024-08-15 13:21:30.305 | INFO     | __main__:omprint:30 - No hay más procesos pendientes.
2024-08-15 13:22:30.305 | INFO     | __main__:omprint:30 - pending_processes: []
2024-08-15 13:22:30.306 | INFO     | __main__:omprint:30 - No hay más procesos pendientes.
2024-08-15 13:23:30.306 | INFO     | __main__:omprint:30 - pending_processes: []
2024-08-15 13:23:30.307 | INFO     | __main__:omprint:30 - No hay más procesos pendientes.
2024-08-15 13:24:30.307 | INFO     | __main__:omprint:30 - pending_processes: []
2024-08-15 13:24:30.308 | INFO     | __main__:omprint:30 - No hay más procesos pendientes.
2024-08-15 13:25:30.308 | INFO     | __main__:omprint:30 - pending_processes: []
2024-08-15 13:25:30.309 | INFO     | __main__:omprint:30 - No hay más procesos pendientes.
2024-08-15 13:26:30.309 | INFO     | __main__:omprint:30 - pending_processes: []
2024-08-15 13:26:30.310 | INFO     | __main__:omprint:30 - No hay más procesos pendientes.
2024-08-15 13:27:30.310 | INFO     | __main__:omprint:30 - pending_processes: []
2024-08-15 13:27:30.311 | INFO     | __main__:omprint:30 - No hay más procesos pendientes.
2024-08-15 13:28:30.311 | INFO     | __main__:omprint:30 - pending_processes: []
2024-08-15 13:28:30.312 | INFO     | __main__:omprint:30 - No hay más procesos pendientes.
